io_queue_init->@llvm.dbg.declare
io_queue_init->@llvm.dbg.declare
io_queue_init->@io_setup
io_queue_release->@llvm.dbg.declare
io_queue_release->@io_destroy
io_queue_wait_0_4->@llvm.dbg.declare
io_queue_wait_0_4->@llvm.dbg.declare
io_queue_wait_0_4->@io_getevents
io_queue_run->@llvm.dbg.declare
io_queue_run->@llvm.lifetime.start.p0i8
io_queue_run->@llvm.dbg.declare
io_queue_run->@llvm.lifetime.start.p0i8
io_queue_run->@llvm.dbg.declare
io_queue_run->@io_getevents
io_queue_run->@llvm.lifetime.start.p0i8
io_queue_run->@llvm.dbg.declare
io_queue_run->@llvm.lifetime.start.p0i8
io_queue_run->@llvm.dbg.declare
io_queue_run->%21
io_queue_run->@llvm.lifetime.end.p0i8
io_queue_run->@llvm.lifetime.end.p0i8
io_queue_run->@llvm.lifetime.end.p0i8
io_queue_run->@llvm.lifetime.end.p0i8
__io_getevents_0_4->@llvm.dbg.declare
__io_getevents_0_4->@llvm.dbg.declare
__io_getevents_0_4->@llvm.dbg.declare
__io_getevents_0_4->@llvm.dbg.declare
__io_getevents_0_4->@llvm.dbg.declare
__io_getevents_0_4->@llvm.lifetime.start.p0i8
__io_getevents_0_4->@llvm.dbg.declare
__io_getevents_0_4->@llvm.lifetime.start.p0i8
__io_getevents_0_4->@llvm.dbg.declare
__io_getevents_0_4->@__errno_location
__io_getevents_0_4->syscall(208)
__io_getevents_0_4->@__errno_location
__io_getevents_0_4->@__errno_location
__io_getevents_0_4->@llvm.lifetime.end.p0i8
__io_getevents_0_4->@llvm.lifetime.end.p0i8
io_getevents_0_4->@llvm.dbg.declare
io_getevents_0_4->@llvm.dbg.declare
io_getevents_0_4->@llvm.dbg.declare
io_getevents_0_4->@llvm.dbg.declare
io_getevents_0_4->@llvm.dbg.declare
io_getevents_0_4->@aio_ring_is_empty
io_getevents_0_4->@__io_getevents_0_4
aio_ring_is_empty->@llvm.dbg.declare
aio_ring_is_empty->@llvm.dbg.declare
aio_ring_is_empty->@llvm.lifetime.start.p0i8
aio_ring_is_empty->@llvm.dbg.declare
aio_ring_is_empty->@llvm.lifetime.end.p0i8
io_submit->@llvm.dbg.declare
io_submit->@llvm.dbg.declare
io_submit->@llvm.dbg.declare
io_submit->@llvm.lifetime.start.p0i8
io_submit->@llvm.dbg.declare
io_submit->@llvm.lifetime.start.p0i8
io_submit->@llvm.dbg.declare
io_submit->@__errno_location
io_submit->syscall(209)
io_submit->@__errno_location
io_submit->@__errno_location
io_submit->@llvm.lifetime.end.p0i8
io_submit->@llvm.lifetime.end.p0i8
io_cancel_0_4->@llvm.dbg.declare
io_cancel_0_4->@llvm.dbg.declare
io_cancel_0_4->@llvm.dbg.declare
io_cancel_0_4->@llvm.lifetime.start.p0i8
io_cancel_0_4->@llvm.dbg.declare
io_cancel_0_4->@llvm.lifetime.start.p0i8
io_cancel_0_4->@llvm.dbg.declare
io_cancel_0_4->@__errno_location
io_cancel_0_4->syscall(210)
io_cancel_0_4->@__errno_location
io_cancel_0_4->@__errno_location
io_cancel_0_4->@llvm.lifetime.end.p0i8
io_cancel_0_4->@llvm.lifetime.end.p0i8
io_setup->@llvm.dbg.declare
io_setup->@llvm.dbg.declare
io_setup->@llvm.lifetime.start.p0i8
io_setup->@llvm.dbg.declare
io_setup->@llvm.lifetime.start.p0i8
io_setup->@llvm.dbg.declare
io_setup->@__errno_location
io_setup->syscall(206)
io_setup->@__errno_location
io_setup->@__errno_location
io_setup->@llvm.lifetime.end.p0i8
io_setup->@llvm.lifetime.end.p0i8
io_destroy->@llvm.dbg.declare
io_destroy->@llvm.lifetime.start.p0i8
io_destroy->@llvm.dbg.declare
io_destroy->@llvm.lifetime.start.p0i8
io_destroy->@llvm.dbg.declare
io_destroy->@__errno_location
io_destroy->syscall(207)
io_destroy->@__errno_location
io_destroy->@__errno_location
io_destroy->@llvm.lifetime.end.p0i8
io_destroy->@llvm.lifetime.end.p0i8
__io_pgetevents->@llvm.dbg.declare
__io_pgetevents->@llvm.dbg.declare
__io_pgetevents->@llvm.dbg.declare
__io_pgetevents->@llvm.dbg.declare
__io_pgetevents->@llvm.dbg.declare
__io_pgetevents->@llvm.dbg.declare
__io_pgetevents->@llvm.lifetime.start.p0i8
__io_pgetevents->@llvm.dbg.declare
__io_pgetevents->@llvm.lifetime.start.p0i8
__io_pgetevents->@llvm.dbg.declare
__io_pgetevents->@__errno_location
__io_pgetevents->syscall(333)
__io_pgetevents->@__errno_location
__io_pgetevents->@__errno_location
__io_pgetevents->@llvm.lifetime.end.p0i8
__io_pgetevents->@llvm.lifetime.end.p0i8
io_pgetevents->@llvm.dbg.declare
io_pgetevents->@llvm.dbg.declare
io_pgetevents->@llvm.dbg.declare
io_pgetevents->@llvm.dbg.declare
io_pgetevents->@llvm.dbg.declare
io_pgetevents->@llvm.dbg.declare
io_pgetevents->@llvm.lifetime.start.p0i8
io_pgetevents->@llvm.dbg.declare
io_pgetevents->@aio_ring_is_empty
io_pgetevents->@__io_pgetevents
io_pgetevents->@llvm.lifetime.end.p0i8
aio_ring_is_empty->@llvm.dbg.declare
aio_ring_is_empty->@llvm.dbg.declare
aio_ring_is_empty->@llvm.lifetime.start.p0i8
aio_ring_is_empty->@llvm.dbg.declare
aio_ring_is_empty->@llvm.lifetime.end.p0i8
compat0_1_io_cancel->@llvm.dbg.declare
compat0_1_io_cancel->@llvm.dbg.declare
compat0_1_io_cancel->@llvm.lifetime.start.p0i8
compat0_1_io_cancel->@llvm.dbg.declare
compat0_1_io_cancel->@io_cancel
compat0_1_io_cancel->@llvm.lifetime.end.p0i8
compat0_1_io_queue_wait->@llvm.dbg.declare
compat0_1_io_queue_wait->@llvm.dbg.declare
compat0_1_io_queue_wait->@llvm.lifetime.start.p0i8
compat0_1_io_queue_wait->@llvm.dbg.declare
compat0_1_io_queue_wait->@llvm.memcpy.p0i8.p0i8.i64
compat0_1_io_queue_wait->@io_getevents
compat0_1_io_queue_wait->@llvm.lifetime.end.p0i8
compat0_1_io_getevents->@llvm.dbg.declare
compat0_1_io_getevents->@llvm.dbg.declare
compat0_1_io_getevents->@llvm.dbg.declare
compat0_1_io_getevents->@llvm.dbg.declare
compat0_1_io_getevents->@llvm.lifetime.start.p0i8
compat0_1_io_getevents->@llvm.dbg.declare
compat0_1_io_getevents->@llvm.memcpy.p0i8.p0i8.i64
compat0_1_io_getevents->@io_getevents
compat0_1_io_getevents->@llvm.lifetime.end.p0i8
io_queue_init->@llvm.dbg.declare
io_queue_init->@llvm.dbg.declare
io_queue_init->@io_setup
io_queue_release->@llvm.dbg.declare
io_queue_release->@io_destroy
io_queue_wait_0_4->@llvm.dbg.declare
io_queue_wait_0_4->@llvm.dbg.declare
io_queue_wait_0_4->@io_getevents
io_queue_run->@llvm.dbg.declare
io_queue_run->@llvm.lifetime.start.p0i8
io_queue_run->@llvm.dbg.declare
io_queue_run->@llvm.lifetime.start.p0i8
io_queue_run->@llvm.dbg.declare
io_queue_run->@io_getevents
io_queue_run->@llvm.lifetime.start.p0i8
io_queue_run->@llvm.dbg.declare
io_queue_run->@llvm.lifetime.start.p0i8
io_queue_run->@llvm.dbg.declare
io_queue_run->%21
io_queue_run->@llvm.lifetime.end.p0i8
io_queue_run->@llvm.lifetime.end.p0i8
io_queue_run->@llvm.lifetime.end.p0i8
io_queue_run->@llvm.lifetime.end.p0i8
__io_getevents_0_4->@llvm.dbg.declare
__io_getevents_0_4->@llvm.dbg.declare
__io_getevents_0_4->@llvm.dbg.declare
__io_getevents_0_4->@llvm.dbg.declare
__io_getevents_0_4->@llvm.dbg.declare
__io_getevents_0_4->@llvm.lifetime.start.p0i8
__io_getevents_0_4->@llvm.dbg.declare
__io_getevents_0_4->@llvm.lifetime.start.p0i8
__io_getevents_0_4->@llvm.dbg.declare
__io_getevents_0_4->@__errno_location
__io_getevents_0_4->syscall(208)
__io_getevents_0_4->@__errno_location
__io_getevents_0_4->@__errno_location
__io_getevents_0_4->@llvm.lifetime.end.p0i8
__io_getevents_0_4->@llvm.lifetime.end.p0i8
io_getevents_0_4->@llvm.dbg.declare
io_getevents_0_4->@llvm.dbg.declare
io_getevents_0_4->@llvm.dbg.declare
io_getevents_0_4->@llvm.dbg.declare
io_getevents_0_4->@llvm.dbg.declare
io_getevents_0_4->@aio_ring_is_empty
io_getevents_0_4->@__io_getevents_0_4
aio_ring_is_empty->@llvm.dbg.declare
aio_ring_is_empty->@llvm.dbg.declare
aio_ring_is_empty->@llvm.lifetime.start.p0i8
aio_ring_is_empty->@llvm.dbg.declare
aio_ring_is_empty->@llvm.lifetime.end.p0i8
io_submit->@llvm.dbg.declare
io_submit->@llvm.dbg.declare
io_submit->@llvm.dbg.declare
io_submit->@llvm.lifetime.start.p0i8
io_submit->@llvm.dbg.declare
io_submit->@llvm.lifetime.start.p0i8
io_submit->@llvm.dbg.declare
io_submit->@__errno_location
io_submit->syscall(209)
io_submit->@__errno_location
io_submit->@__errno_location
io_submit->@llvm.lifetime.end.p0i8
io_submit->@llvm.lifetime.end.p0i8
io_cancel_0_4->@llvm.dbg.declare
io_cancel_0_4->@llvm.dbg.declare
io_cancel_0_4->@llvm.dbg.declare
io_cancel_0_4->@llvm.lifetime.start.p0i8
io_cancel_0_4->@llvm.dbg.declare
io_cancel_0_4->@llvm.lifetime.start.p0i8
io_cancel_0_4->@llvm.dbg.declare
io_cancel_0_4->@__errno_location
io_cancel_0_4->syscall(210)
io_cancel_0_4->@__errno_location
io_cancel_0_4->@__errno_location
io_cancel_0_4->@llvm.lifetime.end.p0i8
io_cancel_0_4->@llvm.lifetime.end.p0i8
io_setup->@llvm.dbg.declare
io_setup->@llvm.dbg.declare
io_setup->@llvm.lifetime.start.p0i8
io_setup->@llvm.dbg.declare
io_setup->@llvm.lifetime.start.p0i8
io_setup->@llvm.dbg.declare
io_setup->@__errno_location
io_setup->syscall(206)
io_setup->@__errno_location
io_setup->@__errno_location
io_setup->@llvm.lifetime.end.p0i8
io_setup->@llvm.lifetime.end.p0i8
io_destroy->@llvm.dbg.declare
io_destroy->@llvm.lifetime.start.p0i8
io_destroy->@llvm.dbg.declare
io_destroy->@llvm.lifetime.start.p0i8
io_destroy->@llvm.dbg.declare
io_destroy->@__errno_location
io_destroy->syscall(207)
io_destroy->@__errno_location
io_destroy->@__errno_location
io_destroy->@llvm.lifetime.end.p0i8
io_destroy->@llvm.lifetime.end.p0i8
__io_pgetevents->@llvm.dbg.declare
__io_pgetevents->@llvm.dbg.declare
__io_pgetevents->@llvm.dbg.declare
__io_pgetevents->@llvm.dbg.declare
__io_pgetevents->@llvm.dbg.declare
__io_pgetevents->@llvm.dbg.declare
__io_pgetevents->@llvm.lifetime.start.p0i8
__io_pgetevents->@llvm.dbg.declare
__io_pgetevents->@llvm.lifetime.start.p0i8
__io_pgetevents->@llvm.dbg.declare
__io_pgetevents->@__errno_location
__io_pgetevents->syscall(333)
__io_pgetevents->@__errno_location
__io_pgetevents->@__errno_location
__io_pgetevents->@llvm.lifetime.end.p0i8
__io_pgetevents->@llvm.lifetime.end.p0i8
io_pgetevents->@llvm.dbg.declare
io_pgetevents->@llvm.dbg.declare
io_pgetevents->@llvm.dbg.declare
io_pgetevents->@llvm.dbg.declare
io_pgetevents->@llvm.dbg.declare
io_pgetevents->@llvm.dbg.declare
io_pgetevents->@llvm.lifetime.start.p0i8
io_pgetevents->@llvm.dbg.declare
io_pgetevents->@aio_ring_is_empty
io_pgetevents->@__io_pgetevents
io_pgetevents->@llvm.lifetime.end.p0i8
aio_ring_is_empty->@llvm.dbg.declare
aio_ring_is_empty->@llvm.dbg.declare
aio_ring_is_empty->@llvm.lifetime.start.p0i8
aio_ring_is_empty->@llvm.dbg.declare
aio_ring_is_empty->@llvm.lifetime.end.p0i8
compat0_1_io_cancel->@llvm.dbg.declare
compat0_1_io_cancel->@llvm.dbg.declare
compat0_1_io_cancel->@llvm.lifetime.start.p0i8
compat0_1_io_cancel->@llvm.dbg.declare
compat0_1_io_cancel->@io_cancel
compat0_1_io_cancel->@llvm.lifetime.end.p0i8
compat0_1_io_queue_wait->@llvm.dbg.declare
compat0_1_io_queue_wait->@llvm.dbg.declare
compat0_1_io_queue_wait->@llvm.lifetime.start.p0i8
compat0_1_io_queue_wait->@llvm.dbg.declare
compat0_1_io_queue_wait->@llvm.memcpy.p0i8.p0i8.i64
compat0_1_io_queue_wait->@io_getevents
compat0_1_io_queue_wait->@llvm.lifetime.end.p0i8
compat0_1_io_getevents->@llvm.dbg.declare
compat0_1_io_getevents->@llvm.dbg.declare
compat0_1_io_getevents->@llvm.dbg.declare
compat0_1_io_getevents->@llvm.dbg.declare
compat0_1_io_getevents->@llvm.lifetime.start.p0i8
compat0_1_io_getevents->@llvm.dbg.declare
compat0_1_io_getevents->@llvm.memcpy.p0i8.p0i8.i64
compat0_1_io_getevents->@io_getevents
compat0_1_io_getevents->@llvm.lifetime.end.p0i8
io_cancel->io_cancel_0_4
io_getevents->io_getevents_0_4
io_queue_wait->io_queue_wait_0_4
