XML_ParserCreate->XML_ParserCreate_MM
entity2->common
big2_entityValueTok->unicode_byte_type
big2_entityValueTok->big2_scanRef
big2_entityValueTok->big2_scanPercent
normal_prologTok->normal_scanPercent
normal_prologTok->normal_scanPi
normal_prologTok->normal_scanLit
normal_prologTok->normal_scanDecl
normal_prologTok->normal_scanPoundName
XML_SetBase->poolCopyString
big2_scanHexCharRef->unicode_byte_type
contentProcessor->doContent
contentProcessor->storeRawNames
findEncoding->getEncodingIndex
findEncoding->streqci
normal_scanDecl->normal_scanComment
processInternalEntity->doProlog
processInternalEntity->doContent
prolog1->common
getEncodingIndex->streqci
ENTROPY_DEBUG->getenv
ENTROPY_DEBUG->strcmp
ENTROPY_DEBUG->fprintf
cdataSectionProcessor->contentProcessor
cdataSectionProcessor->doCdataSection
cdataSectionProcessor->externalEntityContentProcessor
doctype5->common
little2_getAtts->unicode_byte_type
element7->common
externalEntityInitProcessor->initializeEncoding
externalEntityInitProcessor->externalEntityInitProcessor2
XML_ParserCreate_MM->parserCreate
entity4->common
normal_contentTok->normal_scanRef
normal_contentTok->normal_scanLt
big2_scanLt->unicode_byte_type
big2_scanLt->big2_scanComment
big2_scanLt->big2_scanCdataSection
big2_scanLt->big2_scanPi
big2_scanLt->big2_scanEndTag
big2_scanLt->big2_scanAtts
getElementType->poolStoreString
getElementType->lookup
getElementType->setElementTypePrefix
doParseXmlDecl->findEncoding
doParseXmlDecl->parsePseudoAttribute
doParseXmlDecl->toAscii
doParseXmlDecl->isSpace
doParseXmlDecl->findEncodingNS
build_model->build_node
doctype0->common
initScanProlog->initScan
writeRandomBytes_dev_urandom->open
writeRandomBytes_dev_urandom->read
writeRandomBytes_dev_urandom->__errno_location
writeRandomBytes_dev_urandom->close
externalEntityContentProcessor->doContent
externalEntityContentProcessor->storeRawNames
notation1->common
little2_charRefNumber->checkCharRefNumber
XML_GetParsingStatus->llvm.memcpy.p0i8.p0i8.i64
XML_GetParsingStatus->__assert_fail
hash->copy_salt_to_sipkey
hash->sip24_init
hash->sip24_update
hash->keylen
hash->sip24_final
element4->common
little2_scanPi->unicode_byte_type
little2_scanPi->little2_checkPiTarget
XML_ExpatVersionInfo->llvm.memcpy.p0i8.p0i8.i64
externalParEntInitProcessor->initializeEncoding
externalParEntInitProcessor->entityValueInitProcessor
externalParEntInitProcessor->externalParEntProcessor
parserCreate->malloc
parserCreate->free
parserCreate->dtdCreate
parserCreate->poolInit
parserCreate->parserInit
parserCreate->XML_ParserFree
parserCreate->XmlGetUtf8InternalEncoding
parserCreate->XmlGetUtf8InternalEncodingNS
entity3->common
big2_nameLength->unicode_byte_type
prologInitProcessor->initializeEncoding
prologInitProcessor->prologProcessor
big2_scanComment->unicode_byte_type
normal_scanRef->normal_scanCharRef
getAttributeId->poolStoreString
getAttributeId->lookup
getAttributeId->poolGrow
parsePseudoAttribute->toAscii
parsePseudoAttribute->isSpace
reportProcessingInstruction->poolStoreString
reportProcessingInstruction->poolClear
reportProcessingInstruction->reportDefault
reportProcessingInstruction->normalizeLines
initScanContent->initScan
gather_time_entropy->__assert_fail
gather_time_entropy->gettimeofday
storeRawNames->llvm.memcpy.p0i8.p0i8.i64
notation3->common
element5->common
little2_scanEndTag->unicode_byte_type
entityValueInitProcessor->processXmlDecl
entityValueInitProcessor->storeEntityValue
entityValueInitProcessor->entityValueProcessor
entity5->common
big2_skipS->unicode_byte_type
copyString->malloc
copyString->llvm.memcpy.p0i8.p0i8.i64
poolAppendString->poolGrow
utf8_toUtf8->llvm.memcpy.p0i8.p0i8.i64
utf8_toUtf8->_INTERNAL_trim_to_complete_utf8_characters
reportComment->poolStoreString
reportComment->poolClear
reportComment->reportDefault
reportComment->normalizeLines
initUpdatePosition->normal_updatePosition
poolCopyString->poolGrow
notation2->common
little2_updatePosition->unicode_byte_type
handleUnknownEncoding->XmlSizeOfUnknownEncoding
handleUnknownEncoding->XmlInitUnknownEncoding
handleUnknownEncoding->XmlInitUnknownEncodingNS
attlist1->common
little2_scanAtts->unicode_byte_type
little2_scanAtts->little2_scanRef
externalParEntProcessor->doProlog
entity6->common
big2_getAtts->unicode_byte_type
normal_attributeValueTok->normal_scanRef
big2_scanPi->unicode_byte_type
big2_scanPi->big2_checkPiTarget
normal_scanCharRef->normal_scanHexCharRef
poolAppend->poolGrow
doctype1->common
setElementTypePrefix->lookup
setElementTypePrefix->poolGrow
notation4->common
little2_isPublicId->unicode_byte_type
attlist2->common
entityValueProcessor->storeEntityValue
entity7->common
big2_charRefNumber->checkCharRefNumber
normal_entityValueTok->normal_scanRef
normal_entityValueTok->normal_scanPercent
big2_scanEndTag->unicode_byte_type
XML_SetHashSalt->XML_SetHashSalt
build_node->build_node
internalSubset->common
little2_prologTok->unicode_byte_type
little2_prologTok->little2_scanPercent
little2_prologTok->little2_scanPi
little2_prologTok->little2_scanLit
little2_prologTok->little2_scanDecl
little2_prologTok->little2_scanPoundName
addBinding->malloc
addBinding->realloc
addBinding->free
addBinding->llvm.memcpy.p0i8.p0i8.i64
declClose->common
XML_ParserCreateNS->XML_ParserCreate_MM
attlist8->common
little2_scanLit->unicode_byte_type
externalEntityInitProcessor2->externalEntityInitProcessor3
dtdCreate->malloc
dtdCreate->poolInit
dtdCreate->hashTableInit
entity9->common
initializeEncoding->handleUnknownEncoding
initializeEncoding->XmlInitEncoding
initializeEncoding->XmlInitEncodingNS
big2_scanAtts->unicode_byte_type
big2_scanAtts->big2_scanRef
normal_scanLt->normal_scanComment
normal_scanLt->normal_scanCdataSection
normal_scanLt->normal_scanPi
normal_scanLt->normal_scanEndTag
normal_scanLt->normal_scanAtts
poolGrow->malloc
poolGrow->realloc
poolGrow->llvm.memcpy.p0i8.p0i8.i64
poolGrow->poolBytesToAllocateFor
XmlInitEncodingNS->getEncodingIndex
XML_Parse->llvm.memcpy.p0i8.p0i8.i64
XML_Parse->startParsing
XML_Parse->XML_GetBuffer
XML_Parse->XML_ParseBuffer
doContent->poolStoreString
doContent->poolClear
doContent->lookup
doContent->reportDefault
doContent->processInternalEntity
doContent->reportProcessingInstruction
doContent->reportComment
doContent->getContext
doContent->storeAtts
doContent->freeBindings
doContent->epilogProcessor
doContent->memcmp
doContent->doCdataSection
doContent->XmlUtf8Encode
prolog2->common
little2_contentTok->unicode_byte_type
little2_contentTok->little2_scanRef
little2_contentTok->little2_scanLt
copy_salt_to_sipkey->get_hash_secret_salt
externalSubset1->common
externalSubset1->internalSubset
XML_ParserReset->parserInit
XML_ParserReset->poolClear
XML_ParserReset->moveToFreeBindingList
XML_ParserReset->dtdReset
attlist5->common
little2_scanDecl->unicode_byte_type
little2_scanDecl->little2_scanComment
XmlInitUnknownEncoding->llvm.memcpy.p0i8.p0i8.i64
XmlInitUnknownEncoding->XmlUtf8Encode
XmlInitUnknownEncoding->checkCharRefNumber
externalEntityInitProcessor3->processXmlDecl
externalEntityInitProcessor3->externalEntityContentProcessor
entity8->common
big2_updatePosition->unicode_byte_type
prologProcessor->doProlog
storeAttributeValue->poolGrow
storeAttributeValue->appendAttributeValue
initScanPrologNS->initScan
startParsing->setContext
startParsing->generate_hash_secret_salt
internalEntityProcessor->doProlog
internalEntityProcessor->doContent
doctype3->common
little2_cdataSectionTok->unicode_byte_type
condSect0->common
attlist3->common
little2_scanPoundName->unicode_byte_type
copyEntityTable->hashTableIterInit
copyEntityTable->hashTableIterNext
copyEntityTable->lookup
copyEntityTable->poolCopyString
copyEntityTable->poolCopyStringN
parserInit->copyString
parserInit->llvm.memset.p0i8.i64
parserInit->XmlInitEncoding
parserInit->XmlPrologStateInit
entity10->common
big2_isPublicId->unicode_byte_type
doProlog->processXmlDecl
doProlog->poolStoreString
doProlog->poolClear
doProlog->lookup
doProlog->normalizePublicId
doProlog->contentProcessor
doProlog->getElementType
doProlog->getAttributeId
doProlog->poolAppendString
doProlog->poolAppend
doProlog->defineAttribute
doProlog->poolGrow
doProlog->storeAttributeValue
doProlog->storeEntityValue
doProlog->reportDefault
doProlog->doIgnoreSection
doProlog->nextScaffoldPart
doProlog->__assert_fail
doProlog->processInternalEntity
doProlog->build_model
doProlog->reportProcessingInstruction
doProlog->reportComment
big2_scanLit->unicode_byte_type
storeEntityValue->poolStoreString
storeEntityValue->lookup
storeEntityValue->poolAppend
storeEntityValue->poolGrow
storeEntityValue->storeEntityValue
storeEntityValue->XmlUtf8Encode
initScanContentNS->initScan
getContext->hashTableIterInit
getContext->hashTableIterNext
getContext->poolGrow
doctype2->common
little2_ignoreSectionTok->unicode_byte_type
sip24_update->sip_round
condSect1->common
little2_scanRef->unicode_byte_type
little2_scanRef->little2_scanCharRef
dtdReset->hashTableIterInit
dtdReset->hashTableIterNext
dtdReset->poolClear
dtdReset->hashTableClear
attlist4->common
big2_prologTok->unicode_byte_type
big2_prologTok->big2_scanPercent
big2_prologTok->big2_scanPi
big2_prologTok->big2_scanLit
big2_prologTok->big2_scanDecl
big2_prologTok->big2_scanPoundName
poolCopyStringN->poolGrow
XML_ParserFree->free
XML_ParserFree->destroyBindings
XML_ParserFree->poolDestroy
XML_ParserFree->dtdDestroy
processXmlDecl->poolStoreString
processXmlDecl->poolClear
processXmlDecl->reportDefault
processXmlDecl->handleUnknownEncoding
processXmlDecl->XmlParseXmlDecl
processXmlDecl->XmlParseXmlDeclNS
big2_scanDecl->unicode_byte_type
big2_scanDecl->big2_scanComment
normal_scanPi->normal_checkPiTarget
XmlParseXmlDeclNS->doParseXmlDecl
XML_GetBuffer->llvm.memcpy.p0i8.p0i8.i64
XML_GetBuffer->llvm.memmove.p0i8.p0i8.i64
storeAtts->llvm.memcpy.p0i8.p0i8.i64
storeAtts->poolStoreString
storeAtts->lookup
storeAtts->getAttributeId
storeAtts->poolGrow
storeAtts->storeAttributeValue
storeAtts->poolCopyString
storeAtts->setElementTypePrefix
storeAtts->addBinding
storeAtts->copy_salt_to_sipkey
storeAtts->sip24_init
storeAtts->sip24_update
storeAtts->keylen
storeAtts->sip24_final
doctype4->common
little2_attributeValueTok->unicode_byte_type
little2_attributeValueTok->little2_scanRef
condSect2->common
little2_scanPercent->unicode_byte_type
attlist6->common
big2_contentTok->unicode_byte_type
big2_contentTok->big2_scanRef
big2_contentTok->big2_scanLt
destroyBindings->free
externalSubset0->externalSubset1
normal_charRefNumber->checkCharRefNumber
poolStoreString->poolAppend
poolStoreString->poolGrow
big2_scanPoundName->unicode_byte_type
doIgnoreSection->reportDefault
findEncodingNS->getEncodingIndex
findEncodingNS->streqci
XML_ParseBuffer->startParsing
entity0->common
little2_entityValueTok->unicode_byte_type
little2_entityValueTok->little2_scanRef
little2_entityValueTok->little2_scanPercent
sip24_final->sip_round
element1->common
little2_scanCharRef->unicode_byte_type
little2_scanCharRef->little2_scanHexCharRef
XML_SetEncoding->copyString
attlist7->common
big2_cdataSectionTok->unicode_byte_type
unknown_isInvalid->checkCharRefNumber
poolDestroy->free
big2_scanRef->unicode_byte_type
big2_scanRef->big2_scanCharRef
normal_scanAtts->normal_scanRef
ignoreSectionProcessor->prologProcessor
ignoreSectionProcessor->doIgnoreSection
XmlInitUnknownEncodingNS->XmlInitUnknownEncoding
epilogProcessor->reportDefault
epilogProcessor->reportProcessingInstruction
epilogProcessor->reportComment
attlist0->common
element2->common
little2_scanHexCharRef->unicode_byte_type
XML_ExternalEntityParserCreate->parserCreate
XML_ExternalEntityParserCreate->XML_ParserFree
XML_ExternalEntityParserCreate->dtdCopy
XML_ExternalEntityParserCreate->setContext
XML_ExternalEntityParserCreate->XmlPrologStateInitExternalEntity
attlist9->common
big2_ignoreSectionTok->unicode_byte_type
unknown_toUtf8->llvm.memcpy.p0i8.p0i8.i64
unknown_toUtf8->XmlUtf8Encode
dtdDestroy->free
dtdDestroy->poolDestroy
dtdDestroy->hashTableIterInit
dtdDestroy->hashTableIterNext
dtdDestroy->hashTableDestroy
big2_scanPercent->unicode_byte_type
lookup->llvm.memset.p0i8.i64
lookup->hash
lookup->keyeq
generate_hash_secret_salt->writeRandomBytes_getrandom_nonblock
generate_hash_secret_salt->ENTROPY_DEBUG
generate_hash_secret_salt->writeRandomBytes_dev_urandom
generate_hash_secret_salt->gather_time_entropy
generate_hash_secret_salt->getpid
element0->common
little2_nameLength->unicode_byte_type
get_hash_secret_salt->get_hash_secret_salt
element3->common
little2_scanLt->unicode_byte_type
little2_scanLt->little2_scanComment
little2_scanLt->little2_scanCdataSection
little2_scanLt->little2_scanPi
little2_scanLt->little2_scanEndTag
little2_scanLt->little2_scanAtts
XML_DefaultCurrent->reportDefault
dtdCopy->malloc
dtdCopy->hashTableIterInit
dtdCopy->hashTableIterNext
dtdCopy->lookup
dtdCopy->poolGrow
dtdCopy->poolCopyString
dtdCopy->copyEntityTable
entity1->common
big2_attributeValueTok->unicode_byte_type
big2_attributeValueTok->big2_scanRef
big2_scanCharRef->unicode_byte_type
big2_scanCharRef->big2_scanHexCharRef
XmlParseXmlDecl->doParseXmlDecl
prolog0->common
XmlInitEncoding->getEncodingIndex
writeRandomBytes_getrandom_nonblock->__errno_location
writeRandomBytes_getrandom_nonblock->getrandom
doCdataSection->reportDefault
notation0->common
little2_skipS->unicode_byte_type
appendAttributeValue->poolStoreString
appendAttributeValue->lookup
appendAttributeValue->poolAppend
appendAttributeValue->poolGrow
appendAttributeValue->appendAttributeValue
appendAttributeValue->XmlUtf8Encode
element6->common
little2_scanComment->unicode_byte_type
setContext->lookup
setContext->poolGrow
setContext->poolCopyString
setContext->addBinding
