ffi_prep_cif_core->initialize_aggregate
ffi_prep_cif_core->ffi_prep_cif_machdep
ffi_call_go->ffi_call_int
ffi_call_go->ffi_call_go_efi64
ffi_java_raw_size->abort
ffi_java_translate_args->ffi_java_raw_size
ffi_java_translate_args->ffi_java_ptrarray_to_raw
ffi_java_translate_args->ffi_java_raw_to_rvalue
dlmmap->pthread_mutex_lock
dlmmap->pthread_mutex_unlock
dlmmap->__errno_location
dlmmap->mmap
dlmmap->selinux_enabled_check
dlmmap->dlmmap_locked
selinux_enabled_check->statfs
selinux_enabled_check->fopen
selinux_enabled_check->getline
selinux_enabled_check->strchr
selinux_enabled_check->strncmp
selinux_enabled_check->free
selinux_enabled_check->fclose
ffi_closure_free->dlfree
examine_argument->abort
examine_argument->classify_argument
initialize_aggregate->initialize_aggregate
ffi_prep_closure_loc->llvm.memcpy.p0i8.p0i8.i64
ffi_prep_closure_loc->ffi_prep_closure_loc_efi64
ffi_ptrarray_to_raw->llvm.memcpy.p0i8.p0i8.i64
dlmmap_locked->mmap
dlmmap_locked->open_temp_exec_file
dlmmap_locked->allocate_space
dlmmap_locked->close
dlmmap_locked->ftruncate
dlmmap_locked->open_temp_exec_file_opts_next
dlmmap_locked->munmap
open_temp_exec_file_env->open_temp_exec_file_dir
open_temp_exec_file_env->getenv
dlfree->abort
dlfree->init_mparams
dlfree->pthread_mutex_lock
dlfree->pthread_mutex_unlock
dlfree->dlmunmap
dlfree->sys_trim
classify_argument->abort
classify_argument->classify_argument
classify_argument->merge_classes
ffi_prep_cif->ffi_prep_cif_core
ffi_call_efi64->ffi_call_int.11
ffi_java_raw_to_ptrarray->abort
ffi_prep_java_raw_closure->ffi_prep_java_raw_closure_loc
tmalloc_small->abort
tmalloc_small->ffs
open_temp_exec_file->open_temp_exec_file_opts_next
open_temp_exec_file->open_temp_exec_file_env
open_temp_exec_file->open_temp_exec_file_dir
open_temp_exec_file->open_temp_exec_file_mnt
open_temp_exec_file_dir->llvm.memcpy.p0i8.p0i8.i64
open_temp_exec_file_dir->__errno_location
open_temp_exec_file_dir->open
open_temp_exec_file_dir->strlen
open_temp_exec_file_dir->open_temp_exec_file_name
dlmunmap->segment_holding
dlmunmap->munmap
ffi_prep_cif_var->ffi_prep_cif_core
ffi_raw_call->ffi_raw_to_ptrarray
ffi_raw_call->ffi_call
ffi_call_int.11->ffi_call_win64
ffi_closure_alloc->dlmalloc
ffi_closure_alloc->segment_holding
tmalloc_large->abort
tmalloc_large->ffs
prepend_alloc->abort
allocate_space->sysconf
allocate_space->llvm.stacksave
allocate_space->llvm.memset.p0i8.i64
allocate_space->write
allocate_space->llvm.stackrestore
open_temp_exec_file_mnt->open_temp_exec_file_dir
open_temp_exec_file_mnt->endmntent
open_temp_exec_file_mnt->setmntent
open_temp_exec_file_mnt->getmntent_r
open_temp_exec_file_mnt->hasmntopt
open_temp_exec_file_mnt->access
sys_trim->segment_holding
sys_trim->init_top
sys_trim->dlmunmap
sys_trim->has_segment_link
sys_trim->release_unused_segments
ffi_call->ffi_call_int
ffi_call->ffi_call_efi64
ffi_prep_closure->ffi_prep_closure_loc
ffi_closure_unix64_inner->llvm.memcpy.p0i8.p0i8.i64
ffi_closure_unix64_inner->examine_argument
ffi_prep_raw_closure_loc->ffi_prep_closure_loc
ffi_java_raw_call->ffi_java_raw_to_ptrarray
ffi_java_raw_call->ffi_java_rvalue_to_raw
ffi_java_raw_call->ffi_call
dlmalloc->abort
dlmalloc->init_mparams
dlmalloc->pthread_mutex_lock
dlmalloc->ffs
dlmalloc->tmalloc_small
dlmalloc->tmalloc_large
dlmalloc->sys_alloc
dlmalloc->pthread_mutex_unlock
sys_alloc->abort
sys_alloc->init_mparams
sys_alloc->mmap_alloc
sys_alloc->dlmmap
sys_alloc->init_bins
sys_alloc->init_top
sys_alloc->prepend_alloc
sys_alloc->add_segment
sys_alloc->__errno_location
add_segment->llvm.memcpy.p0i8.p0i8.i64
add_segment->abort
add_segment->segment_holding
add_segment->init_top
open_temp_exec_file_name->mkostemp
open_temp_exec_file_name->unlink
ffi_call_int->llvm.memcpy.p0i8.p0i8.i64
ffi_call_int->abort
ffi_call_int->examine_argument
ffi_call_int->ffi_call_unix64
ffi_get_struct_offsets->initialize_aggregate
ffi_prep_go_closure->ffi_prep_go_closure_efi64
ffi_translate_args->ffi_raw_size
ffi_translate_args->ffi_ptrarray_to_raw
ffi_call_go_efi64->ffi_call_int.11
release_unused_segments->abort
release_unused_segments->dlmunmap
ffi_prep_raw_closure->ffi_prep_raw_closure_loc
ffi_prep_closure_loc_efi64->llvm.memcpy.p0i8.p0i8.i64
ffi_prep_java_raw_closure_loc->ffi_prep_closure_loc
init_mparams->abort
init_mparams->pthread_mutex_lock
init_mparams->pthread_mutex_unlock
init_mparams->sysconf
init_mparams->pthread_mutex_init
mmap_alloc->dlmmap
open_temp_exec_file_opts_next->open_temp_exec_file_env
open_temp_exec_file_opts_next->open_temp_exec_file_dir
open_temp_exec_file_opts_next->open_temp_exec_file_mnt
ffi_prep_cif_machdep->examine_argument
ffi_prep_cif_machdep->ffi_prep_cif_machdep_efi64
