__gmp_assert_header->fprintf
__gmpn_dcpi1_divappr_q_n->__gmpn_sub_n
__gmpn_dcpi1_divappr_q_n->__gmpn_add_n
__gmpn_dcpi1_divappr_q_n->__gmpn_sub_1
__gmpn_dcpi1_divappr_q_n->__gmpn_mul
__gmpn_dcpi1_divappr_q_n->__gmpn_sbpi1_div_qr
__gmpn_dcpi1_divappr_q_n->__gmpn_sbpi1_divappr_q
__gmpn_dcpi1_divappr_q_n->__gmpn_dcpi1_div_qr_n
__gmpn_dcpi1_divappr_q_n->__gmpn_dcpi1_divappr_q_n
__gmpn_mulmid_n->__gmp_tmp_reentrant_alloc
__gmpn_mulmid_n->__gmp_tmp_reentrant_free
__gmpn_mulmid_n->__gmpn_mulmid_basecase
__gmpn_mulmid_n->__gmpn_toom42_mulmid
__gmpz_mul->__gmp_default_allocate
__gmpz_mul->__gmp_default_free
__gmpz_mul->__gmp_tmp_reentrant_alloc
__gmpz_mul->__gmp_tmp_reentrant_free
__gmpz_mul->__gmpn_copyi
__gmpz_mul->__gmpn_mul_1
__gmpz_mul->__gmpz_realloc
__gmpz_mul->__gmpn_mul
__gmpz_mul->__gmpn_sqr
__gmpf_trunc->__gmpn_copyi
__gmp_sprintf->llvm.va_start
__gmp_sprintf->llvm.va_end
__gmp_sprintf->__gmp_doprnt
abs_sub_n.266->__gmpn_sub_n
__gmpn_sub->__gmpn_sub_n
__gmpz_fdiv_ui->__gmp_divide_by_zero
__gmpz_fdiv_ui->__gmpn_mod_1
__gmpf_init_set_d->__gmp_default_allocate
__gmpf_init_set_d->__gmpf_set_d
redcify.396->__gmpn_copyi
redcify.396->__gmpn_sec_div_r
add_signed_n->__gmpn_add_n
add_signed_n->abs_sub_n
__gmpz_tdiv_q_ui->__gmpn_divrem_1
__gmpz_tdiv_q_ui->__gmp_divide_by_zero
__gmpz_tdiv_q_ui->__gmpz_realloc
__gmpz_cdiv_r->__gmp_tmp_reentrant_alloc
__gmpz_cdiv_r->__gmp_tmp_reentrant_free
__gmpz_cdiv_r->__gmpz_set
__gmpz_cdiv_r->__gmpz_sub
__gmpz_cdiv_r->__gmpz_tdiv_r
__gmpn_dcpi1_divappr_q->__gmp_tmp_reentrant_free
__gmpn_dcpi1_divappr_q->__gmpn_copyi
__gmpn_dcpi1_divappr_q->__gmpn_sub_n
__gmpn_dcpi1_divappr_q->__gmpn_submul_1
__gmpn_dcpi1_divappr_q->__gmpn_add_n
__gmpn_dcpi1_divappr_q->__gmpn_sub_1
__gmpn_dcpi1_divappr_q->__gmpn_divrem_2
__gmpn_dcpi1_divappr_q->__gmpn_mul
__gmpn_dcpi1_divappr_q->__gmpn_cmp
__gmpn_dcpi1_divappr_q->__gmpn_sbpi1_div_qr
__gmpn_dcpi1_divappr_q->__gmpn_sbpi1_divappr_q
__gmpn_dcpi1_divappr_q->__gmpn_dcpi1_div_qr_n
__gmpn_dcpi1_divappr_q->__gmpn_dcpi1_divappr_q_n
__gmpn_mulmid->__gmp_tmp_reentrant_alloc
__gmpn_mulmid->__gmp_tmp_reentrant_free
__gmpn_mulmid->__gmpn_add_n
__gmpn_mulmid->__gmpn_mulmid_basecase
__gmpn_mulmid->__gmpn_toom42_mulmid
__gmpn_mulmid->__gmpn_mulmid
__gmpz_mul_2exp->__gmpn_lshift
__gmpz_mul_2exp->__gmpn_copyd
__gmpz_mul_2exp->__gmpz_realloc
__gmpf_pow_ui->__gmpf_init2
__gmpf_pow_ui->__gmpf_set
__gmpf_pow_ui->__gmpf_set_ui
__gmpf_pow_ui->__gmpf_clear
__gmpf_pow_ui->__gmpf_mul
__gmpf_pow_ui->__gmpf_get_prec
gmp_sprintf_format->strlen
gmp_sprintf_format->vsprintf
__gmpn_toom44_mul->__gmpn_lshift
__gmpn_toom44_mul->__gmpn_addlsh1_n
__gmpn_toom44_mul->__gmpn_mul
__gmpn_toom44_mul->__gmpn_toom22_mul
__gmpn_toom44_mul->__gmpn_toom33_mul
__gmpn_toom44_mul->__gmpn_toom_eval_dgr3_pm1
__gmpn_toom44_mul->__gmpn_toom_eval_dgr3_pm2
__gmpn_toom44_mul->__gmpn_toom_interpolate_7pts
__gmpz_fib_ui->__gmp_tmp_reentrant_alloc
__gmpz_fib_ui->__gmp_tmp_reentrant_free
__gmpz_fib_ui->__gmpn_lshift
__gmpz_fib_ui->__gmpn_sub_n
__gmpz_fib_ui->__gmpn_add_n
__gmpz_fib_ui->__gmpn_addlsh1_n
__gmpz_fib_ui->__gmpz_realloc
__gmpz_fib_ui->__gmpn_fib2_ui
__gmpz_fib_ui->__gmpn_mul
__gmpf_clear->__gmp_default_free
__gmpn_matrix22_mul->__gmpn_copyi
__gmpn_matrix22_mul->__gmpn_add_n
__gmpn_matrix22_mul->__gmpn_mul
__gmpn_matrix22_mul->__gmpn_matrix22_mul_strassen
__gmpz_tdiv_qr->__gmp_divide_by_zero
__gmpz_tdiv_qr->__gmp_tmp_reentrant_alloc
__gmpz_tdiv_qr->__gmp_tmp_reentrant_free
__gmpz_tdiv_qr->__gmpn_copyi
__gmpz_tdiv_qr->__gmpz_realloc
__gmpz_tdiv_qr->__gmpn_tdiv_qr
__gmpz_cdiv_r_ui->__gmp_divide_by_zero
__gmpz_cdiv_r_ui->__gmpn_mod_1
__gmp_assert_fail->__gmp_assert_header
__gmp_assert_fail->fprintf
__gmp_assert_fail->abort
__gmpn_mu_div_qr->__gmpn_sub_n
__gmpn_mu_div_qr->__gmpn_sub_nc
__gmpn_mu_div_qr->__gmpn_add_n
__gmpn_mu_div_qr->__gmpn_sub_1
__gmpn_mu_div_qr->__gmpn_mul
__gmpn_mu_div_qr->mpn_mu_div_qr2
__gmpn_random->__gmp_randget_mt
__gmpn_random->__gmp_randinit_mt_noseed
__gmpz_mul_si->__gmpn_mul_1
__gmpz_mul_si->__gmpz_realloc
__gmpf_urandomb->__gmpn_lshift
gmp_sprintf_memory->llvm.memcpy.p0i8.p0i8.i64
__gmpn_toom6h_mul->__gmpn_mul
__gmpn_toom6h_mul->__gmpn_toom22_mul
__gmpn_toom6h_mul->__gmpn_toom33_mul
__gmpn_toom6h_mul->__gmpn_toom44_mul
__gmpn_toom6h_mul->__gmpn_toom6h_mul
__gmpn_toom6h_mul->__gmpn_toom_couple_handling
__gmpn_toom6h_mul->__gmpn_toom_eval_dgr3_pm1
__gmpn_toom6h_mul->__gmpn_toom_eval_pm1
__gmpn_toom6h_mul->__gmpn_toom_eval_pm2
__gmpn_toom6h_mul->__gmpn_toom_eval_pm2exp
__gmpn_toom6h_mul->__gmpn_toom_eval_pm2rexp
__gmpn_toom6h_mul->__gmpn_toom_interpolate_12pts
__gmpf_clears->__gmp_default_free
__gmpf_clears->llvm.va_start
__gmpf_clears->llvm.va_end
__gmpn_matrix22_mul1_inverse_vector->__gmpn_mul_1
__gmpn_matrix22_mul1_inverse_vector->__gmpn_submul_1
__gmpz_tdiv_qr_ui->__gmpn_divrem_1
__gmpz_tdiv_qr_ui->__gmp_divide_by_zero
__gmpz_tdiv_qr_ui->__gmpz_realloc
__gmpz_cdiv_ui->__gmp_divide_by_zero
__gmpz_cdiv_ui->__gmpn_mod_1
mpn_mu_div_qr2->__gmpn_copyi
mpn_mu_div_qr2->__gmpn_add_1
mpn_mu_div_qr2->__gmpn_invertappr
mpn_mu_div_qr2->__gmpn_mu_div_qr_choose_in
mpn_mu_div_qr2->__gmpn_preinv_mu_div_qr
__gmpn_random2->gmp_rrandomb.170
__gmpn_random2->__gmp_randget_mt
__gmpn_random2->__gmp_randinit_mt_noseed
__gmpz_mul_ui->__gmpn_mul_1
__gmpz_mul_ui->__gmpz_realloc
gmp_sprintf_reps->llvm.memset.p0i8.i64
__gmpn_toom6_sqr->__gmpn_toom_couple_handling
__gmpn_toom6_sqr->__gmpn_toom2_sqr
__gmpn_toom6_sqr->__gmpn_toom_eval_pm1
__gmpn_toom6_sqr->__gmpn_toom_eval_pm2
__gmpn_toom6_sqr->__gmpn_toom_eval_pm2exp
__gmpn_toom6_sqr->__gmpn_toom_eval_pm2rexp
__gmpn_toom6_sqr->__gmpn_toom_interpolate_12pts
__gmpn_neg->__gmpn_com
__gmpf_get_str->__gmp_default_allocate
__gmpf_get_str->__gmp_default_reallocate
__gmpf_get_str->__gmp_tmp_reentrant_alloc
__gmpf_get_str->__gmp_tmp_reentrant_free
__gmpf_get_str->__gmpn_copyi
__gmpf_get_str->mpn_pow_1_highpart.15
__gmpf_get_str->__gmpn_copyd
__gmpf_get_str->__gmpn_mul
__gmpf_get_str->__gmpn_get_str
__gmpf_get_str->__gmpn_tdiv_qr
__gmpz_tdiv_r->__gmp_divide_by_zero
__gmpz_tdiv_r->__gmp_tmp_reentrant_alloc
__gmpz_tdiv_r->__gmp_tmp_reentrant_free
__gmpz_tdiv_r->__gmpn_copyi
__gmpz_tdiv_r->__gmpz_realloc
__gmpz_tdiv_r->__gmpn_tdiv_qr
__gmpz_cdiv_q_2exp->__gmpz_cfdiv_q_2exp
__gmpn_divexact_by3->__gmpn_bdiv_dbm1c
gmp_rrandomb.170->__gmp_randget_mt
__gmpz_n_pow_ui->__gmp_tmp_reentrant_alloc
__gmpz_n_pow_ui->__gmp_tmp_reentrant_free
__gmpz_n_pow_ui->__gmpn_copyi
__gmpz_n_pow_ui->__gmpn_lshift
__gmpz_n_pow_ui->__gmpn_mul_1
__gmpz_n_pow_ui->__gmpn_rshift
__gmpz_n_pow_ui->__gmpz_realloc
__gmpz_n_pow_ui->__gmpn_mul
__gmpz_n_pow_ui->__gmpn_sqr
__gmpn_toom8h_mul->__gmpn_mul
__gmpn_toom8h_mul->__gmpn_toom22_mul
__gmpn_toom8h_mul->__gmpn_toom33_mul
__gmpn_toom8h_mul->__gmpn_toom44_mul
__gmpn_toom8h_mul->__gmpn_toom6h_mul
__gmpn_toom8h_mul->__gmpn_toom8h_mul
__gmpn_toom8h_mul->__gmpn_toom_couple_handling
__gmpn_toom8h_mul->__gmpn_toom_eval_dgr3_pm1
__gmpn_toom8h_mul->__gmpn_toom_eval_pm1
__gmpn_toom8h_mul->__gmpn_toom_eval_pm2
__gmpn_toom8h_mul->__gmpn_toom_eval_pm2exp
__gmpn_toom8h_mul->__gmpn_toom_eval_pm2rexp
__gmpn_toom8h_mul->__gmpn_toom_interpolate_16pts
__gmpn_divexact_by3c->__gmpn_bdiv_dbm1c
__gmpz_fib2_ui->__gmpz_realloc
__gmpz_fib2_ui->__gmpn_fib2_ui
mpn_pow_1_highpart.15->__gmpn_copyi
mpn_pow_1_highpart.15->__gmpn_mul_1
mpn_pow_1_highpart.15->__gmpn_sqr
__gmpn_sec_powm_itch->win_size.395
__gmpn_hgcd_matrix_update_q->__gmpn_addmul_1
__gmpn_hgcd_matrix_update_q->__gmpn_add
__gmpn_hgcd_matrix_update_q->__gmpn_mul
__gmpz_tdiv_r_2exp->__gmpn_copyi
__gmpz_tdiv_r_2exp->__gmpz_realloc
__gmpz_cfdiv_q_2exp->__gmpn_copyi
__gmpz_cfdiv_q_2exp->__gmpn_rshift
__gmpz_cfdiv_q_2exp->__gmpz_realloc
__gmpz_cfdiv_q_2exp->__gmpn_add_1
__gmpn_preinv_mu_div_qr->__gmp_assert_fail
__gmpn_preinv_mu_div_qr->__gmpn_copyi
__gmpn_preinv_mu_div_qr->__gmpn_sub_n
__gmpn_preinv_mu_div_qr->__gmpn_sub_nc
__gmpn_preinv_mu_div_qr->__gmpn_add_n
__gmpn_preinv_mu_div_qr->__gmpn_sub_1
__gmpn_preinv_mu_div_qr->__gmpn_mul
__gmpn_preinv_mu_div_qr->__gmpn_mul_n
__gmpn_preinv_mu_div_qr->__gmpn_cmp
__gmpn_preinv_mu_div_qr->__gmpn_mulmod_bnm1
__gmpn_preinv_mu_div_qr->__gmpn_mulmod_bnm1_next_size
__gmpn_pow_1->__gmpn_copyi
__gmpn_pow_1->__gmpn_mul_1
__gmpn_pow_1->__gmpn_mul
__gmpn_pow_1->__gmpn_sqr
__gmpz_neg->__gmpn_copyi
__gmpz_neg->__gmpz_realloc
__gmpn_toom8_sqr->__gmpn_sqr_basecase
__gmpn_toom8_sqr->__gmpn_toom_couple_handling
__gmpn_toom8_sqr->__gmpn_toom2_sqr
__gmpn_toom8_sqr->__gmpn_toom3_sqr
__gmpn_toom8_sqr->__gmpn_toom4_sqr
__gmpn_toom8_sqr->__gmpn_toom_eval_pm1
__gmpn_toom8_sqr->__gmpn_toom_eval_pm2
__gmpn_toom8_sqr->__gmpn_toom_eval_pm2exp
__gmpn_toom8_sqr->__gmpn_toom_eval_pm2rexp
__gmpn_toom8_sqr->__gmpn_toom_interpolate_16pts
__gmpn_divisible_p->__gmp_tmp_reentrant_alloc
__gmpn_divisible_p->__gmp_tmp_reentrant_free
__gmpn_divisible_p->__gmpn_copyi
__gmpn_divisible_p->__gmpn_rshift
__gmpn_divisible_p->__gmpn_modexact_1_odd
__gmpn_divisible_p->__gmpn_mod_1
__gmpn_divisible_p->__gmpn_sbpi1_bdiv_qr
__gmpn_divisible_p->__gmpn_dcpi1_bdiv_qr
__gmpn_divisible_p->__gmpn_mu_bdiv_qr
__gmpn_divisible_p->__gmpn_mu_bdiv_qr_itch
__gmpn_sec_mul->__gmpn_mul_basecase
__gmpn_hgcd_matrix_mul_1->__gmpn_copyi
__gmpn_hgcd_matrix_mul_1->__gmpn_hgcd_mul_matrix1_vector
__gmpz_tdiv_r_ui->__gmp_divide_by_zero
__gmpz_tdiv_r_ui->__gmpn_mod_1
__gmpz_fdiv_q_2exp->__gmpz_cfdiv_q_2exp
__gmpn_divmod_1->__gmpn_divrem_1
__gmpn_mu_div_qr_itch->__gmpn_mu_div_qr_choose_in
__gmpn_mu_div_qr_itch->__gmpn_preinv_mu_div_qr_itch
__gmpn_rootrem->__gmp_tmp_reentrant_alloc
__gmpn_rootrem->__gmp_tmp_reentrant_free
__gmpn_rootrem->__gmpn_copyi
__gmpn_rootrem->mpn_rootrem_internal
__gmpn_rootrem->__gmpn_sqrtrem
__gmpz_nextprime->__gmpz_add_ui
__gmpz_nextprime->__gmpz_cmp_ui
__gmpz_nextprime->__gmpz_fdiv_ui
__gmpz_nextprime->__gmpz_millerrabin
__gmpz_nextprime->__gmpz_set_ui
__gmpz_nextprime->__gmpz_setbit
__gmp_vasprintf->__gmp_default_allocate
__gmp_vasprintf->__gmp_doprnt
__gmpn_toom_couple_handling->__gmpn_sub_n
__gmpn_toom_couple_handling->__gmpn_rshift
__gmpn_toom_couple_handling->__gmpn_add_n
__gmpn_toom_couple_handling->__gmpn_add_1
__gmpn_toom_couple_handling->__gmpn_rsh1sub_n
__gmpn_toom_couple_handling->__gmpn_rsh1add_n
__gmpn_divrem->__gmpn_divrem_1
__gmpn_divrem->__gmp_tmp_reentrant_alloc
__gmpn_divrem->__gmp_tmp_reentrant_free
__gmpn_divrem->__gmpn_copyi
__gmpn_divrem->__gmpn_divrem_2
__gmpn_divrem->__gmpn_tdiv_qr
__gmpf_dump->__gmp_default_free
__gmpf_dump->strlen
__gmpf_dump->__gmpf_get_str
__gmpf_dump->printf
__gmpn_hgcd_matrix_mul->__gmpn_matrix22_mul
__gmpz_cdiv_r_2exp->__gmpz_cfdiv_r_2exp
__gmpn_preinv_mu_div_qr_itch->__gmpn_mulmod_bnm1_next_size
__gmpn_preinv_mu_div_qr_itch->mpn_mulmod_bnm1_itch.347
mpn_rootrem_internal->__gmp_assert_fail
mpn_rootrem_internal->__gmp_tmp_reentrant_alloc
mpn_rootrem_internal->__gmp_tmp_reentrant_free
mpn_rootrem_internal->__gmpn_copyi
mpn_rootrem_internal->__gmpn_lshift
mpn_rootrem_internal->__gmpn_mul_1
mpn_rootrem_internal->__gmpn_copyd
mpn_rootrem_internal->__gmpn_rshift
mpn_rootrem_internal->__gmpn_sub
mpn_rootrem_internal->__gmpn_sub_1
mpn_rootrem_internal->__gmpn_mul
mpn_rootrem_internal->__gmpn_pow_1
mpn_rootrem_internal->logbased_root
mpn_rootrem_internal->__gmpn_cmp
mpn_rootrem_internal->__gmpn_div_q
__gmpz_out_raw->__gmp_default_allocate
__gmpz_out_raw->__gmp_default_free
__gmpz_out_raw->fwrite
gmp_asprintf_format->__gmp_default_reallocate
gmp_asprintf_format->llvm.va_copy
gmp_asprintf_format->vsnprintf
__gmpn_toom2_sqr->__gmpn_sub_n
__gmpn_toom2_sqr->__gmpn_add_n
__gmpn_toom2_sqr->__gmpn_add
__gmpn_toom2_sqr->__gmpn_sqr_basecase
__gmpn_toom2_sqr->__gmpn_cmp
__gmpn_toom2_sqr->__gmpn_toom2_sqr
__gmpn_sec_sqr->__gmpn_sqr_basecase
__gmpn_hgcd_matrix_adjust->__gmpn_copyi
__gmpn_hgcd_matrix_adjust->__gmpn_add
__gmpn_hgcd_matrix_adjust->__gmpn_sub
__gmpn_hgcd_matrix_adjust->__gmpn_mul
__gmpz_ui_pow_ui->__gmpz_n_pow_ui
__gmpz_cfdiv_r_2exp->__gmpn_copyi
__gmpz_cfdiv_r_2exp->__gmpz_realloc
__gmpz_cfdiv_r_2exp->__gmpn_neg
__gmpz_legendre->__gmpz_jacobi
__gmpz_out_str->__gmp_tmp_reentrant_alloc
__gmpz_out_str->__gmp_tmp_reentrant_free
__gmpz_out_str->__gmpn_copyi
__gmpz_out_str->fputc
__gmpz_out_str->fwrite
__gmpz_out_str->ferror
__gmpz_out_str->__gmpn_get_str
__gmp_vfprintf->__gmp_doprnt
__gmpn_toom3_sqr->__gmpn_sub_n
__gmpn_toom3_sqr->__gmpn_add_n
__gmpn_toom3_sqr->__gmpn_add
__gmpn_toom3_sqr->__gmpn_add_1
__gmpn_toom3_sqr->__gmpn_cmp
__gmpn_toom3_sqr->__gmpn_rsblsh1_n
__gmpn_toom3_sqr->__gmpn_toom2_sqr
__gmpn_toom3_sqr->__gmpn_toom3_sqr
__gmpn_toom3_sqr->__gmpn_toom_interpolate_5pts
__gmpn_fib2_ui->__gmp_tmp_reentrant_alloc
__gmpn_fib2_ui->__gmp_tmp_reentrant_free
__gmpn_fib2_ui->__gmpn_sub_n
__gmpn_fib2_ui->__gmpn_add_n
__gmpn_fib2_ui->__gmpn_rsblsh2_n
__gmpn_fib2_ui->__gmpn_sqr
__gmpn_hgcd2->div2
__gmpn_hgcd2->div1
__gmpz_ui_sub->__gmpz_realloc
__gmpz_ui_sub->__gmpn_add_1
__gmpz_ui_sub->__gmpn_sub_1
__gmpz_fdiv_r_2exp->__gmpz_cfdiv_r_2exp
__gmp_exception->abort
__gmpn_mu_divappr_q->__gmpn_copyi
__gmpn_mu_divappr_q->__gmpn_add_1
__gmpn_mu_divappr_q->__gmpn_invertappr
__gmpn_mu_divappr_q->__gmpn_mu_divappr_q_choose_in
__gmpn_mu_divappr_q->__gmpn_preinv_mu_divappr_q
__gmpn_sqrtrem->__gmp_tmp_reentrant_alloc
__gmpn_sqrtrem->__gmp_tmp_reentrant_free
__gmpn_sqrtrem->__gmpn_copyi
__gmpn_sqrtrem->__gmpn_lshift
__gmpn_sqrtrem->__gmpn_rshift
__gmpn_sqrtrem->__gmpn_addmul_1
__gmpn_sqrtrem->__gmpn_submul_1
__gmpn_sqrtrem->__gmpn_sub_1
__gmpn_sqrtrem->mpn_sqrtrem1
__gmpn_sqrtrem->mpn_dc_sqrt
__gmpn_sqrtrem->mpn_dc_sqrtrem
__gmpz_perfect_power_p->__gmpn_perfect_power_p
__gmp_vprintf->__gmp_doprnt
__gmpn_toom4_sqr->__gmpn_lshift
__gmpn_toom4_sqr->__gmpn_addlsh1_n
__gmpn_toom4_sqr->__gmpn_toom3_sqr
__gmpn_toom4_sqr->__gmpn_toom_eval_dgr3_pm1
__gmpn_toom4_sqr->__gmpn_toom_eval_dgr3_pm2
__gmpn_toom4_sqr->__gmpn_toom_interpolate_7pts
__gmpz_urandomb->__gmpz_realloc
__gmpz_urandomb->__gmp_randget_mt
__gmpz_clear->__gmp_default_free
__gmp_sqrt_of_negative->__gmp_exception
__gmpz_perfect_square_p->__gmpn_perfect_square_p
__gmp_vsnprintf->__gmp_doprnt
__gmpn_toom_eval_dgr3_pm1->__gmpn_sub_n
__gmpn_toom_eval_dgr3_pm1->__gmpn_add_n
__gmpn_toom_eval_dgr3_pm1->__gmpn_add
__gmpn_toom_eval_dgr3_pm1->__gmpn_cmp
__gmpn_mod_1->mpn_mod_1_norm
__gmpn_mod_1->__gmpn_mod_1_1p_cps
__gmpn_mod_1->__gmpn_mod_1_1p
__gmpn_mod_1->mpn_mod_1_unnorm
__gmpn_mod_1->__gmpn_mod_1s_2p_cps
__gmpn_mod_1->__gmpn_mod_1s_2p
__gmpn_mod_1->__gmpn_mod_1s_4p_cps
__gmpn_mod_1->__gmpn_mod_1s_4p
__gmpf_reldiff->__gmp_tmp_reentrant_alloc
__gmpf_reldiff->__gmp_tmp_reentrant_free
__gmpf_reldiff->__gmpf_set_ui
__gmpf_reldiff->__gmpf_sub
__gmpf_reldiff->__gmpf_div
__gmpn_sec_div_qr->__gmpn_copyi
__gmpn_sec_div_qr->__gmpn_lshift
__gmpn_sec_div_qr->__gmpn_rshift
__gmpn_sec_div_qr->__gmpn_invert_limb
__gmpn_sec_div_qr->__gmpn_sec_pi1_div_qr
__gmpz_urandomm->__gmp_divide_by_zero
__gmpz_urandomm->__gmp_tmp_reentrant_alloc
__gmpz_urandomm->__gmp_tmp_reentrant_free
__gmpz_urandomm->__gmpn_copyi
__gmpz_urandomm->__gmpn_sub_n
__gmpz_urandomm->__gmpz_realloc
__gmpz_urandomm->__gmp_randget_mt
__gmpz_clears->__gmp_default_free
__gmpz_clears->llvm.va_start
__gmpz_clears->llvm.va_end
__gmp_divide_by_zero->__gmp_exception
__gmpn_preinv_mu_divappr_q->__gmp_assert_fail
__gmpn_preinv_mu_divappr_q->__gmpn_copyi
__gmpn_preinv_mu_divappr_q->__gmpn_sub_n
__gmpn_preinv_mu_divappr_q->__gmpn_sub_nc
__gmpn_preinv_mu_divappr_q->__gmpn_add_n
__gmpn_preinv_mu_divappr_q->__gmpn_add_1
__gmpn_preinv_mu_divappr_q->__gmpn_sub_1
__gmpn_preinv_mu_divappr_q->__gmpn_mul
__gmpn_preinv_mu_divappr_q->__gmpn_mul_n
__gmpn_preinv_mu_divappr_q->__gmpn_cmp
__gmpn_preinv_mu_divappr_q->__gmpn_mulmod_bnm1
__gmpn_preinv_mu_divappr_q->__gmpn_mulmod_bnm1_next_size
mpn_dc_sqrt->__gmp_tmp_reentrant_alloc
mpn_dc_sqrt->__gmp_tmp_reentrant_free
mpn_dc_sqrt->__gmpn_copyi
mpn_dc_sqrt->__gmpn_lshift
mpn_dc_sqrt->__gmpn_sub_n
mpn_dc_sqrt->__gmpn_rshift
mpn_dc_sqrt->__gmpn_addlsh1_n
mpn_dc_sqrt->__gmpn_add_1
mpn_dc_sqrt->__gmpn_mul
mpn_dc_sqrt->__gmpn_sqr
mpn_dc_sqrt->mpn_dc_sqrtrem
mpn_dc_sqrt->mpn_divappr_q
mpn_dc_sqrt->__gmpn_cmp
mpn_dc_sqrt->__gmpn_zero_p
__gmpz_popcount->__gmpn_popcount
__gmp_vsprintf->__gmp_doprnt
__gmpn_toom_eval_dgr3_pm2->__gmpn_lshift
__gmpn_toom_eval_dgr3_pm2->__gmpn_sub_n
__gmpn_toom_eval_dgr3_pm2->__gmpn_add_n
__gmpn_toom_eval_dgr3_pm2->__gmpn_addlsh2_n
__gmpn_toom_eval_dgr3_pm2->__gmpn_add_1
__gmpn_toom_eval_dgr3_pm2->__gmpn_cmp
mpn_mod_1_norm->__gmpn_invert_limb
__gmpz_gcd->__gmp_tmp_reentrant_alloc
__gmpz_gcd->__gmp_tmp_reentrant_free
__gmpz_gcd->__gmpn_copyi
__gmpz_gcd->__gmpn_lshift
__gmpz_gcd->__gmpn_rshift
__gmpz_gcd->__gmpn_gcd_1
__gmpz_gcd->__gmpz_realloc
__gmpz_gcd->__gmpn_gcd
__gmpf_sqrt->__gmp_sqrt_of_negative
__gmpf_sqrt->__gmp_tmp_reentrant_alloc
__gmpf_sqrt->__gmp_tmp_reentrant_free
__gmpf_sqrt->__gmpn_copyi
__gmpf_sqrt->__gmpn_sqrtrem
__gmpn_hgcd_mul_matrix1_vector->__gmpn_addaddmul_1msb0
__gmpz_xor->__gmp_tmp_reentrant_alloc
__gmpz_xor->__gmp_tmp_reentrant_free
__gmpz_xor->__gmpn_copyi
__gmpz_xor->__gmpz_realloc
__gmpz_xor->__gmpn_xor_n
__gmpz_xor->__gmpn_add_1
__gmpz_xor->__gmpn_sub_1
__gmpz_clrbit->__gmpz_realloc
__gmp_extract_double->__gmp_assert_fail
__gmpn_mu_divappr_q_itch->__gmpn_mulmod_bnm1_next_size
__gmpn_mu_divappr_q_itch->__gmpn_mu_divappr_q_choose_in
__gmpn_mu_divappr_q_itch->mpn_mulmod_bnm1_itch.355
mpn_dc_sqrtrem->__gmpn_sub_n
mpn_dc_sqrtrem->__gmpn_rshift
mpn_dc_sqrtrem->__gmpn_add_n
mpn_dc_sqrtrem->__gmpn_addlsh1_n
mpn_dc_sqrtrem->__gmpn_add_1
mpn_dc_sqrtrem->__gmpn_sub_1
mpn_dc_sqrtrem->__gmpn_sqr
mpn_dc_sqrtrem->mpn_dc_sqrtrem
mpn_dc_sqrtrem->mpn_sqrtrem2
mpn_dc_sqrtrem->__gmpn_tdiv_qr
__gmpz_pow_ui->__gmpz_mul
__gmpz_pow_ui->__gmpz_n_pow_ui
__gmpz_pow_ui->__gmpz_set
__gmpz_pow_ui->__gmpz_set_ui
__gmp_doscan->__gmp_default_allocate
__gmp_doscan->__gmp_default_free
__gmp_doscan->__gmpf_set_si
__gmp_doscan->strlen
__gmp_doscan->__ctype_b_loc
__gmp_doscan->ungetc
__gmp_doscan->__gmpz_set_si
__gmp_doscan->__gmpq_set_si
__gmp_doscan->llvm.memcpy.p0i8.p0i8.i64
__gmp_doscan->llvm.va_copy
__gmp_doscan->skip_white
__gmp_doscan->gmpscan
__gmp_doscan->step
__gmp_doscan->fgetc
__gmp_doscan->step.453
__gmp_doscan->get
__gmp_doscan->unget
__gmpn_toom_eval_pm1->__gmpn_sub_n
__gmpn_toom_eval_pm1->__gmpn_add_n
__gmpn_toom_eval_pm1->__gmpn_add
__gmpn_toom_eval_pm1->__gmpn_cmp
__gmpz_gcd_ui->__gmpn_copyi
__gmpz_gcd_ui->__gmpn_gcd_1
__gmpz_gcd_ui->__gmpz_realloc
__gmpf_random2->__gmpn_random2
__gmpf_random2->__gmp_randget_mt
__gmpf_random2->__gmp_randinit_mt_noseed
__gmpn_sec_div_r->__gmpn_lshift
__gmpn_sec_div_r->__gmpn_rshift
__gmpn_sec_div_r->__gmpn_invert_limb
__gmpn_sec_div_r->__gmpn_sec_pi1_div_r
__gmp_invalid_operation->abort
__gmp_invalid_operation->raise
mpn_sqrtrem2->mpn_sqrtrem1
__gmpz_powm->__gmp_divide_by_zero
__gmpz_powm->__gmp_tmp_reentrant_alloc
__gmpz_powm->__gmp_tmp_reentrant_free
__gmpz_powm->__gmpn_copyi
__gmpz_powm->__gmpn_rshift
__gmpz_powm->__gmpz_invert
__gmpz_powm->__gmpz_realloc
__gmpz_powm->__gmpn_add
__gmpz_powm->__gmpn_sub
__gmpz_powm->__gmpn_mul
__gmpz_powm->__gmpn_tdiv_qr
__gmpz_powm->__gmpn_mullo_n
__gmpz_powm->__gmpn_binvert_itch
__gmpz_powm->__gmpn_binvert
__gmpz_powm->__gmpn_powm
__gmpz_powm->__gmpn_powlo
__gmpz_abs->__gmpn_copyi
__gmpz_abs->__gmpz_realloc
skip_white->__ctype_b_loc
skip_white->ungetc
skip_white->fgetc
skip_white->get
skip_white->unget
__gmpn_toom_eval_pm2->__gmpn_lshift
__gmpn_toom_eval_pm2->__gmpn_sub_n
__gmpn_toom_eval_pm2->__gmpn_add_n
__gmpn_toom_eval_pm2->__gmpn_addlsh2_n
__gmpn_toom_eval_pm2->__gmpn_add_1
__gmpn_toom_eval_pm2->__gmpn_cmp
__gmpz_gcdext->__gmp_tmp_reentrant_alloc
__gmpz_gcdext->__gmp_tmp_reentrant_free
__gmpz_gcdext->__gmpn_copyi
__gmpz_gcdext->__gmpz_divexact
__gmpz_gcdext->__gmpz_mul
__gmpz_gcdext->__gmpz_realloc
__gmpz_gcdext->__gmpz_sub
__gmpz_gcdext->__gmpn_gcdext
__gmpf_inp_str->__gmp_default_allocate
__gmpf_inp_str->__gmp_default_reallocate
__gmpf_inp_str->__gmp_default_free
__gmpf_inp_str->__gmpf_set_str
__gmpf_inp_str->__ctype_b_loc
__gmpf_inp_str->_IO_getc
__gmpf_inp_str->ungetc
__gmpn_sec_pi1_div_qr->__gmpn_lshift
__gmpn_sec_pi1_div_qr->__gmpn_sub_n
__gmpn_sec_pi1_div_qr->__gmpn_submul_1
__gmpn_sec_pi1_div_qr->__gmpn_add_n
__gmpn_sec_pi1_div_qr->__gmpn_cnd_sub_n
__gmpn_sec_pi1_div_qr->__gmpn_cnd_add_n
__gmpn_hgcd_step->__gmpn_copyi
__gmpn_hgcd_step->__gmpn_gcd_subdiv_step
__gmpn_hgcd_step->__gmpn_matrix22_mul1_inverse_vector
__gmpn_hgcd_step->__gmpn_hgcd_matrix_mul_1
__gmpn_hgcd_step->__gmpn_hgcd2
__gmpq_abs->__gmpn_copyi
__gmpq_abs->__gmpz_realloc
__gmpz_cmp_d->__gmp_extract_double
__gmpz_cmp_d->__gmp_invalid_operation
__gmpn_mu_div_q->__gmp_tmp_reentrant_alloc
__gmpn_mu_div_q->__gmp_tmp_reentrant_free
__gmpn_mu_div_q->__gmpn_copyi
__gmpn_mu_div_q->__gmpn_sub_n
__gmpn_mu_div_q->__gmpn_add_n
__gmpn_mu_div_q->__gmpn_sub_1
__gmpn_mu_div_q->__gmpn_mul
__gmpn_mu_div_q->__gmpn_cmp
__gmpn_mu_div_q->__gmpn_mu_divappr_q
mpn_divappr_q->__gmp_tmp_reentrant_alloc
mpn_divappr_q->__gmp_tmp_reentrant_free
mpn_divappr_q->__gmpn_copyi
mpn_divappr_q->__gmpn_invert_limb
mpn_divappr_q->__gmpn_sbpi1_divappr_q
mpn_divappr_q->__gmpn_dcpi1_divappr_q
mpn_divappr_q->__gmpn_mu_divappr_q
mpn_divappr_q->__gmpn_mu_divappr_q_itch
__gmpz_powm_sec->__gmp_divide_by_zero
__gmpz_powm_sec->__gmp_tmp_reentrant_alloc
__gmpz_powm_sec->__gmp_tmp_reentrant_free
__gmpz_powm_sec->__gmpn_copyi
__gmpz_powm_sec->__gmpz_realloc
__gmpz_powm_sec->__gmpn_sub
__gmpz_powm_sec->__gmpn_sec_powm
__gmpz_powm_sec->__gmpn_sec_powm_itch
__gmpz_add->__gmpn_sub_n
__gmpz_add->__gmpz_realloc
__gmpz_add->__gmpn_add
__gmpz_add->__gmpn_sub
__gmpz_add->__gmpn_cmp
gmpscan->__gmp_default_allocate
gmpscan->__gmp_default_reallocate
gmpscan->__gmp_default_free
gmpscan->__gmpf_set_str
gmpscan->nl_langinfo
gmpscan->__ctype_b_loc
gmpscan->ungetc
gmpscan->__gmpf_mul_2exp
gmpscan->__gmpf_div_2exp
gmpscan->__gmpz_set_str
gmpscan->__gmpq_set_str
gmpscan->strtol
gmpscan->fgetc
gmpscan->get
gmpscan->unget
__gmpn_toom_eval_pm2exp->__gmpn_lshift
__gmpn_toom_eval_pm2exp->__gmpn_sub_n
__gmpn_toom_eval_pm2exp->__gmpn_add_n
__gmpn_toom_eval_pm2exp->__gmpn_cmp
__gmpn_toom_eval_pm2exp->__gmpn_addlsh_n
mpn_mod_1_unnorm->__gmpn_invert_limb
__gmpz_get_d->__gmpn_get_d
hgcd_hook->__gmpn_hgcd_matrix_update_q
__gmpq_add->__gmpq_aors
__gmp_default_allocate->fprintf
__gmp_default_allocate->abort
__gmp_default_allocate->malloc
__gmpn_mu_div_q_itch->__gmpn_mu_divappr_q_itch
__gmpz_powm_ui->__gmp_divide_by_zero
__gmpz_powm_ui->__gmp_tmp_reentrant_alloc
__gmpz_powm_ui->__gmp_tmp_reentrant_free
__gmpz_powm_ui->__gmpn_copyi
__gmpz_powm_ui->__gmpn_lshift
__gmpz_powm_ui->__gmpn_sub_n
__gmpz_powm_ui->__gmpn_rshift
__gmpz_powm_ui->__gmpz_powm
__gmpz_powm_ui->__gmpn_invert_limb
__gmpz_powm_ui->reduce
__gmpz_powm_ui->mod
__gmpz_powm_ui->__gmpz_realloc
__gmpz_powm_ui->__gmpn_sub
__gmpz_powm_ui->__gmpn_mul
__gmpz_powm_ui->__gmpn_sqr
__gmpz_powm_ui->__gmpn_cmp
__gmpz_add_ui->__gmpz_realloc
__gmpz_add_ui->__gmpn_add_1
__gmpz_add_ui->__gmpn_sub_1
__gmpz_get_d_2exp->__gmpn_get_d
__gmpn_sec_pi1_div_r->__gmpn_lshift
__gmpn_sec_pi1_div_r->__gmpn_sub_n
__gmpn_sec_pi1_div_r->__gmpn_submul_1
__gmpn_sec_pi1_div_r->__gmpn_cnd_sub_n
__gmpn_sec_pi1_div_r->__gmpn_cnd_add_n
__gmpn_hgcd_reduce_itch->__gmpn_hgcd_itch
__gmpq_aors->__gmp_tmp_reentrant_alloc
__gmpq_aors->__gmp_tmp_reentrant_free
__gmpq_aors->__gmpz_add
__gmpq_aors->__gmpz_divexact_gcd
__gmpq_aors->__gmpz_gcd
__gmpq_aors->__gmpz_mul
__gmpq_aors->__gmpz_set
__gmpq_aors->__gmpz_sub
__gmpn_sbpi1_bdiv_q->__gmpn_addmul_1
__gmpn_sbpi1_bdiv_q->__gmpn_add_1
__gmpn_get_str->__gmp_assert_fail
__gmpn_get_str->__gmp_tmp_reentrant_alloc
__gmpn_get_str->__gmp_tmp_reentrant_free
__gmpn_get_str->__gmpn_mul_1
__gmpn_get_str->__gmpn_sqr
__gmpn_get_str->mpn_sb_get_str
__gmpn_get_str->mpn_dc_get_str
__gmpz_addmul->__gmpz_aorsmul
__gmp_fscanf->llvm.va_start
__gmp_fscanf->llvm.va_end
__gmp_fscanf->__gmp_doscan
__gmpn_toom_eval_pm2rexp->__gmpn_lshift
__gmpn_toom_eval_pm2rexp->__gmpn_sub_n
__gmpn_toom_eval_pm2rexp->__gmpn_add_n
__gmpn_toom_eval_pm2rexp->__gmpn_add
__gmpn_toom_eval_pm2rexp->__gmpn_cmp
__gmpn_toom_eval_pm2rexp->__gmpn_addlsh_n
__gmpf_out_str->fprintf
__gmpf_out_str->__gmp_tmp_reentrant_alloc
__gmpf_out_str->__gmp_tmp_reentrant_free
__gmpf_out_str->nl_langinfo
__gmpf_out_str->strlen
__gmpf_out_str->__gmpf_get_str
__gmpf_out_str->fputc
__gmpf_out_str->_IO_putc
__gmpf_out_str->fwrite
__gmpf_out_str->ferror
__gmpn_hgcd_reduce->__gmpn_copyi
__gmpn_hgcd_reduce->__gmpn_hgcd_matrix_adjust
__gmpn_hgcd_reduce->hgcd_matrix_apply
__gmpn_hgcd_reduce->__gmpn_hgcd
__gmpn_hgcd_reduce->__gmpn_hgcd_appr
__gmpq_sub->__gmpq_aors
__gmp_default_reallocate->fprintf
__gmp_default_reallocate->abort
__gmp_default_reallocate->realloc
__gmpn_sbpi1_bdiv_qr->__gmpn_sub_n
__gmpn_sbpi1_bdiv_qr->__gmpn_addmul_1
__gmpn_sbpi1_bdiv_qr->__gmpn_add_n
__gmpn_sbpi1_bdiv_qr->__gmpn_add
__gmpn_sbpi1_bdiv_qr->__gmpn_add_1
mpn_sb_get_str->__gmpn_copyi
mpn_sb_get_str->__gmpn_preinv_divrem_1
reduce->__gmp_tmp_reentrant_alloc
reduce->__gmp_tmp_reentrant_free
reduce->__gmpn_copyi
reduce->mod
__gmpz_aorsmul->__gmp_tmp_reentrant_alloc
__gmpz_aorsmul->__gmp_tmp_reentrant_free
__gmpz_aorsmul->__gmpz_aorsmul_1
__gmpz_aorsmul->__gmpz_realloc
__gmpz_aorsmul->__gmpn_add
__gmpz_aorsmul->__gmpn_sub
__gmpz_aorsmul->__gmpn_mul
__gmpz_aorsmul->__gmpn_cmp
__gmpn_toom_interpolate_5pts->__gmpn_bdiv_dbm1c
__gmpn_toom_interpolate_5pts->__gmpn_sub_n
__gmpn_toom_interpolate_5pts->__gmpn_add_n
__gmpn_toom_interpolate_5pts->__gmpn_rsh1sub_n
__gmpn_toom_interpolate_5pts->__gmpn_rsh1add_n
__gmpn_toom_interpolate_5pts->__gmpn_sublsh1_n
__gmpz_get_str->__gmp_default_allocate
__gmpz_get_str->__gmp_default_reallocate
__gmpz_get_str->__gmp_tmp_reentrant_alloc
__gmpz_get_str->__gmp_tmp_reentrant_free
__gmpz_get_str->__gmpn_copyi
__gmpz_get_str->__gmpn_get_str
__gmpn_sec_add_1->__gmpn_add_n
hgcd_matrix_apply->__gmp_tmp_reentrant_alloc
hgcd_matrix_apply->__gmp_tmp_reentrant_free
hgcd_matrix_apply->__gmpn_copyi
hgcd_matrix_apply->__gmpn_sub_n
hgcd_matrix_apply->__gmpn_add
hgcd_matrix_apply->submul
hgcd_matrix_apply->mpn_mulmod_bnm1_itch.233
hgcd_matrix_apply->__gmpn_mulmod_bnm1
hgcd_matrix_apply->__gmpn_mulmod_bnm1_next_size
__gmpq_canonicalize->__gmp_divide_by_zero
__gmpq_canonicalize->__gmp_tmp_reentrant_alloc
__gmpq_canonicalize->__gmp_tmp_reentrant_free
__gmpq_canonicalize->__gmpz_divexact_gcd
__gmpq_canonicalize->__gmpz_gcd
__gmpz_cmpabs_d->__gmp_extract_double
__gmpz_cmpabs_d->__gmp_invalid_operation
mpn_dc_get_str->mpn_sb_get_str
mpn_dc_get_str->mpn_dc_get_str
mpn_dc_get_str->__gmpn_cmp
mpn_dc_get_str->__gmpn_tdiv_qr
mod->__gmpn_divrem_1
mod->__gmp_tmp_reentrant_alloc
mod->__gmp_tmp_reentrant_free
mod->__gmpn_copyi
mod->__gmpn_div_qr_2n_pi1
mod->__gmpn_sbpi1_div_qr
mod->__gmpn_dcpi1_div_qr
mod->__gmpn_mu_div_qr
mod->__gmpn_mu_div_qr_itch
__gmpz_submul->__gmpz_aorsmul
submul->__gmp_tmp_reentrant_alloc
submul->__gmp_tmp_reentrant_free
submul->__gmpn_sub
submul->__gmpn_mul
__gmpq_clear->__gmp_default_free
__gmp_default_free->free
__gmpn_dcpi1_bdiv_q_n->__gmpn_sub_n
__gmpn_dcpi1_bdiv_q_n->__gmpn_submul_1
__gmpn_dcpi1_bdiv_q_n->__gmpn_mullo_n
__gmpn_dcpi1_bdiv_q_n->__gmpn_sbpi1_bdiv_q
__gmpn_dcpi1_bdiv_q_n->__gmpn_dcpi1_bdiv_qr_n
__gmpz_aorsmul_1->__gmpn_mul_1
__gmpz_aorsmul_1->__gmpn_addmul_1
__gmpz_aorsmul_1->__gmpn_submul_1
__gmpz_aorsmul_1->__gmpn_com
__gmpz_aorsmul_1->__gmpz_realloc
__gmpz_aorsmul_1->__gmpn_add_1
__gmpz_aorsmul_1->__gmpn_sub_1
__gmpn_toom_interpolate_6pts->__gmpn_bdiv_dbm1c
__gmpn_toom_interpolate_6pts->__gmpn_sub_n
__gmpn_toom_interpolate_6pts->__gmpn_rshift
__gmpn_toom_interpolate_6pts->__gmpn_add_n
__gmpn_toom_interpolate_6pts->__gmpn_rsh1sub_n
__gmpn_toom_interpolate_6pts->__gmpn_rsh1add_n
__gmpn_toom_interpolate_6pts->__gmpn_sublsh2_n
__gmpn_sec_sub_1->__gmpn_sub_n
__gmpq_clears->__gmp_default_free
__gmpq_clears->llvm.va_start
__gmpq_clears->llvm.va_end
__gmpz_com->__gmpz_realloc
__gmpz_com->__gmpn_add_1
__gmpz_com->__gmpn_sub_1
__gmpn_dcpi1_bdiv_q->__gmp_tmp_reentrant_free
__gmpn_dcpi1_bdiv_q->__gmpn_sub
__gmpn_dcpi1_bdiv_q->__gmpn_sub_1
__gmpn_dcpi1_bdiv_q->__gmpn_mul
__gmpn_dcpi1_bdiv_q->__gmpn_sbpi1_bdiv_q
__gmpn_dcpi1_bdiv_q->__gmpn_sbpi1_bdiv_qr
__gmpn_dcpi1_bdiv_q->__gmpn_dcpi1_bdiv_q_n
__gmpn_dcpi1_bdiv_q->__gmpn_dcpi1_bdiv_qr_n
__gmpn_set_str->__gmp_tmp_reentrant_alloc
__gmpn_set_str->__gmp_tmp_reentrant_free
__gmpn_set_str->__gmpn_bc_set_str
__gmpn_set_str->__gmpn_set_str_compute_powtab
__gmpn_set_str->__gmpn_dc_set_str
__gmpz_primorial_ui->__gmp_primesieve
__gmpz_primorial_ui->__gmp_tmp_reentrant_alloc
__gmpz_primorial_ui->__gmp_tmp_reentrant_free
__gmpz_primorial_ui->__gmpz_prodlimbs
__gmpz_primorial_ui->log_n_max.81
__gmpz_primorial_ui->n_to_bit.82
__gmpz_primorial_ui->id_to_n.83
__gmpz_primorial_ui->__gmpz_realloc
__gmp_scanf->llvm.va_start
__gmp_scanf->llvm.va_end
__gmp_scanf->__gmp_doscan
__gmpn_dump->printf
__gmpz_hamdist->__gmpn_popcount
__gmpz_hamdist->__gmpn_hamdist
__gmpq_cmp->mpq_cmp_numden
__gmpz_combit->__gmpz_realloc
__gmpz_combit->__gmpn_zero_p
__gmpn_bc_set_str->__gmpn_mul_1
__gmpn_bc_set_str->__gmpn_add_1
__gmp_sscanf->llvm.va_start
__gmp_sscanf->llvm.va_end
__gmp_sscanf->__gmp_doscan
__gmpn_toom_interpolate_7pts->__gmpn_bdiv_dbm1c
__gmpn_toom_interpolate_7pts->__gmpn_lshift
__gmpn_toom_interpolate_7pts->__gmpn_sub_n
__gmpn_toom_interpolate_7pts->__gmpn_rshift
__gmpn_toom_interpolate_7pts->__gmpn_addmul_1
__gmpn_toom_interpolate_7pts->__gmpn_submul_1
__gmpn_toom_interpolate_7pts->__gmpn_pi1_bdiv_q_1
__gmpn_toom_interpolate_7pts->__gmpn_add_n
__gmpn_toom_interpolate_7pts->__gmpn_sub
__gmpn_toom_interpolate_7pts->__gmpn_rsh1sub_n
__gmpn_toom_interpolate_7pts->__gmpn_rsh1add_n
__gmpn_mod_1s_3p_cps->__gmpn_invert_limb
__gmpf_add->__gmp_tmp_reentrant_alloc
__gmpf_add->__gmp_tmp_reentrant_free
__gmpf_add->__gmpf_set
__gmpf_add->__gmpn_copyi
__gmpf_add->__gmpf_sub
__gmpf_add->__gmpn_add
__gmpn_sec_invert->__gmpn_copyi
__gmpn_sec_invert->__gmpn_rshift
__gmpn_sec_invert->__gmpn_cnd_swap
__gmpn_sec_invert->__gmpn_cnd_sub_n
__gmpn_sec_invert->__gmpn_cnd_add_n
__gmpn_sec_invert->__gmpn_sec_add_1
__gmpn_sec_invert->mpn_cnd_neg
__gmpn_sec_invert->mpn_sec_eq_ui
__gmpn_sec_invert->__gmpn_zero
__gmpn_hgcd->__gmpn_hgcd_matrix_init
__gmpn_hgcd->__gmpn_hgcd_matrix_mul
__gmpn_hgcd->__gmpn_hgcd_matrix_adjust
__gmpn_hgcd->__gmpn_hgcd_step
__gmpn_hgcd->__gmpn_hgcd_reduce
__gmpn_hgcd->__gmpn_hgcd
mpq_cmp_numden->__gmp_tmp_reentrant_alloc
mpq_cmp_numden->__gmp_tmp_reentrant_free
mpq_cmp_numden->__gmpn_mul
mpq_cmp_numden->__gmpn_cmp
__gmpz_congruent_p->__gmp_tmp_reentrant_alloc
__gmpz_congruent_p->__gmp_tmp_reentrant_free
__gmpz_congruent_p->__gmpn_sub_n
__gmpz_congruent_p->__gmpz_cmp
__gmpz_congruent_p->__gmpn_modexact_1c_odd
__gmpz_congruent_p->__gmpn_add
__gmpz_congruent_p->__gmpn_sub
__gmpz_congruent_p->__gmpn_divisible_p
__gmpz_congruent_p->__gmpn_mod_1
__gmpz_congruent_p->__gmpn_cmp
__gmpn_dcpi1_bdiv_qr_n->__gmpn_sub_n
__gmpn_dcpi1_bdiv_qr_n->__gmpn_sub
__gmpn_dcpi1_bdiv_qr_n->__gmpn_mul
__gmpn_dcpi1_bdiv_qr_n->__gmpn_sbpi1_bdiv_qr
__gmpn_dcpi1_bdiv_qr_n->__gmpn_dcpi1_bdiv_qr_n
__gmpn_set_str_compute_powtab->__gmp_assert_fail
__gmpn_set_str_compute_powtab->__gmpn_divexact_1
__gmpn_set_str_compute_powtab->__gmpn_sqr
scan->llvm.va_start
scan->llvm.va_end
scan->__isoc99_sscanf
__gmpn_toom_interpolate_8pts->__gmpn_bdiv_dbm1c
__gmpn_toom_interpolate_8pts->__gmpn_sub_n
__gmpn_toom_interpolate_8pts->__gmpn_rshift
__gmpn_toom_interpolate_8pts->__gmpn_pi1_bdiv_q_1
__gmpn_toom_interpolate_8pts->__gmpn_add_n
__gmpn_toom_interpolate_8pts->__gmpn_add_1
__gmpn_toom_interpolate_8pts->__gmpn_sublsh2_n
__gmpn_toom_interpolate_8pts->DO_mpn_sublsh_n
__gmpz_import->__gmpn_copyi
__gmpz_import->__gmpz_realloc
__gmpf_add_ui->__gmpn_copyi
__gmpf_add_ui->__gmpf_set_ui
__gmpf_add_ui->__gmpn_copyd
__gmpf_add_ui->__gmpf_sub_ui
__gmpf_add_ui->__gmpn_add_1
mpn_cnd_neg->__gmpn_lshift
mpn_cnd_neg->__gmpn_cnd_sub_n
__gmpq_cmp_z->mpq_cmp_numden
__gmp_nextprime->__gmp_nextprime
__gmp_nextprime->llvm.memset.p0i8.i64
__gmpn_dcpi1_bdiv_qr->__gmp_tmp_reentrant_free
__gmpn_dcpi1_bdiv_qr->__gmpn_sub
__gmpn_dcpi1_bdiv_qr->__gmpn_sub_1
__gmpn_dcpi1_bdiv_qr->__gmpn_mul
__gmpn_dcpi1_bdiv_qr->__gmpn_sbpi1_bdiv_qr
__gmpn_dcpi1_bdiv_qr->__gmpn_dcpi1_bdiv_qr_n
__gmpn_dc_set_str->__gmpn_add_n
__gmpn_dc_set_str->__gmpn_mul
__gmpn_dc_set_str->__gmpn_bc_set_str
__gmpn_dc_set_str->__gmpn_dc_set_str
__gmpz_addmul_ui->__gmpz_aorsmul_1
DO_mpn_sublsh_n->__gmpn_lshift
DO_mpn_sublsh_n->__gmpn_sub_n
__gmpn_mul->__gmp_tmp_reentrant_alloc
__gmpn_mul->__gmp_tmp_reentrant_free
__gmpn_mul->__gmpn_copyi
__gmpn_mul->__gmpn_add_n
__gmpn_mul->__gmpn_mul
__gmpn_mul->__gmpn_mul_basecase
__gmpn_mul->mpn_toom6h_mul_itch
__gmpn_mul->mpn_toom8h_mul_itch
__gmpn_mul->__gmpn_mul_n
__gmpn_mul->__gmpn_sqr
__gmpn_mul->__gmpn_nussbaumer_mul
__gmpn_mul->__gmpn_toom22_mul
__gmpn_mul->__gmpn_toom32_mul
__gmpn_mul->__gmpn_toom42_mul
__gmpn_mul->__gmpn_toom33_mul
__gmpn_mul->__gmpn_toom43_mul
__gmpn_mul->__gmpn_toom53_mul
__gmpn_mul->__gmpn_toom63_mul
__gmpn_mul->__gmpn_toom44_mul
__gmpn_mul->__gmpn_toom6h_mul
__gmpn_mul->__gmpn_toom8h_mul
__gmpz_init->__gmp_default_allocate
__gmpf_sub->__gmp_tmp_reentrant_alloc
__gmpf_sub->__gmp_tmp_reentrant_free
__gmpf_sub->__gmpf_set
__gmpf_sub->__gmpn_copyi
__gmpf_sub->__gmpf_add
__gmpf_sub->__gmpn_sub_n
__gmpf_sub->__gmpn_sub_nc
__gmpf_sub->__gmpf_neg
__gmpf_sub->__gmpn_sub
__gmpf_sub->__gmpn_sub_1
__gmpf_sub->__gmpn_neg
__gmpn_hgcd_appr->__gmpn_rshift
__gmpn_hgcd_appr->__gmpn_zero_p
__gmpn_hgcd_appr->__gmpn_hgcd_matrix_init
__gmpn_hgcd_appr->__gmpn_hgcd_matrix_mul_1
__gmpn_hgcd_appr->__gmpn_hgcd_matrix_mul
__gmpn_hgcd_appr->__gmpn_hgcd2
__gmpn_hgcd_appr->__gmpn_hgcd_step
__gmpn_hgcd_appr->__gmpn_hgcd_reduce
__gmpn_hgcd_appr->__gmpn_hgcd_appr
__gmpq_cmp_si->__gmpq_cmp_ui
__gmpz_congruent_2exp_p->__gmpn_cmp
__gmpn_mu_bdiv_q->__gmpn_copyi
__gmpn_mu_bdiv_q->__gmpn_sub_n
__gmpn_mu_bdiv_q->__gmpn_sub_nc
__gmpn_mu_bdiv_q->__gmpn_mul
__gmpn_mu_bdiv_q->__gmpn_cmp
__gmpn_mu_bdiv_q->__gmpn_mullo_n
__gmpn_mu_bdiv_q->__gmpn_binvert
__gmpn_mu_bdiv_q->__gmpn_mulmod_bnm1
__gmpn_mu_bdiv_q->__gmpn_mulmod_bnm1_next_size
__gmpz_probab_prime_p->__gmp_assert_fail
__gmpz_probab_prime_p->__gmpz_cmp_ui
__gmpz_probab_prime_p->__gmpz_cmpabs_ui
__gmpz_probab_prime_p->__gmpn_modexact_1_odd
__gmpz_probab_prime_p->__gmpz_get_ui
__gmpz_probab_prime_p->__gmpz_millerrabin
__gmpz_probab_prime_p->isprime
__gmpz_probab_prime_p->__gmpz_sizeinbase
__gmpz_probab_prime_p->__gmpn_mod_1
__gmpz_probab_prime_p->__gmpn_preinv_mod_1
__gmpz_submul_ui->__gmpz_aorsmul_1
__gmpn_toom_interpolate_12pts->__gmpn_bdiv_dbm1c
__gmpn_toom_interpolate_12pts->__gmpn_sub_n
__gmpn_toom_interpolate_12pts->__gmpn_rshift
__gmpn_toom_interpolate_12pts->__gmpn_addmul_1
__gmpn_toom_interpolate_12pts->__gmpn_submul_1
__gmpn_toom_interpolate_12pts->__gmpn_pi1_bdiv_q_1
__gmpn_toom_interpolate_12pts->__gmpn_add_n
__gmpn_toom_interpolate_12pts->__gmpn_add_1
__gmpn_toom_interpolate_12pts->__gmpn_add_nc
__gmpn_toom_interpolate_12pts->DO_mpn_sublsh_n.305
__gmpz_init2->fprintf
__gmpz_init2->abort
__gmpz_init2->__gmp_default_allocate
__gmpn_trialdiv->__gmpn_mod_1s_4p
__gmpn_hgcd2_jacobi->mpn_jacobi_update.242
__gmpn_hgcd2_jacobi->div2.243
__gmpn_hgcd2_jacobi->div1.244
__gmpq_cmp_ui->__gmp_divide_by_zero
__gmpq_cmp_ui->__gmp_tmp_reentrant_alloc
__gmpq_cmp_ui->__gmp_tmp_reentrant_free
__gmpq_cmp_ui->__gmpn_mul_1
__gmpq_cmp_ui->__gmpn_cmp
__gmpz_congruent_ui_p->__gmpz_cmp_ui
__gmpz_congruent_ui_p->__gmpz_congruent_p
__gmpz_congruent_ui_p->__gmpn_modexact_1c_odd
__gmpz_congruent_ui_p->__gmpz_set_ui
__gmpz_congruent_ui_p->__gmpn_mod_1
__gmpn_mu_bdiv_q_itch->__gmpn_binvert_itch
__gmpn_mu_bdiv_q_itch->__gmpn_mulmod_bnm1_next_size
__gmpn_mu_bdiv_q_itch->mpn_mulmod_bnm1_itch.370
__gmpz_and->__gmp_tmp_reentrant_alloc
__gmpz_and->__gmp_tmp_reentrant_free
__gmpz_and->__gmpn_copyi
__gmpz_and->__gmpn_and_n
__gmpz_and->__gmpn_ior_n
__gmpz_and->__gmpn_andn_n
__gmpz_and->__gmpz_realloc
__gmpz_and->__gmpn_add_1
__gmpz_and->__gmpn_sub_1
DO_mpn_sublsh_n.305->__gmpn_lshift
DO_mpn_sublsh_n.305->__gmpn_sub_n
__gmpz_inits->__gmp_default_allocate
__gmpz_inits->llvm.va_start
__gmpz_inits->llvm.va_end
__gmpn_remove->__gmp_tmp_reentrant_alloc
__gmpn_remove->__gmp_tmp_reentrant_free
__gmpn_remove->__gmpn_copyi
__gmpn_remove->__gmpn_sqr
__gmpn_remove->__gmpn_zero_p
__gmpn_remove->mpn_bdiv_qr_wrap
__gmpq_div->__gmp_divide_by_zero
__gmpq_div->__gmp_tmp_reentrant_alloc
__gmpq_div->__gmp_tmp_reentrant_free
__gmpq_div->__gmpz_divexact_gcd
__gmpq_div->__gmpz_gcd
__gmpq_div->__gmpz_mul
__gmpq_div->__gmpq_mul
__gmpz_divexact->__gmp_tmp_reentrant_alloc
__gmpz_divexact->__gmp_tmp_reentrant_free
__gmpz_divexact->__gmpn_copyi
__gmpz_divexact->__gmpz_realloc
__gmpz_divexact->__gmpn_divexact
__gmp_primesieve->n_to_bit
__gmp_primesieve->id_to_n
__gmp_primesieve->first_block_primesieve
__gmp_primesieve->block_resieve
__gmp_primesieve->__gmpn_popcount
__gmpz_random->__gmpz_urandomb
__gmpz_random->__gmp_randinit_mt_noseed
__gmpn_toom_interpolate_16pts->__gmpn_sub_n
__gmpn_toom_interpolate_16pts->__gmpn_rshift
__gmpn_toom_interpolate_16pts->__gmpn_addmul_1
__gmpn_toom_interpolate_16pts->__gmpn_submul_1
__gmpn_toom_interpolate_16pts->__gmpn_pi1_bdiv_q_1
__gmpn_toom_interpolate_16pts->__gmpn_add_n
__gmpn_toom_interpolate_16pts->__gmpn_add_1
__gmpn_toom_interpolate_16pts->__gmpn_add_nc
__gmpn_toom_interpolate_16pts->DO_mpn_sublsh_n.308
__gmpz_inp_raw->fread
__gmpz_inp_raw->__gmpz_realloc
__gmpf_sub_ui->__gmpf_set
__gmpf_sub_ui->__gmpf_sub
mpn_bdiv_qr_wrap->__gmp_tmp_reentrant_alloc
mpn_bdiv_qr_wrap->__gmp_tmp_reentrant_free
mpn_bdiv_qr_wrap->__gmpn_bdiv_qr
mpn_bdiv_qr_wrap->__gmpn_bdiv_qr_itch
__gmpq_get_d->__gmp_tmp_reentrant_alloc
__gmpq_get_d->__gmp_tmp_reentrant_free
__gmpq_get_d->__gmpn_copyi
__gmpq_get_d->__gmpn_tdiv_qr
__gmpq_get_d->__gmpn_get_d
__gmpz_divexact_gcd->__gmpz_divexact
__gmpz_divexact_gcd->mpz_divexact_by3
__gmpz_divexact_gcd->mpz_divexact_by5
__gmpz_divexact_gcd->mpz_divexact_limb
__gmpz_divexact_gcd->__gmpz_set
__gmpz_divexact_gcd->__gmpz_tdiv_q_2exp
__gmpn_mu_bdiv_qr->__gmpn_copyi
__gmpn_mu_bdiv_qr->__gmpn_sub_n
__gmpn_mu_bdiv_qr->__gmpn_sub_nc
__gmpn_mu_bdiv_qr->__gmpn_mul
__gmpn_mu_bdiv_qr->__gmpn_mullo_n
__gmpn_mu_bdiv_qr->__gmpn_binvert
__gmpn_mu_bdiv_qr->__gmpn_mulmod_bnm1
__gmpn_mu_bdiv_qr->__gmpn_mulmod_bnm1_next_size
__gmpz_random2->__gmpz_realloc
__gmpz_random2->__gmpn_random2
__gmp_vfscanf->__gmp_doscan
DO_mpn_sublsh_n.308->__gmpn_lshift
DO_mpn_sublsh_n.308->__gmpn_sub_n
__gmpf_ui_sub->__gmpf_sub
__gmpf_ui_sub->__gmpf_neg
__gmpq_get_den->__gmpn_copyi
__gmpq_get_den->__gmpz_realloc
mpz_divexact_by3->__gmpn_bdiv_dbm1c
mpz_divexact_by3->__gmpz_realloc
__gmpn_mu_bdiv_qr_itch->__gmpn_binvert_itch
__gmpn_mu_bdiv_qr_itch->__gmpn_mulmod_bnm1_next_size
__gmpn_mu_bdiv_qr_itch->mpn_mulmod_bnm1_itch.375
__gmpn_perfect_square_p->__gmp_tmp_reentrant_alloc
__gmpn_perfect_square_p->__gmp_tmp_reentrant_free
__gmpn_perfect_square_p->__gmpn_sqrtrem
__gmpn_perfect_square_p->__gmpn_mod_34lsub1
__gmpz_realloc->fprintf
__gmpz_realloc->abort
__gmpz_realloc->__gmp_default_reallocate
__gmp_vscanf->__gmp_doscan
__gmpn_ni_invertappr->__gmp_tmp_reentrant_alloc
__gmpn_ni_invertappr->__gmp_tmp_reentrant_free
__gmpn_ni_invertappr->__gmpn_sub_n
__gmpn_ni_invertappr->__gmpn_sub_nc
__gmpn_ni_invertappr->__gmpn_com
__gmpn_ni_invertappr->__gmpn_add_n
__gmpn_ni_invertappr->__gmpn_mul
__gmpn_ni_invertappr->__gmpn_mul_n
__gmpn_ni_invertappr->__gmpn_cmp
__gmpn_ni_invertappr->__gmpn_add_nc
__gmpn_ni_invertappr->__gmpn_rsblsh1_n
__gmpn_ni_invertappr->__gmpn_sublsh1_n
__gmpn_ni_invertappr->mpn_bc_invertappr
__gmpn_ni_invertappr->mpn_mulmod_bnm1_itch.309
__gmpn_ni_invertappr->__gmpn_mulmod_bnm1
__gmpn_ni_invertappr->__gmpn_mulmod_bnm1_next_size
__gmpz_inp_str->__ctype_b_loc
__gmpz_inp_str->_IO_getc
__gmpz_inp_str->__gmpz_inp_str_nowhite
__gmpf_mul->__gmp_tmp_reentrant_alloc
__gmpf_mul->__gmp_tmp_reentrant_free
__gmpf_mul->__gmpn_copyi
__gmpf_mul->__gmpn_mul
__gmpn_add_n_sub_n->__gmpn_copyi
__gmpn_add_n_sub_n->__gmpn_sub_nc
__gmpn_add_n_sub_n->__gmpn_add_nc
__gmpn_hgcd_jacobi->__gmpn_hgcd_matrix_init
__gmpn_hgcd_jacobi->__gmpn_hgcd_matrix_mul
__gmpn_hgcd_jacobi->__gmpn_hgcd_matrix_adjust
__gmpn_hgcd_jacobi->__gmpn_hgcd_jacobi
__gmpn_hgcd_jacobi->hgcd_jacobi_step
__gmpq_get_num->__gmpn_copyi
__gmpq_get_num->__gmpz_realloc
mpz_divexact_by5->__gmpn_bdiv_dbm1c
mpz_divexact_by5->__gmpz_realloc
first_block_primesieve->n_to_bit
first_block_primesieve->id_to_n
__gmpz_realloc2->fprintf
__gmpz_realloc2->abort
__gmpz_realloc2->__gmp_default_reallocate
__gmpz_array_init->__gmp_default_allocate
__gmp_vsscanf->__gmp_doscan
mpn_bc_invertappr->__gmpn_com
mpn_bc_invertappr->__gmpn_invert_limb
mpn_bc_invertappr->__gmpn_divrem_2
mpn_bc_invertappr->__gmpn_sbpi1_divappr_q
mpn_bc_invertappr->__gmpn_dcpi1_divappr_q
__gmpn_mul_fft->__gmp_assert_fail
__gmpn_mul_fft->__gmp_tmp_reentrant_alloc
__gmpn_mul_fft->__gmp_tmp_reentrant_free
__gmpn_mul_fft->__gmpn_fft_best_k
__gmpn_mul_fft->__gmpn_fft_next_size
__gmpn_mul_fft->mpn_fft_initl
__gmpn_mul_fft->mpn_mul_fft_lcm
__gmpn_mul_fft->mpn_mul_fft_decompose
__gmpn_mul_fft->mpn_mul_fft_internal
__gmpz_inp_str_nowhite->__gmp_default_allocate
__gmpz_inp_str_nowhite->__gmp_default_reallocate
__gmpz_inp_str_nowhite->__gmp_default_free
__gmpz_inp_str_nowhite->_IO_getc
__gmpz_inp_str_nowhite->ungetc
__gmpz_inp_str_nowhite->__gmpz_realloc
__gmpz_inp_str_nowhite->__gmpn_set_str
__gmpf_mul_ui->__gmpn_mul_1
__gmp_asprintf->llvm.va_start
__gmp_asprintf->llvm.va_end
__gmp_asprintf->__gmp_vasprintf
hgcd_jacobi_step->__gmpn_copyi
hgcd_jacobi_step->__gmpn_gcd_subdiv_step
hgcd_jacobi_step->__gmpn_matrix22_mul1_inverse_vector
hgcd_jacobi_step->__gmpn_hgcd_matrix_mul_1
hgcd_jacobi_step->__gmpn_hgcd2_jacobi
__gmpq_get_str->__gmp_default_allocate
__gmpq_get_str->__gmp_default_reallocate
__gmpq_get_str->strlen
__gmpq_get_str->__gmpz_get_str
mpz_divexact_limb->__gmpn_divexact_1
mpz_divexact_limb->__gmpz_realloc
block_resieve->id_to_n
__gmpn_bdiv_q->__gmpn_copyi
__gmpn_bdiv_q->__gmpn_sbpi1_bdiv_q
__gmpn_bdiv_q->__gmpn_dcpi1_bdiv_q
__gmpn_bdiv_q->__gmpn_mu_bdiv_q
__gmpn_perfect_power_p->__gmp_tmp_reentrant_alloc
__gmpn_perfect_power_p->__gmp_tmp_reentrant_free
__gmpn_perfect_power_p->__gmpn_rshift
__gmpn_perfect_power_p->__gmpn_gcd_1
__gmpn_perfect_power_p->__gmpn_scan1
__gmpn_perfect_power_p->perfpow
__gmpn_perfect_power_p->__gmpn_trialdiv
__gmpn_perfect_power_p->__gmpn_remove
__gmpz_remove->__gmp_divide_by_zero
__gmpz_remove->__gmpz_fdiv_q_2exp
__gmpz_remove->__gmpz_clear
__gmpz_remove->__gmpz_init
__gmpz_remove->__gmpz_init_set
__gmpz_remove->__gmpz_mul
__gmpz_remove->__gmpz_neg
__gmpz_remove->__gmpz_realloc
__gmpz_remove->__gmpz_scan1
__gmpz_remove->__gmpz_set
__gmpz_remove->__gmpz_swap
__gmpz_remove->__gmpz_tdiv_qr
__gmpz_remove->__gmpn_remove
__gmpz_bin_ui->__gmpz_add_ui
__gmpz_bin_ui->__gmpn_divexact_1
__gmpz_bin_ui->__gmpz_clear
__gmpz_bin_ui->__gmpz_cmp_ui
__gmpz_bin_ui->__gmpz_get_ui
__gmpz_bin_ui->__gmpz_init
__gmpz_bin_ui->__gmpz_init_set_ui
__gmpz_bin_ui->__gmpz_mul
__gmpz_bin_ui->__gmpz_neg
__gmpz_bin_ui->__gmpz_set_ui
__gmpz_bin_ui->__gmpz_sub_ui
__gmp_randinit->llvm.va_start
__gmp_randinit->llvm.va_end
__gmp_randinit->__gmp_randinit_lc_2exp_size
__gmpz_invert->__gmp_tmp_reentrant_alloc
__gmpz_invert->__gmp_tmp_reentrant_free
__gmpz_invert->__gmpz_add
__gmpz_invert->__gmpz_gcdext
__gmpz_invert->__gmpz_set
__gmpz_invert->__gmpz_sub
__gmpf_div->__gmp_divide_by_zero
__gmpf_div->__gmp_tmp_reentrant_alloc
__gmpf_div->__gmp_tmp_reentrant_free
__gmpf_div->__gmpn_copyi
__gmpf_div->__gmpn_div_q
__gmp_asprintf_memory->__gmp_default_reallocate
__gmp_asprintf_memory->llvm.memcpy.p0i8.p0i8.i64
hgcd_jacobi_hook->__gmpn_hgcd_matrix_update_q
hgcd_jacobi_hook->mpn_jacobi_update.247
__gmpq_init->__gmp_default_allocate
__gmpz_divexact_ui->__gmp_divide_by_zero
__gmpz_divexact_ui->__gmpn_divexact_1
__gmpz_divexact_ui->__gmpz_divexact
__gmpz_divexact_ui->__gmpz_realloc
__gmpz_divexact_ui->__gmpz_set_ui
__gmpn_bdiv_q_itch->__gmpn_mu_bdiv_q_itch
perfpow->__gmp_nextprime
perfpow->__gmp_init_primesieve
perfpow->__gmp_tmp_reentrant_alloc
perfpow->__gmp_tmp_reentrant_free
perfpow->is_kth_power
perfpow->__gmpn_binvert
__gmp_randclear->__gmp_randclear_mt
__gmpn_invertappr->__gmpn_ni_invertappr
__gmpn_invertappr->mpn_bc_invertappr
__gmpz_ior->__gmp_tmp_reentrant_alloc
__gmpz_ior->__gmp_tmp_reentrant_free
__gmpz_ior->__gmpn_copyi
__gmpz_ior->__gmpn_and_n
__gmpz_ior->__gmpn_ior_n
__gmpz_ior->__gmpn_andn_n
__gmpz_ior->__gmpz_realloc
__gmpz_ior->__gmpn_add_1
__gmpz_ior->__gmpn_sub_1
__gmpf_div_ui->__gmpn_divrem_1
__gmpf_div_ui->__gmp_divide_by_zero
__gmpf_div_ui->__gmp_tmp_reentrant_alloc
__gmpf_div_ui->__gmp_tmp_reentrant_free
__gmpf_div_ui->__gmpn_copyi
__gmp_asprintf_reps->__gmp_default_reallocate
__gmp_asprintf_reps->llvm.memset.p0i8.i64
__gmpq_inits->llvm.va_start
__gmpq_inits->llvm.va_end
__gmpq_inits->__gmpq_init
__gmpz_divisible_p->__gmpn_divisible_p
__gmp_tmp_reentrant_alloc->__gmp_default_allocate
__gmpn_bdiv_qr->__gmpn_copyi
__gmpn_bdiv_qr->__gmpn_sbpi1_bdiv_qr
__gmpn_bdiv_qr->__gmpn_dcpi1_bdiv_qr
__gmpn_bdiv_qr->__gmpn_mu_bdiv_qr
is_kth_power->__gmpn_neg
is_kth_power->pow_equals
is_kth_power->__gmpn_brootinv
is_kth_power->__gmpn_bsqrtinv
__gmpz_root->__gmp_sqrt_of_negative
__gmpz_root->__gmp_divide_by_zero
__gmpz_root->__gmp_tmp_reentrant_alloc
__gmpz_root->__gmp_tmp_reentrant_free
__gmpz_root->__gmpn_copyi
__gmpz_root->__gmpz_realloc
__gmpz_root->__gmpn_rootrem
__gmpz_bin_uiui->bc_bin_uiui
__gmpz_bin_uiui->mpz_smallk_bin_uiui
__gmpz_bin_uiui->mpz_smallkdc_bin_uiui
__gmpz_bin_uiui->mpz_goetgheluck_bin_uiui
__gmpz_bin_uiui->mpz_bdiv_bin_uiui
__gmp_randinit_default->__gmp_randinit_mt
__gmpn_invert->__gmpn_com
__gmpn_invert->__gmpn_add_n
__gmpn_invert->__gmpn_invert_limb
__gmpn_invert->__gmpn_divrem_2
__gmpn_invert->__gmpn_mul_n
__gmpn_invert->__gmpn_add_nc
__gmpn_invert->__gmpn_ni_invertappr
__gmpn_invert->__gmpn_sbpi1_div_q
mpn_mul_fft_decompose->__gmp_assert_fail
mpn_mul_fft_decompose->__gmp_tmp_reentrant_alloc
mpn_mul_fft_decompose->__gmp_tmp_reentrant_free
mpn_mul_fft_decompose->__gmpn_copyi
mpn_mul_fft_decompose->__gmpn_sub_n
mpn_mul_fft_decompose->__gmpn_add_n
mpn_mul_fft_decompose->__gmpn_add
mpn_mul_fft_decompose->__gmpn_add_1
mpn_mul_fft_decompose->__gmpn_sub
mpn_mul_fft_decompose->__gmpn_sub_1
mpn_mul_fft_decompose->mpn_fft_mul_2exp_modF
__gmpz_init_set->__gmp_default_allocate
__gmpz_init_set->__gmpn_copyi
__gmpf_cmp_z->__gmpf_cmp
__gmp_asprintf_final->__gmp_default_reallocate
__gmpn_mullo_n->__gmp_tmp_reentrant_alloc
__gmpn_mullo_n->__gmp_tmp_reentrant_free
__gmpn_mullo_n->__gmpn_copyi
__gmpn_mullo_n->__gmpn_nussbaumer_mul
__gmpn_mullo_n->__gmpn_mullo_basecase
__gmpn_mullo_n->mpn_mullo_n_itch
__gmpn_mullo_n->mpn_dc_mullo_n
__gmpq_inp_str->_IO_getc
__gmpq_inp_str->ungetc
__gmpq_inp_str->__gmpz_inp_str
__gmpq_inp_str->__gmpz_inp_str_nowhite
__gmpz_divisible_ui_p->__gmpz_divisible_p
__gmpz_divisible_ui_p->__gmpn_modexact_1_odd
__gmpz_divisible_ui_p->__gmpz_set_ui
__gmpz_divisible_ui_p->__gmpn_mod_1
__gmp_tmp_reentrant_free->__gmp_default_free
__gmpn_bdiv_qr_itch->__gmpn_mu_bdiv_qr_itch
pow_equals->__gmp_assert_fail
pow_equals->__gmp_tmp_reentrant_alloc
pow_equals->__gmp_tmp_reentrant_free
pow_equals->__gmpn_pow_1
pow_equals->__gmpn_cmp
pow_equals->__gmpn_powlo
__gmpz_rootrem->__gmp_sqrt_of_negative
__gmpz_rootrem->__gmp_divide_by_zero
__gmpz_rootrem->__gmp_tmp_reentrant_alloc
__gmpz_rootrem->__gmp_tmp_reentrant_free
__gmpz_rootrem->__gmpn_copyi
__gmpz_rootrem->__gmpz_realloc
__gmpz_rootrem->__gmpn_rootrem
__gmpn_binvert_itch->mpn_mulmod_bnm1_itch.312
__gmpn_binvert_itch->__gmpn_mulmod_bnm1_next_size
mpn_mul_fft_internal->__gmpn_add_n
mpn_mul_fft_internal->__gmpn_add_1
mpn_mul_fft_internal->__gmpn_sub_1
mpn_mul_fft_internal->mpn_fft_fft
mpn_mul_fft_internal->mpn_fft_mul_modF_K
mpn_mul_fft_internal->mpn_fft_fftinv
mpn_mul_fft_internal->mpn_fft_div_2exp_modF
mpn_mul_fft_internal->mpn_fft_norm_modF
mpn_mul_fft_internal->__gmpn_cmp
__gmpz_init_set_d->__gmp_default_allocate
__gmpz_init_set_d->__gmpz_set_d
__gmpf_cmp->__gmpn_cmp
__gmp_doprnt->__gmp_default_allocate
__gmp_doprnt->__gmp_default_free
__gmp_doprnt->__gmpf_set_si
__gmp_doprnt->nl_langinfo
__gmp_doprnt->strlen
__gmp_doprnt->__ctype_b_loc
__gmp_doprnt->__gmpz_get_str
__gmp_doprnt->__gmpz_set_si
__gmp_doprnt->__gmpq_get_str
__gmp_doprnt->__gmpq_set_si
__gmp_doprnt->strchr
__gmp_doprnt->llvm.memcpy.p0i8.p0i8.i64
__gmp_doprnt->__gmp_asprintf_final
__gmp_doprnt->llvm.va_copy
__gmp_doprnt->__gmp_doprnt_mpf2
__gmp_doprnt->__gmp_doprnt_integer
__gmp_doprnt->obstack_vprintf
__gmp_doprnt->vfprintf
__gmp_doprnt->gmp_snprintf_format
__gmp_doprnt->gmp_snprintf_final
__gmp_doprnt->gmp_sprintf_format
__gmp_doprnt->gmp_sprintf_final
__gmp_doprnt->gmp_asprintf_format
__gmpq_inv->__gmp_divide_by_zero
__gmpq_inv->__gmpn_copyi
__gmpq_inv->__gmpz_realloc
__gmpf_init->__gmp_default_allocate
__gmpn_broot_invm1->__gmp_tmp_reentrant_alloc
__gmpn_broot_invm1->__gmp_tmp_reentrant_free
__gmpn_broot_invm1->__gmpn_pi1_bdiv_q_1
__gmpn_broot_invm1->__gmpn_neg
__gmpn_broot_invm1->__gmpn_sqr
__gmpn_broot_invm1->__gmpn_mullo_n
__gmpn_broot_invm1->powlimb
__gmpn_broot_invm1->__gmpn_powlo
__gmpn_gcd->__gmp_tmp_reentrant_alloc
__gmpn_gcd->__gmp_tmp_reentrant_free
__gmpn_gcd->__gmpn_copyi
__gmpn_gcd->__gmpn_gcd_1
__gmpn_gcd->__gmpn_zero_p
__gmpn_gcd->gcd_2
__gmpn_gcd->__gmpn_gcd_subdiv_step
__gmpn_gcd->__gmpn_tdiv_qr
__gmpn_gcd->__gmpn_matrix22_mul1_inverse_vector
__gmpn_gcd->__gmpn_hgcd_matrix_init
__gmpn_gcd->__gmpn_hgcd_matrix_adjust
__gmpn_gcd->__gmpn_hgcd2
__gmpn_gcd->__gmpn_hgcd_itch
__gmpn_gcd->__gmpn_hgcd
__gmpz_rrandomb->__gmpz_realloc
__gmpz_rrandomb->gmp_rrandomb
mpz_smallk_bin_uiui->__gmpn_mul_1
mpz_smallk_bin_uiui->log_n_max
mpz_smallk_bin_uiui->mul1
mpz_smallk_bin_uiui->mul2
mpz_smallk_bin_uiui->mul3
mpz_smallk_bin_uiui->mul4
mpz_smallk_bin_uiui->mul5
mpz_smallk_bin_uiui->mul6
mpz_smallk_bin_uiui->mul7
mpz_smallk_bin_uiui->mul8
mpz_smallk_bin_uiui->__gmpn_pi1_bdiv_q_1
mpz_smallk_bin_uiui->__gmpz_realloc
__gmp_randinit_lc_2exp_size->__gmpz_clear
__gmp_randinit_lc_2exp_size->__gmpz_init_set_str
__gmp_randinit_lc_2exp_size->__gmp_randinit_lc_2exp
mpn_fft_fft->__gmpn_copyi
mpn_fft_fft->__gmpn_sub_n
mpn_fft_fft->__gmpn_add_n
mpn_fft_fft->__gmpn_add_1
mpn_fft_fft->__gmpn_sub_1
mpn_fft_fft->mpn_fft_fft
mpn_fft_fft->mpn_fft_mul_2exp_modF
mpn_fft_fft->mpn_fft_sub_modF
mpn_fft_fft->mpn_fft_add_modF
__gmpz_init_set_si->__gmp_default_allocate
__gmpf_cmp_d->__gmp_extract_double
__gmpf_cmp_d->__gmp_invalid_operation
__gmpf_cmp_d->__gmpf_cmp
__gmpq_mul_2exp->mord_2exp
__gmpf_init2->__gmp_default_allocate
gcd_hook->__gmpn_copyi
mpz_smallkdc_bin_uiui->__gmpn_mul_1
mpz_smallkdc_bin_uiui->bc_bin_uiui
mpz_smallkdc_bin_uiui->mpz_smallk_bin_uiui
mpz_smallkdc_bin_uiui->mpz_smallkdc_bin_uiui
mpz_smallkdc_bin_uiui->__gmpn_pi1_bdiv_q_1
mpz_smallkdc_bin_uiui->__gmpz_mul
mpz_smallkdc_bin_uiui->__gmpz_realloc
__gmp_randinit_lc_2exp->__gmp_assert_fail
__gmp_randinit_lc_2exp->__gmp_default_allocate
__gmp_randinit_lc_2exp->__gmpz_fdiv_r_2exp
__gmp_randinit_lc_2exp->__gmpz_init
__gmp_randinit_lc_2exp->__gmpz_init2
__gmpn_binvert->__gmpn_sub_1
__gmpn_binvert->__gmpn_neg
__gmpn_binvert->__gmpn_mullo_n
__gmpn_binvert->__gmpn_mulmod_bnm1
__gmpn_binvert->__gmpn_mulmod_bnm1_next_size
__gmpn_binvert->__gmpn_sbpi1_bdiv_q
__gmpn_binvert->__gmpn_dcpi1_bdiv_q
mpn_fft_mul_modF_K->__gmp_assert_fail
mpn_fft_mul_modF_K->__gmp_tmp_reentrant_alloc
mpn_fft_mul_modF_K->__gmp_tmp_reentrant_free
mpn_fft_mul_modF_K->__gmpn_sub_n
mpn_fft_mul_modF_K->__gmpn_add_n
mpn_fft_mul_modF_K->__gmpn_add_1
mpn_fft_mul_modF_K->__gmpn_fft_best_k
mpn_fft_mul_modF_K->mpn_fft_initl
mpn_fft_mul_modF_K->mpn_mul_fft_decompose
mpn_fft_mul_modF_K->mpn_mul_fft_internal
mpn_fft_mul_modF_K->mpn_fft_normalize
mpn_fft_mul_modF_K->__gmpn_mul_n
mpn_fft_mul_modF_K->__gmpn_sqr
__gmpz_init_set_str->__gmp_default_allocate
__gmpz_init_set_str->__gmpz_set_str
__gmp_doprnt_mpf2->__gmp_default_free
__gmp_doprnt_mpf2->strlen
__gmp_doprnt_mpf2->__ctype_b_loc
__gmp_doprnt_mpf2->__gmpf_get_str
__gmp_doprnt_mpf2->__gmp_asprintf_memory
__gmp_doprnt_mpf2->__gmp_asprintf_reps
__gmp_doprnt_mpf2->snprintf
__gmp_doprnt_mpf2->gmp_obstack_memory
__gmp_doprnt_mpf2->gmp_obstack_reps
__gmp_doprnt_mpf2->gmp_fprintf_memory
__gmp_doprnt_mpf2->gmp_fprintf_reps
__gmp_doprnt_mpf2->gmp_snprintf_memory
__gmp_doprnt_mpf2->gmp_snprintf_reps
__gmp_doprnt_mpf2->gmp_sprintf_memory
__gmp_doprnt_mpf2->gmp_sprintf_reps
mpn_dc_mullo_n->__gmpn_copyi
mpn_dc_mullo_n->__gmpn_add_n
mpn_dc_mullo_n->__gmpn_mul_n
mpn_dc_mullo_n->__gmpn_mullo_basecase
mpn_dc_mullo_n->mpn_dc_mullo_n
mord_2exp->__gmpn_copyi
mord_2exp->__gmpn_rshift
mord_2exp->__gmpz_mul_2exp
mord_2exp->__gmpz_realloc
mord_2exp->__gmpz_set
__gmpz_dump->__gmp_default_free
__gmpz_dump->strlen
__gmpz_dump->printf
__gmpz_dump->__gmpz_get_str
__gmpf_inits->__gmpf_init
__gmpf_inits->llvm.va_start
__gmpf_inits->llvm.va_end
__gmpn_broot->__gmp_tmp_reentrant_alloc
__gmpn_broot->__gmp_tmp_reentrant_free
__gmpn_broot->__gmpn_copyi
__gmpn_broot->__gmpn_mullo_n
__gmpn_broot->__gmpn_broot_invm1
gcd_2->__gmpn_gcd_1
mpz_goetgheluck_bin_uiui->__gmp_primesieve
mpz_goetgheluck_bin_uiui->__gmp_tmp_reentrant_alloc
mpz_goetgheluck_bin_uiui->__gmp_tmp_reentrant_free
mpz_goetgheluck_bin_uiui->log_n_max
mpz_goetgheluck_bin_uiui->primesieve_size
mpz_goetgheluck_bin_uiui->limb_apprsqrt
mpz_goetgheluck_bin_uiui->n_to_bit.34
mpz_goetgheluck_bin_uiui->id_to_n.35
mpz_goetgheluck_bin_uiui->__gmpz_prodlimbs
randseed_lc->__gmpz_fdiv_r_2exp
__gmpn_bc_mulmod_bnm1->__gmpn_add_n
__gmpn_bc_mulmod_bnm1->__gmpn_mul_n
mpn_fft_fftinv->__gmpn_copyi
mpn_fft_fftinv->__gmpn_sub_n
mpn_fft_fftinv->__gmpn_add_n
mpn_fft_fftinv->__gmpn_add_1
mpn_fft_fftinv->__gmpn_sub_1
mpn_fft_fftinv->mpn_fft_fftinv
mpn_fft_fftinv->mpn_fft_mul_2exp_modF
mpn_fft_fftinv->mpn_fft_sub_modF
mpn_fft_fftinv->mpn_fft_add_modF
__gmpz_init_set_ui->__gmp_default_allocate
__gmpn_sqrlo->__gmp_tmp_reentrant_alloc
__gmpn_sqrlo->__gmp_tmp_reentrant_free
__gmpn_sqrlo->__gmpn_copyi
__gmpn_sqrlo->__gmpn_nussbaumer_mul
__gmpn_sqrlo->__gmpn_mullo_basecase
__gmpn_sqrlo->mpn_sqrlo_itch
__gmpn_sqrlo->mpn_dc_sqrlo
__gmpn_sqrlo->__gmpn_sqrlo_basecase
__gmpq_div_2exp->mord_2exp
__gmpz_export->__gmp_default_allocate
__gmpz_export->__gmpn_copyi
__gmpn_brootinv->__gmpn_mul_1
__gmpn_brootinv->__gmpn_sub_n
__gmpn_brootinv->__gmpn_pi1_bdiv_q_1
__gmpn_brootinv->__gmpn_mullo_n
__gmpn_brootinv->powlimb.378
__gmpn_brootinv->__gmpn_powlo
__gmpz_scan1->__gmpn_zero_p
mpz_bdiv_bin_uiui->__gmp_tmp_reentrant_alloc
mpz_bdiv_bin_uiui->__gmp_tmp_reentrant_free
mpz_bdiv_bin_uiui->__gmpn_copyi
mpz_bdiv_bin_uiui->__gmpn_lshift
mpz_bdiv_bin_uiui->__gmpn_mul_1
mpz_bdiv_bin_uiui->log_n_max
mpz_bdiv_bin_uiui->mul1
mpz_bdiv_bin_uiui->mul2
mpz_bdiv_bin_uiui->mul3
mpz_bdiv_bin_uiui->mul4
mpz_bdiv_bin_uiui->mul5
mpz_bdiv_bin_uiui->mul6
mpz_bdiv_bin_uiui->mul7
mpz_bdiv_bin_uiui->mul8
mpz_bdiv_bin_uiui->__gmpz_realloc
mpz_bdiv_bin_uiui->__gmpn_sbpi1_bdiv_q
randget_lc->__gmp_tmp_reentrant_alloc
randget_lc->__gmp_tmp_reentrant_free
randget_lc->__gmpn_copyi
randget_lc->__gmpn_lshift
randget_lc->lc
__gmpn_mulmod_bnm1->__gmpn_sub_n
__gmpn_mulmod_bnm1->__gmpn_sub_nc
__gmpn_mulmod_bnm1->__gmpn_add
__gmpn_mulmod_bnm1->__gmpn_sub
__gmpn_mulmod_bnm1->__gmpn_sub_1
__gmpn_mulmod_bnm1->__gmpn_mul
__gmpn_mulmod_bnm1->__gmpn_fft_best_k
__gmpn_mulmod_bnm1->__gmpn_mul_fft
__gmpn_mulmod_bnm1->__gmpn_bc_mulmod_bnm1
__gmpn_mulmod_bnm1->__gmpn_mulmod_bnm1
__gmpn_mulmod_bnm1->mpn_bc_mulmod_bnp1
__gmpn_mulmod_bnm1->__gmpn_rsh1add_nc
mpn_fft_div_2exp_modF->mpn_fft_mul_2exp_modF
mpn_fft_div_2exp_modF->mpn_fft_normalize
__gmpz_jacobi->__gmp_tmp_reentrant_alloc
__gmpz_jacobi->__gmp_tmp_reentrant_free
__gmpz_jacobi->__gmpn_copyi
__gmpz_jacobi->__gmpn_rshift
__gmpz_jacobi->__gmpn_modexact_1_odd
__gmpz_jacobi->mpn_jacobi_init
__gmpz_jacobi->__gmpn_mod_1
__gmpz_jacobi->__gmpn_tdiv_qr
__gmpz_jacobi->__gmpn_jacobi_base
__gmpz_jacobi->__gmpn_jacobi_n
__gmpf_mul_2exp->__gmpn_copyi
__gmpf_mul_2exp->__gmpn_lshift
__gmpf_mul_2exp->__gmpn_rshift
__gmp_doprnt_integer->strlen
__gmp_doprnt_integer->strchr
__gmp_doprnt_integer->__gmp_asprintf_memory
__gmp_doprnt_integer->__gmp_asprintf_reps
__gmp_doprnt_integer->gmp_obstack_memory
__gmp_doprnt_integer->gmp_obstack_reps
__gmp_doprnt_integer->gmp_fprintf_memory
__gmp_doprnt_integer->gmp_fprintf_reps
__gmp_doprnt_integer->gmp_snprintf_memory
__gmp_doprnt_integer->gmp_snprintf_reps
__gmp_doprnt_integer->gmp_sprintf_memory
__gmp_doprnt_integer->gmp_sprintf_reps
__gmpq_mul->__gmp_tmp_reentrant_alloc
__gmpq_mul->__gmp_tmp_reentrant_free
__gmpq_mul->__gmpz_divexact_gcd
__gmpq_mul->__gmpz_gcd
__gmpq_mul->__gmpz_mul
__gmpz_mfac_uiui->__gmp_tmp_reentrant_alloc
__gmpz_mfac_uiui->__gmp_tmp_reentrant_free
__gmpz_mfac_uiui->__gmpz_clear
__gmpz_mfac_uiui->__gmpn_gcd_1
__gmpz_mfac_uiui->log_n_max.41
__gmpz_mfac_uiui->__gmpz_2fac_ui
__gmpz_mfac_uiui->__gmpz_fac_ui
__gmpz_mfac_uiui->__gmpz_prodlimbs
__gmpz_mfac_uiui->__gmpz_init
__gmpz_mfac_uiui->__gmpz_mul
__gmpz_mfac_uiui->__gmpz_realloc
__gmpz_mfac_uiui->__gmpz_ui_pow_ui
__gmpn_gcdext->__gmp_tmp_reentrant_alloc
__gmpn_gcdext->__gmp_tmp_reentrant_free
__gmpn_gcdext->__gmpn_copyi
__gmpn_gcdext->__gmpn_add
__gmpn_gcdext->__gmpn_mul
__gmpn_gcdext->__gmpn_cmp
__gmpn_gcdext->__gmpn_zero_p
__gmpn_gcdext->hgcd_mul_matrix_vector
__gmpn_gcdext->compute_v
__gmpn_gcdext->__gmpn_gcd_subdiv_step
__gmpn_gcdext->__gmpn_gcdext_lehmer_n
__gmpn_gcdext->__gmpn_tdiv_qr
__gmpn_gcdext->__gmpn_hgcd_matrix_init
__gmpn_gcdext->__gmpn_hgcd_matrix_adjust
__gmpn_gcdext->__gmpn_hgcd_itch
__gmpn_gcdext->__gmpn_hgcd
__gmpz_set->__gmpn_copyi
__gmpz_set->__gmpz_realloc
randclear_lc->__gmp_default_free
randclear_lc->__gmpz_clear
mpn_bc_mulmod_bnp1->__gmpn_sub_n
mpn_bc_mulmod_bnp1->__gmpn_mul_n
mpn_fft_norm_modF->__gmpn_copyi
mpn_fft_norm_modF->__gmpn_sub_n
mpn_fft_norm_modF->__gmpn_add_n
mpn_fft_norm_modF->__gmpn_add_1
mpn_fft_norm_modF->__gmpn_sub_1
__gmp_fprintf->llvm.va_start
__gmp_fprintf->llvm.va_end
__gmp_fprintf->__gmp_doprnt
mpn_dc_sqrlo->__gmpn_copyi
mpn_dc_sqrlo->__gmpn_addlsh1_n
mpn_dc_sqrlo->__gmpn_sqr
mpn_dc_sqrlo->__gmpn_mullo_n
mpn_dc_sqrlo->__gmpn_mullo_basecase
__gmpq_neg->__gmpn_copyi
__gmpq_neg->__gmpz_realloc
__gmpf_set->__gmpn_copyi
__gmpn_bsqrt->__gmpn_mullo_n
__gmpn_bsqrt->__gmpn_bsqrtinv
hgcd_mul_matrix_vector->__gmpn_add_n
hgcd_mul_matrix_vector->__gmpn_mul
__gmpz_set_d->__gmp_extract_double
__gmpz_set_d->__gmp_invalid_operation
__gmpz_set_d->__gmpz_realloc
randiset_lc->__gmp_default_allocate
randiset_lc->__gmpz_init_set
mpn_fft_mul_2exp_modF->__gmpn_copyi
mpn_fft_mul_2exp_modF->__gmpn_lshift
mpn_fft_mul_2exp_modF->__gmpn_com
mpn_fft_mul_2exp_modF->__gmpn_add_1
mpn_fft_mul_2exp_modF->__gmpn_sub_1
mpn_fft_mul_2exp_modF->__gmpn_lshiftc
__gmpz_si_kronecker->__gmpn_modexact_1_odd
__gmpz_si_kronecker->__gmpn_mod_1
__gmpz_si_kronecker->__gmpn_jacobi_base
__gmpf_div_2exp->__gmpn_copyi
__gmpf_div_2exp->__gmpn_lshift
__gmpf_div_2exp->__gmpn_rshift
__gmp_obstack_printf->llvm.va_start
__gmp_obstack_printf->llvm.va_end
__gmp_obstack_printf->__gmp_doprnt
__gmpn_sqrlo_basecase->__gmpn_mul_1
__gmpn_sqrlo_basecase->__gmpn_addmul_1
__gmpn_sqrlo_basecase->__gmpn_addlsh1_n
__gmpq_out_str->_IO_putc
__gmpq_out_str->ferror
__gmpq_out_str->__gmpz_cmp_ui
__gmpq_out_str->__gmpz_out_str
__gmpn_bsqrtinv->__gmpn_mul_1
__gmpn_bsqrtinv->__gmpn_mullo_n
__gmpn_bsqrtinv->__gmpn_sqrlo
__gmpn_bsqrtinv->__gmpn_rsh1sub_n
compute_v->__gmpn_add
compute_v->__gmpn_sub
compute_v->__gmpn_mul
compute_v->__gmpn_divexact
__gmpz_set_f->__gmpn_copyi
__gmpz_set_f->__gmpz_realloc
lc->__gmp_tmp_reentrant_alloc
lc->__gmp_tmp_reentrant_free
lc->__gmpn_copyi
lc->__gmpn_rshift
lc->__gmpn_add_n
lc->__gmpn_mul
__gmpn_mulmod_bnm1_next_size->__gmpn_fft_best_k
__gmpn_mulmod_bnm1_next_size->__gmpn_fft_next_size
__gmpz_ui_kronecker->__gmpn_modexact_1_odd
__gmpz_ui_kronecker->__gmpz_jacobi
__gmpz_ui_kronecker->__gmpz_set_ui
__gmpz_ui_kronecker->__gmpn_mod_1
__gmpz_ui_kronecker->__gmpn_jacobi_base
__gmpf_abs->__gmpn_copyi
__gmp_obstack_vprintf->__gmp_doprnt
__gmpn_toom22_mul->__gmpn_sub_n
__gmpn_toom22_mul->__gmpn_add_n
__gmpn_toom22_mul->__gmpn_add
__gmpn_toom22_mul->__gmpn_sub
__gmpn_toom22_mul->__gmpn_mul_basecase
__gmpn_toom22_mul->__gmpn_cmp
__gmpn_toom22_mul->__gmpn_zero_p
__gmpn_toom22_mul->__gmpn_toom22_mul
__gmpn_toom22_mul->__gmpn_toom32_mul
__gmpq_set->__gmpn_copyi
__gmpq_set->__gmpz_realloc
__gmpz_2fac_ui->__gmpz_oddfac_1
__gmpz_2fac_ui->__gmpz_prodlimbs
__gmpz_2fac_ui->__gmpz_mul_2exp
__gmpn_divexact->__gmp_tmp_reentrant_alloc
__gmpn_divexact->__gmp_tmp_reentrant_free
__gmpn_divexact->__gmpn_rshift
__gmpn_divexact->__gmpn_divexact_1
__gmpn_divexact->__gmpn_bdiv_q
__gmpn_divexact->__gmpn_bdiv_q_itch
__gmpn_gcd_subdiv_step->__gmpn_copyi
__gmpn_gcd_subdiv_step->__gmpn_add
__gmpn_gcd_subdiv_step->__gmpn_sub
__gmpn_gcd_subdiv_step->gcd_hook
__gmpn_gcd_subdiv_step->__gmpn_gcdext_hook
__gmpn_gcd_subdiv_step->__gmpn_tdiv_qr
__gmpn_gcd_subdiv_step->jacobi_hook
__gmpn_gcd_subdiv_step->hgcd_hook
__gmpn_gcd_subdiv_step->hgcd_jacobi_hook
__gmpz_set_q->__gmpz_tdiv_q
__gmpn_sqrmod_bnm1->__gmpn_sub_n
__gmpn_sqrmod_bnm1->__gmpn_sub_nc
__gmpn_sqrmod_bnm1->__gmpn_add
__gmpn_sqrmod_bnm1->__gmpn_sub
__gmpn_sqrmod_bnm1->__gmpn_sub_1
__gmpn_sqrmod_bnm1->__gmpn_fft_best_k
__gmpn_sqrmod_bnm1->__gmpn_mul_fft
__gmpn_sqrmod_bnm1->__gmpn_sqr
__gmpn_sqrmod_bnm1->__gmpn_rsh1add_nc
__gmpn_sqrmod_bnm1->__gmpn_sqrmod_bnm1
__gmpn_sqrmod_bnm1->mpn_bc_sqrmod_bnm1
__gmpn_sqrmod_bnm1->mpn_bc_sqrmod_bnp1
__gmpz_kronecker_si->__gmpn_modexact_1_odd
__gmpz_kronecker_si->__gmpn_mod_1
__gmpz_kronecker_si->__gmpn_jacobi_base
__gmpf_neg->__gmpn_copyi
__gmpn_toom32_mul->__gmpn_sub_n
__gmpn_toom32_mul->__gmpn_sub_nc
__gmpn_toom32_mul->__gmpn_add_n
__gmpn_toom32_mul->__gmpn_addlsh1_n
__gmpn_toom32_mul->__gmpn_add
__gmpn_toom32_mul->__gmpn_sub
__gmpn_toom32_mul->__gmpn_mul
__gmpn_toom32_mul->__gmpn_mul_n
__gmpn_toom32_mul->__gmpn_cmp
__gmpn_toom32_mul->__gmpn_zero_p
__gmpn_toom32_mul->__gmpn_rsh1sub_n
__gmpn_toom32_mul->__gmpn_rsh1add_n
__gmpn_toom32_mul->__gmpn_add_nc
__gmpq_set_den->__gmpn_copyi
__gmpq_set_den->__gmpz_realloc
__gmpz_fac_ui->__gmpz_oddfac_1
__gmpz_fac_ui->__gmpz_mul_2exp
__gmpn_redc_2->__gmpn_addmul_1
__gmpn_redc_2->__gmpn_add_n
__gmpn_redc_2->mpn_addmul_2
__gmpn_gcdext_hook->__gmpn_copyi
__gmpn_gcdext_hook->__gmpn_addmul_1
__gmpn_gcdext_hook->__gmpn_add_n
__gmpn_gcdext_hook->__gmpn_add
__gmpn_gcdext_hook->__gmpn_mul
__gmp_randget_mt->__gmp_mt_recalc_buffer
mpn_bc_sqrmod_bnm1->__gmpn_add_n
mpn_bc_sqrmod_bnm1->__gmpn_sqr
mpn_fft_sub_modF->__gmpn_sub_n
__gmpz_kronecker_ui->__gmpn_modexact_1_odd
__gmpz_kronecker_ui->__gmpz_jacobi
__gmpz_kronecker_ui->__gmpz_set_ui
__gmpz_kronecker_ui->__gmpn_mod_1
__gmpz_kronecker_ui->__gmpn_jacobi_base
__gmpf_set_q->__gmp_tmp_reentrant_alloc
__gmpf_set_q->__gmp_tmp_reentrant_free
__gmpf_set_q->__gmpn_copyi
__gmpf_set_q->__gmpn_tdiv_qr
gmp_obstack_memory->llvm.memcpy.p0i8.p0i8.i64
gmp_obstack_memory->_obstack_newchunk
__gmpq_set_num->__gmpn_copyi
__gmpq_set_num->__gmpz_realloc
__gmpz_oddfac_1->__gmp_primesieve
__gmpz_oddfac_1->__gmp_tmp_reentrant_alloc
__gmpz_oddfac_1->__gmp_tmp_reentrant_free
__gmpz_oddfac_1->__gmpn_copyi
__gmpz_oddfac_1->log_n_max.48
__gmpz_oddfac_1->mpz_2multiswing_1
__gmpz_oddfac_1->__gmpz_prodlimbs
__gmpz_oddfac_1->__gmpz_realloc
__gmpz_oddfac_1->__gmpn_mul
__gmpz_oddfac_1->__gmpn_sqr
__gmpf_set_str->__gmp_tmp_reentrant_alloc
__gmpf_set_str->__gmp_tmp_reentrant_free
__gmpf_set_str->__gmpn_copyi
__gmpf_set_str->nl_langinfo
__gmpf_set_str->strlen
__gmpf_set_str->__ctype_b_loc
__gmpf_set_str->mpn_pow_1_highpart
__gmpf_set_str->__gmpn_lshift
__gmpf_set_str->__gmpn_divrem
__gmpf_set_str->__gmpn_mul
__gmpf_set_str->__gmpn_set_str
mpn_addmul_2->__gmpn_addmul_1
__gmpn_gcdext_lehmer_n->__gmp_assert_fail
__gmpn_gcdext_lehmer_n->__gmpn_copyi
__gmpn_gcdext_lehmer_n->__gmpn_mul_1
__gmpn_gcdext_lehmer_n->__gmpn_addmul_1
__gmpn_gcdext_lehmer_n->__gmpn_gcdext_1
__gmpn_gcdext_lehmer_n->__gmpn_gcd_subdiv_step
__gmpn_gcdext_lehmer_n->__gmpn_matrix22_mul1_inverse_vector
__gmpn_gcdext_lehmer_n->__gmpn_hgcd2
__gmpn_gcdext_lehmer_n->__gmpn_hgcd_mul_matrix1_vector
__gmpz_set_str->__gmp_tmp_reentrant_alloc
__gmpz_set_str->__gmp_tmp_reentrant_free
__gmpz_set_str->strlen
__gmpz_set_str->__ctype_b_loc
__gmpz_set_str->__gmpz_realloc
__gmpz_set_str->__gmpn_set_str
__gmp_randclear_mt->__gmp_default_free
mpn_bc_sqrmod_bnp1->__gmpn_sub_n
mpn_bc_sqrmod_bnp1->__gmpn_sqr
mpn_fft_add_modF->__gmpn_add_n
__gmpz_lcm->__gmp_tmp_reentrant_alloc
__gmpz_lcm->__gmp_tmp_reentrant_free
__gmpz_lcm->__gmpn_mul_1
__gmpz_lcm->__gmpz_divexact
__gmpz_lcm->__gmpn_gcd_1
__gmpz_lcm->__gmpz_gcd
__gmpz_lcm->__gmpz_mul
__gmpz_lcm->__gmpz_realloc
__gmpf_get_d->__gmpn_get_d
gmp_obstack_reps->llvm.memset.p0i8.i64
gmp_obstack_reps->_obstack_newchunk
__gmpn_redc_n->__gmp_assert_fail
__gmpn_redc_n->__gmp_tmp_reentrant_alloc
__gmpn_redc_n->__gmp_tmp_reentrant_free
__gmpn_redc_n->__gmpn_sub_n
__gmpn_redc_n->__gmpn_add_n
__gmpn_redc_n->__gmpn_mullo_n
__gmpn_redc_n->__gmpn_mulmod_bnm1
__gmpn_redc_n->__gmpn_mulmod_bnm1_next_size
__gmpn_redc_n->mpn_mulmod_bnm1_itch.383
__gmpn_div_q->__gmpn_divrem_1
__gmpn_div_q->__gmp_tmp_reentrant_alloc
__gmpn_div_q->__gmp_tmp_reentrant_free
__gmpn_div_q->__gmpn_copyi
__gmpn_div_q->__gmpn_lshift
__gmpn_div_q->__gmpn_invert_limb
__gmpn_div_q->__gmpn_divrem_2
__gmpn_div_q->__gmpn_mul
__gmpn_div_q->__gmpn_cmp
__gmpn_div_q->__gmpn_sbpi1_div_q
__gmpn_div_q->__gmpn_sbpi1_divappr_q
__gmpn_div_q->__gmpn_dcpi1_div_q
__gmpn_div_q->__gmpn_dcpi1_divappr_q
__gmpn_div_q->__gmpn_mu_divappr_q
__gmpn_div_q->__gmpn_mu_divappr_q_itch
__gmpn_div_q->__gmpn_mu_div_q
__gmpn_div_q->__gmpn_mu_div_q_itch
__gmp_randiset_mt->__gmp_default_allocate
__gmpn_sqrmod_bnm1_next_size->__gmpn_fft_best_k
__gmpn_sqrmod_bnm1_next_size->__gmpn_fft_next_size
__gmpn_mul_n->__gmp_tmp_reentrant_alloc
__gmpn_mul_n->__gmp_tmp_reentrant_free
__gmpn_mul_n->__gmpn_mul_basecase
__gmpn_mul_n->__gmpn_nussbaumer_mul
__gmpn_mul_n->__gmpn_toom22_mul
__gmpn_mul_n->__gmpn_toom33_mul
__gmpn_mul_n->__gmpn_toom44_mul
__gmpn_mul_n->__gmpn_toom6h_mul
__gmpn_mul_n->__gmpn_toom8h_mul
__gmpz_lcm_ui->__gmpn_mul_1
__gmpz_lcm_ui->__gmpn_gcd_1
__gmpz_lcm_ui->__gmpz_realloc
__gmpf_get_d_2exp->__gmpn_get_d
__gmpq_set_str->__gmp_default_allocate
__gmpq_set_str->__gmp_default_free
__gmpq_set_str->__gmpz_set_str
__gmpq_set_str->strchr
__gmpq_set_str->llvm.memcpy.p0i8.p0i8.i64
mpz_2multiswing_1->limb_apprsqrt.49
mpz_2multiswing_1->n_to_bit.50
mpz_2multiswing_1->id_to_n.51
mpz_2multiswing_1->__gmpz_prodlimbs
__gmpn_tdiv_qr->__gmp_assert_fail
__gmpn_tdiv_qr->__gmpn_divrem_1
__gmpn_tdiv_qr->__gmp_divide_by_zero
__gmpn_tdiv_qr->__gmp_tmp_reentrant_alloc
__gmpn_tdiv_qr->__gmp_tmp_reentrant_free
__gmpn_tdiv_qr->__gmpn_copyi
__gmpn_tdiv_qr->__gmpn_lshift
__gmpn_tdiv_qr->__gmpn_sub_n
__gmpn_tdiv_qr->__gmpn_rshift
__gmpn_tdiv_qr->__gmpn_submul_1
__gmpn_tdiv_qr->__gmpn_add_n
__gmpn_tdiv_qr->__gmpn_invert_limb
__gmpn_tdiv_qr->__gmpn_sub
__gmpn_tdiv_qr->__gmpn_sub_1
__gmpn_tdiv_qr->__gmpn_divrem_2
__gmpn_tdiv_qr->__gmpn_mul
__gmpn_tdiv_qr->__gmpn_sbpi1_div_qr
__gmpn_tdiv_qr->__gmpn_dcpi1_div_qr
__gmpn_tdiv_qr->__gmpn_mu_div_qr
__gmpn_tdiv_qr->__gmpn_mu_div_qr_itch
__gmpz_setbit->__gmpz_realloc
__gmp_randinit_mt_noseed->__gmp_default_allocate
__gmpn_div_qr_1->__gmpn_invert_limb
__gmpn_div_qr_1->__gmpn_div_qr_1n_pi1
__gmpn_sqr->__gmp_tmp_reentrant_alloc
__gmpn_sqr->__gmp_tmp_reentrant_free
__gmpn_sqr->__gmpn_sqr_basecase
__gmpn_sqr->__gmpn_nussbaumer_mul
__gmpn_sqr->__gmpn_toom8_sqr
__gmpn_sqr->__gmpn_toom2_sqr
__gmpn_sqr->__gmpn_toom3_sqr
__gmpn_sqr->__gmpn_toom4_sqr
__gmp_printf->llvm.va_start
__gmp_printf->llvm.va_end
__gmp_printf->__gmp_doprnt
__gmpn_toom42_mul->__gmp_tmp_reentrant_alloc
__gmpn_toom42_mul->__gmp_tmp_reentrant_free
__gmpn_toom42_mul->__gmpn_sub_n
__gmpn_toom42_mul->__gmpn_addmul_1
__gmpn_toom42_mul->__gmpn_add_n
__gmpn_toom42_mul->__gmpn_addlsh1_n
__gmpn_toom42_mul->__gmpn_add
__gmpn_toom42_mul->__gmpn_add_1
__gmpn_toom42_mul->__gmpn_sub
__gmpn_toom42_mul->__gmpn_mul
__gmpn_toom42_mul->__gmpn_mul_n
__gmpn_toom42_mul->__gmpn_cmp
__gmpn_toom42_mul->__gmpn_zero_p
__gmpn_toom42_mul->__gmpn_toom_eval_dgr3_pm1
__gmpn_toom42_mul->__gmpn_toom_interpolate_5pts
__gmpn_powm->__gmp_tmp_reentrant_alloc
__gmpn_powm->__gmp_tmp_reentrant_free
__gmpn_powm->__gmpn_copyi
__gmpn_powm->__gmpn_sub_n
__gmpn_powm->__gmpn_mul_basecase
__gmpn_powm->__gmpn_mul_n
__gmpn_powm->__gmpn_sqr
__gmpn_powm->__gmpn_sqr_basecase
__gmpn_powm->__gmpn_cmp
__gmpn_powm->__gmpn_binvert
__gmpn_powm->__gmpn_redc_n
__gmpn_powm->win_size
__gmpn_powm->redcify
__gmpn_powm->__gmpn_redc_1
__gmpn_powm->getbits
__gmp_randinit_mt->__gmp_randinit_mt_noseed
__gmpz_limbs_modify->__gmpz_realloc
__gmpf_set_prec->__gmp_default_reallocate
__gmpf_set_prec->__gmpn_copyi
__gmpn_toom52_mul->__gmpn_sub_n
__gmpn_toom52_mul->__gmpn_add_n
__gmpn_toom52_mul->__gmpn_add
__gmpn_toom52_mul->__gmpn_sub
__gmpn_toom52_mul->__gmpn_mul
__gmpn_toom52_mul->__gmpn_mul_n
__gmpn_toom52_mul->__gmpn_cmp
__gmpn_toom52_mul->__gmpn_zero_p
__gmpn_toom52_mul->__gmpn_toom_eval_pm1
__gmpn_toom52_mul->__gmpn_toom_eval_pm2
__gmpn_toom52_mul->__gmpn_toom_interpolate_6pts
mpn_pow_1_highpart->__gmpn_copyi
mpn_pow_1_highpart->__gmpn_mul_1
mpn_pow_1_highpart->__gmpn_sqr
__gmpn_jacobi_2->__gmpn_jacobi_base
primesieve_size->n_to_bit.34
randseed_mt->__gmpz_add_ui
randseed_mt->__gmpz_clear
randseed_mt->__gmpz_clrbit
randseed_mt->__gmpz_export
randseed_mt->__gmpz_init2
randseed_mt->__gmpz_mod
randseed_mt->__gmpz_setbit
randseed_mt->__gmpz_sub_ui
randseed_mt->__gmpz_tstbit
randseed_mt->__gmp_mt_recalc_buffer
randseed_mt->mangle_seed
__gmpn_div_qr_2->__gmpn_invert_limb
__gmpn_div_qr_2->__gmpn_div_qr_2n_pi1
__gmpn_div_qr_2->__gmpn_div_qr_2u_pi1
__gmpn_nussbaumer_mul->__gmp_tmp_reentrant_alloc
__gmpn_nussbaumer_mul->__gmp_tmp_reentrant_free
__gmpn_nussbaumer_mul->mpn_sqrmod_bnm1_itch
__gmpn_nussbaumer_mul->mpn_mulmod_bnm1_itch
__gmpn_nussbaumer_mul->__gmpn_mulmod_bnm1
__gmpn_nussbaumer_mul->__gmpn_mulmod_bnm1_next_size
__gmpn_nussbaumer_mul->__gmpn_sqrmod_bnm1
__gmpn_nussbaumer_mul->__gmpn_sqrmod_bnm1_next_size
gmp_fprintf_memory->fwrite
__gmpn_toom62_mul->__gmp_tmp_reentrant_free
__gmpn_toom62_mul->__gmpn_lshift
__gmpn_toom62_mul->__gmpn_sub_n
__gmpn_toom62_mul->__gmpn_addmul_1
__gmpn_toom62_mul->__gmpn_add_n
__gmpn_toom62_mul->__gmpn_addlsh1_n
__gmpn_toom62_mul->__gmpn_add
__gmpn_toom62_mul->__gmpn_sub
__gmpn_toom62_mul->__gmpn_mul
__gmpn_toom62_mul->__gmpn_mul_n
__gmpn_toom62_mul->__gmpn_cmp
__gmpn_toom62_mul->__gmpn_zero_p
__gmpn_toom62_mul->__gmpn_toom_eval_pm1
__gmpn_toom62_mul->__gmpn_toom_eval_pm2
__gmpn_toom62_mul->__gmpn_toom_interpolate_7pts
redcify->__gmp_tmp_reentrant_alloc
redcify->__gmp_tmp_reentrant_free
redcify->__gmpn_copyi
redcify->__gmpn_tdiv_qr
__gmpn_jacobi_n->__gmp_tmp_reentrant_alloc
__gmpn_jacobi_n->__gmp_tmp_reentrant_free
__gmpn_jacobi_n->__gmpn_gcd_subdiv_step
__gmpn_jacobi_n->__gmpn_jacobi_base
__gmpn_jacobi_n->__gmpn_jacobi_2
__gmpn_jacobi_n->mpn_jacobi_finish
__gmpn_jacobi_n->__gmpn_matrix22_mul1_inverse_vector
__gmpn_jacobi_n->__gmpn_hgcd_matrix_init
__gmpn_jacobi_n->__gmpn_hgcd_matrix_adjust
__gmpn_jacobi_n->__gmpn_hgcd_itch
__gmpn_jacobi_n->__gmpn_hgcd2_jacobi
__gmpn_jacobi_n->__gmpn_hgcd_jacobi
__gmpz_sqrt->__gmp_sqrt_of_negative
__gmpz_sqrt->__gmp_tmp_reentrant_alloc
__gmpz_sqrt->__gmp_tmp_reentrant_free
__gmpz_sqrt->__gmpn_copyi
__gmpz_sqrt->__gmpz_realloc
__gmpz_sqrt->__gmpn_sqrtrem
mangle_seed->__gmpz_addmul_ui
mangle_seed->__gmpz_clear
mangle_seed->__gmpz_init2
mangle_seed->__gmpz_init_set
mangle_seed->__gmpz_mul
mangle_seed->__gmpz_tdiv_q_2exp
mangle_seed->__gmpz_tdiv_r_2exp
__gmpz_limbs_write->__gmpz_realloc
gmp_fprintf_reps->llvm.memset.p0i8.i64
gmp_fprintf_reps->fwrite
__gmpn_toom33_mul->__gmpn_sub_n
__gmpn_toom33_mul->__gmpn_add_n
__gmpn_toom33_mul->__gmpn_add
__gmpn_toom33_mul->__gmpn_add_1
__gmpn_toom33_mul->__gmpn_mul
__gmpn_toom33_mul->__gmpn_mul_basecase
__gmpn_toom33_mul->__gmpn_cmp
__gmpn_toom33_mul->__gmpn_toom22_mul
__gmpn_toom33_mul->__gmpn_rsblsh1_n
__gmpn_toom33_mul->__gmpn_toom_interpolate_5pts
__gmpz_prodlimbs->__gmp_tmp_reentrant_alloc
__gmpz_prodlimbs->__gmp_tmp_reentrant_free
__gmpz_prodlimbs->__gmpn_mul_1
__gmpz_prodlimbs->__gmpz_prodlimbs
__gmpz_prodlimbs->__gmpz_realloc
__gmpz_prodlimbs->__gmpn_mul
jacobi_hook->mpn_jacobi_update
__gmpz_sqrtrem->__gmp_sqrt_of_negative
__gmpz_sqrtrem->__gmp_tmp_reentrant_alloc
__gmpz_sqrtrem->__gmp_tmp_reentrant_free
__gmpz_sqrtrem->__gmpn_copyi
__gmpz_sqrtrem->__gmpz_realloc
__gmpz_sqrtrem->__gmpn_sqrtrem
__gmpn_sbpi1_div_q->__gmp_assert_fail
__gmpn_sbpi1_div_q->__gmpn_sub_n
__gmpn_sbpi1_div_q->__gmpn_submul_1
__gmpn_sbpi1_div_q->__gmpn_add_n
__gmpn_sbpi1_div_q->__gmpn_sub_1
__gmpn_sbpi1_div_q->__gmpn_cmp
__gmpz_lucnum_ui->__gmp_tmp_reentrant_alloc
__gmpz_lucnum_ui->__gmp_tmp_reentrant_free
__gmpz_lucnum_ui->__gmpn_addlsh1_n
__gmpz_lucnum_ui->__gmpn_addlsh2_n
__gmpz_lucnum_ui->__gmpz_realloc
__gmpz_lucnum_ui->__gmpn_fib2_ui
__gmpz_lucnum_ui->__gmpn_mul
__gmpz_lucnum_ui->__gmpn_sqr
__gmp_snprintf->llvm.va_start
__gmp_snprintf->llvm.va_end
__gmp_snprintf->__gmp_doprnt
__gmpq_set_z->__gmpn_copyi
__gmpq_set_z->__gmpz_realloc
__gmpz_fdiv_q_ui->__gmpn_divrem_1
__gmpz_fdiv_q_ui->__gmp_divide_by_zero
__gmpz_fdiv_q_ui->__gmpz_realloc
__gmpf_set_d->__gmp_extract_double
__gmpf_set_d->__gmp_invalid_operation
__gmpz_sub->__gmpn_sub_n
__gmpz_sub->__gmpz_realloc
__gmpz_sub->__gmpn_add
__gmpz_sub->__gmpn_sub
__gmpz_sub->__gmpn_cmp
__gmp_randseed_ui->__gmp_randseed
__gmpn_sbpi1_div_qr->__gmpn_sub_n
__gmpn_sbpi1_div_qr->__gmpn_submul_1
__gmpn_sbpi1_div_qr->__gmpn_add_n
__gmpn_sbpi1_div_qr->__gmpn_cmp
__gmpn_mulmid_basecase->__gmpn_mul_1
__gmpn_mulmid_basecase->__gmpn_addmul_1
__gmpf_ui_div->__gmp_divide_by_zero
__gmpf_ui_div->__gmp_tmp_reentrant_alloc
__gmpf_ui_div->__gmp_tmp_reentrant_free
__gmpf_ui_div->__gmpn_copyi
__gmpf_ui_div->__gmpn_tdiv_qr
gmp_snprintf_format->__gmp_default_allocate
gmp_snprintf_format->__gmp_default_free
gmp_snprintf_format->llvm.va_copy
gmp_snprintf_format->vsnprintf
__gmpn_toom43_mul->__gmpn_lshift
__gmpn_toom43_mul->__gmpn_sub_n
__gmpn_toom43_mul->__gmpn_add_n
__gmpn_toom43_mul->__gmpn_add
__gmpn_toom43_mul->__gmpn_add_1
__gmpn_toom43_mul->__gmpn_mul
__gmpn_toom43_mul->__gmpn_mul_n
__gmpn_toom43_mul->__gmpn_cmp
__gmpn_toom43_mul->__gmpn_toom_eval_dgr3_pm1
__gmpn_toom43_mul->__gmpn_toom_eval_dgr3_pm2
__gmpn_toom43_mul->__gmpn_toom_interpolate_6pts
__gmpq_set_d->__gmp_extract_double
__gmpq_set_d->__gmp_invalid_operation
__gmpq_set_d->__gmpn_rshift
__gmpq_set_d->__gmpz_realloc
__gmpz_fdiv_qr->__gmp_tmp_reentrant_alloc
__gmpz_fdiv_qr->__gmp_tmp_reentrant_free
__gmpz_fdiv_qr->__gmpz_add
__gmpz_fdiv_qr->__gmpz_set
__gmpz_fdiv_qr->__gmpz_sub_ui
__gmpz_fdiv_qr->__gmpz_tdiv_qr
__gmpf_set_z->__gmpn_copyi
__gmpn_powlo->__gmp_tmp_reentrant_alloc
__gmpn_powlo->__gmp_tmp_reentrant_free
__gmpn_powlo->__gmpn_copyi
__gmpn_powlo->__gmpn_mullo_n
__gmpn_powlo->__gmpn_sqrlo
__gmpn_powlo->win_size.390
__gmpn_powlo->getbits.391
__gmpz_sub_ui->__gmpz_realloc
__gmpz_sub_ui->__gmpn_add_1
__gmpz_sub_ui->__gmpn_sub_1
__gmpn_sbpi1_divappr_q->__gmp_assert_fail
__gmpn_sbpi1_divappr_q->__gmpn_sub_n
__gmpn_sbpi1_divappr_q->__gmpn_submul_1
__gmpn_sbpi1_divappr_q->__gmpn_add_n
__gmpn_sbpi1_divappr_q->__gmpn_cmp
__gmpn_toom42_mulmid->__gmpn_sub_n
__gmpn_toom42_mulmid->__gmpn_addmul_1
__gmpn_toom42_mulmid->__gmpn_add_n
__gmpn_toom42_mulmid->__gmpn_add
__gmpn_toom42_mulmid->__gmpn_add_1
__gmpn_toom42_mulmid->__gmpn_sub
__gmpn_toom42_mulmid->__gmpn_sub_1
__gmpn_toom42_mulmid->__gmpn_mulmid_basecase
__gmpn_toom42_mulmid->__gmpn_toom42_mulmid
__gmpn_toom42_mulmid->__gmpn_add_err1_n
__gmpn_toom42_mulmid->__gmpn_add_err2_n
__gmpn_toom42_mulmid->__gmpn_sub_err2_n
__gmpn_toom42_mulmid->__gmpn_cmp
__gmpz_lucnum2_ui->__gmp_tmp_reentrant_alloc
__gmpz_lucnum2_ui->__gmp_tmp_reentrant_free
__gmpz_lucnum2_ui->__gmpn_lshift
__gmpz_lucnum2_ui->__gmpn_sub_n
__gmpz_lucnum2_ui->__gmpn_addlsh1_n
__gmpz_lucnum2_ui->__gmpz_realloc
__gmpz_lucnum2_ui->__gmpn_fib2_ui
__gmpf_sqrt_ui->__gmp_tmp_reentrant_alloc
__gmpf_sqrt_ui->__gmp_tmp_reentrant_free
__gmpf_sqrt_ui->__gmpn_sqrtrem
gmp_snprintf_memory->llvm.memcpy.p0i8.p0i8.i64
__gmpn_toom53_mul->__gmp_tmp_reentrant_alloc
__gmpn_toom53_mul->__gmp_tmp_reentrant_free
__gmpn_toom53_mul->__gmpn_lshift
__gmpn_toom53_mul->__gmpn_sub_n
__gmpn_toom53_mul->__gmpn_add_n
__gmpn_toom53_mul->__gmpn_addlsh1_n
__gmpn_toom53_mul->__gmpn_addlsh2_n
__gmpn_toom53_mul->__gmpn_add
__gmpn_toom53_mul->__gmpn_add_1
__gmpn_toom53_mul->__gmpn_mul
__gmpn_toom53_mul->__gmpn_mul_n
__gmpn_toom53_mul->__gmpn_cmp
__gmpn_toom53_mul->__gmpn_toom_eval_pm1
__gmpn_toom53_mul->__gmpn_toom_eval_pm2
__gmpn_toom53_mul->__gmpn_toom_interpolate_7pts
__gmpq_set_f->__gmpn_copyi
__gmpq_set_f->__gmpn_rshift
__gmpq_set_f->__gmpz_realloc
__gmpz_fdiv_qr_ui->__gmpn_divrem_1
__gmpz_fdiv_qr_ui->__gmp_divide_by_zero
__gmpz_fdiv_qr_ui->__gmpz_realloc
__gmpf_init_set->__gmp_default_allocate
__gmpf_init_set->__gmpn_copyi
__gmpz_cdiv_q->__gmp_tmp_reentrant_alloc
__gmpz_cdiv_q->__gmp_tmp_reentrant_free
__gmpz_cdiv_q->__gmpz_add_ui
__gmpz_cdiv_q->__gmpz_tdiv_qr
__gmp_urandomm_ui->__gmp_divide_by_zero
__gmpn_dcpi1_div_q->__gmp_tmp_reentrant_alloc
__gmpn_dcpi1_div_q->__gmp_tmp_reentrant_free
__gmpn_dcpi1_div_q->__gmpn_copyi
__gmpn_dcpi1_div_q->__gmpn_add_n
__gmpn_dcpi1_div_q->__gmpn_sub_1
__gmpn_dcpi1_div_q->__gmpn_mul
__gmpn_dcpi1_div_q->__gmpn_cmp
__gmpn_dcpi1_div_q->__gmpn_dcpi1_divappr_q
__gmpz_millerrabin->__gmp_tmp_reentrant_alloc
__gmpz_millerrabin->__gmp_tmp_reentrant_free
__gmpz_millerrabin->__gmpz_add_ui
__gmpz_millerrabin->__gmpz_cmp_ui
__gmpz_millerrabin->millerrabin
__gmpz_millerrabin->__gmpz_powm
__gmpz_millerrabin->__gmpz_scan1
__gmpz_millerrabin->__gmpz_set_ui
__gmpz_millerrabin->__gmpz_sub_ui
__gmpz_millerrabin->__gmpz_tdiv_q_2exp
__gmpz_millerrabin->__gmpz_urandomm
__gmpz_millerrabin->__gmp_randclear
__gmpz_millerrabin->__gmp_randinit_default
__gmpf_ceil->__gmpf_ceil_or_floor
gmp_snprintf_reps->llvm.memset.p0i8.i64
__gmpn_toom54_mul->__gmpn_mul
__gmpn_toom54_mul->__gmpn_mul_n
__gmpn_toom54_mul->__gmpn_toom_couple_handling
__gmpn_toom54_mul->__gmpn_toom_eval_dgr3_pm1
__gmpn_toom54_mul->__gmpn_toom_eval_dgr3_pm2
__gmpn_toom54_mul->__gmpn_toom_eval_pm1
__gmpn_toom54_mul->__gmpn_toom_eval_pm2
__gmpn_toom54_mul->__gmpn_toom_eval_pm2exp
__gmpn_toom54_mul->__gmpn_toom_interpolate_8pts
__gmpz_fdiv_r->__gmp_tmp_reentrant_alloc
__gmpz_fdiv_r->__gmp_tmp_reentrant_free
__gmpz_fdiv_r->__gmpz_add
__gmpz_fdiv_r->__gmpz_set
__gmpz_fdiv_r->__gmpz_tdiv_r
__gmpf_init_set_ui->__gmp_default_allocate
__gmpz_tdiv_ui->__gmp_divide_by_zero
__gmpz_tdiv_ui->__gmpn_mod_1
__gmpz_cdiv_q_ui->__gmpn_divrem_1
__gmpz_cdiv_q_ui->__gmp_divide_by_zero
__gmpz_cdiv_q_ui->__gmpz_realloc
__gmpn_dcpi1_div_qr_n->__gmpn_sub_n
__gmpn_dcpi1_div_qr_n->__gmpn_add_n
__gmpn_dcpi1_div_qr_n->__gmpn_sub_1
__gmpn_dcpi1_div_qr_n->__gmpn_mul
__gmpn_dcpi1_div_qr_n->__gmpn_sbpi1_div_qr
__gmpn_dcpi1_div_qr_n->__gmpn_dcpi1_div_qr_n
millerrabin->__gmpz_cmp
millerrabin->__gmpz_cmp_ui
millerrabin->__gmpz_powm
millerrabin->__gmpz_powm_ui
__gmpf_ceil_or_floor->__gmpn_copyi
__gmpf_ceil_or_floor->__gmpn_add_1
__gmpn_toom63_mul->__gmpn_lshift
__gmpn_toom63_mul->__gmpn_sub_n
__gmpn_toom63_mul->__gmpn_add_n
__gmpn_toom63_mul->__gmpn_add
__gmpn_toom63_mul->__gmpn_mul
__gmpn_toom63_mul->__gmpn_mul_n
__gmpn_toom63_mul->__gmpn_cmp
__gmpn_toom63_mul->abs_sub_add_n
__gmpn_toom63_mul->__gmpn_toom_couple_handling
__gmpn_toom63_mul->__gmpn_toom_eval_pm1
__gmpn_toom63_mul->__gmpn_toom_eval_pm2
__gmpn_toom63_mul->__gmpn_toom_eval_pm2exp
__gmpn_toom63_mul->__gmpn_toom_interpolate_8pts
__gmpn_add->__gmpn_add_n
__gmpz_fdiv_r_ui->__gmp_divide_by_zero
__gmpz_fdiv_r_ui->__gmpn_mod_1
__gmpf_init_set_si->__gmp_default_allocate
__gmpn_sec_powm->__gmp_assert_fail
__gmpn_sec_powm->__gmpn_copyi
__gmpn_sec_powm->__gmpn_sub_n
__gmpn_sec_powm->__gmpn_mul_basecase
__gmpn_sec_powm->__gmpn_sqr_basecase
__gmpn_sec_powm->__gmpn_redc_1
__gmpn_sec_powm->win_size.395
__gmpn_sec_powm->redcify.396
__gmpn_sec_powm->__gmpn_cnd_sub_n
__gmpn_sec_powm->getbits.397
__gmpn_sec_powm->__gmpn_sec_tabselect
__gmpn_matrix22_mul_strassen->__gmpn_sub_n
__gmpn_matrix22_mul_strassen->__gmpn_add_n
__gmpn_matrix22_mul_strassen->__gmpn_mul
__gmpn_matrix22_mul_strassen->abs_sub_n
__gmpn_matrix22_mul_strassen->add_signed_n
__gmpz_tdiv_q->__gmp_divide_by_zero
__gmpz_tdiv_q->__gmp_tmp_reentrant_alloc
__gmpz_tdiv_q->__gmp_tmp_reentrant_free
__gmpz_tdiv_q->__gmpn_copyi
__gmpz_tdiv_q->__gmpz_realloc
__gmpz_tdiv_q->__gmpn_div_q
__gmpz_cdiv_qr->__gmp_tmp_reentrant_alloc
__gmpz_cdiv_qr->__gmp_tmp_reentrant_free
__gmpz_cdiv_qr->__gmpz_add_ui
__gmpz_cdiv_qr->__gmpz_set
__gmpz_cdiv_qr->__gmpz_sub
__gmpz_cdiv_qr->__gmpz_tdiv_qr
__gmpn_dcpi1_div_qr->__gmp_tmp_reentrant_alloc
__gmpn_dcpi1_div_qr->__gmp_tmp_reentrant_free
__gmpn_dcpi1_div_qr->__gmpn_sub_n
__gmpn_dcpi1_div_qr->__gmpn_submul_1
__gmpn_dcpi1_div_qr->__gmpn_add_n
__gmpn_dcpi1_div_qr->__gmpn_sub_1
__gmpn_dcpi1_div_qr->__gmpn_divrem_2
__gmpn_dcpi1_div_qr->__gmpn_mul
__gmpn_dcpi1_div_qr->__gmpn_cmp
__gmpn_dcpi1_div_qr->__gmpn_sbpi1_div_qr
__gmpn_dcpi1_div_qr->__gmpn_dcpi1_div_qr_n
__gmpz_mod->__gmp_tmp_reentrant_alloc
__gmpz_mod->__gmp_tmp_reentrant_free
__gmpz_mod->__gmpn_copyi
__gmpz_mod->__gmpz_add
__gmpz_mod->__gmpz_tdiv_r
__gmpf_floor->__gmpf_ceil_or_floor
abs_sub_add_n->__gmpn_add_n
abs_sub_add_n->abs_sub_n.266
__gmpz_fdiv_q->__gmp_tmp_reentrant_alloc
__gmpz_fdiv_q->__gmp_tmp_reentrant_free
__gmpz_fdiv_q->__gmpz_sub_ui
__gmpz_fdiv_q->__gmpz_tdiv_qr
__gmpf_init_set_str->__gmp_default_allocate
__gmpf_init_set_str->__gmpf_set_str
abs_sub_n->__gmpn_sub_n
__gmpz_tdiv_q_2exp->__gmpn_copyi
__gmpz_tdiv_q_2exp->__gmpn_rshift
__gmpz_tdiv_q_2exp->__gmpz_realloc
__gmpz_cdiv_qr_ui->__gmpn_divrem_1
__gmpz_cdiv_qr_ui->__gmp_divide_by_zero
__gmpz_cdiv_qr_ui->__gmpz_realloc
