mp_init->malloc
ltm_rsa_generate_key->llvm.memcpy.p0i8.p0i8.i64
ltm_rsa_generate_key->mp_cmp
ltm_rsa_generate_key->mp_cmp_d
ltm_rsa_generate_key->mp_mul
ltm_rsa_generate_key->mp_mod
ltm_rsa_generate_key->mp_sub_d
ltm_rsa_generate_key->mp_gcd
ltm_rsa_generate_key->mp_invmod
ltm_rsa_generate_key->mp_find_prime
ltm_rsa_generate_key->mp_init_multi
ltm_rsa_generate_key->mp_clear_multi
ltm_rsa_generate_key->hc_BN_GENCB_call
ltm_rsa_generate_key->BN2mpz.195
ltm_rsa_generate_key->random_num
ltm_rsa_generate_key->mpz2BN.196
hc_RAND_seed->fortuna_seed
hc_RAND_seed->init_method
add_engine->realloc
add_engine->hc_ENGINE_by_id
hc_EVP_camellia_256_cbc->hc_EVP_ossl_camellia_256_cbc
hc_EVP_camellia_256_cbc->hc_hcrypto_validate
hc_i2d_DHparams->malloc
hc_i2d_DHparams->free
hc_i2d_DHparams->llvm.memcpy.p0i8.p0i8.i64
hc_i2d_DHparams->llvm.memset.p0i8.i64
hc_i2d_DHparams->abort
hc_i2d_DHparams->bn2heim_int
hc_i2d_DHparams->free_DHParameter
hc_i2d_DHparams->length_DHParameter
hc_i2d_DHparams->encode_DHParameter
hc_BN_bn2hex->malloc
hc_BN_bn2hex->free
hc_BN_bn2hex->hc_BN_num_bytes
hc_BN_bn2hex->hc_BN_bn2bin
hc_BN_bn2hex->rk_hex_encode
s_mp_mul_digs->mp_clear
s_mp_mul_digs->mp_exch
s_mp_mul_digs->mp_clamp
s_mp_mul_digs->mp_init_size
s_mp_mul_digs->fast_s_mp_mul_digs
hc_SHA384_Final->llvm.memcpy.p0i8.p0i8.i64
hc_SHA384_Final->hc_SHA512_Final
hc_PKCS12_key_gen->malloc
hc_PKCS12_key_gen->free
hc_PKCS12_key_gen->llvm.memcpy.p0i8.p0i8.i64
hc_PKCS12_key_gen->hc_BN_new
hc_PKCS12_key_gen->calloc
hc_PKCS12_key_gen->hc_BN_free
hc_PKCS12_key_gen->llvm.memset.p0i8.i64
hc_PKCS12_key_gen->hc_BN_num_bytes
hc_PKCS12_key_gen->hc_BN_bin2bn
hc_PKCS12_key_gen->hc_BN_bn2bin
hc_PKCS12_key_gen->hc_BN_set_word
hc_PKCS12_key_gen->hc_BN_uadd
hc_PKCS12_key_gen->__assert_fail
hc_PKCS12_key_gen->hc_EVP_MD_block_size
hc_PKCS12_key_gen->hc_EVP_MD_CTX_create
hc_PKCS12_key_gen->hc_EVP_MD_CTX_destroy
hc_PKCS12_key_gen->hc_EVP_DigestInit_ex
hc_PKCS12_key_gen->hc_EVP_DigestUpdate
hc_PKCS12_key_gen->hc_EVP_DigestFinal_ex
hc_PKCS12_key_gen->hc_EVP_Digest
p11_key_type_for_mech->__assert_fail
des_ede3_cbc_do_cipher->hc_DES_ede3_cbc_encrypt
hc_EVP_MD_CTX_block_size->hc_EVP_MD_block_size
mp_exptmod_fast->mp_init
mp_exptmod_fast->mp_clear
mp_exptmod_fast->mp_exch
mp_exptmod_fast->mp_set
mp_exptmod_fast->mp_copy
mp_exptmod_fast->mp_mul
mp_exptmod_fast->mp_sqr
mp_exptmod_fast->mp_mod
mp_exptmod_fast->mp_mulmod
mp_exptmod_fast->mp_montgomery_setup
mp_exptmod_fast->fast_mp_montgomery_reduce
mp_exptmod_fast->mp_montgomery_reduce
mp_exptmod_fast->mp_count_bits
mp_exptmod_fast->mp_montgomery_calc_normalization
mp_exptmod_fast->mp_dr_reduce
mp_exptmod_fast->mp_dr_setup
mp_exptmod_fast->mp_reduce_2k
mp_exptmod_fast->mp_reduce_2k_setup
startup_tricks->llvm.memset.p0i8.i64
startup_tricks->md_update
startup_tricks->encrypt_counter
startup_tricks->rekey
cipher_ctrl->__assert_fail
cipher_ctrl->EVP_CIPHER_CTX_ctrl
hc_EVP_CIPHER_CTX_mode->hc_EVP_CIPHER_CTX_flags
hc_DES_ede3_cbc_encrypt->llvm.memcpy.p0i8.p0i8.i64
hc_DES_ede3_cbc_encrypt->llvm.memset.p0i8.i64
hc_DES_ede3_cbc_encrypt->load
hc_DES_ede3_cbc_encrypt->store
hc_DES_ede3_cbc_encrypt->_des3_encrypt
mp_init_multi->mp_init
mp_init_multi->mp_clear
mp_init_multi->llvm.va_start
mp_init_multi->llvm.va_end
BN2mpz.195->malloc
BN2mpz.195->free
BN2mpz.195->mp_read_unsigned_bin
BN2mpz.195->hc_BN_num_bytes
BN2mpz.195->hc_BN_bn2bin
hc_ENGINE_by_id->hc_ENGINE_up_ref
hc_ENGINE_by_id->strcmp
hc_EVP_get_cipherbyname->hc_EVP_des_ede3_cbc
hc_EVP_get_cipherbyname->hc_EVP_aes_128_cbc
hc_EVP_get_cipherbyname->hc_EVP_aes_192_cbc
hc_EVP_get_cipherbyname->hc_EVP_aes_256_cbc
hc_EVP_get_cipherbyname->hc_EVP_aes_128_cfb8
hc_EVP_get_cipherbyname->hc_EVP_aes_192_cfb8
hc_EVP_get_cipherbyname->hc_EVP_aes_256_cfb8
hc_EVP_get_cipherbyname->hc_EVP_camellia_128_cbc
hc_EVP_get_cipherbyname->hc_EVP_camellia_192_cbc
hc_EVP_get_cipherbyname->hc_EVP_camellia_256_cbc
hc_EVP_get_cipherbyname->strcasecmp
bn2heim_int->malloc
bn2heim_int->hc_BN_num_bytes
bn2heim_int->hc_BN_bn2bin
bn2heim_int->hc_BN_is_negative
fast_s_mp_mul_high_digs->mp_grow
fast_s_mp_mul_high_digs->mp_clamp
hc_hcrypto_validate->test_cipher
hc_hcrypto_validate->check_hmac
hc_DES_set_random_generator_seed->hc_RAND_seed
p11_session_init->free
p11_session_init->calloc
p11_session_init->__assert_fail
p11_session_init->p11_module_init
hc_EVP_DigestInit_ex->calloc
hc_EVP_DigestInit_ex->hc_EVP_MD_CTX_cleanup
camellia_setup192->llvm.memcpy.p0i8.p0i8.i64
camellia_setup192->camellia_setup256
mp_exptmod->mp_init
mp_exptmod->mp_clear
mp_exptmod->mp_abs
mp_exptmod->mp_invmod
mp_exptmod->mp_exptmod_fast
mp_exptmod->mp_exptmod
mp_exptmod->mp_dr_is_modulus
mp_exptmod->s_mp_exptmod
mp_exptmod->mp_reduce_is_2k
mp_exptmod->mp_reduce_is_2k_l
mp_exptmod->mp_clear_multi
encrypt_counter->ciph_encrypt
encrypt_counter->inc_counter
hc_EVP_pkcs11_md5->p11_mech_available_p
hc_DES_cfb64_encrypt->hc_DES_encrypt
hc_DES_cfb64_encrypt->load
hc_DES_cfb64_encrypt->store
hc_DES_cfb64_encrypt->__assert_fail
mp_clear->free
random_num->malloc
random_num->free
random_num->mp_read_unsigned_bin
random_num->hc_RAND_bytes
hc_RAND_bytes->fortuna_bytes
hc_RAND_bytes->init_method
ossl_md_update->EVP_DigestUpdate
hc_BN_cmp->der_heim_integer_cmp
s_mp_mul_high_digs->mp_clear
s_mp_mul_high_digs->mp_exch
s_mp_mul_high_digs->mp_clamp
s_mp_mul_high_digs->mp_init_size
s_mp_mul_high_digs->fast_s_mp_mul_high_digs
test_cipher->free
test_cipher->hc_EVP_CIPHER_CTX_init
test_cipher->hc_EVP_CIPHER_CTX_cleanup
test_cipher->hc_EVP_CIPHER_CTX_set_key_length
test_cipher->hc_EVP_CipherInit_ex
test_cipher->hc_EVP_Cipher
test_cipher->hc_EVP_rc4
test_cipher->hc_EVP_des_ede3_cbc
test_cipher->hc_EVP_aes_256_cbc
test_cipher->memcmp
test_cipher->errx
test_cipher->rk_emalloc
hc_DES_init_random_number_generator->hc_RAND_seed
fortuna_seed->pthread_mutex_lock
fortuna_seed->fortuna_init
fortuna_seed->pthread_mutex_unlock
fortuna_seed->add_entropy
p11_module_init->heim_base_once_f
rc2_init->hc_EVP_CIPHER_CTX_key_length
rc2_init->hc_RC2_set_key
mp_2expt->mp_grow
mp_2expt->mp_zero
rekey->encrypt_counter
rekey->ciph_init
p11_md5_init->p11_md_hash_init
mpz2BN.196->malloc
mpz2BN.196->free
mpz2BN.196->mp_to_unsigned_bin
mpz2BN.196->mp_unsigned_bin_size
mpz2BN.196->hc_BN_bin2bn
hc_RAND_cleanup->hc_ENGINE_finish
hc_RAND_cleanup->fortuna_cleanup
hc_ENGINE_by_dso->free
hc_ENGINE_by_dso->calloc
hc_ENGINE_by_dso->dlopen
hc_ENGINE_by_dso->dlsym
hc_ENGINE_by_dso->dlclose
hc_ENGINE_by_dso->hc_ENGINE_finish
hc_ENGINE_by_dso->hc_ENGINE_up_ref
hc_ENGINE_by_dso->add_engine
ossl_md_final->EVP_DigestFinal
hc_EVP_BytesToKey->malloc
hc_EVP_BytesToKey->free
hc_EVP_BytesToKey->llvm.memcpy.p0i8.p0i8.i64
hc_EVP_BytesToKey->__assert_fail
hc_EVP_BytesToKey->hc_EVP_MD_size
hc_EVP_BytesToKey->hc_EVP_MD_CTX_init
hc_EVP_BytesToKey->hc_EVP_MD_CTX_cleanup
hc_EVP_BytesToKey->hc_EVP_DigestInit_ex
hc_EVP_BytesToKey->hc_EVP_DigestUpdate
hc_EVP_BytesToKey->hc_EVP_DigestFinal_ex
hc_EVP_BytesToKey->hc_EVP_CIPHER_key_length
hc_EVP_BytesToKey->hc_EVP_CIPHER_iv_length
fast_s_mp_sqr->mp_grow
fast_s_mp_sqr->mp_clamp
check_hmac->llvm.memcpy.p0i8.p0i8.i64
check_hmac->llvm.memset.p0i8.i64
check_hmac->ct_memcmp
check_hmac->hc_EVP_sha1
check_hmac->hc_HMAC_CTX_init
check_hmac->hc_HMAC_CTX_cleanup
check_hmac->hc_HMAC_Init_ex
check_hmac->hc_HMAC_Update
check_hmac->hc_HMAC_Final
check_hmac->errx
hc_DES_random_key->abort
hc_DES_random_key->hc_DES_new_random_key
fortuna_bytes->pthread_mutex_lock
fortuna_bytes->fortuna_init
fortuna_bytes->pthread_mutex_unlock
fortuna_bytes->fortuna_reseed
fortuna_bytes->extract_data
p11_module_init_once->issuid
p11_module_init_once->getenv
p11_module_init_once->dlopen
p11_module_init_once->dlerror
p11_module_init_once->fprintf
p11_module_init_once->dlsym
p11_module_init_once->dlclose
rc2_do_cipher->hc_RC2_cbc_encrypt
Camellia_EncryptBlock->camellia_encrypt128
Camellia_EncryptBlock->camellia_encrypt256
ciph_init->hc_AES_set_encrypt_key
hc_EVP_pkcs11_sha1->p11_mech_available_p
hc_EVP_CipherInit_ex->llvm.memcpy.p0i8.p0i8.i64
hc_EVP_CipherInit_ex->calloc
hc_EVP_CipherInit_ex->__assert_fail
hc_EVP_CipherInit_ex->hc_EVP_CIPHER_block_size
hc_EVP_CipherInit_ex->hc_EVP_CIPHER_CTX_cleanup
hc_EVP_CipherInit_ex->hc_EVP_CIPHER_CTX_iv_length
hc_EVP_CipherInit_ex->hc_EVP_CIPHER_CTX_mode
hc_EVP_CipherInit_ex->hc_EVP_CIPHER_CTX_ctrl
hc_DES_cbc_cksum->llvm.memcpy.p0i8.p0i8.i64
hc_DES_cbc_cksum->llvm.memset.p0i8.i64
hc_DES_cbc_cksum->hc_DES_encrypt
hc_DES_cbc_cksum->load
hc_DES_cbc_cksum->store
mp_clear_multi->mp_clear
mp_clear_multi->llvm.va_start
mp_clear_multi->llvm.va_end
mp_exch->llvm.memcpy.p0i8.p0i8.i64
setup_blind->mp_mod
setup_blind->mp_invmod
setup_blind->mp_count_bits
setup_blind->random_num
hc_RAND_add->fortuna_add
hc_RAND_add->init_method
ossl_md_cleanup->EVP_MD_CTX_free
hc_EVP_CIPHER_CTX_rand_key->hc_EVP_CIPHER_CTX_ctrl
hc_EVP_CIPHER_CTX_rand_key->hc_RAND_bytes
s_mp_sqr->mp_clear
s_mp_sqr->mp_exch
s_mp_sqr->mp_clamp
s_mp_sqr->mp_init_size
hc_RSA_new->hc_RSA_new_method
fortuna_cleanup->llvm.memset.p0i8.i64
fortuna_cleanup->pthread_mutex_lock
fortuna_cleanup->pthread_mutex_unlock
hc_EVP_Digest->hc_EVP_MD_CTX_create
hc_EVP_Digest->hc_EVP_MD_CTX_destroy
hc_EVP_Digest->hc_EVP_DigestInit_ex
hc_EVP_Digest->hc_EVP_DigestUpdate
hc_EVP_Digest->hc_EVP_DigestFinal_ex
ciph_encrypt->hc_AES_encrypt
p11_sha1_init->p11_md_hash_init
hc_DES_string_to_key->llvm.memset.p0i8.i64
hc_DES_string_to_key->strlen
hc_DES_string_to_key->hc_DES_set_odd_parity
hc_DES_string_to_key->hc_DES_is_weak_key
hc_DES_string_to_key->hc_DES_set_key
hc_DES_string_to_key->hc_DES_cbc_cksum
hc_DES_string_to_key->bitswap8
mp_invmod_slow->mp_exch
mp_invmod_slow->mp_set
mp_invmod_slow->mp_copy
mp_invmod_slow->mp_cmp_mag
mp_invmod_slow->mp_cmp
mp_invmod_slow->mp_cmp_d
mp_invmod_slow->mp_div_2
mp_invmod_slow->mp_add
mp_invmod_slow->mp_sub
mp_invmod_slow->mp_mod
mp_invmod_slow->mp_init_multi
mp_invmod_slow->mp_clear_multi
blind->mp_init
blind->mp_clear
blind->mp_mul
blind->mp_mod
blind->mp_exptmod
hc_RAND_pseudo_bytes->fortuna_pseudorand
hc_RAND_pseudo_bytes->init_method
hc_HMAC_CTX_init->llvm.memset.p0i8.i64
mp_add->mp_cmp_mag
mp_add->s_mp_add
mp_add->s_mp_sub
hc_RSA_new_method->free
hc_RSA_new_method->calloc
hc_RSA_new_method->hc_ENGINE_finish
hc_RSA_new_method->hc_ENGINE_up_ref
hc_RSA_new_method->hc_ENGINE_get_RSA
hc_RSA_new_method->hc_ENGINE_get_default_RSA
hc_RSA_new_method->hc_RSA_get_default_method
fortuna_add->fortuna_seed
hc_EVP_sha256->hc_EVP_ossl_sha256
hc_EVP_sha256->hc_hcrypto_validate
mp_read_unsigned_bin->mp_grow
mp_read_unsigned_bin->mp_clamp
mp_read_unsigned_bin->mp_zero
mp_read_unsigned_bin->mp_mul_2d
hc_EVP_pkcs11_sha256->p11_mech_available_p
hc_EVP_CipherUpdate->llvm.memcpy.p0i8.p0i8.i64
hc_EVP_CipherUpdate->llvm.memset.p0i8.i64
hc_EVP_CipherUpdate->__assert_fail
hc_EVP_CipherUpdate->hc_EVP_CIPHER_CTX_block_size
hc_AES_set_encrypt_key->_hc_rijndaelKeySetupEnc
mp_grow->realloc
ltm_rsa_private_calculate->mp_add
ltm_rsa_private_calculate->mp_sub
ltm_rsa_private_calculate->mp_mul
ltm_rsa_private_calculate->mp_mod
ltm_rsa_private_calculate->mp_exptmod
ltm_rsa_private_calculate->mp_init_multi
ltm_rsa_private_calculate->mp_clear_multi
hc_RAND_status->fortuna_status
hc_RAND_status->init_method
hc_HMAC_CTX_cleanup->free
hc_HMAC_CTX_cleanup->llvm.memset.p0i8.i64
hc_HMAC_CTX_cleanup->hc_EVP_MD_block_size
hc_HMAC_CTX_cleanup->hc_EVP_MD_CTX_destroy
ltm_dh_generate_key->mp_clear
ltm_dh_generate_key->mp_exptmod
ltm_dh_generate_key->mp_init_multi
ltm_dh_generate_key->mp_clear_multi
ltm_dh_generate_key->hc_BN_new
ltm_dh_generate_key->hc_BN_free
ltm_dh_generate_key->hc_BN_clear_free
ltm_dh_generate_key->hc_BN_num_bits
ltm_dh_generate_key->hc_BN_rand
ltm_dh_generate_key->hc_DH_check_pubkey
ltm_dh_generate_key->BN2mpz
ltm_dh_generate_key->mpz2BN
hc_BN_set_bit->realloc
hc_BN_set_bit->llvm.memset.p0i8.i64
mp_sub->mp_cmp_mag
mp_sub->s_mp_add
mp_sub->s_mp_sub
hc_UI_UTIL_read_pw_string->malloc
hc_UI_UTIL_read_pw_string->free
hc_UI_UTIL_read_pw_string->strcmp
hc_UI_UTIL_read_pw_string->read_string
fortuna_pseudorand->fortuna_bytes
hc_EVP_sha384->hc_EVP_ossl_sha384
hc_EVP_sha384->hc_hcrypto_validate
Camellia_DecryptBlock->camellia_decrypt128
Camellia_DecryptBlock->camellia_decrypt256
mp_to_unsigned_bin->mp_clear
mp_to_unsigned_bin->mp_init_copy
mp_to_unsigned_bin->mp_div_2d
mp_to_unsigned_bin->bn_reverse
p11_sha256_init->p11_md_hash_init
hc_EVP_CipherFinal_ex->llvm.memset.p0i8.i64
hc_EVP_CipherFinal_ex->__assert_fail
hc_EVP_CipherFinal_ex->hc_EVP_CIPHER_CTX_block_size
hc_DES_read_password->hc_DES_string_to_key
hc_DES_read_password->hc_UI_UTIL_read_pw_string
hc_AES_decrypt_key->_hc_rijndaelKeySetupDec
unblind->mp_mul
unblind->mp_mod
hc_RAND_set_rand_method->hc_ENGINE_finish
hc_RAND_set_rand_method->fortuna_cleanup
hc_HMAC_size->hc_EVP_MD_size
ltm_dh_compute_key->mp_cmp
ltm_dh_compute_key->mp_cmp_d
ltm_dh_compute_key->mp_exptmod
ltm_dh_compute_key->mp_to_unsigned_bin
ltm_dh_compute_key->mp_unsigned_bin_size
ltm_dh_compute_key->mp_init_multi
ltm_dh_compute_key->mp_clear_multi
ltm_dh_compute_key->BN2mpz
mp_karatsuba_mul->mp_clear
mp_karatsuba_mul->mp_clamp
mp_karatsuba_mul->mp_init_size
mp_karatsuba_mul->mp_lshd
mp_karatsuba_mul->s_mp_add
mp_karatsuba_mul->s_mp_sub
mp_karatsuba_mul->mp_add
mp_karatsuba_mul->mp_mul
read_string->llvm.memcpy.p0i8.p0i8.i64
read_string->llvm.memset.p0i8.i64
read_string->fprintf
read_string->sigemptyset
read_string->sigaction
read_string->fopen
read_string->rk_cloexec_file
read_string->fflush
read_string->fileno
read_string->tcgetattr
read_string->tcsetattr
read_string->_IO_getc
read_string->ferror
read_string->fclose
hc_RSA_free->free
hc_RSA_free->hc_BN_free
hc_RSA_free->llvm.memset.p0i8.i64
hc_RSA_free->abort
hc_RSA_free->hc_ENGINE_finish
fortuna_status->pthread_mutex_lock
fortuna_status->fortuna_init
fortuna_status->pthread_mutex_unlock
camellia_init->hc_CAMELLIA_set_encrypt_key
hc_EVP_sha512->hc_EVP_ossl_sha512
hc_EVP_sha512->hc_hcrypto_validate
mp_unsigned_bin_size->mp_count_bits
timer_bytes->llvm.memcpy.p0i8.p0i8.i64
timer_bytes->fake_signal
timer_bytes->setitimer
hc_ENGINE_new->calloc
hc_EVP_ossl_des_cbc->hc_EVP_hcrypto_des_cbc
hc_EVP_ossl_des_cbc->get_EVP_CIPHER
hc_DH_new->hc_DH_new_method
hc_AES_encrypt->_hc_rijndaelEncrypt
hc_RAND_get_rand_method->init_method
hc_HMAC_Init_ex->malloc
hc_HMAC_Init_ex->free
hc_HMAC_Init_ex->llvm.memset.p0i8.i64
hc_HMAC_Init_ex->hc_EVP_MD_size
hc_HMAC_Init_ex->hc_EVP_MD_block_size
hc_HMAC_Init_ex->hc_EVP_MD_CTX_create
hc_HMAC_Init_ex->hc_EVP_DigestInit_ex
hc_HMAC_Init_ex->hc_EVP_DigestUpdate
hc_HMAC_Init_ex->hc_EVP_Digest
ossl_md_init->EVP_MD_CTX_free
ossl_md_init->EVP_MD_CTX_new
ossl_md_init->EVP_DigestInit
hc_BN_set_word->hc_BN_bin2bn
mp_mul->fast_s_mp_mul_digs
mp_mul->s_mp_mul_digs
mp_mul->mp_karatsuba_mul
mp_mul->mp_toom_mul
camellia_do_cipher->hc_CAMELLIA_cbc_encrypt
hc_EVP_sha1->hc_EVP_ossl_sha1
hc_EVP_sha1->hc_hcrypto_validate
mp_montgomery_calc_normalization->mp_set
mp_montgomery_calc_normalization->mp_cmp_mag
mp_montgomery_calc_normalization->mp_mul_2
mp_montgomery_calc_normalization->s_mp_sub
mp_montgomery_calc_normalization->mp_2expt
mp_montgomery_calc_normalization->mp_count_bits
hc_d2i_RSAPrivateKey->_hc_integer_to_BN
hc_d2i_RSAPrivateKey->hc_RSA_new
hc_d2i_RSAPrivateKey->hc_RSA_free
hc_d2i_RSAPrivateKey->decode_RSAPrivateKey
hc_d2i_RSAPrivateKey->free_RSAPrivateKey
hc_ENGINE_free->hc_ENGINE_finish
hc_EVP_ossl_aes_128_cbc->hc_EVP_hcrypto_aes_128_cbc
hc_EVP_ossl_aes_128_cbc->get_EVP_CIPHER
hc_DH_new_method->free
hc_DH_new_method->calloc
hc_DH_new_method->hc_DH_get_default_method
hc_DH_new_method->ltm_dh_init
hc_DH_new_method->hc_ENGINE_finish
hc_DH_new_method->hc_ENGINE_up_ref
hc_DH_new_method->hc_ENGINE_get_DH
hc_DH_new_method->hc_ENGINE_get_default_DH
hc_AES_decrypt->_hc_rijndaelDecrypt
hc_SHA1_Update->llvm.memcpy.p0i8.p0i8.i64
hc_SHA1_Update->swap_uint32_t
hc_SHA1_Update->calc.206
hc_RAND_set_rand_engine->hc_ENGINE_finish
hc_RAND_set_rand_engine->hc_ENGINE_up_ref
hc_RAND_set_rand_engine->hc_ENGINE_get_RAND
hc_RAND_set_rand_engine->fortuna_cleanup
hc_HMAC_Update->hc_EVP_DigestUpdate
aes_init->hc_AES_set_encrypt_key
aes_init->hc_AES_decrypt_key
aes_init->hc_EVP_CIPHER_CTX_mode
mp_karatsuba_sqr->mp_clear
mp_karatsuba_sqr->mp_clamp
mp_karatsuba_sqr->mp_init_size
mp_karatsuba_sqr->mp_lshd
mp_karatsuba_sqr->s_mp_add
mp_karatsuba_sqr->s_mp_sub
mp_karatsuba_sqr->mp_add
mp_karatsuba_sqr->mp_sqr
fortuna_init->init_state
fortuna_init->fortuna_reseed
hc_EVP_sha->hc_EVP_sha1
hc_EVP_sha->hc_hcrypto_validate
mp_prime_is_divisible->mp_mod_d
hc_ENGINE_finish->free
hc_ENGINE_finish->llvm.memset.p0i8.i64
hc_ENGINE_finish->abort
hc_EVP_ossl_aes_192_cbc->hc_EVP_hcrypto_aes_192_cbc
hc_EVP_ossl_aes_192_cbc->get_EVP_CIPHER
hc_AES_cbc_encrypt->llvm.memcpy.p0i8.p0i8.i64
hc_AES_cbc_encrypt->hc_AES_encrypt
hc_AES_cbc_encrypt->hc_AES_decrypt
mp_set->mp_zero
swap_uint32_t->cshift.207
hc_RAND_load_file->open
hc_RAND_load_file->rk_cloexec
hc_RAND_load_file->read
hc_RAND_load_file->close
hc_RAND_load_file->hc_RAND_seed
hc_HMAC_Final->hc_EVP_MD_block_size
hc_HMAC_Final->hc_EVP_DigestInit_ex
hc_HMAC_Final->hc_EVP_DigestUpdate
hc_HMAC_Final->hc_EVP_DigestFinal_ex
aes_do_cipher->hc_AES_cbc_encrypt
aes_do_cipher->hc_AES_cfb8_encrypt
aes_do_cipher->hc_EVP_CIPHER_CTX_mode
hc_BN_rand->malloc
hc_BN_rand->free
hc_BN_rand->hc_BN_clear
hc_BN_rand->hc_BN_set_bit
hc_BN_rand->hc_BN_clear_bit
hc_BN_rand->hc_RAND_bytes
mp_sqr->fast_s_mp_sqr
mp_sqr->s_mp_sqr
mp_sqr->mp_karatsuba_sqr
mp_sqr->mp_toom_sqr
hc_RSA_set_method->hc_ENGINE_finish
hc_EVP_md5->hc_EVP_ossl_md5
hc_EVP_md5->hc_hcrypto_validate
mp_prime_miller_rabin->mp_init
mp_prime_miller_rabin->mp_clear
mp_prime_miller_rabin->mp_init_copy
mp_prime_miller_rabin->mp_cmp
mp_prime_miller_rabin->mp_cmp_d
mp_prime_miller_rabin->mp_div_2d
mp_prime_miller_rabin->mp_sub_d
mp_prime_miller_rabin->mp_sqrmod
mp_prime_miller_rabin->mp_exptmod
mp_prime_miller_rabin->mp_cnt_lsb
timer_pseudorand->timer_bytes
hc_ENGINE_up_ref->abort
hc_EVP_ossl_aes_256_cbc->hc_EVP_hcrypto_aes_256_cbc
hc_EVP_ossl_aes_256_cbc->get_EVP_CIPHER
enc_null_do_cipher->llvm.memmove.p0i8.p0i8.i64
hc_DH_free->free
hc_DH_free->hc_BN_free
hc_DH_free->llvm.memset.p0i8.i64
hc_DH_free->abort
hc_DH_free->hc_ENGINE_finish
hc_AES_cfb8_encrypt->llvm.memcpy.p0i8.p0i8.i64
hc_AES_cfb8_encrypt->hc_AES_encrypt
mp_init_size->malloc
calc.206->cshift.207
hc_RAND_write_file->open
hc_RAND_write_file->rk_cloexec
hc_RAND_write_file->close
hc_RAND_write_file->write
hc_RAND_write_file->hc_RAND_bytes
hc_HMAC->hc_HMAC_CTX_init
hc_HMAC->hc_HMAC_CTX_cleanup
hc_HMAC->hc_HMAC_Init_ex
hc_HMAC->hc_HMAC_Update
hc_HMAC->hc_HMAC_Final
hc_EVP_ossl_md4->hc_EVP_hcrypto_md4
hc_EVP_ossl_md4->get_EVP_MD
BN2mpz->malloc
BN2mpz->free
BN2mpz->mp_read_unsigned_bin
BN2mpz->hc_BN_num_bytes
BN2mpz->hc_BN_bn2bin
hc_BN_uadd->malloc
hc_BN_uadd->llvm.memcpy.p0i8.p0i8.i64
hc_BN_uadd->hc_BN_clear
hc_BN_uadd->llvm.memmove.p0i8.p0i8.i64
mp_div->mp_init
mp_div->mp_clear
mp_div->mp_exch
mp_div->mp_clamp
mp_div->mp_zero
mp_div->mp_init_size
mp_div->mp_copy
mp_div->mp_init_copy
mp_div->mp_cmp_mag
mp_div->mp_cmp
mp_div->mp_rshd
mp_div->mp_lshd
mp_div->mp_div_2d
mp_div->mp_mul_2d
mp_div->mp_add
mp_div->mp_sub
mp_div->mp_mul_d
mp_div->mp_count_bits
init_state->llvm.memset.p0i8.i64
init_state->getpid
init_state->md_init
hc_EVP_pkcs11_aes_128_cbc->p11_mech_available_p
hc_EVP_md4->hc_EVP_ossl_md4
hc_EVP_md4->hc_hcrypto_validate
hc_DES_is_weak_key->ct_memcmp
mp_prime_is_prime->mp_init
mp_prime_is_prime->mp_clear
mp_prime_is_prime->mp_set
mp_prime_is_prime->mp_cmp_d
mp_prime_is_prime->mp_prime_is_divisible
mp_prime_is_prime->mp_prime_miller_rabin
hc_i2d_RSAPrivateKey->malloc
hc_i2d_RSAPrivateKey->free
hc_i2d_RSAPrivateKey->llvm.memcpy.p0i8.p0i8.i64
hc_i2d_RSAPrivateKey->llvm.memset.p0i8.i64
hc_i2d_RSAPrivateKey->abort
hc_i2d_RSAPrivateKey->_hc_BN_to_integer
hc_i2d_RSAPrivateKey->free_RSAPrivateKey
hc_i2d_RSAPrivateKey->length_RSAPrivateKey
hc_i2d_RSAPrivateKey->encode_RSAPrivateKey
hc_ENGINE_set_id->strdup
hc_EVP_ossl_aes_128_cfb8->hc_EVP_hcrypto_aes_128_cfb8
hc_EVP_ossl_aes_128_cfb8->get_EVP_CIPHER
hc_BN_new->calloc
mp_copy->mp_grow
hc_RAND_file_name->issuid
hc_RAND_file_name->getenv
hc_RAND_file_name->close
hc_RAND_file_name->_hc_unix_device_fd
hc_RAND_file_name->snprintf
hc_MD2_Init->llvm.memset.p0i8.i64
ossl_init_md4->ossl_md_init
mpz2BN->malloc
mpz2BN->free
mpz2BN->mp_to_unsigned_bin
mpz2BN->mp_unsigned_bin_size
mpz2BN->hc_BN_bin2bn
mp_mod->mp_init
mp_mod->mp_clear
mp_mod->mp_exch
mp_mod->mp_add
mp_mod->mp_div
fortuna_reseed->llvm.memset.p0i8.i64
fortuna_reseed->abort
fortuna_reseed->add_entropy
fortuna_reseed->open
fortuna_reseed->rk_cloexec
fortuna_reseed->read
fortuna_reseed->close
fortuna_reseed->getpid
fortuna_reseed->gettimeofday
fortuna_reseed->getuid
fortuna_reseed->timer_bytes
fortuna_reseed->unix_bytes
hc_EVP_pkcs11_aes_192_cbc->p11_mech_available_p
rc4_init->hc_RC4_set_key
hc_EVP_md2->hc_EVP_ossl_md2
hc_EVP_md2->hc_hcrypto_validate
mp_find_prime->mp_add_d
mp_find_prime->mp_prime_is_prime
hc_EVP_ossl_aes_192_cfb8->hc_EVP_hcrypto_aes_192_cfb8
hc_EVP_ossl_aes_192_cfb8->get_EVP_CIPHER
hc_EVP_rc2_cbc->hc_EVP_ossl_rc2_cbc
hc_EVP_rc2_cbc->hc_hcrypto_validate
hc_DH_size->hc_BN_num_bytes
mp_init_copy->mp_init
mp_init_copy->mp_copy
hc_SHA1_Final->llvm.memset.p0i8.i64
hc_SHA1_Final->hc_SHA1_Update
hc_MD2_Update->llvm.memcpy.p0i8.p0i8.i64
hc_MD2_Update->calc
hc_EVP_ossl_md5->hc_EVP_hcrypto_md5
hc_EVP_ossl_md5->get_EVP_MD
hc_DSA_new->calloc
hc_DSA_new->hc_DSA_get_default_method
mp_add_d->mp_grow
mp_add_d->mp_clamp
mp_add_d->mp_sub_d
hc_RSA_check_key->malloc
hc_RSA_check_key->free
hc_RSA_check_key->ct_memcmp
hc_RSA_check_key->hc_RSA_size
hc_RSA_check_key->hc_RSA_private_encrypt
hc_RSA_check_key->hc_RSA_public_decrypt
add_entropy->llvm.memset.p0i8.i64
add_entropy->md_init
add_entropy->md_update
add_entropy->md_result
add_entropy->get_rand_pool
hc_EVP_pkcs11_aes_256_cbc->p11_mech_available_p
rc4_do_cipher->hc_RC4
hc_DES_set_key->hc_DES_set_key_checked
mp_dr_reduce->mp_grow
mp_dr_reduce->mp_clamp
mp_dr_reduce->mp_cmp_mag
mp_dr_reduce->s_mp_sub
fake_signal->sigemptyset
fake_signal->sigaction
hc_ENGINE_set_name->strdup
hc_EVP_ossl_aes_256_cfb8->hc_EVP_hcrypto_aes_256_cfb8
hc_EVP_ossl_aes_256_cfb8->get_EVP_CIPHER
hc_EVP_rc2_40_cbc->hc_EVP_ossl_rc2_40_cbc
hc_EVP_rc2_40_cbc->hc_hcrypto_validate
hc_BN_free->free
hc_BN_free->hc_BN_clear
mp_abs->mp_copy
hc_RC2_set_key->llvm.memset.p0i8.i64
hc_RC2_set_key->abort
calc->llvm.memcpy.p0i8.p0i8.i64
calc->llvm.memset.p0i8.i64
ossl_init_md5->ossl_md_init
mp_sub_d->mp_grow
mp_sub_d->mp_clamp
mp_sub_d->mp_add_d
hc_RSA_size->hc_BN_num_bytes
hc_EVP_pkcs11_aes_128_cfb8->p11_mech_available_p
hc_DES_set_key_checked->llvm.memset.p0i8.i64
hc_DES_set_key_checked->hc_DES_check_key_parity
hc_DES_set_key_checked->hc_DES_is_weak_key
hc_DES_set_key_checked->hc_DES_set_key_unchecked
hc_i2d_RSAPublicKey->malloc
hc_i2d_RSAPublicKey->free
hc_i2d_RSAPublicKey->llvm.memcpy.p0i8.p0i8.i64
hc_i2d_RSAPublicKey->llvm.memset.p0i8.i64
hc_i2d_RSAPublicKey->abort
hc_i2d_RSAPublicKey->_hc_BN_to_integer
hc_i2d_RSAPublicKey->free_RSAPublicKey
hc_i2d_RSAPublicKey->length_RSAPublicKey
hc_i2d_RSAPublicKey->encode_RSAPublicKey
hc_EVP_ossl_rc2_cbc->hc_EVP_hcrypto_rc2_cbc
hc_EVP_ossl_rc2_cbc->get_EVP_CIPHER
hc_EVP_rc2_64_cbc->hc_EVP_ossl_rc2_64_cbc
hc_EVP_rc2_64_cbc->hc_hcrypto_validate
hc_BN_clear->free
hc_BN_clear->llvm.memset.p0i8.i64
hc_SHA256_Update->llvm.memcpy.p0i8.p0i8.i64
hc_SHA256_Update->swap_uint32_t.214
hc_SHA256_Update->calc.215
hc_MD2_Final->llvm.memcpy.p0i8.p0i8.i64
hc_MD2_Final->llvm.memset.p0i8.i64
hc_MD2_Final->hc_MD2_Update
hc_EVP_ossl_sha1->hc_EVP_hcrypto_sha1
hc_EVP_ossl_sha1->get_EVP_MD
hc_DSA_free->free
hc_DSA_free->hc_BN_free
hc_DSA_free->llvm.memset.p0i8.i64
hc_DSA_free->abort
hc_BN_CTX_new->calloc
mp_mul_d->mp_grow
mp_mul_d->mp_clamp
hc_EVP_pkcs11_aes_192_cfb8->p11_mech_available_p
hc_EVP_ossl_des_ede3_cbc->hc_EVP_hcrypto_des_ede3_cbc
hc_EVP_ossl_des_ede3_cbc->get_EVP_CIPHER
hc_DES_set_key_unchecked->llvm.memset.p0i8.i64
hc_EVP_ossl_rc2_40_cbc->hc_EVP_hcrypto_rc2_40_cbc
hc_EVP_ossl_rc2_40_cbc->get_EVP_CIPHER
hc_EVP_rc4->hc_EVP_ossl_rc4
hc_EVP_rc4->hc_hcrypto_validate
mp_cmp->mp_cmp_mag
swap_uint32_t.214->cshift.216
ossl_init_sha1->ossl_md_init
hc_BN_CTX_free->free
hc_BN_CTX_free->hc_BN_free
mp_div_d->mp_clear
mp_div_d->mp_exch
mp_div_d->mp_clamp
mp_div_d->mp_init_size
mp_div_d->mp_copy
mp_div_d->mp_div_2d
mp_div_d->s_is_power_of_two
mp_div_d->mp_div_3
hc_EVP_pkcs11_aes_256_cfb8->p11_mech_available_p
get_EVP_CIPHER->heim_base_once_f
hc_DES_key_sched->hc_DES_set_key_checked
mp_reduce_setup->mp_div
mp_reduce_setup->mp_2expt
hc_EVP_ossl_rc2_64_cbc->hc_EVP_hcrypto_rc2_64_cbc
hc_EVP_ossl_rc2_64_cbc->get_EVP_CIPHER
hc_EVP_rc4_40->hc_EVP_ossl_rc4_40
hc_EVP_rc4_40->hc_hcrypto_validate
hc_DH_check_pubkey->hc_BN_new
hc_DH_check_pubkey->hc_BN_free
hc_DH_check_pubkey->hc_BN_num_bits
hc_DH_check_pubkey->hc_BN_cmp
hc_DH_check_pubkey->hc_BN_is_negative
hc_DH_check_pubkey->hc_BN_is_bit_set
hc_DH_check_pubkey->hc_BN_set_word
hc_DH_check_pubkey->hc_BN_uadd
hc_BN_clear_free->hc_BN_free
hc_RC2_cbc_encrypt->llvm.memcpy.p0i8.p0i8.i64
hc_RC2_cbc_encrypt->hc_RC2_encryptc
hc_RC2_cbc_encrypt->hc_RC2_decryptc
hc_MD4_Update->llvm.memcpy.p0i8.p0i8.i64
hc_MD4_Update->calc.144
hc_EVP_ossl_sha256->hc_EVP_hcrypto_sha256
hc_EVP_ossl_sha256->get_EVP_MD
hc_BN_CTX_get->realloc
hc_BN_CTX_get->hc_BN_new
hc_EVP_pkcs11_rc2_cbc->p11_mech_available_p
get_EVP_CIPHER_once_cb->llvm.memset.p0i8.i64
get_EVP_CIPHER_once_cb->OBJ_nid2sn
get_EVP_CIPHER_once_cb->EVP_get_cipherbyname
get_EVP_CIPHER_once_cb->EVP_CIPHER_nid
get_EVP_CIPHER_once_cb->EVP_CIPHER_block_size
get_EVP_CIPHER_once_cb->EVP_CIPHER_key_length
get_EVP_CIPHER_once_cb->EVP_CIPHER_iv_length
hc_DES_encrypt->IP
hc_DES_encrypt->desx
hc_DES_encrypt->FP
mp_toom_mul->mp_copy
mp_toom_mul->mp_rshd
mp_toom_mul->mp_lshd
mp_toom_mul->mp_mod_2d
mp_toom_mul->mp_mul_2d
mp_toom_mul->mp_div_2
mp_toom_mul->mp_mul_2
mp_toom_mul->mp_add
mp_toom_mul->mp_sub
mp_toom_mul->mp_mul
mp_toom_mul->mp_mul_d
mp_toom_mul->mp_div_3
mp_toom_mul->mp_init_multi
mp_toom_mul->mp_clear_multi
_hc_unix_device_fd->open
_hc_unix_device_fd->rk_cloexec
hc_EVP_ossl_camellia_128_cbc->hc_EVP_hcrypto_camellia_128_cbc
hc_EVP_ossl_camellia_128_cbc->get_EVP_CIPHER
hc_EVP_des_cbc->hc_EVP_ossl_des_cbc
hc_EVP_des_cbc->hc_hcrypto_validate
hc_BN_dup->hc_BN_new
hc_BN_dup->hc_BN_free
hc_BN_dup->der_copy_heim_integer
mp_rshd->mp_zero
calc.144->cshift
ossl_init_sha256->ossl_md_init
hc_BN_CTX_start->realloc
hc_BN_CTX_start->abort
mp_mod_d->mp_div_d
hc_EVP_pkcs11_rc2_40_cbc->p11_mech_available_p
mp_toom_sqr->mp_copy
mp_toom_sqr->mp_rshd
mp_toom_sqr->mp_lshd
mp_toom_sqr->mp_mod_2d
mp_toom_sqr->mp_mul_2d
mp_toom_sqr->mp_div_2
mp_toom_sqr->mp_mul_2
mp_toom_sqr->mp_add
mp_toom_sqr->mp_sub
mp_toom_sqr->mp_sqr
mp_toom_sqr->mp_mul_d
mp_toom_sqr->mp_div_3
mp_toom_sqr->mp_init_multi
mp_toom_sqr->mp_clear_multi
hc_d2i_RSAPublicKey->_hc_integer_to_BN
hc_d2i_RSAPublicKey->hc_RSA_new
hc_d2i_RSAPublicKey->hc_RSA_free
hc_d2i_RSAPublicKey->free_RSAPublicKey
hc_d2i_RSAPublicKey->decode_RSAPublicKey
hc_EVP_ossl_camellia_192_cbc->hc_EVP_hcrypto_camellia_192_cbc
hc_EVP_ossl_camellia_192_cbc->get_EVP_CIPHER
hc_EVP_des_ede3_cbc->hc_EVP_ossl_des_ede3_cbc
hc_EVP_des_ede3_cbc->hc_hcrypto_validate
hc_DH_compute_key->hc_DH_check_pubkey
mp_lshd->mp_grow
hc_SHA256_Final->llvm.memset.p0i8.i64
hc_SHA256_Final->hc_SHA256_Update
hc_EVP_ossl_sha384->hc_EVP_hcrypto_sha384
hc_EVP_ossl_sha384->get_EVP_MD
mp_mulmod->mp_init
mp_mulmod->mp_clear
mp_mulmod->mp_mul
mp_mulmod->mp_mod
hc_RSA_sign->malloc
hc_RSA_sign->free
hc_RSA_sign->llvm.memcpy.p0i8.p0i8.i64
hc_RSA_sign->llvm.memset.p0i8.i64
hc_RSA_sign->abort
hc_RSA_sign->length_DigestInfo
hc_RSA_sign->encode_DigestInfo
hc_EVP_pkcs11_rc2_64_cbc->p11_mech_available_p
mp_div_3->mp_clear
mp_div_3->mp_exch
mp_div_3->mp_clamp
mp_div_3->mp_init_size
unix_seed->close
unix_seed->_hc_unix_device_fd
unix_seed->__errno_location
unix_seed->write
hc_EVP_ossl_camellia_256_cbc->hc_EVP_hcrypto_camellia_256_cbc
hc_EVP_ossl_camellia_256_cbc->get_EVP_CIPHER
hc_EVP_aes_128_cbc->hc_EVP_ossl_aes_128_cbc
hc_EVP_aes_128_cbc->hc_hcrypto_validate
hc_DH_set_method->hc_ENGINE_finish
mp_mod_2d->mp_clamp
mp_mod_2d->mp_zero
mp_mod_2d->mp_copy
hc_MD4_Final->llvm.memset.p0i8.i64
hc_MD4_Final->hc_MD4_Update
ossl_init_sha384->ossl_md_init
hc_BN_CTX_end->hc_BN_clear
hc_BN_CTX_end->abort
mp_sqrmod->mp_init
mp_sqrmod->mp_clear
mp_sqrmod->mp_sqr
mp_sqrmod->mp_mod
hc_EVP_pkcs11_rc4->p11_mech_available_p
hc_EVP_CIPHER_CTX_init->llvm.memset.p0i8.i64
s_mp_exptmod->mp_init
s_mp_exptmod->mp_clear
s_mp_exptmod->mp_exch
s_mp_exptmod->mp_set
s_mp_exptmod->mp_copy
s_mp_exptmod->mp_mul
s_mp_exptmod->mp_sqr
s_mp_exptmod->mp_mod
s_mp_exptmod->mp_reduce
s_mp_exptmod->mp_count_bits
s_mp_exptmod->mp_reduce_setup
s_mp_exptmod->mp_reduce_2k_l
s_mp_exptmod->mp_reduce_2k_setup_l
unix_bytes->read
unix_bytes->close
unix_bytes->_hc_unix_device_fd
unix_bytes->__errno_location
hc_EVP_ossl_rc4->hc_EVP_hcrypto_rc4
hc_EVP_ossl_rc4->get_EVP_CIPHER
hc_EVP_aes_192_cbc->hc_EVP_ossl_aes_192_cbc
hc_EVP_aes_192_cbc->hc_hcrypto_validate
mp_div_2d->mp_init
mp_div_2d->mp_clear
mp_div_2d->mp_exch
mp_div_2d->mp_clamp
mp_div_2d->mp_zero
mp_div_2d->mp_copy
mp_div_2d->mp_rshd
mp_div_2d->mp_mod_2d
hc_SHA512_Update->llvm.memcpy.p0i8.p0i8.i64
hc_SHA512_Update->swap_uint64_t
hc_SHA512_Update->calc.223
_hc_rijndaelKeySetupDec->_hc_rijndaelKeySetupEnc
hc_EVP_ossl_sha512->hc_EVP_hcrypto_sha512
hc_EVP_ossl_sha512->get_EVP_MD
_hc_BN_to_integer->malloc
_hc_BN_to_integer->hc_BN_num_bytes
_hc_BN_to_integer->hc_BN_bn2bin
_hc_BN_to_integer->hc_BN_is_negative
mp_gcd->mp_clear
mp_gcd->mp_exch
mp_gcd->mp_init_copy
mp_gcd->mp_abs
mp_gcd->mp_cmp_mag
mp_gcd->mp_div_2d
mp_gcd->mp_mul_2d
mp_gcd->s_mp_sub
mp_gcd->mp_cnt_lsb
md_init->hc_SHA256_Init
hc_EVP_pkcs11_rc4_40->p11_mech_available_p
hc_EVP_CIPHER_CTX_cleanup->free
hc_EVP_CIPHER_CTX_cleanup->llvm.memset.p0i8.i64
hc_DES_ecb_encrypt->hc_DES_encrypt
hc_DES_ecb_encrypt->load
hc_DES_ecb_encrypt->store
mp_reduce_2k->mp_init
mp_reduce_2k->mp_clear
mp_reduce_2k->mp_cmp_mag
mp_reduce_2k->mp_div_2d
mp_reduce_2k->s_mp_add
mp_reduce_2k->s_mp_sub
mp_reduce_2k->mp_mul_d
mp_reduce_2k->mp_count_bits
ltm_rsa_public_encrypt->malloc
ltm_rsa_public_encrypt->mp_clear
ltm_rsa_public_encrypt->free
ltm_rsa_public_encrypt->llvm.memcpy.p0i8.p0i8.i64
ltm_rsa_public_encrypt->mp_cmp_d
ltm_rsa_public_encrypt->mp_exptmod
ltm_rsa_public_encrypt->mp_read_unsigned_bin
ltm_rsa_public_encrypt->mp_to_unsigned_bin
ltm_rsa_public_encrypt->mp_unsigned_bin_size
ltm_rsa_public_encrypt->mp_init_multi
ltm_rsa_public_encrypt->mp_clear_multi
ltm_rsa_public_encrypt->__assert_fail
ltm_rsa_public_encrypt->hc_RAND_bytes
ltm_rsa_public_encrypt->hc_RSA_size
ltm_rsa_public_encrypt->BN2mpz.195
hc_EVP_ossl_rc4_40->hc_EVP_hcrypto_rc4_40
hc_EVP_ossl_rc4_40->get_EVP_CIPHER
hc_EVP_aes_256_cbc->hc_EVP_ossl_aes_256_cbc
hc_EVP_aes_256_cbc->hc_hcrypto_validate
hc_BN_bin2bn->malloc
hc_BN_bin2bn->llvm.memcpy.p0i8.p0i8.i64
hc_BN_bin2bn->hc_BN_new
hc_BN_bin2bn->hc_BN_free
hc_BN_bin2bn->hc_BN_clear
mp_mul_2d->mp_grow
mp_mul_2d->mp_clamp
mp_mul_2d->mp_copy
mp_mul_2d->mp_lshd
swap_uint64_t->cshift64
hc_MD5_Update->llvm.memcpy.p0i8.p0i8.i64
hc_MD5_Update->calc.151
ossl_init_sha512->ossl_md_init
hc_EVP_MD_CTX_create->calloc
_hc_integer_to_BN->hc_BN_bin2bn
_hc_integer_to_BN->hc_BN_set_negative
fast_mp_invmod->mp_exch
fast_mp_invmod->mp_set
fast_mp_invmod->mp_copy
fast_mp_invmod->mp_cmp
fast_mp_invmod->mp_cmp_d
fast_mp_invmod->mp_div_2
fast_mp_invmod->mp_add
fast_mp_invmod->mp_sub
fast_mp_invmod->mp_mod
fast_mp_invmod->mp_init_multi
fast_mp_invmod->mp_clear_multi
hc_RSA_verify->malloc
hc_RSA_verify->free
hc_RSA_verify->llvm.memset.p0i8.i64
hc_RSA_verify->hc_RSA_size
hc_RSA_verify->decode_DigestInfo
hc_RSA_verify->free_DigestInfo
hc_RSA_verify->memcmp
hc_RSA_verify->der_heim_oid_cmp
md_update->hc_SHA256_Update
hc_EVP_pkcs11_md2->p11_mech_available_p
mp_reduce_is_2k->mp_count_bits
ltm_rsa_public_decrypt->mp_clear
ltm_rsa_public_decrypt->mp_cmp
ltm_rsa_public_decrypt->mp_cmp_d
ltm_rsa_public_decrypt->mp_exptmod
ltm_rsa_public_decrypt->mp_read_unsigned_bin
ltm_rsa_public_decrypt->mp_to_unsigned_bin
ltm_rsa_public_decrypt->mp_unsigned_bin_size
ltm_rsa_public_decrypt->mp_init_multi
ltm_rsa_public_decrypt->mp_clear_multi
ltm_rsa_public_decrypt->llvm.memmove.p0i8.p0i8.i64
ltm_rsa_public_decrypt->__assert_fail
ltm_rsa_public_decrypt->hc_RSA_size
ltm_rsa_public_decrypt->BN2mpz.195
unix_add->unix_seed
hc_ENGINE_set_default_RSA->hc_ENGINE_finish
hc_ENGINE_set_default_RSA->hc_ENGINE_up_ref
hc_EVP_ossl_md2->hc_EVP_hcrypto_md2
hc_EVP_ossl_md2->get_EVP_MD
hc_EVP_aes_128_cfb8->hc_EVP_ossl_aes_128_cfb8
hc_EVP_aes_128_cfb8->hc_hcrypto_validate
hc_BN_bn2bin->llvm.memcpy.p0i8.p0i8.i64
mp_div_2->mp_grow
mp_div_2->mp_clamp
calc.151->cshift.152
hc_EVP_pkcs11_des_ede3_cbc->p11_mech_available_p
hc_EVP_MD_CTX_init->llvm.memset.p0i8.i64
hc_CAMELLIA_set_encrypt_key->Camellia_Ekeygen
mp_invmod->fast_mp_invmod
mp_invmod->mp_invmod_slow
md_result->llvm.memcpy.p0i8.p0i8.i64
md_result->llvm.memset.p0i8.i64
md_result->hc_SHA256_Final
p11_md2_init->p11_md_hash_init
mp_reduce_2k_setup->mp_init
mp_reduce_2k_setup->mp_clear
mp_reduce_2k_setup->s_mp_sub
mp_reduce_2k_setup->mp_2expt
mp_reduce_2k_setup->mp_count_bits
ltm_rsa_private_encrypt->malloc
ltm_rsa_private_encrypt->mp_clear
ltm_rsa_private_encrypt->free
ltm_rsa_private_encrypt->llvm.memcpy.p0i8.p0i8.i64
ltm_rsa_private_encrypt->mp_cmp
ltm_rsa_private_encrypt->mp_cmp_d
ltm_rsa_private_encrypt->mp_exptmod
ltm_rsa_private_encrypt->mp_read_unsigned_bin
ltm_rsa_private_encrypt->mp_to_unsigned_bin
ltm_rsa_private_encrypt->mp_unsigned_bin_size
ltm_rsa_private_encrypt->mp_init_multi
ltm_rsa_private_encrypt->mp_clear_multi
ltm_rsa_private_encrypt->llvm.memset.p0i8.i64
ltm_rsa_private_encrypt->__assert_fail
ltm_rsa_private_encrypt->hc_RSA_size
ltm_rsa_private_encrypt->BN2mpz.195
ltm_rsa_private_encrypt->setup_blind
ltm_rsa_private_encrypt->blind
ltm_rsa_private_encrypt->ltm_rsa_private_calculate
ltm_rsa_private_encrypt->unblind
unix_pseudorand->unix_bytes
hc_ENGINE_get_default_RSA->hc_ENGINE_up_ref
ossl_init_md2->ossl_md_init
hc_EVP_aes_192_cfb8->hc_EVP_ossl_aes_192_cfb8
hc_EVP_aes_192_cfb8->hc_hcrypto_validate
hc_BN_hex2bn->malloc
hc_BN_hex2bn->free
hc_BN_hex2bn->hc_BN_bin2bn
hc_BN_hex2bn->strlen
hc_BN_hex2bn->rk_hex_decode
hc_BN_hex2bn->hc_BN_set_negative
mp_mul_2->mp_grow
hc_DES_rand_data->hc_RAND_bytes
p11_mech_available_p->p11_session_init
des_cbc_init->llvm.memcpy.p0i8.p0i8.i64
des_cbc_init->hc_DES_set_key_unchecked
hc_EVP_MD_CTX_destroy->free
hc_EVP_MD_CTX_destroy->hc_EVP_MD_CTX_cleanup
hc_CAMELLIA_encrypt->Camellia_EncryptBlock
mp_reduce->mp_clear
mp_reduce->mp_set
mp_reduce->mp_init_copy
mp_reduce->mp_cmp
mp_reduce->mp_cmp_d
mp_reduce->mp_rshd
mp_reduce->mp_lshd
mp_reduce->mp_mod_2d
mp_reduce->s_mp_sub
mp_reduce->s_mp_mul_digs
mp_reduce->s_mp_mul_high_digs
mp_reduce->mp_add
mp_reduce->mp_sub
mp_reduce->mp_mul
p11_md_update->__assert_fail
hc_EVP_CIPHER_CTX_block_size->hc_EVP_CIPHER_block_size
hc_DES_cbc_encrypt->llvm.memcpy.p0i8.p0i8.i64
hc_DES_cbc_encrypt->llvm.memset.p0i8.i64
hc_DES_cbc_encrypt->hc_DES_encrypt
hc_DES_cbc_encrypt->load
hc_DES_cbc_encrypt->store
mp_reduce_2k_l->mp_init
mp_reduce_2k_l->mp_clear
mp_reduce_2k_l->mp_cmp_mag
mp_reduce_2k_l->mp_div_2d
mp_reduce_2k_l->s_mp_add
mp_reduce_2k_l->s_mp_sub
mp_reduce_2k_l->mp_mul
mp_reduce_2k_l->mp_count_bits
ltm_rsa_private_decrypt->mp_clear
ltm_rsa_private_decrypt->mp_cmp
ltm_rsa_private_decrypt->mp_cmp_d
ltm_rsa_private_decrypt->mp_exptmod
ltm_rsa_private_decrypt->mp_read_unsigned_bin
ltm_rsa_private_decrypt->mp_to_unsigned_bin
ltm_rsa_private_decrypt->mp_unsigned_bin_size
ltm_rsa_private_decrypt->mp_init_multi
ltm_rsa_private_decrypt->mp_clear_multi
ltm_rsa_private_decrypt->llvm.memmove.p0i8.p0i8.i64
ltm_rsa_private_decrypt->__assert_fail
ltm_rsa_private_decrypt->hc_RSA_size
ltm_rsa_private_decrypt->BN2mpz.195
ltm_rsa_private_decrypt->setup_blind
ltm_rsa_private_decrypt->blind
ltm_rsa_private_decrypt->ltm_rsa_private_calculate
ltm_rsa_private_decrypt->unblind
unix_status->close
unix_status->_hc_unix_device_fd
hc_ENGINE_set_default_DH->hc_ENGINE_finish
hc_ENGINE_set_default_DH->hc_ENGINE_up_ref
get_EVP_MD->heim_base_once_f
hc_EVP_aes_256_cfb8->hc_EVP_ossl_aes_256_cfb8
hc_EVP_aes_256_cfb8->hc_hcrypto_validate
s_mp_add->mp_grow
s_mp_add->mp_clamp
hc_SHA512_Final->llvm.memset.p0i8.i64
hc_SHA512_Final->hc_SHA512_Update
hc_DES_generate_random_block->hc_RAND_bytes
hc_MD5_Final->llvm.memset.p0i8.i64
hc_MD5_Final->hc_MD5_Update
p11_key_init->__assert_fail
p11_key_init->p11_cleanup
p11_key_init->p11_key_type_for_mech
p11_key_init->p11_session_init
des_cbc_do_cipher->hc_DES_cbc_encrypt
hc_EVP_MD_CTX_cleanup->free
hc_EVP_MD_CTX_cleanup->llvm.memset.p0i8.i64
hc_CAMELLIA_decrypt->Camellia_DecryptBlock
extract_data->llvm.memcpy.p0i8.p0i8.i64
extract_data->getpid
extract_data->enough_time_passed
extract_data->reseed
extract_data->startup_tricks
extract_data->encrypt_counter
extract_data->rekey
p11_md_final->__assert_fail
cipher_ctx_init->__assert_fail
cipher_ctx_init->EVP_CIPHER_CTX_new
cipher_ctx_init->EVP_CipherInit_ex
cipher_ctx_init->EVP_CIPHER_CTX_set_key_length
hc_EVP_CIPHER_CTX_key_length->hc_EVP_CIPHER_key_length
hc_DES_pcbc_encrypt->llvm.memcpy.p0i8.p0i8.i64
hc_DES_pcbc_encrypt->llvm.memset.p0i8.i64
hc_DES_pcbc_encrypt->hc_DES_encrypt
hc_DES_pcbc_encrypt->load
hc_DES_pcbc_encrypt->store
hc_ENGINE_get_default_DH->hc_ENGINE_up_ref
get_EVP_MD_once_cb->llvm.memset.p0i8.i64
get_EVP_MD_once_cb->OBJ_nid2sn
get_EVP_MD_once_cb->EVP_get_digestbyname
get_EVP_MD_once_cb->EVP_MD_block_size
get_EVP_MD_once_cb->EVP_MD_size
hc_EVP_camellia_128_cbc->hc_EVP_ossl_camellia_128_cbc
hc_EVP_camellia_128_cbc->hc_hcrypto_validate
s_mp_sub->mp_grow
s_mp_sub->mp_clamp
hc_DES_rand_data_key->hc_DES_new_random_key
hc_PKCS5_PBKDF2_HMAC->malloc
hc_PKCS5_PBKDF2_HMAC->free
hc_PKCS5_PBKDF2_HMAC->llvm.memcpy.p0i8.p0i8.i64
hc_PKCS5_PBKDF2_HMAC->hc_EVP_MD_size
hc_PKCS5_PBKDF2_HMAC->hc_HMAC
p11_do_cipher->__assert_fail
p11_do_cipher->hc_EVP_CIPHER_CTX_mode
hc_CAMELLIA_cbc_encrypt->llvm.memcpy.p0i8.p0i8.i64
hc_CAMELLIA_cbc_encrypt->hc_CAMELLIA_encrypt
hc_CAMELLIA_cbc_encrypt->hc_CAMELLIA_decrypt
fast_mp_montgomery_reduce->mp_grow
fast_mp_montgomery_reduce->mp_clamp
fast_mp_montgomery_reduce->mp_cmp_mag
fast_mp_montgomery_reduce->s_mp_sub
enough_time_passed->llvm.memcpy.p0i8.p0i8.i64
enough_time_passed->llvm.memset.p0i8.i64
enough_time_passed->gettimeofday
p11_md_cleanup->__assert_fail
cipher_do_cipher->__assert_fail
cipher_do_cipher->EVP_Cipher
hc_EVP_CIPHER_CTX_iv_length->hc_EVP_CIPHER_iv_length
hc_DES_ecb3_encrypt->load
hc_DES_ecb3_encrypt->store
hc_DES_ecb3_encrypt->_des3_encrypt
mp_reduce_2k_setup_l->mp_init
mp_reduce_2k_setup_l->mp_clear
mp_reduce_2k_setup_l->s_mp_sub
mp_reduce_2k_setup_l->mp_2expt
mp_reduce_2k_setup_l->mp_count_bits
hc_ENGINE_load_builtin_engines->hc_DH_ltm_method
hc_ENGINE_load_builtin_engines->hc_ENGINE_new
hc_ENGINE_load_builtin_engines->hc_ENGINE_finish
hc_ENGINE_load_builtin_engines->hc_ENGINE_set_id
hc_ENGINE_load_builtin_engines->hc_ENGINE_set_name
hc_ENGINE_load_builtin_engines->hc_ENGINE_set_RSA
hc_ENGINE_load_builtin_engines->hc_ENGINE_set_DH
hc_ENGINE_load_builtin_engines->add_engine
hc_ENGINE_load_builtin_engines->hc_RSA_ltm_method
hc_EVP_camellia_192_cbc->hc_EVP_ossl_camellia_192_cbc
hc_EVP_camellia_192_cbc->hc_hcrypto_validate
fast_s_mp_mul_digs->mp_grow
fast_s_mp_mul_digs->mp_clamp
hc_SHA384_Update->hc_SHA512_Update
hc_DES_new_random_key->hc_DES_set_odd_parity
hc_DES_new_random_key->hc_DES_is_weak_key
hc_DES_new_random_key->hc_RAND_bytes
hc_PKCS5_PBKDF2_HMAC_SHA1->hc_EVP_sha1
hc_PKCS5_PBKDF2_HMAC_SHA1->hc_PKCS5_PBKDF2_HMAC
p11_cleanup->__assert_fail
des_ede3_cbc_init->llvm.memcpy.p0i8.p0i8.i64
des_ede3_cbc_init->hc_DES_set_odd_parity
des_ede3_cbc_init->hc_DES_set_key_unchecked
hc_EVP_MD_CTX_size->hc_EVP_MD_size
Camellia_Ekeygen->camellia_setup128
Camellia_Ekeygen->camellia_setup192
Camellia_Ekeygen->camellia_setup256
mp_montgomery_reduce->mp_grow
mp_montgomery_reduce->mp_clamp
mp_montgomery_reduce->mp_cmp_mag
mp_montgomery_reduce->mp_rshd
mp_montgomery_reduce->s_mp_sub
mp_montgomery_reduce->fast_mp_montgomery_reduce
reseed->llvm.memset.p0i8.i64
reseed->md_init
reseed->md_update
reseed->md_result
reseed->ciph_init
p11_md_hash_init->__assert_fail
p11_md_hash_init->p11_session_init
cipher_cleanup->EVP_CIPHER_CTX_free
_des3_encrypt->IP
_des3_encrypt->desx
_des3_encrypt->FP
