nettle_sexp_iterator_first->sexp_iterator_init
nettle_sexp_iterator_first->sexp_iterator_parse
nettle_rsa_keypair_from_sexp_alist->nettle_sexp_iterator_assoc
nettle_rsa_keypair_from_sexp_alist->nettle_mpz_set_sexp
nettle_rsa_keypair_from_sexp_alist->nettle_rsa_public_key_prepare
nettle_rsa_keypair_from_sexp_alist->nettle_rsa_private_key_prepare
nettle_rsa_private_key_clear->__gmpz_clear
nettle_ed25519_sha512_verify->_nettle_gmp_alloc_limbs
nettle_ed25519_sha512_verify->_nettle_gmp_free_limbs
nettle_ed25519_sha512_verify->_nettle_eddsa_decompress
nettle_ed25519_sha512_verify->_nettle_eddsa_verify_itch
nettle_ed25519_sha512_verify->_nettle_eddsa_verify
nettle_dsa_sha1_keypair_from_sexp->nettle_sexp_iterator_first
nettle_dsa_sha1_keypair_from_sexp->nettle_sexp_iterator_check_type
nettle_dsa_sha1_keypair_from_sexp->nettle_dsa_keypair_from_sexp_alist
sec_mul_itch->__gmpn_sec_mul_itch
_nettle_ecc_eh_to_a->__assert_fail
_nettle_ecc_eh_to_a->__gmpn_sub_n
_nettle_ecc_eh_to_a->__gmpn_cnd_add_n
_nettle_ecc_eh_to_a->_nettle_cnd_copy
_nettle_ecc_eh_to_a->__gmpn_submul_1
_nettle_ecc_eh_to_a->_nettle_ecc_mod_mul
_nettle_ecc_eh_to_a->ecc_25519_inv
nettle_asn1_der_iterator_first->nettle_asn1_der_iterator_next
nettle_asn1_der_iterator_first->asn1_der_iterator_init
nettle_rsa_sha256_sign_digest_tr->__gmpz_init
nettle_rsa_sha256_sign_digest_tr->__gmpz_clear
nettle_rsa_sha256_sign_digest_tr->nettle_pkcs1_rsa_sha256_encode_digest
nettle_rsa_sha256_sign_digest_tr->nettle_rsa_compute_root_tr
nettle_pkcs1_encrypt->llvm.memcpy.p0i8.p0i8.i64
nettle_pkcs1_encrypt->__assert_fail
nettle_pkcs1_encrypt->nettle_mpz_set_str_256_u
nettle_pkcs1_encrypt->_nettle_gmp_alloc
nettle_pkcs1_encrypt->_nettle_gmp_free
nettle_ecc_ecdsa_sign->__gmpn_copyi
nettle_ecc_ecdsa_sign->_nettle_ecc_mod_add
nettle_ecc_ecdsa_sign->_nettle_ecc_mod_mul
nettle_ecc_ecdsa_sign->_nettle_ecc_hash
nettle_rsa_keypair_from_sexp->nettle_sexp_iterator_first
nettle_rsa_keypair_from_sexp->nettle_sexp_iterator_check_type
nettle_rsa_keypair_from_sexp->nettle_sexp_iterator_check_types
nettle_rsa_keypair_from_sexp->nettle_rsa_keypair_from_sexp_alist
nettle_rsa_private_key_prepare->__gmpz_init
nettle_rsa_private_key_prepare->__gmpz_clear
nettle_rsa_private_key_prepare->__gmpz_size
nettle_rsa_private_key_prepare->__gmpz_mul
nettle_rsa_private_key_prepare->_nettle_rsa_check_size
nettle_sexp_transport_iterator_first->nettle_sexp_iterator_first
nettle_sexp_transport_iterator_first->__assert_fail
nettle_sexp_transport_iterator_first->nettle_base64_decode_init
nettle_sexp_transport_iterator_first->nettle_base64_decode_update
nettle_sexp_transport_iterator_first->nettle_base64_decode_final
nettle_sexp_transport_iterator_first->llvm.memmove.p0i8.p0i8.i64
nettle_dsa_sha256_keypair_from_sexp->nettle_sexp_iterator_first
nettle_dsa_sha256_keypair_from_sexp->nettle_sexp_iterator_check_type
nettle_dsa_sha256_keypair_from_sexp->nettle_dsa_keypair_from_sexp_alist
nettle_mpz_init_set_str_256_s->__gmpz_init
nettle_mpz_init_set_str_256_s->nettle_mpz_set_str_256_s
_nettle_ecc_dup_eh->__gmpn_copyi
_nettle_ecc_dup_eh->_nettle_ecc_mod_add
_nettle_ecc_dup_eh->_nettle_ecc_mod_sub
_nettle_ecc_dup_eh->_nettle_ecc_mod_mul
_nettle_ecc_dup_eh->_nettle_ecc_mod_sqr
nettle_rsa_sha256_verify->__gmpz_init
nettle_rsa_sha256_verify->__gmpz_clear
nettle_rsa_sha256_verify->nettle_pkcs1_rsa_sha256_encode
nettle_rsa_sha256_verify->_nettle_rsa_verify
nettle_pkcs1_decrypt->nettle_mpz_get_str_256
nettle_pkcs1_decrypt->_nettle_pkcs1_sec_decrypt_variable
nettle_pkcs1_decrypt->_nettle_gmp_alloc
nettle_pkcs1_decrypt->_nettle_gmp_free
nettle_ecdsa_sign->__gmpz_limbs_write
nettle_ecdsa_sign->__gmpz_limbs_finish
nettle_ecdsa_sign->_nettle_ecc_mod_random
nettle_ecdsa_sign->nettle_ecc_ecdsa_sign
_nettle_gmp_alloc_limbs->__assert_fail
_nettle_gmp_alloc_limbs->__gmp_get_memory_functions
nettle_dsa_params_init->__gmpz_init
nettle_rsa_compute_root->__assert_fail
nettle_rsa_compute_root->__gmpz_size
nettle_rsa_compute_root->__gmpz_limbs_write
nettle_rsa_compute_root->__gmpz_limbs_finish
nettle_rsa_compute_root->_nettle_rsa_sec_compute_root_itch
nettle_rsa_compute_root->_nettle_rsa_sec_compute_root
nettle_rsa_compute_root->_nettle_mpz_limbs_copy
nettle_rsa_compute_root->_nettle_gmp_alloc
nettle_rsa_compute_root->_nettle_gmp_free
nettle_dsa_signature_from_sexp->nettle_sexp_iterator_assoc
nettle_dsa_signature_from_sexp->nettle_mpz_set_sexp
_nettle_rsa_sec_compute_root->__assert_fail
_nettle_rsa_sec_compute_root->__gmpz_size
_nettle_rsa_sec_compute_root->__gmpz_limbs_read
_nettle_rsa_sec_compute_root->__gmpn_copyi
_nettle_rsa_sec_compute_root->sec_powm
_nettle_rsa_sec_compute_root->sec_mod_mul
_nettle_rsa_sec_compute_root->__gmpn_sub_n
_nettle_rsa_sec_compute_root->__gmpn_cnd_add_n
_nettle_rsa_sec_compute_root->sec_mul
_nettle_rsa_sec_compute_root->__gmpn_add_n
_nettle_rsa_sec_compute_root->__gmpn_sec_add_1
nettle_mpz_random_size->nettle_mpz_set_str_256_u
nettle_mpz_random_size->__gmpz_fdiv_r_2exp
nettle_mpz_random_size->_nettle_gmp_alloc
nettle_mpz_random_size->_nettle_gmp_free
_nettle_ecc_add_eh->__gmpn_copyi
_nettle_ecc_add_eh->_nettle_ecc_mod_add
_nettle_ecc_add_eh->_nettle_ecc_mod_sub
_nettle_ecc_add_eh->_nettle_ecc_mod_mul
_nettle_ecc_add_eh->_nettle_ecc_mod_sqr
nettle_asn1_der_decode_constructed->__assert_fail
nettle_asn1_der_decode_constructed->nettle_asn1_der_iterator_first
nettle_rsa_sha256_verify_digest->__gmpz_init
nettle_rsa_sha256_verify_digest->__gmpz_clear
nettle_rsa_sha256_verify_digest->nettle_pkcs1_rsa_sha256_encode_digest
nettle_rsa_sha256_verify_digest->_nettle_rsa_verify
_nettle_pkcs1_sec_decrypt->__assert_fail
_nettle_pkcs1_sec_decrypt->nettle_cnd_memcpy
sexp_iterator_parse->sexp_iterator_simple
nettle_dsa_params_clear->__gmpz_clear
nettle_pgp_put_uint32->nettle_buffer_space
sec_powm->__assert_fail
sec_powm->__gmpn_sec_div_r
sec_powm->__gmpn_copyi
sec_powm->__gmpn_sec_powm
_nettle_ecc_add_ehh->__gmpn_copyi
_nettle_ecc_add_ehh->_nettle_ecc_mod_add
_nettle_ecc_add_ehh->_nettle_ecc_mod_sub
_nettle_ecc_add_ehh->_nettle_ecc_mod_mul
_nettle_ecc_add_ehh->_nettle_ecc_mod_sqr
nettle_asn1_der_decode_constructed_last->nettle_asn1_der_decode_constructed
nettle_rsa_sha512_sign->__gmpz_set_ui
nettle_rsa_sha512_sign->nettle_pkcs1_rsa_sha512_encode
nettle_rsa_sha512_sign->nettle_rsa_compute_root
nettle_ecc_ecdsa_verify->__gmpn_cmp
nettle_ecc_ecdsa_verify->_nettle_ecc_mod_mul
nettle_ecc_ecdsa_verify->_nettle_ecc_hash
nettle_ecc_ecdsa_verify->ecdsa_in_range.224
nettle_ecc_ecdsa_verify->zero_p.225
_nettle_gmp_free_limbs->__assert_fail
_nettle_gmp_free_limbs->__gmp_get_memory_functions
nettle_dsa_signature_init->__gmpz_init
ecc_256_modp->__assert_fail
ecc_256_modp->__gmpn_cnd_add_n
ecc_256_modp->__gmpn_cnd_sub_n
ecc_256_modp->__gmpn_submul_1
nettle_pgp_put_uint16->nettle_buffer_space
sec_mod_mul->__assert_fail
sec_mod_mul->__gmpn_sec_div_r
sec_mod_mul->sec_mul
nettle_mpz_random->__gmpz_sizeinbase
nettle_mpz_random->nettle_mpz_random_size
nettle_mpz_random->__gmpz_fdiv_r
_nettle_ecc_mul_g_eh->__gmpn_zero
_nettle_ecc_mul_g_eh->_nettle_sec_tabselect
_nettle_ecc_mul_g_eh->_nettle_ecc_dup_eh
_nettle_ecc_mul_g_eh->_nettle_ecc_add_eh
nettle_asn1_der_decode_bitstring->__assert_fail
nettle_asn1_der_decode_bitstring->nettle_asn1_der_iterator_first
nettle_rsa_sha512_sign_digest->__gmpz_set_ui
nettle_rsa_sha512_sign_digest->nettle_pkcs1_rsa_sha512_encode_digest
nettle_rsa_sha512_sign_digest->nettle_rsa_compute_root
_nettle_pkcs1_sec_decrypt_variable->nettle_cnd_memcpy
nettle_sexp_iterator_next->sexp_iterator_parse
nettle_sexp_iterator_next->nettle_sexp_iterator_enter_list
nettle_sexp_iterator_next->nettle_sexp_iterator_exit_list
nettle_sexp_iterator_next->abort
ecdsa_in_range.224->__gmpn_cmp
ecdsa_in_range.224->zero_p.225
_nettle_gmp_alloc->__assert_fail
_nettle_gmp_alloc->__gmp_get_memory_functions
nettle_dsa_signature_clear->__gmpz_clear
_nettle_rsa_sec_compute_root_tr->__assert_fail
_nettle_rsa_sec_compute_root_tr->__gmpz_size
_nettle_rsa_sec_compute_root_tr->__gmpn_zero
_nettle_rsa_sec_compute_root_tr->rsa_sec_blind
_nettle_rsa_sec_compute_root_tr->rsa_sec_check_root
_nettle_rsa_sec_compute_root_tr->rsa_sec_unblind
_nettle_rsa_sec_compute_root_tr->cnd_mpn_zero
_nettle_rsa_sec_compute_root_tr->_nettle_rsa_sec_compute_root_itch
_nettle_rsa_sec_compute_root_tr->_nettle_rsa_sec_compute_root
_nettle_rsa_sec_compute_root_tr->_nettle_gmp_alloc
_nettle_rsa_sec_compute_root_tr->_nettle_gmp_free
nettle_pgp_put_mpi->nettle_buffer_space
nettle_pgp_put_mpi->__gmpz_sizeinbase
nettle_pgp_put_mpi->nettle_mpz_get_str_256
nettle_pgp_put_mpi->nettle_pgp_put_uint16
_nettle_ecc_mul_a_eh->__assert_fail
_nettle_ecc_mul_a_eh->_nettle_sec_tabselect
_nettle_ecc_mul_a_eh->_nettle_ecc_dup_eh
_nettle_ecc_mul_a_eh->_nettle_ecc_add_ehh
_nettle_ecc_mul_a_eh->table_init
nettle_asn1_der_decode_bitstring_last->nettle_asn1_der_decode_bitstring
nettle_rsa_sha512_sign_tr->__gmpz_init
nettle_rsa_sha512_sign_tr->__gmpz_clear
nettle_rsa_sha512_sign_tr->nettle_pkcs1_rsa_sha512_encode
nettle_rsa_sha512_sign_tr->nettle_rsa_compute_root_tr
nettle_pkcs1_rsa_digest_encode->nettle_mpz_set_str_256_u
nettle_pkcs1_rsa_digest_encode->_nettle_pkcs1_signature_prefix
nettle_pkcs1_rsa_digest_encode->_nettle_gmp_alloc
nettle_pkcs1_rsa_digest_encode->_nettle_gmp_free
nettle_sexp_iterator_enter_list->sexp_iterator_parse
nettle_sexp_iterator_enter_list->abort
_nettle_gmp_free->__assert_fail
_nettle_gmp_free->__gmp_get_memory_functions
nettle_dsa_public_key_init->__gmpz_init
nettle_dsa_public_key_init->nettle_dsa_params_init
nettle_sexp_transport_vformat->nettle_sexp_vformat
nettle_sexp_transport_vformat->nettle_buffer_grow
nettle_sexp_transport_vformat->nettle_buffer_space
nettle_sexp_transport_vformat->base64_encode_in_place
ecc_256_modq->__assert_fail
ecc_256_modq->__gmpn_cnd_add_n
ecc_256_modq->__gmpn_cnd_sub_n
ecc_256_modq->__gmpn_submul_1
nettle_pgp_put_string->nettle_buffer_write
_nettle_generate_pocklington_prime->__assert_fail
_nettle_generate_pocklington_prime->__gmpz_sizeinbase
_nettle_generate_pocklington_prime->__gmpz_init
_nettle_generate_pocklington_prime->__gmpz_clear
_nettle_generate_pocklington_prime->__gmpz_set_ui
_nettle_generate_pocklington_prime->__gmpz_mul_2exp
_nettle_generate_pocklington_prime->nettle_mpz_random
_nettle_generate_pocklington_prime->__gmpz_fdiv_q
_nettle_generate_pocklington_prime->__gmpz_sub_ui
_nettle_generate_pocklington_prime->__gmpz_mul_ui
_nettle_generate_pocklington_prime->__gmpz_add_ui
_nettle_generate_pocklington_prime->__gmpz_add
_nettle_generate_pocklington_prime->__gmpz_mul
_nettle_generate_pocklington_prime->__gmpz_probab_prime_p
_nettle_generate_pocklington_prime->miller_rabin_pocklington
_nettle_generate_pocklington_prime->__gmpz_tdiv_qr
_nettle_generate_pocklington_prime->__gmpz_submul_ui
_nettle_generate_pocklington_prime->__gmpz_perfect_square_p
table_init->__gmpn_zero
table_init->_nettle_ecc_a_to_j
table_init->_nettle_ecc_dup_eh
table_init->_nettle_ecc_add_ehh
nettle_rsa_sha512_sign_digest_tr->__gmpz_init
nettle_rsa_sha512_sign_digest_tr->__gmpz_clear
nettle_rsa_sha512_sign_digest_tr->nettle_pkcs1_rsa_sha512_encode_digest
nettle_rsa_sha512_sign_digest_tr->nettle_rsa_compute_root_tr
nettle_pkcs1_rsa_md5_encode->nettle_mpz_set_str_256_u
nettle_pkcs1_rsa_md5_encode->_nettle_pkcs1_signature_prefix
nettle_pkcs1_rsa_md5_encode->nettle_md5_digest
nettle_pkcs1_rsa_md5_encode->_nettle_gmp_alloc
nettle_pkcs1_rsa_md5_encode->_nettle_gmp_free
nettle_sexp_iterator_exit_list->sexp_iterator_parse
nettle_sexp_iterator_exit_list->nettle_sexp_iterator_next
nettle_ecdsa_verify->__gmpz_size
nettle_ecdsa_verify->_nettle_mpz_limbs_copy
nettle_ecdsa_verify->_nettle_gmp_alloc_limbs
nettle_ecdsa_verify->_nettle_gmp_free_limbs
nettle_ecdsa_verify->nettle_ecc_size
nettle_ecdsa_verify->nettle_ecc_ecdsa_verify_itch
nettle_ecdsa_verify->nettle_ecc_ecdsa_verify
nettle_dsa_public_key_clear->__gmpz_clear
nettle_dsa_public_key_clear->nettle_dsa_params_clear
rsa_sec_blind->__gmpz_sizeinbase
rsa_sec_blind->__gmpz_size
rsa_sec_blind->__gmpz_limbs_read
rsa_sec_blind->__gmpn_sec_mul_itch
rsa_sec_blind->__gmpn_sec_div_r_itch
rsa_sec_blind->__gmpn_sec_mul
rsa_sec_blind->__gmpn_sec_div_r
rsa_sec_blind->__gmpn_copyi
rsa_sec_blind->__gmpn_sec_powm_itch
rsa_sec_blind->__gmpn_sec_powm
rsa_sec_blind->__gmpn_sec_invert_itch
rsa_sec_blind->__gmpn_sec_invert
rsa_sec_blind->_nettle_mpn_set_base256
rsa_sec_blind->_nettle_gmp_alloc
rsa_sec_blind->_nettle_gmp_free
base64_encode_in_place->nettle_base64_encode_raw
nettle_pgp_put_length->nettle_buffer_grow
nettle_pgp_put_length->nettle_pgp_put_uint32
nettle_pgp_put_length->nettle_pgp_put_uint16
sec_mul->__gmpn_sec_mul
_nettle_ecc_mul_g->__gmpn_zero
_nettle_ecc_mul_g->_nettle_sec_tabselect
_nettle_ecc_mul_g->_nettle_cnd_copy
_nettle_ecc_mul_g->_nettle_ecc_dup_jj
_nettle_ecc_mul_g->_nettle_ecc_add_jja
nettle_asn1_der_get_bignum->__gmpz_sizeinbase
nettle_asn1_der_get_bignum->nettle_mpz_set_str_256_s
nettle_rsa_sha512_verify->__gmpz_init
nettle_rsa_sha512_verify->__gmpz_clear
nettle_rsa_sha512_verify->nettle_pkcs1_rsa_sha512_encode
nettle_rsa_sha512_verify->_nettle_rsa_verify
nettle_ecdsa_generate_keypair->__assert_fail
nettle_ecdsa_generate_keypair->_nettle_ecc_mod_random
_nettle_ecc_mod->__assert_fail
_nettle_ecc_mod->__gmpn_cnd_add_n
_nettle_ecc_mod->__gmpn_add_n
_nettle_ecc_mod->_nettle_sec_add_1
_nettle_ecc_mod->__gmpn_addmul_1
nettle_dsa_private_key_init->__gmpz_init
rsa_sec_check_root->__gmpz_sizeinbase
rsa_sec_check_root->__gmpz_size
rsa_sec_check_root->__gmpz_limbs_read
rsa_sec_check_root->__gmpn_sec_powm_itch
rsa_sec_check_root->__gmpn_sec_powm
rsa_sec_check_root->sec_equal
rsa_sec_check_root->_nettle_gmp_alloc
rsa_sec_check_root->_nettle_gmp_free
nettle_pgp_put_header->__assert_fail
nettle_pgp_put_header->nettle_buffer_grow
nettle_pgp_put_header->nettle_pgp_put_length
_nettle_ecc_mul_a->__assert_fail
_nettle_ecc_mul_a->_nettle_sec_tabselect
_nettle_ecc_mul_a->_nettle_cnd_copy
_nettle_ecc_mul_a->_nettle_ecc_dup_jj
_nettle_ecc_mul_a->_nettle_ecc_add_jjj
_nettle_ecc_mul_a->table_init.213
nettle_rsa_public_key_from_der_iterator->nettle_rsa_public_key_prepare
nettle_rsa_public_key_from_der_iterator->nettle_asn1_der_iterator_next
nettle_rsa_public_key_from_der_iterator->nettle_asn1_der_decode_constructed_last
nettle_rsa_public_key_from_der_iterator->nettle_asn1_der_get_bignum
nettle_rsa_sha512_verify_digest->__gmpz_init
nettle_rsa_sha512_verify_digest->__gmpz_clear
nettle_rsa_sha512_verify_digest->nettle_pkcs1_rsa_sha512_encode_digest
nettle_rsa_sha512_verify_digest->_nettle_rsa_verify
nettle_pkcs1_rsa_md5_encode_digest->llvm.memcpy.p0i8.p0i8.i64
nettle_pkcs1_rsa_md5_encode_digest->nettle_mpz_set_str_256_u
nettle_pkcs1_rsa_md5_encode_digest->_nettle_pkcs1_signature_prefix
nettle_pkcs1_rsa_md5_encode_digest->_nettle_gmp_alloc
nettle_pkcs1_rsa_md5_encode_digest->_nettle_gmp_free
nettle_sexp_iterator_subexpr->nettle_sexp_iterator_next
nettle_curve25519_mul_g->llvm.memcpy.p0i8.p0i8.i64
nettle_curve25519_mul_g->_nettle_mpn_set_base256_le
nettle_curve25519_mul_g->_nettle_mpn_get_base256_le
nettle_curve25519_mul_g->_nettle_gmp_alloc_limbs
nettle_curve25519_mul_g->_nettle_gmp_free_limbs
nettle_curve25519_mul_g->_nettle_ecc_mul_g_eh
nettle_curve25519_mul_g->_nettle_curve25519_eh_to_x
nettle_dsa_private_key_clear->__gmpz_clear
rsa_sec_unblind->__gmpz_size
rsa_sec_unblind->__gmpz_limbs_read
rsa_sec_unblind->__gmpn_sec_mul_itch
rsa_sec_unblind->__gmpn_sec_div_r_itch
rsa_sec_unblind->__gmpn_sec_mul
rsa_sec_unblind->__gmpn_sec_div_r
rsa_sec_unblind->__gmpn_copyi
rsa_sec_unblind->_nettle_gmp_alloc
rsa_sec_unblind->_nettle_gmp_free
nettle_sexp_transport_format->llvm.va_start
nettle_sexp_transport_format->llvm.va_end
nettle_sexp_transport_format->nettle_sexp_transport_vformat
nettle_pgp_put_header_length->abort
nettle_pgp_put_header_length->__assert_fail
table_init.213->__gmpn_zero
table_init.213->_nettle_ecc_a_to_j
table_init.213->_nettle_ecc_dup_jj
table_init.213->_nettle_ecc_add_jja
nettle_rsa_private_key_from_der_iterator->nettle_rsa_public_key_prepare
nettle_rsa_private_key_from_der_iterator->nettle_rsa_private_key_prepare
nettle_rsa_private_key_from_der_iterator->nettle_asn1_der_iterator_next
nettle_rsa_private_key_from_der_iterator->nettle_asn1_der_decode_constructed_last
nettle_rsa_private_key_from_der_iterator->nettle_asn1_der_get_uint32
nettle_rsa_private_key_from_der_iterator->nettle_asn1_der_get_bignum
nettle_rsa_pss_sha256_sign_digest_tr->__gmpz_sizeinbase
nettle_rsa_pss_sha256_sign_digest_tr->__gmpz_init
nettle_rsa_pss_sha256_sign_digest_tr->__gmpz_clear
nettle_rsa_pss_sha256_sign_digest_tr->nettle_pss_encode_mgf1
nettle_rsa_pss_sha256_sign_digest_tr->nettle_rsa_compute_root_tr
nettle_pkcs1_rsa_sha1_encode->nettle_mpz_set_str_256_u
nettle_pkcs1_rsa_sha1_encode->_nettle_pkcs1_signature_prefix
nettle_pkcs1_rsa_sha1_encode->nettle_sha1_digest
nettle_pkcs1_rsa_sha1_encode->_nettle_gmp_alloc
nettle_pkcs1_rsa_sha1_encode->_nettle_gmp_free
nettle_sexp_iterator_get_uint32->nettle_sexp_iterator_next
nettle_curve25519_mul->__gmpn_zero
nettle_curve25519_mul->__gmpn_copyi
nettle_curve25519_mul->__gmpn_sub_n
nettle_curve25519_mul->_nettle_cnd_swap
nettle_curve25519_mul->_nettle_mpn_set_base256_le
nettle_curve25519_mul->_nettle_mpn_get_base256_le
nettle_curve25519_mul->_nettle_gmp_alloc_limbs
nettle_curve25519_mul->_nettle_gmp_free_limbs
nettle_curve25519_mul->_nettle_cnd_copy
nettle_curve25519_mul->_nettle_ecc_mod_add
nettle_curve25519_mul->_nettle_ecc_mod_sub
nettle_curve25519_mul->_nettle_ecc_mod_addmul_1
nettle_curve25519_mul->_nettle_ecc_mod_mul
nettle_curve25519_mul->_nettle_ecc_mod_sqr
nettle_curve25519_mul->ecc_25519_inv
_nettle_ecc_mod_inv->__assert_fail
_nettle_ecc_mod_inv->__gmpn_zero
_nettle_ecc_mod_inv->__gmpn_copyi
_nettle_ecc_mod_inv->__gmpn_cnd_add_n
_nettle_ecc_mod_inv->_nettle_cnd_swap
_nettle_ecc_mod_inv->__gmpn_cnd_sub_n
_nettle_ecc_mod_inv->cnd_neg
_nettle_ecc_mod_inv->__gmpn_rshift
nettle_dsa_compat_generate_keypair->nettle_dsa_generate_params
nettle_dsa_compat_generate_keypair->nettle_dsa_generate_keypair
nettle_mpz_sizeinbase_256_s->__gmpz_sizeinbase
nettle_mpz_sizeinbase_256_s->__gmpz_init
nettle_mpz_sizeinbase_256_s->__gmpz_com
nettle_mpz_sizeinbase_256_s->__gmpz_clear
nettle_pgp_put_userid->nettle_pgp_put_string
nettle_pgp_put_userid->nettle_pgp_put_header
nettle_rsa_pkcs1_sign->__gmpz_set_ui
nettle_rsa_pkcs1_sign->nettle_pkcs1_rsa_digest_encode
nettle_rsa_pkcs1_sign->nettle_rsa_compute_root
_nettle_ecc_hash->_nettle_mpn_set_base256
_nettle_ecc_hash->__gmpn_rshift
nettle_rsa_keypair_from_der->nettle_asn1_der_iterator_first
nettle_rsa_keypair_from_der->nettle_rsa_public_key_from_der_iterator
nettle_rsa_keypair_from_der->nettle_rsa_private_key_from_der_iterator
nettle_rsa_pss_sha256_verify_digest->__gmpz_sizeinbase
nettle_rsa_pss_sha256_verify_digest->__gmpz_init
nettle_rsa_pss_sha256_verify_digest->__gmpz_clear
nettle_rsa_pss_sha256_verify_digest->nettle_pss_verify_mgf1
nettle_rsa_pss_sha256_verify_digest->_nettle_rsa_verify_recover
nettle_sexp_iterator_check_type->nettle_sexp_iterator_next
nettle_sexp_iterator_check_type->nettle_sexp_iterator_enter_list
nettle_sexp_iterator_check_type->strlen
nettle_sexp_iterator_check_type->memcmp
_nettle_curve25519_eh_to_x->__gmpn_sub_n
_nettle_curve25519_eh_to_x->_nettle_cnd_copy
_nettle_curve25519_eh_to_x->_nettle_ecc_mod_add
_nettle_curve25519_eh_to_x->_nettle_ecc_mod_sub
_nettle_curve25519_eh_to_x->_nettle_ecc_mod_mul
_nettle_curve25519_eh_to_x->ecc_25519_inv
nettle_dsa_generate_params->__gmpz_init
nettle_dsa_generate_params->__gmpz_clear
nettle_dsa_generate_params->__gmpz_set_ui
nettle_dsa_generate_params->_nettle_generate_pocklington_prime
nettle_dsa_generate_params->__gmpz_mul
nettle_dsa_generate_params->__gmpz_cmp_ui
nettle_dsa_generate_params->__gmpz_powm
nettle_dsa_generate_params->nettle_random_prime
nettle_pgp_sub_packet_start->nettle_buffer_space
nettle_rsa_pkcs1_sign_tr->__gmpz_init
nettle_rsa_pkcs1_sign_tr->__gmpz_clear
nettle_rsa_pkcs1_sign_tr->nettle_pkcs1_rsa_digest_encode
nettle_rsa_pkcs1_sign_tr->nettle_rsa_compute_root_tr
_nettle_ecc_mod_random->__assert_fail
_nettle_ecc_mod_random->_nettle_mpn_set_base256
_nettle_ecc_mod_random->ecdsa_in_range
nettle_dsa_params_from_der_iterator->__gmpz_sizeinbase
nettle_dsa_params_from_der_iterator->__gmpz_cmp
nettle_dsa_params_from_der_iterator->nettle_asn1_der_iterator_next
nettle_dsa_params_from_der_iterator->nettle_asn1_der_get_bignum
nettle_rsa_pss_sha384_sign_digest_tr->__gmpz_sizeinbase
nettle_rsa_pss_sha384_sign_digest_tr->__gmpz_init
nettle_rsa_pss_sha384_sign_digest_tr->__gmpz_clear
nettle_rsa_pss_sha384_sign_digest_tr->nettle_pss_encode_mgf1
nettle_rsa_pss_sha384_sign_digest_tr->nettle_rsa_compute_root_tr
nettle_pkcs1_rsa_sha1_encode_digest->llvm.memcpy.p0i8.p0i8.i64
nettle_pkcs1_rsa_sha1_encode_digest->nettle_mpz_set_str_256_u
nettle_pkcs1_rsa_sha1_encode_digest->_nettle_pkcs1_signature_prefix
nettle_pkcs1_rsa_sha1_encode_digest->_nettle_gmp_alloc
nettle_pkcs1_rsa_sha1_encode_digest->_nettle_gmp_free
nettle_dsa_sign->__gmpz_sizeinbase
nettle_dsa_sign->__gmpz_init
nettle_dsa_sign->__gmpz_clear
nettle_dsa_sign->nettle_mpz_random
nettle_dsa_sign->__gmpz_fdiv_r
nettle_dsa_sign->__gmpz_sub_ui
nettle_dsa_sign->__gmpz_add_ui
nettle_dsa_sign->__gmpz_add
nettle_dsa_sign->__gmpz_mul
nettle_dsa_sign->__gmpz_invert
nettle_dsa_sign->__gmpz_powm_sec
nettle_dsa_sign->__gmpz_init_set
nettle_dsa_sign->_nettle_dsa_hash
ecc_25519_inv->__gmpn_copyi
ecc_25519_inv->_nettle_ecc_mod_mul
ecc_25519_inv->_nettle_ecc_mod_sqr
ecc_25519_inv->ecc_mod_pow_252m3
nettle_pgp_put_sub_packet->nettle_buffer_grow
nettle_pgp_put_sub_packet->nettle_pgp_put_string
nettle_pgp_put_sub_packet->nettle_pgp_put_length
nettle_rsa_pkcs1_verify->__gmpz_init
nettle_rsa_pkcs1_verify->__gmpz_clear
nettle_rsa_pkcs1_verify->nettle_pkcs1_rsa_digest_encode
nettle_rsa_pkcs1_verify->_nettle_rsa_verify
ecdsa_in_range->__gmpn_sub_n
ecdsa_in_range->zero_p
nettle_dsa_public_key_from_der_iterator->__gmpz_sizeinbase
nettle_dsa_public_key_from_der_iterator->__gmpz_cmp
nettle_dsa_public_key_from_der_iterator->nettle_asn1_der_get_bignum
nettle_rsa_pss_sha512_sign_digest_tr->__gmpz_sizeinbase
nettle_rsa_pss_sha512_sign_digest_tr->__gmpz_init
nettle_rsa_pss_sha512_sign_digest_tr->__gmpz_clear
nettle_rsa_pss_sha512_sign_digest_tr->nettle_pss_encode_mgf1
nettle_rsa_pss_sha512_sign_digest_tr->nettle_rsa_compute_root_tr
nettle_pkcs1_rsa_sha256_encode->nettle_mpz_set_str_256_u
nettle_pkcs1_rsa_sha256_encode->_nettle_pkcs1_signature_prefix
nettle_pkcs1_rsa_sha256_encode->nettle_sha256_digest
nettle_pkcs1_rsa_sha256_encode->_nettle_gmp_alloc
nettle_pkcs1_rsa_sha256_encode->_nettle_gmp_free
_nettle_eddsa_compress->_nettle_mpn_get_base256_le
_nettle_eddsa_compress->_nettle_ecc_eh_to_a
ecc_25519_sqrt->_nettle_cnd_copy
ecc_25519_sqrt->_nettle_ecc_mod_add
ecc_25519_sqrt->_nettle_ecc_mod_sub
ecc_25519_sqrt->_nettle_ecc_mod_mul
ecc_25519_sqrt->_nettle_ecc_mod_sqr
ecc_25519_sqrt->ecc_mod_pow_252m3
ecc_25519_sqrt->ecc_25519_zero_p
nettle_pgp_sub_packet_end->__assert_fail
nettle_rsa_md5_sign->__gmpz_set_ui
nettle_rsa_md5_sign->nettle_pkcs1_rsa_md5_encode
nettle_rsa_md5_sign->nettle_rsa_compute_root
nettle_dsa_openssl_private_key_from_der_iterator->__gmpz_sizeinbase
nettle_dsa_openssl_private_key_from_der_iterator->__gmpz_cmp
nettle_dsa_openssl_private_key_from_der_iterator->nettle_asn1_der_iterator_next
nettle_dsa_openssl_private_key_from_der_iterator->nettle_asn1_der_decode_constructed_last
nettle_dsa_openssl_private_key_from_der_iterator->nettle_asn1_der_get_uint32
nettle_dsa_openssl_private_key_from_der_iterator->nettle_asn1_der_get_bignum
nettle_rsa_pss_sha384_verify_digest->__gmpz_sizeinbase
nettle_rsa_pss_sha384_verify_digest->__gmpz_init
nettle_rsa_pss_sha384_verify_digest->__gmpz_clear
nettle_rsa_pss_sha384_verify_digest->nettle_pss_verify_mgf1
nettle_rsa_pss_sha384_verify_digest->_nettle_rsa_verify_recover
nettle_sexp_iterator_check_types->nettle_sexp_iterator_next
nettle_sexp_iterator_check_types->nettle_sexp_iterator_enter_list
nettle_sexp_iterator_check_types->strlen
nettle_sexp_iterator_check_types->memcmp
_nettle_ecc_mod_add->__assert_fail
_nettle_ecc_mod_add->__gmpn_cnd_add_n
_nettle_ecc_mod_add->__gmpn_add_n
nettle_dsa_verify->__gmpz_sizeinbase
nettle_dsa_verify->__gmpz_init
nettle_dsa_verify->__gmpz_clear
nettle_dsa_verify->__gmpz_fdiv_r
nettle_dsa_verify->__gmpz_mul
nettle_dsa_verify->__gmpz_powm
nettle_dsa_verify->__gmpz_cmp
nettle_dsa_verify->__gmpz_invert
nettle_dsa_verify->_nettle_dsa_hash
ecc_25519_modq->__assert_fail
ecc_25519_modq->__gmpn_cnd_add_n
ecc_25519_modq->__gmpn_submul_1
nettle_pgp_put_public_rsa_key->__assert_fail
nettle_pgp_put_public_rsa_key->nettle_mpz_sizeinbase_256_u
nettle_pgp_put_public_rsa_key->nettle_pgp_put_uint32
nettle_pgp_put_public_rsa_key->nettle_pgp_put_mpi
nettle_pgp_put_public_rsa_key->nettle_pgp_put_header
nettle_rsa_md5_sign_digest->__gmpz_set_ui
nettle_rsa_md5_sign_digest->nettle_pkcs1_rsa_md5_encode_digest
nettle_rsa_md5_sign_digest->nettle_rsa_compute_root
miller_rabin_pocklington->__assert_fail
miller_rabin_pocklington->__gmpz_init
miller_rabin_pocklington->__gmpz_clear
miller_rabin_pocklington->__gmpz_sub_ui
miller_rabin_pocklington->__gmpz_cmp_ui
miller_rabin_pocklington->__gmpz_scan1
miller_rabin_pocklington->__gmpz_fdiv_q_2exp
miller_rabin_pocklington->__gmpz_powm
miller_rabin_pocklington->__gmpz_cmp
miller_rabin_pocklington->__gmpz_powm_ui
miller_rabin_pocklington->__gmpz_gcd
nettle_ecc_scalar_random->_nettle_ecc_mod_random
nettle_openssl_provate_key_from_der->nettle_asn1_der_iterator_first
nettle_openssl_provate_key_from_der->nettle_dsa_openssl_private_key_from_der_iterator
nettle_rsa_pss_sha512_verify_digest->__gmpz_sizeinbase
nettle_rsa_pss_sha512_verify_digest->__gmpz_init
nettle_rsa_pss_sha512_verify_digest->__gmpz_clear
nettle_rsa_pss_sha512_verify_digest->nettle_pss_verify_mgf1
nettle_rsa_pss_sha512_verify_digest->_nettle_rsa_verify_recover
nettle_pkcs1_rsa_sha256_encode_digest->llvm.memcpy.p0i8.p0i8.i64
nettle_pkcs1_rsa_sha256_encode_digest->nettle_mpz_set_str_256_u
nettle_pkcs1_rsa_sha256_encode_digest->_nettle_pkcs1_signature_prefix
nettle_pkcs1_rsa_sha256_encode_digest->_nettle_gmp_alloc
nettle_pkcs1_rsa_sha256_encode_digest->_nettle_gmp_free
nettle_sexp_iterator_assoc->nettle_sexp_iterator_next
nettle_sexp_iterator_assoc->nettle_sexp_iterator_enter_list
nettle_sexp_iterator_assoc->nettle_sexp_iterator_exit_list
nettle_sexp_iterator_assoc->abort
nettle_sexp_iterator_assoc->strlen
nettle_sexp_iterator_assoc->memcmp
nettle_sexp_iterator_assoc->llvm.memcpy.p0i8.p0i8.i64
_nettle_eddsa_decompress->__gmpn_sub_n
_nettle_eddsa_decompress->_nettle_mpn_set_base256_le
_nettle_eddsa_decompress->_nettle_cnd_copy
_nettle_eddsa_decompress->_nettle_ecc_mod_sub
_nettle_eddsa_decompress->_nettle_ecc_mod_mul
_nettle_eddsa_decompress->_nettle_ecc_mod_sqr
_nettle_eddsa_decompress->ecc_25519_sqrt
_nettle_ecc_mod_sub->__assert_fail
_nettle_ecc_mod_sub->__gmpn_sub_n
_nettle_ecc_mod_sub->__gmpn_cnd_sub_n
nettle_dsa_generate_keypair->__gmpz_clear
nettle_dsa_generate_keypair->nettle_mpz_random
nettle_dsa_generate_keypair->__gmpz_sub_ui
nettle_dsa_generate_keypair->__gmpz_add_ui
nettle_dsa_generate_keypair->__gmpz_powm
nettle_dsa_generate_keypair->__gmpz_init_set
nettle_mpz_sizeinbase_256_u->__gmpz_sizeinbase
ecc_mod_pow_252m3->_nettle_ecc_mod_mul
ecc_mod_pow_252m3->_nettle_ecc_mod_sqr
ecc_mod_pow_252m3->ecc_mod_pow_2kp1
nettle_pgp_put_rsa_sha1_signature->llvm.memcpy.p0i8.p0i8.i64
nettle_pgp_put_rsa_sha1_signature->nettle_buffer_grow
nettle_pgp_put_rsa_sha1_signature->nettle_buffer_space
nettle_pgp_put_rsa_sha1_signature->__gmpz_init
nettle_pgp_put_rsa_sha1_signature->__gmpz_clear
nettle_pgp_put_rsa_sha1_signature->nettle_sha1_digest
nettle_pgp_put_rsa_sha1_signature->nettle_rsa_sha1_sign
nettle_pgp_put_rsa_sha1_signature->nettle_pgp_put_uint16
nettle_pgp_put_rsa_sha1_signature->nettle_pgp_put_mpi
nettle_pgp_put_rsa_sha1_signature->nettle_pgp_put_header
nettle_pgp_put_rsa_sha1_signature->nettle_pgp_put_header_length
nettle_pgp_put_rsa_sha1_signature->nettle_pgp_sub_packet_start
nettle_pgp_put_rsa_sha1_signature->nettle_pgp_put_sub_packet
nettle_pgp_put_rsa_sha1_signature->nettle_pgp_sub_packet_end
nettle_pgp_put_rsa_sha1_signature->nettle_sha1_update
nettle_rsa_md5_sign_tr->__gmpz_init
nettle_rsa_md5_sign_tr->__gmpz_clear
nettle_rsa_md5_sign_tr->nettle_pkcs1_rsa_md5_encode
nettle_rsa_md5_sign_tr->nettle_rsa_compute_root_tr
nettle_ecc_point_init->_nettle_gmp_alloc_limbs
nettle_rsa_encrypt->__gmpz_powm
nettle_rsa_encrypt->nettle_pkcs1_encrypt
nettle_pkcs1_rsa_sha512_encode->nettle_mpz_set_str_256_u
nettle_pkcs1_rsa_sha512_encode->_nettle_pkcs1_signature_prefix
nettle_pkcs1_rsa_sha512_encode->nettle_sha512_digest
nettle_pkcs1_rsa_sha512_encode->_nettle_gmp_alloc
nettle_pkcs1_rsa_sha512_encode->_nettle_gmp_free
_nettle_eddsa_expand_key->__assert_fail
_nettle_eddsa_expand_key->_nettle_mpn_set_base256_le
_nettle_ecc_mod_mul_1->__assert_fail
_nettle_ecc_mod_mul_1->__gmpn_cnd_add_n
_nettle_ecc_mod_mul_1->__gmpn_addmul_1
_nettle_ecc_mod_mul_1->__gmpn_mul_1
_nettle_dsa_hash->nettle_mpz_set_str_256_u
_nettle_dsa_hash->__gmpz_tdiv_q_2exp
nettle_mpz_get_str_256->__assert_fail
nettle_mpz_get_str_256->__gmpz_init
nettle_mpz_get_str_256->__gmpz_com
nettle_mpz_get_str_256->__gmpz_clear
nettle_mpz_get_str_256->nettle_mpz_sizeinbase_256_u
nettle_mpz_get_str_256->nettle_mpz_to_octets
ecc_25519_zero_p->__gmpn_sub_n
ecc_25519_zero_p->__gmpn_cnd_add_n
ecc_25519_zero_p->_nettle_sec_add_1
nettle_rsa_md5_sign_digest_tr->__gmpz_init
nettle_rsa_md5_sign_digest_tr->__gmpz_clear
nettle_rsa_md5_sign_digest_tr->nettle_pkcs1_rsa_md5_encode_digest
nettle_rsa_md5_sign_digest_tr->nettle_rsa_compute_root_tr
nettle_ecc_point_clear->_nettle_gmp_free_limbs
nettle_rsa_decrypt->__gmpz_init
nettle_rsa_decrypt->__gmpz_clear
nettle_rsa_decrypt->nettle_pkcs1_decrypt
nettle_rsa_decrypt->nettle_rsa_compute_root
nettle_sexp_vformat->abort
nettle_sexp_vformat->strcspn
nettle_sexp_vformat->format_string
nettle_sexp_vformat->__assert_fail
nettle_sexp_vformat->nettle_buffer_grow
nettle_sexp_vformat->strlen_u8
nettle_sexp_vformat->nettle_buffer_write
nettle_sexp_vformat->format_prefix
nettle_sexp_vformat->nettle_buffer_space
nettle_sexp_vformat->nettle_mpz_sizeinbase_256_s
nettle_sexp_vformat->nettle_mpz_get_str_256
_nettle_eddsa_hash->_nettle_mpn_set_base256_le
_nettle_eddsa_hash->ecc_25519_modq
nettle_mpz_to_octets->__gmpz_size
nettle_mpz_to_octets->__gmpz_getlimbn
nettle_mpz_to_octets->llvm.memset.p0i8.i64
ecc_mod_pow_2kp1->_nettle_ecc_mod_mul
ecc_mod_pow_2kp1->_nettle_ecc_mod_sqr
nettle_pgp_crc24->__assert_fail
nettle_rsa_md5_verify->__gmpz_init
nettle_rsa_md5_verify->__gmpz_clear
nettle_rsa_md5_verify->nettle_pkcs1_rsa_md5_encode
nettle_rsa_md5_verify->_nettle_rsa_verify
nettle_ecc_point_set->__gmpz_init
nettle_ecc_point_set->__gmpz_clear
nettle_ecc_point_set->__gmpz_sub
nettle_ecc_point_set->__gmpz_sub_ui
nettle_ecc_point_set->__gmpz_mul_ui
nettle_ecc_point_set->__gmpz_add_ui
nettle_ecc_point_set->__gmpz_add
nettle_ecc_point_set->__gmpz_mul
nettle_ecc_point_set->_nettle_mpz_limbs_cmp
nettle_ecc_point_set->_nettle_mpz_limbs_copy
nettle_ecc_point_set->__gmpz_roinit_n
nettle_ecc_point_set->__gmpz_congruent_p
_nettle_sec_tabselect->__assert_fail
_nettle_sec_tabselect->__gmpn_zero
nettle_rsa_sec_decrypt->__gmpz_size
nettle_rsa_sec_decrypt->_nettle_pkcs1_sec_decrypt
nettle_rsa_sec_decrypt->_nettle_rsa_sec_compute_root_tr
nettle_rsa_sec_decrypt->__gmpz_limbs_read
nettle_rsa_sec_decrypt->_nettle_mpn_get_base256
nettle_rsa_sec_decrypt->_nettle_gmp_alloc
nettle_rsa_sec_decrypt->_nettle_gmp_free
nettle_pkcs1_rsa_sha512_encode_digest->llvm.memcpy.p0i8.p0i8.i64
nettle_pkcs1_rsa_sha512_encode_digest->nettle_mpz_set_str_256_u
nettle_pkcs1_rsa_sha512_encode_digest->_nettle_pkcs1_signature_prefix
nettle_pkcs1_rsa_sha512_encode_digest->_nettle_gmp_alloc
nettle_pkcs1_rsa_sha512_encode_digest->_nettle_gmp_free
_nettle_ecc_mod_addmul_1->__assert_fail
_nettle_ecc_mod_addmul_1->__gmpn_cnd_add_n
_nettle_ecc_mod_addmul_1->__gmpn_addmul_1
nettle_dsa_sha1_sign_digest->nettle_dsa_sign
nettle_pgp_armor->__assert_fail
nettle_pgp_armor->nettle_buffer_grow
nettle_pgp_armor->nettle_buffer_space
nettle_pgp_armor->nettle_pgp_crc24
nettle_pgp_armor->nettle_base64_encode_init
nettle_pgp_armor->write_string
nettle_pgp_armor->nettle_base64_encode_update
nettle_pgp_armor->nettle_base64_encode_final
nettle_pgp_armor->nettle_base64_encode_group
nettle_rsa_md5_verify_digest->__gmpz_init
nettle_rsa_md5_verify_digest->__gmpz_clear
nettle_rsa_md5_verify_digest->nettle_pkcs1_rsa_md5_encode_digest
nettle_rsa_md5_verify_digest->_nettle_rsa_verify
nettle_rsa_decrypt_tr->__gmpz_size
nettle_rsa_decrypt_tr->_nettle_pkcs1_sec_decrypt_variable
nettle_rsa_decrypt_tr->_nettle_rsa_sec_compute_root_tr
nettle_rsa_decrypt_tr->__gmpz_limbs_read
nettle_rsa_decrypt_tr->_nettle_mpn_get_base256
nettle_rsa_decrypt_tr->_nettle_gmp_alloc
nettle_rsa_decrypt_tr->_nettle_gmp_free
nettle_pss_encode_mgf1->nettle_mpz_set_str_256_u
nettle_pss_encode_mgf1->nettle_memxor
nettle_pss_encode_mgf1->nettle_pss_mgf1
nettle_pss_encode_mgf1->_nettle_gmp_alloc
nettle_pss_encode_mgf1->_nettle_gmp_free
format_string->nettle_buffer_write
format_string->format_prefix
_nettle_eddsa_public_key->_nettle_ecc_mul_g_eh
_nettle_eddsa_public_key->_nettle_eddsa_compress
_nettle_ecc_mod_submul_1->__assert_fail
_nettle_ecc_mod_submul_1->__gmpn_cnd_sub_n
_nettle_ecc_mod_submul_1->__gmpn_submul_1
nettle_dsa_sha1_sign->nettle_sha1_digest
nettle_dsa_sha1_sign->nettle_dsa_sign
nettle_rsa_sha1_sign->__gmpz_set_ui
nettle_rsa_sha1_sign->nettle_pkcs1_rsa_sha1_encode
nettle_rsa_sha1_sign->nettle_rsa_compute_root
_nettle_mpz_limbs_cmp->__assert_fail
_nettle_mpz_limbs_cmp->__gmpz_size
_nettle_mpz_limbs_cmp->__gmpz_limbs_read
_nettle_mpz_limbs_cmp->__gmpn_cmp
nettle_rsa_generate_keypair->__assert_fail
nettle_rsa_generate_keypair->__gmpz_sizeinbase
nettle_rsa_generate_keypair->__gmpz_init
nettle_rsa_generate_keypair->__gmpz_clear
nettle_rsa_generate_keypair->nettle_mpz_random_size
nettle_rsa_generate_keypair->__gmpz_fdiv_r
nettle_rsa_generate_keypair->__gmpz_sub_ui
nettle_rsa_generate_keypair->__gmpz_mul
nettle_rsa_generate_keypair->__gmpz_cmp_ui
nettle_rsa_generate_keypair->__gmpz_gcd
nettle_rsa_generate_keypair->nettle_random_prime
nettle_rsa_generate_keypair->__gmpz_tstbit
nettle_rsa_generate_keypair->__gmpz_invert
nettle_rsa_generate_keypair->__gmpz_setbit
nettle_dsa_sha1_verify_digest->nettle_dsa_verify
write_string->strlen
write_string->nettle_buffer_write
nettle_rsa_sha1_sign_digest->__gmpz_set_ui
nettle_rsa_sha1_sign_digest->nettle_pkcs1_rsa_sha1_encode_digest
nettle_rsa_sha1_sign_digest->nettle_rsa_compute_root
nettle_ecc_point_get->_nettle_mpz_set_n
nettle_pss_verify_mgf1->memcmp
nettle_pss_verify_mgf1->__assert_fail
nettle_pss_verify_mgf1->__gmpz_sizeinbase
nettle_pss_verify_mgf1->nettle_mpz_get_str_256
nettle_pss_verify_mgf1->nettle_memxor
nettle_pss_verify_mgf1->nettle_pss_mgf1
nettle_pss_verify_mgf1->_nettle_gmp_alloc
nettle_pss_verify_mgf1->_nettle_gmp_free
_nettle_eddsa_sign->__assert_fail
_nettle_eddsa_sign->__gmpn_cnd_add_n
_nettle_eddsa_sign->_nettle_mpn_get_base256_le
_nettle_eddsa_sign->_nettle_ecc_mod_add
_nettle_eddsa_sign->__gmpn_submul_1
_nettle_eddsa_sign->_nettle_ecc_mod_mul
_nettle_eddsa_sign->_nettle_ecc_mul_g_eh
_nettle_eddsa_sign->_nettle_eddsa_compress
_nettle_eddsa_sign->_nettle_eddsa_hash
_nettle_ecc_mod_mul->__gmpn_mul_n
_nettle_ecc_mod_mul->nettle_ecc_25519_modp
_nettle_ecc_mod_mul->ecc_25519_modq
nettle_dsa_sha1_verify->nettle_sha1_digest
nettle_dsa_sha1_verify->nettle_dsa_verify
nettle_mpz_set_str_256_u->__gmpz_import
nettle_rsa_sha1_sign_tr->__gmpz_init
nettle_rsa_sha1_sign_tr->__gmpz_clear
nettle_rsa_sha1_sign_tr->nettle_pkcs1_rsa_sha1_encode
nettle_rsa_sha1_sign_tr->nettle_rsa_compute_root_tr
nettle_ecc_scalar_init->_nettle_gmp_alloc_limbs
_nettle_mpz_limbs_read_n->__assert_fail
_nettle_mpz_limbs_read_n->__gmpz_size
_nettle_mpz_limbs_read_n->__gmpn_zero
_nettle_mpz_limbs_read_n->__gmpz_limbs_modify
nettle_pss_mgf1->llvm.memcpy.p0i8.p0i8.i64
strlen_u8->strlen
nettle_dsa_sha256_sign_digest->nettle_dsa_sign
nettle_rsa_compute_root_tr->__gmpz_size
nettle_rsa_compute_root_tr->__gmpz_limbs_write
nettle_rsa_compute_root_tr->__gmpz_limbs_finish
nettle_rsa_compute_root_tr->_nettle_rsa_sec_compute_root_tr
nettle_rsa_compute_root_tr->__gmpz_limbs_read
nettle_rsa_compute_root_tr->__gmpn_copyi
nettle_rsa_compute_root_tr->_nettle_gmp_alloc
nettle_rsa_compute_root_tr->_nettle_gmp_free
_nettle_ecc_j_to_a->__gmpn_zero
_nettle_ecc_j_to_a->__gmpn_copyi
_nettle_ecc_j_to_a->__gmpn_sub_n
_nettle_ecc_j_to_a->_nettle_cnd_copy
_nettle_ecc_j_to_a->_nettle_ecc_mod_mul
_nettle_ecc_j_to_a->_nettle_ecc_mod_sqr
nettle_rsa_sha1_sign_digest_tr->__gmpz_init
nettle_rsa_sha1_sign_digest_tr->__gmpz_clear
nettle_rsa_sha1_sign_digest_tr->nettle_pkcs1_rsa_sha1_encode_digest
nettle_rsa_sha1_sign_digest_tr->nettle_rsa_compute_root_tr
nettle_ecc_scalar_clear->_nettle_gmp_free_limbs
nettle_rsa_public_key_init->__gmpz_init
_nettle_eddsa_verify->__gmpn_copyi
_nettle_eddsa_verify->__gmpn_cmp
_nettle_eddsa_verify->_nettle_mpn_set_base256_le
_nettle_eddsa_verify->_nettle_ecc_add_eh
_nettle_eddsa_verify->_nettle_ecc_mul_g_eh
_nettle_eddsa_verify->_nettle_ecc_mul_a_eh
_nettle_eddsa_verify->_nettle_eddsa_decompress
_nettle_eddsa_verify->_nettle_eddsa_hash
_nettle_eddsa_verify->equal_h
_nettle_ecc_mod_sqr->__gmpn_sqr
_nettle_ecc_mod_sqr->nettle_ecc_25519_modp
nettle_dsa_sha256_sign->nettle_sha256_digest
nettle_dsa_sha256_sign->nettle_dsa_sign
_nettle_rsa_verify->__gmpz_init
_nettle_rsa_verify->__gmpz_clear
_nettle_rsa_verify->__gmpz_powm
_nettle_rsa_verify->__gmpz_cmp
nettle_mpz_init_set_str_256_u->__gmpz_init
nettle_mpz_init_set_str_256_u->__gmpz_import
_nettle_ecc_a_to_j->__gmpn_zero
_nettle_ecc_a_to_j->__gmpn_copyi
_nettle_ecc_a_to_j->nettle_ecc_25519_modp
_nettle_ecc_a_to_j->__gmpn_copyd
nettle_rsa_sha1_verify->__gmpz_init
nettle_rsa_sha1_verify->__gmpz_clear
nettle_rsa_sha1_verify->nettle_pkcs1_rsa_sha1_encode
nettle_rsa_sha1_verify->_nettle_rsa_verify
nettle_ecc_scalar_set->_nettle_mpz_limbs_cmp
nettle_ecc_scalar_set->_nettle_mpz_limbs_copy
_nettle_mpz_limbs_copy->__assert_fail
_nettle_mpz_limbs_copy->__gmpz_size
_nettle_mpz_limbs_copy->__gmpn_zero
_nettle_mpz_limbs_copy->__gmpz_limbs_read
_nettle_mpz_limbs_copy->__gmpn_copyi
_nettle_rsa_blind->__gmpz_init
_nettle_rsa_blind->__gmpz_clear
_nettle_rsa_blind->nettle_mpz_random
_nettle_rsa_blind->__gmpz_fdiv_r
_nettle_rsa_blind->__gmpz_mul
_nettle_rsa_blind->__gmpz_invert
_nettle_rsa_blind->__gmpz_powm_sec
nettle_rsa_public_key_clear->__gmpz_clear
format_prefix->nettle_buffer_grow
equal_h->__gmpn_sub_n
equal_h->__gmpn_cmp
equal_h->_nettle_ecc_mod_mul
nettle_dsa_sha256_verify_digest->nettle_dsa_verify
_nettle_rsa_verify_recover->__gmpz_powm
_nettle_rsa_verify_recover->__gmpz_cmp
nettle_mpz_set_str_256_s->__gmpz_clear
nettle_mpz_set_str_256_s->__gmpz_import
nettle_mpz_set_str_256_s->__gmpz_set_ui
nettle_mpz_set_str_256_s->__gmpz_init_set_ui
nettle_mpz_set_str_256_s->__gmpz_mul_2exp
nettle_mpz_set_str_256_s->__gmpz_sub
nettle_rsa_keypair_to_openpgp->strlen
nettle_rsa_keypair_to_openpgp->llvm.memcpy.p0i8.p0i8.i64
nettle_rsa_keypair_to_openpgp->nettle_sha1_digest
nettle_rsa_keypair_to_openpgp->nettle_pgp_put_userid
nettle_rsa_keypair_to_openpgp->nettle_pgp_put_public_rsa_key
nettle_rsa_keypair_to_openpgp->nettle_pgp_put_rsa_sha1_signature
nettle_rsa_keypair_to_openpgp->nettle_sha1_update
nettle_rsa_keypair_to_openpgp->time
nettle_rsa_keypair_to_openpgp->nettle_sha1_init
nettle_rsa_sha1_verify_digest->__gmpz_init
nettle_rsa_sha1_verify_digest->__gmpz_clear
nettle_rsa_sha1_verify_digest->nettle_pkcs1_rsa_sha1_encode_digest
nettle_rsa_sha1_verify_digest->_nettle_rsa_verify
nettle_ecc_scalar_get->_nettle_mpz_set_n
_nettle_mpz_set_n->__gmpz_limbs_write
_nettle_mpz_set_n->__gmpz_limbs_finish
_nettle_mpz_set_n->__gmpn_copyi
_nettle_rsa_check_size->__gmpz_sizeinbase
nettle_ed25519_sha512_public_key->_nettle_gmp_alloc_limbs
nettle_ed25519_sha512_public_key->_nettle_gmp_free_limbs
nettle_ed25519_sha512_public_key->_nettle_eddsa_expand_key
nettle_ed25519_sha512_public_key->_nettle_eddsa_public_key_itch
nettle_ed25519_sha512_public_key->_nettle_eddsa_public_key
_nettle_ecc_pp1_redc->__assert_fail
_nettle_ecc_pp1_redc->__gmpn_add_n
_nettle_ecc_pp1_redc->__gmpn_addmul_1
_nettle_ecc_pp1_redc->__gmpn_cnd_sub_n
nettle_dsa_sha256_verify->nettle_sha256_digest
nettle_dsa_sha256_verify->nettle_dsa_verify
_nettle_rsa_sec_compute_root_itch->__gmpz_size
_nettle_rsa_sec_compute_root_itch->sec_powm_itch
_nettle_rsa_sec_compute_root_itch->sec_mod_mul_itch
_nettle_rsa_sec_compute_root_itch->sec_mul_itch
_nettle_rsa_sec_compute_root_itch->__gmpn_sec_add_1_itch
_nettle_ecc_dup_jj->__gmpn_copyi
_nettle_ecc_dup_jj->_nettle_ecc_mod_add
_nettle_ecc_dup_jj->_nettle_ecc_mod_sub
_nettle_ecc_dup_jj->_nettle_ecc_mod_mul_1
_nettle_ecc_dup_jj->_nettle_ecc_mod_submul_1
_nettle_ecc_dup_jj->_nettle_ecc_mod_mul
_nettle_ecc_dup_jj->_nettle_ecc_mod_sqr
nettle_rsa_sha256_sign->__gmpz_set_ui
nettle_rsa_sha256_sign->nettle_pkcs1_rsa_sha256_encode
nettle_rsa_sha256_sign->nettle_rsa_compute_root
nettle_random_prime->__assert_fail
nettle_random_prime->__gmpz_init
nettle_random_prime->__gmpz_clear
nettle_random_prime->__gmpz_set_ui
nettle_random_prime->_nettle_generate_pocklington_prime
nettle_random_prime->nettle_random_prime
nettle_ecc_point_mul->__assert_fail
nettle_ecc_point_mul->_nettle_gmp_alloc_limbs
nettle_ecc_point_mul->_nettle_gmp_free_limbs
_nettle_mpn_set_base256->__gmpn_zero
_nettle_rsa_unblind->__gmpz_fdiv_r
_nettle_rsa_unblind->__gmpz_mul
nettle_rsa_public_key_prepare->_nettle_rsa_check_size
nettle_sexp_format->nettle_sexp_vformat
nettle_sexp_format->llvm.va_start
nettle_sexp_format->llvm.va_end
nettle_ed25519_sha512_sign->_nettle_gmp_alloc_limbs
nettle_ed25519_sha512_sign->_nettle_gmp_free_limbs
nettle_ed25519_sha512_sign->_nettle_eddsa_expand_key
nettle_ed25519_sha512_sign->_nettle_eddsa_sign_itch
nettle_ed25519_sha512_sign->_nettle_eddsa_sign
nettle_ed25519_sha512_sign->nettle_sha512_update
_nettle_ecc_pm1_redc->__assert_fail
_nettle_ecc_pm1_redc->__gmpn_sub_n
_nettle_ecc_pm1_redc->__gmpn_cnd_add_n
_nettle_ecc_pm1_redc->__gmpn_addmul_1
_nettle_ecc_pm1_redc->__gmpn_submul_1
nettle_dsa_keypair_to_sexp->nettle_sexp_format
sec_powm_itch->__gmpn_sec_div_r_itch
sec_powm_itch->__gmpn_sec_powm_itch
_nettle_ecc_add_jja->__gmpn_copyi
_nettle_ecc_add_jja->_nettle_ecc_mod_add
_nettle_ecc_add_jja->_nettle_ecc_mod_sub
_nettle_ecc_add_jja->_nettle_ecc_mod_mul_1
_nettle_ecc_add_jja->_nettle_ecc_mod_submul_1
_nettle_ecc_add_jja->_nettle_ecc_mod_mul
_nettle_ecc_add_jja->_nettle_ecc_mod_sqr
nettle_rsa_sha256_sign_digest->__gmpz_set_ui
nettle_rsa_sha256_sign_digest->nettle_pkcs1_rsa_sha256_encode_digest
nettle_rsa_sha256_sign_digest->nettle_rsa_compute_root
nettle_mpz_set_sexp->nettle_sexp_iterator_next
nettle_mpz_set_sexp->__gmpz_sizeinbase
nettle_mpz_set_sexp->nettle_mpz_set_str_256_s
nettle_ecc_point_mul_g->__assert_fail
_nettle_mpn_set_base256_le->__gmpn_zero
nettle_rsa_keypair_to_sexp->nettle_sexp_format
nettle_rsa_private_key_init->__gmpz_init
nettle_dsa_keypair_from_sexp_alist->nettle_sexp_iterator_assoc
nettle_dsa_keypair_from_sexp_alist->__gmpz_sizeinbase
nettle_dsa_keypair_from_sexp_alist->__gmpz_cmp
nettle_dsa_keypair_from_sexp_alist->nettle_mpz_set_sexp
sec_mod_mul_itch->__gmpn_sec_div_r_itch
sec_mod_mul_itch->sec_mul_itch
_nettle_ecc_add_jjj->__gmpn_copyi
_nettle_ecc_add_jjj->_nettle_ecc_mod_add
_nettle_ecc_add_jjj->_nettle_ecc_mod_sub
_nettle_ecc_add_jjj->_nettle_ecc_mod_mul_1
_nettle_ecc_add_jjj->_nettle_ecc_mod_submul_1
_nettle_ecc_add_jjj->_nettle_ecc_mod_mul
_nettle_ecc_add_jjj->_nettle_ecc_mod_sqr
nettle_rsa_sha256_sign_tr->__gmpz_init
nettle_rsa_sha256_sign_tr->__gmpz_clear
nettle_rsa_sha256_sign_tr->nettle_pkcs1_rsa_sha256_encode
nettle_rsa_sha256_sign_tr->nettle_rsa_compute_root_tr
_nettle_pkcs1_signature_prefix->llvm.memcpy.p0i8.p0i8.i64
_nettle_pkcs1_signature_prefix->__assert_fail
_nettle_pkcs1_signature_prefix->llvm.memset.p0i8.i64
