heim_ntlm_unparse_flags->unparse_flags
ret_buf->malloc
ret_buf->krb5_storage_read
ret_buf->krb5_storage_seek
heim_ntlm_calculate_ntlm2_sess_hash->hc_EVP_MD_CTX_create
heim_ntlm_calculate_ntlm2_sess_hash->hc_EVP_DigestInit_ex
heim_ntlm_calculate_ntlm2_sess_hash->hc_EVP_DigestUpdate
heim_ntlm_calculate_ntlm2_sess_hash->hc_EVP_DigestFinal_ex
heim_ntlm_calculate_ntlm2_sess_hash->hc_EVP_MD_CTX_destroy
heim_ntlm_calculate_ntlm2_sess_hash->llvm.memcpy.p0i8.p0i8.i64
heim_ntlm_calculate_ntlm2_sess_hash->hc_EVP_md5
heim_ntlm_v1_base_session->heim_ntlm_free_buf
heim_ntlm_v1_base_session->malloc
heim_ntlm_v1_base_session->hc_EVP_MD_CTX_create
heim_ntlm_v1_base_session->hc_EVP_md4
heim_ntlm_v1_base_session->hc_EVP_DigestInit_ex
heim_ntlm_v1_base_session->hc_EVP_DigestUpdate
heim_ntlm_v1_base_session->hc_EVP_DigestFinal_ex
heim_ntlm_v1_base_session->hc_EVP_MD_CTX_destroy
heim_ntlm_decode_type1->llvm.memset.p0i8.i64
heim_ntlm_decode_type1->krb5_storage_set_byteorder
heim_ntlm_decode_type1->krb5_storage_free
heim_ntlm_decode_type1->krb5_storage_from_readonly_mem
heim_ntlm_decode_type1->krb5_ret_uint32
heim_ntlm_decode_type1->krb5_storage_read
heim_ntlm_decode_type1->heim_ntlm_free_type1
heim_ntlm_decode_type1->memcmp
heim_ntlm_decode_type1->ret_sec_buffer
heim_ntlm_decode_type1->ret_sec_string
heim_ntlm_calculate_lm2->malloc
heim_ntlm_calculate_lm2->llvm.memcpy.p0i8.p0i8.i64
heim_ntlm_calculate_lm2->hc_RAND_bytes
heim_ntlm_calculate_lm2->heim_ntlm_ntlmv2_key
heim_ntlm_calculate_lm2->heim_ntlm_derive_ntlm2_sess
verify_ntlm2->heim_ntlm_free_buf
verify_ntlm2->krb5_storage_free
verify_ntlm2->malloc
verify_ntlm2->krb5_storage_from_readonly_mem
verify_ntlm2->krb5_ret_uint32
verify_ntlm2->krb5_storage_read
verify_ntlm2->krb5_storage_seek
verify_ntlm2->memcmp
verify_ntlm2->heim_ntlm_ntlmv2_key
verify_ntlm2->heim_ntlm_ts2unixtime
verify_ntlm2->heim_ntlm_derive_ntlm2_sess
verify_ntlm2->time
verify_ntlm2->krb5_storage_set_flags
verify_ntlm2->labs
heim_ntlm_free_targetinfo->heim_ntlm_free_buf
heim_ntlm_free_targetinfo->free
heim_ntlm_free_targetinfo->llvm.memset.p0i8.i64
heim_ntlm_encode_type3->llvm.memset.p0i8.i64
heim_ntlm_encode_type3->krb5_storage_emem
heim_ntlm_encode_type3->krb5_storage_set_byteorder
heim_ntlm_encode_type3->krb5_store_uint32
heim_ntlm_encode_type3->krb5_storage_write
heim_ntlm_encode_type3->krb5_storage_to_data
heim_ntlm_encode_type3->krb5_storage_free
heim_ntlm_encode_type3->len_string
heim_ntlm_encode_type3->put_string
heim_ntlm_encode_type3->store_sec_buffer
heim_ntlm_encode_type3->encode_os_version
heim_ntlm_encode_type3->put_buf
ascii2ucs2le->heim_ntlm_free_buf
ascii2ucs2le->free
ascii2ucs2le->llvm.memset.p0i8.i64
ascii2ucs2le->wind_utf8ucs2_length
ascii2ucs2le->malloc
ascii2ucs2le->wind_utf8ucs2
ascii2ucs2le->toupper
heim_ntlm_build_ntlm1_master->heim_ntlm_free_buf
heim_ntlm_build_ntlm1_master->heim_ntlm_v1_base_session
heim_ntlm_build_ntlm1_master->heim_ntlm_keyex_wrap
heim_ntlm_encode_type1->krb5_storage_emem
heim_ntlm_encode_type1->krb5_storage_set_byteorder
heim_ntlm_encode_type1->krb5_store_uint32
heim_ntlm_encode_type1->krb5_storage_write
heim_ntlm_encode_type1->krb5_storage_to_data
heim_ntlm_encode_type1->krb5_storage_free
heim_ntlm_encode_type1->len_string
heim_ntlm_encode_type1->put_string
heim_ntlm_encode_type1->store_sec_buffer
heim_ntlm_encode_type1->encode_os_version
heim_ntlm_encode_type2->krb5_storage_emem
heim_ntlm_encode_type2->krb5_storage_set_byteorder
heim_ntlm_encode_type2->krb5_store_uint32
heim_ntlm_encode_type2->krb5_storage_write
heim_ntlm_encode_type2->krb5_storage_to_data
heim_ntlm_encode_type2->krb5_storage_free
heim_ntlm_encode_type2->len_string
heim_ntlm_encode_type2->put_string
heim_ntlm_encode_type2->store_sec_buffer
heim_ntlm_encode_type2->encode_os_version
initialize_ntlm_error_table_r->initialize_error_table_r
splitandenc->llvm.memset.p0i8.i64
splitandenc->hc_EVP_CIPHER_CTX_init
splitandenc->hc_EVP_des_cbc
splitandenc->hc_EVP_CipherInit_ex
splitandenc->hc_EVP_Cipher
splitandenc->hc_EVP_CIPHER_CTX_cleanup
heim_ntlm_keyex_wrap->heim_ntlm_free_buf
heim_ntlm_keyex_wrap->malloc
heim_ntlm_keyex_wrap->hc_EVP_CIPHER_CTX_init
heim_ntlm_keyex_wrap->hc_EVP_CipherInit_ex
heim_ntlm_keyex_wrap->hc_EVP_Cipher
heim_ntlm_keyex_wrap->hc_EVP_CIPHER_CTX_cleanup
heim_ntlm_keyex_wrap->hc_EVP_rc4
heim_ntlm_keyex_wrap->hc_RAND_bytes
heim_ntlm_derive_ntlm2_sess->llvm.memset.p0i8.i64
heim_ntlm_derive_ntlm2_sess->hc_HMAC_CTX_init
heim_ntlm_derive_ntlm2_sess->hc_EVP_md5
heim_ntlm_derive_ntlm2_sess->hc_HMAC_Init_ex
heim_ntlm_derive_ntlm2_sess->hc_HMAC_Update
heim_ntlm_derive_ntlm2_sess->hc_HMAC_Final
heim_ntlm_derive_ntlm2_sess->hc_HMAC_CTX_cleanup
heim_ntlm_free_type2->heim_ntlm_free_buf
heim_ntlm_free_type2->free
heim_ntlm_free_type2->llvm.memset.p0i8.i64
put_buf->krb5_storage_write
heim_ntlm_ntlmv2_key->free
heim_ntlm_ntlmv2_key->llvm.memset.p0i8.i64
heim_ntlm_ntlmv2_key->ascii2ucs2le
heim_ntlm_ntlmv2_key->hc_HMAC_CTX_init
heim_ntlm_ntlmv2_key->hc_EVP_md5
heim_ntlm_ntlmv2_key->hc_HMAC_Init_ex
heim_ntlm_ntlmv2_key->hc_HMAC_Update
heim_ntlm_ntlmv2_key->hc_HMAC_Final
heim_ntlm_ntlmv2_key->hc_HMAC_CTX_cleanup
store_sec_buffer->krb5_store_uint16
store_sec_buffer->krb5_store_uint32
heim_ntlm_free_buf->free
heim_ntlm_free_type3->heim_ntlm_free_buf
heim_ntlm_free_type3->free
heim_ntlm_free_type3->llvm.memset.p0i8.i64
encode_ti_string->krb5_store_uint16
encode_ti_string->len_string
encode_ti_string->put_string
len_string->strlen
len_string->wind_utf8ucs2_length
ret_sec_buffer->krb5_ret_uint16
ret_sec_buffer->krb5_ret_uint32
heim_ntlm_calculate_ntlm2->krb5_storage_emem
heim_ntlm_calculate_ntlm2->krb5_store_uint32
heim_ntlm_calculate_ntlm2->krb5_storage_write
heim_ntlm_calculate_ntlm2->krb5_storage_to_data
heim_ntlm_calculate_ntlm2->krb5_storage_free
heim_ntlm_calculate_ntlm2->hc_RAND_bytes
heim_ntlm_calculate_ntlm2->heim_ntlm_ntlmv2_key
heim_ntlm_calculate_ntlm2->heim_ntlm_unix2ts_time
heim_ntlm_calculate_ntlm2->heim_ntlm_derive_ntlm2_sess
heim_ntlm_calculate_ntlm2->time
heim_ntlm_calculate_ntlm2->krb5_storage_set_flags
heim_ntlm_calculate_ntlm2->krb5_data_free
heim_ntlm_decode_type2->llvm.memset.p0i8.i64
heim_ntlm_decode_type2->krb5_storage_set_byteorder
heim_ntlm_decode_type2->krb5_storage_free
heim_ntlm_decode_type2->krb5_storage_from_readonly_mem
heim_ntlm_decode_type2->krb5_ret_uint32
heim_ntlm_decode_type2->krb5_storage_read
heim_ntlm_decode_type2->memcmp
heim_ntlm_decode_type2->ret_sec_buffer
heim_ntlm_decode_type2->ret_sec_string
heim_ntlm_decode_type2->heim_ntlm_free_type2
heim_ntlm_decode_type2->ret_buf
heim_ntlm_calculate_ntlm2_sess->free
heim_ntlm_calculate_ntlm2_sess->llvm.memset.p0i8.i64
heim_ntlm_calculate_ntlm2_sess->malloc
heim_ntlm_calculate_ntlm2_sess->llvm.memcpy.p0i8.p0i8.i64
heim_ntlm_calculate_ntlm2_sess->splitandenc
heim_ntlm_calculate_ntlm2_sess->heim_ntlm_calculate_ntlm2_sess_hash
heim_ntlm_encode_targetinfo->krb5_storage_emem
heim_ntlm_encode_targetinfo->krb5_storage_set_byteorder
heim_ntlm_encode_targetinfo->encode_ti_string
heim_ntlm_encode_targetinfo->krb5_store_uint16
heim_ntlm_encode_targetinfo->krb5_store_uint32
heim_ntlm_encode_targetinfo->krb5_storage_write
heim_ntlm_encode_targetinfo->krb5_store_int16
heim_ntlm_encode_targetinfo->krb5_storage_to_data
heim_ntlm_encode_targetinfo->krb5_storage_free
heim_ntlm_nt_key->heim_ntlm_free_buf
heim_ntlm_nt_key->ascii2ucs2le
heim_ntlm_nt_key->malloc
heim_ntlm_nt_key->hc_EVP_MD_CTX_create
heim_ntlm_nt_key->hc_EVP_md4
heim_ntlm_nt_key->hc_EVP_DigestInit_ex
heim_ntlm_nt_key->hc_EVP_DigestUpdate
heim_ntlm_nt_key->hc_EVP_DigestFinal_ex
heim_ntlm_nt_key->hc_EVP_MD_CTX_destroy
heim_ntlm_calculate_ntlm1->llvm.memset.p0i8.i64
heim_ntlm_calculate_ntlm1->malloc
heim_ntlm_calculate_ntlm1->llvm.memcpy.p0i8.p0i8.i64
heim_ntlm_calculate_ntlm1->splitandenc
ret_string->free
ret_string->malloc
ret_string->krb5_storage_read
ret_string->wind_ucs2read
ret_string->wind_ucs2utf8_length
ret_string->wind_ucs2utf8
heim_ntlm_free_type1->free
heim_ntlm_free_type1->llvm.memset.p0i8.i64
encode_os_version->krb5_store_uint16
encode_os_version->krb5_store_uint8
heim_ntlm_verify_ntlm2->verify_ntlm2
heim_ntlm_decode_type3->llvm.memset.p0i8.i64
heim_ntlm_decode_type3->krb5_storage_set_byteorder
heim_ntlm_decode_type3->krb5_storage_free
heim_ntlm_decode_type3->krb5_storage_from_readonly_mem
heim_ntlm_decode_type3->krb5_ret_uint32
heim_ntlm_decode_type3->krb5_storage_read
heim_ntlm_decode_type3->memcmp
heim_ntlm_decode_type3->ret_sec_buffer
heim_ntlm_decode_type3->ret_sec_string
heim_ntlm_decode_type3->ret_buf
heim_ntlm_decode_type3->heim_ntlm_free_type3
put_string->heim_ntlm_free_buf
put_string->krb5_storage_write
put_string->ascii2ucs2le
put_string->strlen
heim_ntlm_decode_targetinfo->llvm.memset.p0i8.i64
heim_ntlm_decode_targetinfo->krb5_storage_set_byteorder
heim_ntlm_decode_targetinfo->krb5_storage_free
heim_ntlm_decode_targetinfo->malloc
heim_ntlm_decode_targetinfo->krb5_storage_from_readonly_mem
heim_ntlm_decode_targetinfo->krb5_ret_uint16
heim_ntlm_decode_targetinfo->ret_string
heim_ntlm_decode_targetinfo->krb5_ret_uint32
heim_ntlm_decode_targetinfo->krb5_storage_read
heim_ntlm_decode_targetinfo->krb5_storage_seek
ret_sec_string->ret_string
ret_sec_string->krb5_storage_seek
