heim_array_create->_heim_alloc_object
heim_db_rollback->data_cmp
heim_db_rollback->json_db_close
heim_db_rollback->json_db_unlock
heim_db_rollback->json_db_sync
heim_db_rollback->error_cmp
heim_db_rollback->heim_release
heim_db_rollback->heim_get_tid
heim_db_rollback->autorel_cmp
heim_db_rollback->number_cmp
heim_db_rollback->string_cmp
heim_array_set_value->heim_retain
heim_array_set_value->heim_abort
heim_array_set_value->heim_release
_search->heim_get_hash
_search->heim_cmp
heim_error_create->llvm.va_start
heim_error_create->heim_error_createv
heim_error_create->llvm.va_end
heim_db_register->pthread_mutex_lock
heim_db_register->pthread_mutex_unlock
heim_db_register->heim_dict_create
heim_db_register->heim_dict_get_value
heim_db_register->heim_dict_set_value
heim_db_register->heim_retain
heim_db_register->heim_abort
heim_db_register->heim_release
heim_db_register->heim_base_once_f
heim_db_register->heim_alloc
heim_db_register->heim_string_create
memory_dealloc->array_dealloc
memory_dealloc->free
memory_dealloc->data_dealloc
memory_dealloc->data_hash
memory_dealloc->plugin_dealloc
memory_dealloc->db_dealloc
memory_dealloc->dict_dealloc
memory_dealloc->error_dealloc
memory_dealloc->error_hash
memory_dealloc->memory_dealloc
memory_dealloc->autorel_dealloc
memory_dealloc->autorel_hash
memory_dealloc->number_dealloc
memory_dealloc->number_hash
memory_dealloc->string_dealloc
memory_dealloc->string_hash
db_replay_log_set_keys_iter->heim_dict_iterate_f
heim_path_create->llvm.va_start
heim_path_create->llvm.va_end
heim_path_create->heim_path_vcreate
json_db_iter->heim_dict_get_value
json_db_iter->heim_dict_iterate_f
json_db_iter->__heim_string_constant
array_dealloc->free
array_dealloc->heim_release
parse_item->heim_array_append_value
parse_item->heim_release
parse_item->parse_value
parse_item->white_spaces
heim_array_delete_value->llvm.memmove.p0i8.p0i8.i64
heim_array_delete_value->heim_abort
heim_array_delete_value->heim_release
heim_number_create->_heim_alloc_object
heim_dict_copy_value->_search
heim_dict_copy_value->heim_retain
heim_error_copy_string->strerror
heim_error_copy_string->heim_retain
heim_error_copy_string->heim_abort
heim_error_copy_string->heim_get_tid
heim_error_copy_string->heim_number_get_type_id
heim_error_copy_string->heim_number_get_int
heim_error_copy_string->__heim_string_constant
db_init_plugins_once->heim_retain
_heim_alloc_object->calloc
db_replay_log_del_keys_iter->heim_dict_iterate_f
heim_path_vdelete->heim_array_delete_value
heim_path_vdelete->heim_db_delete_key
heim_path_vdelete->heim_dict_delete_key
heim_path_vdelete->heim_release
heim_path_vdelete->heim_get_tid
heim_path_vdelete->heim_path_vget2
heim_path_vdelete->heim_number_get_int
json_db_iter_f->strlen
json_db_iter_f->heim_data_ref_create
json_db_iter_f->json_db_lock
json_db_iter_f->heim_release
json_db_iter_f->heim_string_get_utf8
parse_pair->heim_dict_set_value
parse_pair->heim_error_create
parse_pair->heim_release
parse_pair->parse_value
parse_pair->white_spaces
parse_pair->parse_string
_heim_db_get_value->heim_db_copy_value
_heim_db_get_value->heim_release
heim_array_filter_f->heim_array_delete_value
heim_dict_set_value->malloc
heim_dict_set_value->_search
heim_dict_set_value->heim_retain
heim_dict_set_value->heim_release
heim_dict_set_value->heim_get_hash
heim_string_get_utf8->_heim_get_isaextra
heim_error_get_code->heim_abort
heim_error_get_code->heim_get_tid
heim_error_get_code->heim_number_get_type_id
heim_error_get_code->heim_number_get_int
once_arg_key_once_init->__errno_location
once_arg_key_once_init->strerror
once_arg_key_once_init->abort
once_arg_key_once_init->fprintf
once_arg_key_once_init->pthread_key_create
plugin_dealloc->heim_release
_heim_get_isaextra->heim_abort
db_replay_log_table_del_keys_iter->from_base64
db_replay_log_table_del_keys_iter->json_db_copy_value
db_replay_log_table_del_keys_iter->json_db_del_key
db_replay_log_table_del_keys_iter->heim_release
heim_path_delete->llvm.va_start
heim_path_delete->llvm.va_end
heim_path_delete->heim_path_vdelete
heim_db_copy_value->json_db_copy_value
heim_db_copy_value->json_db_del_key
heim_db_copy_value->to_base64
heim_db_copy_value->heim_error_create_enomem
heim_db_copy_value->heim_release
heim_db_copy_value->heim_get_tid
heim_db_copy_value->heim_path_copy
heim_db_copy_value->__heim_string_constant
_bsearch_text->bsearch_common
heim_dict_delete_key->free
heim_dict_delete_key->_search
heim_dict_delete_key->heim_release
__heim_string_constant->pthread_mutex_lock
__heim_string_constant->pthread_mutex_unlock
__heim_string_constant->heim_dict_get_value
__heim_string_constant->heim_dict_set_value
__heim_string_constant->heim_release
__heim_string_constant->heim_base_once_f
__heim_string_constant->_heim_make_permanent
__heim_string_constant->heim_string_create
heim_error_append->heim_retain
heim_error_append->heim_abort
heim_error_append->heim_release
heim_error_append->heim_get_tid
heim_error_append->heim_number_get_type_id
heim_auto_release_create->pthread_mutex_lock
heim_auto_release_create->pthread_mutex_unlock
heim_auto_release_create->heim_abort
heim_auto_release_create->autorel_tls
heim_auto_release_create->_heim_alloc_object
from_base64->free
from_base64->strlen
from_base64->malloc
from_base64->heim_data_ref_create
from_base64->heim_error_create_enomem
from_base64->heim_string_get_utf8
from_base64->rk_base64_decode
heim_json_create->strlen
heim_json_create->heim_json_create_with_bytes
heim_array_append_value->llvm.memmove.p0i8.p0i8.i64
heim_array_append_value->realloc
heim_array_append_value->heim_retain
heim_show->heim_base2json
to_base64->free
to_base64->heim_data_get_data
to_base64->heim_error_create_enomem
to_base64->heim_string_ref_create
to_base64->rk_base64_encode
bsearch_common->find_line
bsearch_common->__ctype_b_loc
bsearch_common->strncmp
bsearch_common->strlen
bsearch_common->malloc
bsearch_common->__errno_location
bsearch_common->llvm.memcpy.p0i8.p0i8.i64
bsearch_common->heim_abort
heim_dict_iterate_f->dbtype_iter2create_f
heim_dict_iterate_f->db_replay_log_set_keys_iter
heim_dict_iterate_f->db_replay_log_del_keys_iter
heim_dict_iterate_f->db_replay_log_table_del_keys_iter
heim_dict_iterate_f->db_replay_log_table_set_keys_iter
heim_dict_iterate_f->json_db_iter_f
heim_dict_iterate_f->dict2json
init_string->heim_dict_create
init_string->heim_abort
heim_retain->heim_abort
heim_data_create->llvm.memcpy.p0i8.p0i8.i64
heim_data_create->_heim_alloc_object
autorel_dealloc->pthread_mutex_lock
autorel_dealloc->pthread_mutex_unlock
autorel_dealloc->heim_abort
autorel_dealloc->autorel_tls
autorel_dealloc->heim_auto_release_drain
db_replay_log_table_set_keys_iter->from_base64
db_replay_log_table_set_keys_iter->json_db_set_value
db_replay_log_table_set_keys_iter->json_db_iter
db_replay_log_table_set_keys_iter->heim_release
heim_json_create_with_bytes->heim_release
heim_json_create_with_bytes->heim_base_once_f
heim_json_create_with_bytes->parse_value
show_printf->fprintf
heim_db_set_value->heim_db_begin
heim_db_set_value->heim_db_commit
heim_db_set_value->heim_db_rollback
heim_db_set_value->to_base64
heim_db_set_value->heim_db_set_value
heim_db_set_value->heim_db_delete_key
heim_db_set_value->heim_error_create_enomem
heim_db_set_value->heim_error_create
heim_db_set_value->heim_error_get_code
heim_db_set_value->heim_abort
heim_db_set_value->heim_release
heim_db_set_value->heim_get_tid
heim_db_set_value->heim_path_create
heim_db_set_value->heim_path_delete
heim_db_set_value->__heim_string_constant
heim_error_create_enomem->heim_number_create
_bsearch_file_close->free
_bsearch_file_close->close
rk_base64_encode->strlen
rk_base64_encode->malloc
heim_abort->llvm.va_start
heim_abort->heim_abortv
data_dealloc->array_dealloc
data_dealloc->free
data_dealloc->data_dealloc
data_dealloc->data_hash
data_dealloc->plugin_dealloc
data_dealloc->db_dealloc
data_dealloc->dict_dealloc
data_dealloc->error_dealloc
data_dealloc->error_hash
data_dealloc->memory_dealloc
data_dealloc->_heim_get_isaextra
data_dealloc->autorel_dealloc
data_dealloc->autorel_hash
data_dealloc->number_dealloc
data_dealloc->number_hash
data_dealloc->string_dealloc
data_dealloc->string_hash
once_callback_caller->abort
once_callback_caller->pthread_getspecific
once_callback_caller->fprintf
heim_db_create->heim_db_register
heim_db_create->pthread_mutex_lock
heim_db_create->pthread_mutex_unlock
heim_db_create->strstr
heim_db_create->strchr
heim_db_create->db_replay_log
heim_db_create->json_db_open
heim_db_create->heim_dict_create
heim_db_create->heim_dict_get_value
heim_db_create->heim_dict_iterate_f
heim_db_create->heim_error_create_enomem
heim_db_create->heim_error_create
heim_db_create->heim_retain
heim_db_create->heim_release
heim_db_create->_heim_alloc_object
heim_db_create->heim_string_create
heim_db_create->heim_string_create_with_bytes
db_dealloc->data_cmp
db_dealloc->json_db_close
db_dealloc->json_db_unlock
db_dealloc->json_db_sync
db_dealloc->error_cmp
db_dealloc->heim_abort
db_dealloc->heim_release
db_dealloc->autorel_cmp
db_dealloc->number_cmp
db_dealloc->string_cmp
json_init_once->__heim_string_constant
heim_base2json->heim_base_once_f
heim_base2json->base2json
heim_db_delete_key->heim_db_begin
heim_db_delete_key->heim_db_commit
heim_db_delete_key->heim_db_rollback
heim_db_delete_key->to_base64
heim_db_delete_key->heim_db_delete_key
heim_db_delete_key->heim_error_create_enomem
heim_db_delete_key->heim_error_create
heim_db_delete_key->heim_error_get_code
heim_db_delete_key->heim_abort
heim_db_delete_key->heim_release
heim_db_delete_key->heim_get_tid
heim_db_delete_key->heim_path_create
heim_db_delete_key->heim_path_delete
heim_db_delete_key->heim_number_create
heim_db_delete_key->__heim_string_constant
heim_error_create_opt->llvm.va_start
heim_error_create_opt->heim_error_createv
heim_error_create_opt->llvm.va_end
_bsearch_file->_bsearch_text
_bsearch_file->bsearch_common
_bsearch_file->read_page
_bsearch_file->heim_abort
rk_base64_decode->strchr
rk_base64_decode->token_decode
heim_abortv->vsnprintf
heim_abortv->syslog
heim_abortv->abort
data_cmp->memcmp
dbtype_iter2create_f->heim_db_create
dbtype_iter2create_f->heim_string_get_utf8
json_db_open->free
json_db_open->malloc
json_db_open->strrchr
json_db_open->strcmp
json_db_open->read_json
json_db_open->open_file
json_db_open->time
json_db_open->snprintf
json_db_open->heim_dict_create
json_db_open->heim_dict_get_value
json_db_open->heim_dict_delete_key
json_db_open->heim_error_create_enomem
json_db_open->heim_error_create
json_db_open->heim_error_get_code
json_db_open->heim_release
json_db_open->heim_get_tid
json_db_open->heim_alloc
json_db_open->heim_string_create
json_db_open->__heim_string_constant
parse_value->heim_bool_create
parse_value->memcmp
parse_value->heim_error_create
parse_value->white_spaces
parse_value->parse_string
parse_value->parse_dict
parse_value->parse_array
parse_value->is_number
parse_value->parse_number
parse_value->strncasecmp
parse_value->heim_null_create
heim_array_insert_value->heim_array_append_value
heim_array_insert_value->llvm.memmove.p0i8.p0i8.i64
heim_array_insert_value->heim_array_prepend_value
heim_array_insert_value->heim_retain
heim_array_insert_value->heim_abort
base2json->free
base2json->heim_array_iterate_f
base2json->heim_bool_val
base2json->data_cmp
base2json->heim_data_get_data
base2json->json_db_close
base2json->json_db_unlock
base2json->json_db_sync
base2json->snprintf
base2json->heim_dict_create
base2json->heim_dict_set_value
base2json->heim_dict_iterate_f
base2json->error_cmp
base2json->heim_release
base2json->heim_get_tid
base2json->autorel_cmp
base2json->show_printf
base2json->base2json
base2json->indent
base2json->strbuf_add
base2json->heim_null_create
base2json->number_cmp
base2json->heim_number_get_int
base2json->string_cmp
base2json->heim_string_ref_create
base2json->heim_string_get_utf8
base2json->rk_base64_encode
heim_db_iterate_f->heim_get_tid
heim_string_create->strlen
heim_string_create->heim_string_create_with_bytes
read_page->__errno_location
read_page->read
read_page->get_page_from_cache
read_page->lseek
token_decode->strlen
token_decode->pos
ar_tls_delete->free
ar_tls_delete->heim_release
heim_auto_release_drain->pthread_mutex_lock
heim_auto_release_drain->pthread_mutex_unlock
heim_auto_release_drain->heim_release
json_db_close->close
json_db_close->heim_release
heim_array_prepend_value->llvm.memmove.p0i8.p0i8.i64
heim_array_prepend_value->realloc
heim_array_prepend_value->heim_retain
indent->data_cmp
indent->json_db_close
indent->json_db_unlock
indent->json_db_sync
indent->error_cmp
indent->autorel_cmp
indent->show_printf
indent->strbuf_add
indent->number_cmp
indent->string_cmp
heim_dict_create->calloc
heim_dict_create->findprime
heim_dict_create->heim_release
heim_dict_create->_heim_alloc_object
heim_string_create_with_bytes->llvm.memcpy.p0i8.p0i8.i64
heim_string_create_with_bytes->_heim_alloc_object
heim_error_createv->free
heim_error_createv->malloc
heim_error_createv->__errno_location
heim_error_createv->heim_error_create_enomem
heim_error_createv->vsnprintf
heim_error_createv->_heim_alloc_object
heim_error_createv->heim_string_create
heim_path_vget->heim_path_vget2
json_db_lock->open_file
json_db_lock->heim_abort
json_db_lock->heim_string_get_utf8
parse_string->free
parse_string->strlen
parse_string->malloc
parse_string->heim_data_ref_create
parse_string->heim_error_create_enomem
parse_string->heim_error_create
parse_string->heim_release
parse_string->strspn
parse_string->heim_string_create_with_bytes
parse_string->heim_string_get_utf8
parse_string->rk_base64_decode
heim_array_iterate_f->array2json
array2json->data_cmp
array2json->json_db_close
array2json->json_db_unlock
array2json->json_db_sync
array2json->error_cmp
array2json->autorel_cmp
array2json->show_printf
array2json->base2json
array2json->strbuf_add
array2json->number_cmp
array2json->string_cmp
findprime->isprime
string_dealloc->array_dealloc
string_dealloc->free
string_dealloc->data_dealloc
string_dealloc->data_hash
string_dealloc->plugin_dealloc
string_dealloc->db_dealloc
string_dealloc->dict_dealloc
string_dealloc->error_dealloc
string_dealloc->error_hash
string_dealloc->memory_dealloc
string_dealloc->_heim_get_isaextra
string_dealloc->autorel_dealloc
string_dealloc->autorel_hash
string_dealloc->number_dealloc
string_dealloc->number_hash
string_dealloc->string_dealloc
string_dealloc->string_hash
heim_release->array_dealloc
heim_release->free
heim_release->data_dealloc
heim_release->data_hash
heim_release->plugin_dealloc
heim_release->pthread_mutex_lock
heim_release->pthread_mutex_unlock
heim_release->db_dealloc
heim_release->dict_dealloc
heim_release->error_dealloc
heim_release->error_hash
heim_release->heim_abort
heim_release->memory_dealloc
heim_release->autorel_dealloc
heim_release->autorel_hash
heim_release->number_dealloc
heim_release->number_hash
heim_release->string_dealloc
heim_release->string_hash
heim_data_ref_create->_heim_alloc_object
heim_data_ref_create->_heim_get_isaextra
_heim_get_isa->heim_abort
db_replay_log->heim_array_get_length
db_replay_log->heim_array_get_value
db_replay_log->read_json
db_replay_log->db_do_log_actions
db_replay_log->open_file
db_replay_log->heim_dict_get_value
db_replay_log->heim_error_create
db_replay_log->heim_error_get_code
db_replay_log->heim_abort
db_replay_log->heim_release
db_replay_log->heim_get_tid
db_replay_log->heim_string_get_utf8
db_replay_log->__heim_string_constant
heim_path_vget2->heim_array_get_value
heim_path_vget2->_heim_db_get_value
heim_path_vget2->heim_dict_get_value
heim_path_vget2->heim_error_create
heim_path_vget2->heim_abort
heim_path_vget2->heim_get_tid
heim_path_vget2->heim_number_get_int
json_db_unlock->close
json_db_unlock->unlink
json_db_unlock->heim_abort
json_db_unlock->heim_string_get_utf8
parse_dict->free
parse_dict->strlen
parse_dict->malloc
parse_dict->heim_data_ref_create
parse_dict->heim_dict_create
parse_dict->heim_dict_copy_value
parse_dict->heim_error_create_enomem
parse_dict->heim_abort
parse_dict->heim_release
parse_dict->heim_get_tid
parse_dict->parse_pair
parse_dict->heim_string_get_utf8
parse_dict->rk_base64_decode
dict2json->data_cmp
dict2json->json_db_close
dict2json->json_db_unlock
dict2json->json_db_sync
dict2json->error_cmp
dict2json->autorel_cmp
dict2json->show_printf
dict2json->base2json
dict2json->strbuf_add
dict2json->number_cmp
dict2json->string_cmp
string_cmp->strcmp
string_cmp->_heim_get_isaextra
stdb_open->_bsearch_file_open
stdb_open->strrchr
stdb_open->strcmp
stdb_open->heim_error_create
heim_auto_release->pthread_mutex_lock
heim_auto_release->pthread_mutex_unlock
heim_auto_release->heim_abort
heim_auto_release->autorel_tls
heim_get_tid->_heim_get_isa
read_json->free
read_json->malloc
read_json->__errno_location
read_json->fstat
read_json->read
read_json->close
read_json->strerror
read_json->open_file
read_json->heim_error_create_enomem
read_json->heim_error_create
read_json->heim_error_get_code
read_json->heim_json_create
heim_path_vcopy->heim_retain
heim_path_vcopy->heim_path_vget2
json_db_sync->strlen
json_db_sync->__errno_location
json_db_sync->write
json_db_sync->fsync
json_db_sync->rename
json_db_sync->heim_error_get_code
json_db_sync->heim_abort
json_db_sync->heim_release
json_db_sync->heim_json_copy_serialize
json_db_sync->heim_string_get_utf8
parse_array->heim_array_create
parse_array->heim_abort
parse_array->heim_release
parse_array->parse_item
heim_db_clone->heim_db_create
heim_db_clone->heim_error_create_enomem
heim_db_clone->heim_error_create
heim_db_clone->heim_abort
heim_db_clone->heim_release
heim_db_clone->heim_get_tid
heim_db_clone->_heim_alloc_object
heim_db_clone->heim_string_get_utf8
heim_json_copy_serialize->free
heim_json_copy_serialize->malloc
heim_json_copy_serialize->heim_error_create_enomem
heim_json_copy_serialize->heim_error_create
heim_json_copy_serialize->heim_base2json
heim_json_copy_serialize->llvm.memset.p0i8.i64
heim_json_copy_serialize->strbuf_add
heim_json_copy_serialize->heim_string_ref_create
dict_dealloc->free
dict_dealloc->heim_release
error_dealloc->heim_release
stdb_close->_bsearch_file_close
autorel_tls->free
autorel_tls->calloc
autorel_tls->heim_base_once_f
autorel_tls->pthread_getspecific
autorel_tls->pthread_setspecific
heim_get_hash->array_dealloc
heim_get_hash->free
heim_get_hash->data_dealloc
heim_get_hash->data_hash
heim_get_hash->plugin_dealloc
heim_get_hash->db_dealloc
heim_get_hash->dict_dealloc
heim_get_hash->error_dealloc
heim_get_hash->error_hash
heim_get_hash->_heim_get_isa
heim_get_hash->memory_dealloc
heim_get_hash->autorel_dealloc
heim_get_hash->autorel_hash
heim_get_hash->number_dealloc
heim_get_hash->number_hash
heim_get_hash->string_dealloc
heim_get_hash->string_hash
db_do_log_actions->heim_dict_iterate_f
db_do_log_actions->heim_release
heim_path_get->llvm.va_start
heim_path_get->llvm.va_end
heim_path_get->heim_path_vget2
json_db_copy_value->__errno_location
json_db_copy_value->heim_data_get_data
json_db_copy_value->read_json
json_db_copy_value->strnlen
json_db_copy_value->stat
json_db_copy_value->time
json_db_copy_value->heim_dict_create
json_db_copy_value->heim_error_create_enomem
json_db_copy_value->heim_error_create
json_db_copy_value->heim_error_get_code
json_db_copy_value->heim_release
json_db_copy_value->heim_path_copy
json_db_copy_value->heim_string_create_with_bytes
json_db_copy_value->heim_string_get_utf8
heim_db_begin->data_cmp
heim_db_begin->db_replay_log
heim_db_begin->json_db_close
heim_db_begin->json_db_lock
heim_db_begin->json_db_unlock
heim_db_begin->json_db_sync
heim_db_begin->heim_dict_create
heim_db_begin->error_cmp
heim_db_begin->heim_abort
heim_db_begin->heim_release
heim_db_begin->heim_get_tid
heim_db_begin->autorel_cmp
heim_db_begin->number_cmp
heim_db_begin->string_cmp
heim_array_get_value->heim_abort
_bsearch_file_open->free
_bsearch_file_open->malloc
_bsearch_file_open->__errno_location
_bsearch_file_open->open
_bsearch_file_open->fstat
_bsearch_file_open->calloc
_bsearch_file_open->read
_bsearch_file_open->close
heim_string_ref_create->_heim_alloc_object
heim_string_ref_create->_heim_get_isaextra
error_cmp->heim_cmp
stdb_copy_value->free
stdb_copy_value->strlen
stdb_copy_value->_bsearch_file
stdb_copy_value->strerror
stdb_copy_value->heim_data_create
stdb_copy_value->heim_data_get_ptr
stdb_copy_value->heim_error_create
stdb_copy_value->heim_get_tid
stdb_copy_value->heim_string_get_utf8
stdb_copy_value->__heim_string_constant
init_ar_tls->pthread_key_create
heim_cmp->data_cmp
heim_cmp->json_db_close
heim_cmp->json_db_unlock
heim_cmp->json_db_sync
heim_cmp->error_cmp
heim_cmp->_heim_get_isa
heim_cmp->heim_get_tid
heim_cmp->autorel_cmp
heim_cmp->number_cmp
heim_cmp->string_cmp
open_file->__errno_location
open_file->open
open_file->close
open_file->strerror
open_file->flock
open_file->heim_error_create_enomem
open_file->heim_error_create
open_file->heim_error_get_code
heim_path_copy->llvm.va_start
heim_path_copy->llvm.va_end
heim_path_copy->heim_retain
heim_path_copy->heim_path_vget2
json_db_set_value->heim_data_get_data
json_db_set_value->strnlen
json_db_set_value->heim_error_create_enomem
json_db_set_value->heim_error_create
json_db_set_value->heim_error_get_code
json_db_set_value->heim_release
json_db_set_value->heim_path_create
json_db_set_value->heim_string_create_with_bytes
json_db_set_value->__heim_string_constant
parse_number->is_number
parse_number->heim_number_create
heim_db_commit->heim_array_create
heim_db_commit->heim_array_append_value
heim_db_commit->strlen
heim_db_commit->__errno_location
heim_db_commit->close
heim_db_commit->strerror
heim_db_commit->data_cmp
heim_db_commit->db_do_log_actions
heim_db_commit->open_file
heim_db_commit->json_db_close
heim_db_commit->json_db_unlock
heim_db_commit->json_db_sync
heim_db_commit->write
heim_db_commit->heim_dict_get_value
heim_db_commit->heim_error_create_enomem
heim_db_commit->error_cmp
heim_db_commit->heim_error_create
heim_db_commit->heim_error_get_code
heim_db_commit->heim_release
heim_db_commit->heim_get_tid
heim_db_commit->autorel_cmp
heim_db_commit->heim_json_copy_serialize
heim_db_commit->number_cmp
heim_db_commit->string_cmp
heim_db_commit->heim_string_get_utf8
heim_db_commit->__heim_string_constant
heim_array_copy_value->heim_retain
heim_array_copy_value->heim_abort
strbuf_add->realloc
strbuf_add->strlen
strbuf_add->llvm.memcpy.p0i8.p0i8.i64
heim_dict_get_value->_search
heim_string_create_with_format->free
heim_string_create_with_format->llvm.va_start
heim_string_create_with_format->llvm.va_end
heim_string_create_with_format->heim_string_ref_create
heim_string_create_with_format->vasprintf
heim_base_once_f->__errno_location
heim_base_once_f->strerror
heim_base_once_f->abort
heim_base_once_f->pthread_setspecific
heim_base_once_f->pthread_once
heim_base_once_f->fprintf
heim_alloc->calloc
heim_path_vcreate->heim_array_insert_value
heim_path_vcreate->heim_array_get_length
heim_path_vcreate->heim_array_get_value
heim_path_vcreate->heim_dict_create
heim_path_vcreate->heim_dict_get_value
heim_path_vcreate->heim_dict_set_value
heim_path_vcreate->heim_error_create_enomem
heim_path_vcreate->heim_error_create
heim_path_vcreate->heim_abort
heim_path_vcreate->heim_release
heim_path_vcreate->heim_get_tid
heim_path_vcreate->heim_number_get_int
json_db_del_key->heim_data_get_data
json_db_del_key->strnlen
json_db_del_key->heim_error_create_enomem
json_db_del_key->heim_error_create
json_db_del_key->heim_error_get_code
json_db_del_key->heim_release
json_db_del_key->heim_path_delete
json_db_del_key->heim_string_create_with_bytes
json_db_del_key->__heim_string_constant
