stringprep_utf8_to_unichar->g_utf8_get_char
c_strncasecmp->c_tolower
stringprep_locale_charset->getenv
stringprep_locale_charset->nl_langinfo
stringprep_4zi->stringprep_4zi_1
punycode_encode->encode_basic
punycode_encode->encode_digit
punycode_encode->adapt
idna_to_unicode_44i->stringprep_ucs4_to_utf8
idna_to_unicode_44i->llvm.memcpy.p0i8.p0i8.i64
idna_to_unicode_44i->idna_to_unicode_internal
idna_to_unicode_4z4z->malloc
idna_to_unicode_4z4z->free
idna_to_unicode_4z4z->llvm.memcpy.p0i8.p0i8.i64
idna_to_unicode_4z4z->realloc
idna_to_unicode_4z4z->idna_to_unicode_44i
tld_get_4->malloc
tld_check_4->free
tld_check_4->tld_default_table
tld_check_4->tld_get_4
tld_check_4->tld_check_4t
str_cd_iconv->strlen
str_cd_iconv->malloc
str_cd_iconv->free
str_cd_iconv->realloc
str_cd_iconv->__errno_location
str_cd_iconv->iconv
stringprep_ucs4_to_utf8->g_ucs4_to_utf8
stringprep_4i->free
stringprep_4i->stringprep_ucs4_nfkc_normalize
stringprep_4i->llvm.memcpy.p0i8.p0i8.i64
stringprep_4i->stringprep_find_string_in_table
stringprep_4i->stringprep_apply_table_to_string
stringprep_4i->stringprep_find_character_in_table
stringprep_4zi_1->stringprep_4i
idna_to_unicode_internal->strlen
idna_to_unicode_internal->free
idna_to_unicode_internal->llvm.memmove.p0i8.p0i8.i64
idna_to_unicode_internal->stringprep
idna_to_unicode_internal->realloc
idna_to_unicode_internal->punycode_decode
idna_to_unicode_internal->idna_to_ascii_4i
idna_to_unicode_internal->c_strcasecmp
idna_to_unicode_internal->c_strncasecmp
idna_to_unicode_8z4z->stringprep_utf8_to_ucs4
idna_to_unicode_8z4z->free
idna_to_unicode_8z4z->idna_to_unicode_4z4z
pr29_strerror->bindtextdomain
pr29_strerror->dgettext
tld_get_4z->tld_get_4
tld_check_4z->tld_check_4
stringprep_unichar_to_utf8->g_unichar_to_utf8
g_ucs4_to_utf8->g_unichar_to_utf8
g_ucs4_to_utf8->malloc
stringprep->stringprep_utf8_to_ucs4
stringprep->strlen
stringprep->stringprep_ucs4_to_utf8
stringprep->free
stringprep->stringprep_4i
stringprep->realloc
stringprep->strcpy
idna_to_ascii_4z->strlen
idna_to_ascii_4z->malloc
idna_to_ascii_4z->free
idna_to_ascii_4z->realloc
idna_to_ascii_4z->strcpy
idna_to_ascii_4z->idna_to_ascii_4i
idna_to_ascii_4z->strcat
idna_to_ascii_4z->strdup
idna_to_unicode_8z8z->stringprep_ucs4_to_utf8
idna_to_unicode_8z8z->free
idna_to_unicode_8z8z->idna_to_unicode_8z4z
pr29_4z->pr29_4
punycode_strerror->bindtextdomain
punycode_strerror->dgettext
tld_get_z->strlen
tld_get_z->free
tld_get_z->tld_get_4
tld_get_z->calloc
tld_check_8z->stringprep_utf8_to_ucs4
tld_check_8z->free
tld_check_8z->tld_check_4
stringprep_utf8_nfkc_normalize->g_utf8_normalize
stringprep_convert->str_iconv
stringprep_find_string_in_table->stringprep_find_character_in_table
idna_to_unicode_8zlz->free
idna_to_unicode_8zlz->stringprep_utf8_to_locale
idna_to_unicode_8zlz->idna_to_unicode_8z8z
pr29_8z->stringprep_utf8_to_ucs4
pr29_8z->free
pr29_8z->pr29_4z
stringprep_strerror->bindtextdomain
stringprep_strerror->dgettext
tld_check_lz->free
tld_check_lz->stringprep_locale_to_utf8
tld_check_lz->tld_check_8z
stringprep_utf8_to_ucs4->strlen
stringprep_utf8_to_ucs4->g_utf8_to_ucs4_fast
stringprep_utf8_to_ucs4->u8_check
str_iconv->free
str_iconv->strdup
str_iconv->c_strcasecmp
str_iconv->str_cd_iconv
str_iconv->__errno_location
str_iconv->iconv_open
str_iconv->iconv_close
g_utf8_normalize->g_ucs4_to_utf8
g_utf8_normalize->_g_utf8_normalize_wc
g_utf8_normalize->free
combine->combine_hangul
stringprep_locale_to_utf8->stringprep_locale_charset
stringprep_locale_to_utf8->stringprep_convert
stringprep_apply_table_to_string->llvm.memcpy.p0i8.p0i8.i64
stringprep_apply_table_to_string->stringprep_find_string_in_table
stringprep_apply_table_to_string->llvm.memmove.p0i8.p0i8.i64
punycode_decode->llvm.memmove.p0i8.p0i8.i64
punycode_decode->adapt
punycode_decode->decode_digit
idna_to_unicode_lzlz->free
idna_to_unicode_lzlz->stringprep_locale_to_utf8
idna_to_unicode_lzlz->idna_to_unicode_8zlz
idn_free->free
tld_strerror->bindtextdomain
tld_strerror->dgettext
tld_check_4t->_tld_checkchar
_g_utf8_normalize_wc->g_utf8_get_char
_g_utf8_normalize_wc->malloc
_g_utf8_normalize_wc->decompose_hangul
_g_utf8_normalize_wc->find_decomposition
_g_utf8_normalize_wc->g_utf8_strlen
_g_utf8_normalize_wc->g_unicode_canonical_ordering
_g_utf8_normalize_wc->combine
stringprep_utf8_to_locale->stringprep_locale_charset
stringprep_utf8_to_locale->stringprep_convert
stringprep_profile->strlen
stringprep_profile->malloc
stringprep_profile->free
stringprep_profile->stringprep
stringprep_profile->strcpy
stringprep_profile->strcmp
idna_to_ascii_8z->stringprep_utf8_to_ucs4
idna_to_ascii_8z->free
idna_to_ascii_8z->idna_to_ascii_4z
pr29_4->first_column
pr29_4->combinationclass
pr29_4->in_last_column_row
idna_strerror->bindtextdomain
idna_strerror->dgettext
tld_get_table->strcmp
c_strcasecmp->c_tolower
g_utf8_to_ucs4_fast->malloc
stringprep_ucs4_nfkc_normalize->stringprep_ucs4_to_utf8
stringprep_ucs4_nfkc_normalize->_g_utf8_normalize_wc
stringprep_ucs4_nfkc_normalize->free
stringprep_check_version->strverscmp
idna_to_ascii_4i->stringprep_utf8_to_ucs4
idna_to_ascii_4i->strlen
idna_to_ascii_4i->malloc
idna_to_ascii_4i->stringprep_ucs4_to_utf8
idna_to_ascii_4i->free
idna_to_ascii_4i->llvm.memcpy.p0i8.p0i8.i64
idna_to_ascii_4i->stringprep
idna_to_ascii_4i->realloc
idna_to_ascii_4i->punycode_encode
idna_to_ascii_lz->free
idna_to_ascii_lz->stringprep_locale_to_utf8
idna_to_ascii_lz->idna_to_ascii_8z
tld_default_table->tld_get_table
tld_check_4tz->tld_check_4t
