krb5int_thread_support_fini->krb5int_pthread_loaded
krb5int_thread_support_fini->pthread_key_delete
krb5int_thread_support_fini->k5_os_mutex_destroy
krb5int_thread_support_fini->krb5int_fini_fac
encode_obj_entry->k5_buf_add
encode_obj_entry->encode_value
encode_obj_entry->encode_string
k5_buf_init_dynamic_zap->k5_buf_init_dynamic
is_hex_digit->is_digit
k5_os_mutex_lock->krb5int_pthread_loaded
k5_os_mutex_lock->pthread_mutex_lock
krb5int_init_fac->k5_mutex_finish_init.3
find_sep->strrchr
k5_json_null_create_val->alloc_value
krb5int_plugin_file_handle_array_free->free
krb5int_plugin_file_handle_array_free->krb5int_close_plugin
k5_json_string_create_len->llvm.memcpy.p0i8.p0i8.i64
k5_json_string_create_len->alloc_value
krb5int_pthread_loaded->pthread_once
encode_string->k5_buf_add
encode_string->k5_buf_add_len
encode_string->k5_buf_add_fmt
encode_string->strchr
encode_string->strcspn
k5_buf_add->strlen
k5_buf_add->k5_buf_add_len
hexval->abort
hexval->is_digit
krb5int_gmt_mktime->timegm
krb5int_getspecific->krb5int_pthread_loaded
krb5int_getspecific->pthread_getspecific
krb5int_getspecific->__assert_fail
krb5int_getspecific->k5_once
k5_hashtab_remove->free
k5_hashtab_remove->siphash24
k5_hashtab_remove->memcmp
krb5int_get_plugin_func->krb5int_get_plugin_sym
k5_json_bool_create->alloc_value
k5_json_object_create->alloc_value
k5_free_error->free
k5_buf_add_len->endptr
k5_buf_add_len->ensure_space
k5_buf_add_len->llvm.memcpy.p0i8.p0i8.i64
k5_hex_encode->malloc
k5_hex_encode->hex_digit
k5_once->krb5int_pthread_loaded
k5_once->pthread_once
k5_once->krb5int_thread_support_init__aux
k5_once->__assert_fail
krb5int_fini_fac->k5_os_mutex_destroy
k5_path_join->asprintf
k5_path_join->strlen
k5_path_join->strdup
k5_path_join->k5_path_isabs
krb5int_close_plugin->free
krb5int_close_plugin->dlclose
krb5int_close_plugin_dirs->free
krb5int_close_plugin_dirs->krb5int_close_plugin
object_dealloc->free
object_dealloc->k5_json_release
k5_get_error->strerror
k5_get_error->krb5int_call_thread_support_init
k5_get_error->dgettext
k5_get_error->strdup
k5_get_error->oom_check
k5_get_error->k5_mutex_lock.29
k5_get_error->k5_mutex_unlock.30
k5_get_error->snprintf
k5_get_error->k5_strerror_r
k5_os_mutex_destroy->krb5int_pthread_loaded
k5_os_mutex_destroy->pthread_mutex_destroy
k5_json_decode->k5_json_release
k5_json_decode->parse_value
k5_json_decode->white_spaces
ensure_space->free
ensure_space->__assert_fail
ensure_space->malloc
ensure_space->realloc
ensure_space->set_error
ensure_space->llvm.memcpy.p0i8.p0i8.i64
ensure_space->zap
krb5int_thread_support_init__aux->krb5int_thread_support_init
hex_digit->__assert_fail
krb5int_getaddrinfo->my_fake_getaddrinfo
krb5int_setspecific->krb5int_pthread_loaded
krb5int_setspecific->pthread_getspecific
krb5int_setspecific->pthread_setspecific
krb5int_setspecific->free
krb5int_setspecific->__assert_fail
krb5int_setspecific->k5_once
krb5int_setspecific->malloc
k5_hashtab_get->siphash24
k5_hashtab_get->memcmp
krb5int_open_plugin->free
krb5int_open_plugin->strerror
krb5int_open_plugin->stat
krb5int_open_plugin->__errno_location
krb5int_open_plugin->Tprintf
krb5int_open_plugin->dgettext
krb5int_open_plugin->calloc
krb5int_open_plugin->dlopen
krb5int_open_plugin->dlerror
krb5int_open_plugin->dlclose
krb5int_open_plugin->k5_set_error
krb5int_open_plugin_dirs->free
krb5int_open_plugin_dirs->krb5int_open_plugin
krb5int_open_plugin_dirs->krb5int_close_plugin
krb5int_open_plugin_dirs->krb5int_plugin_file_handle_array_init
krb5int_open_plugin_dirs->krb5int_get_plugin_filenames
krb5int_open_plugin_dirs->asprintf
krb5int_open_plugin_dirs->krb5int_plugin_file_handle_array_add
krb5int_open_plugin_dirs->opendir
krb5int_open_plugin_dirs->readdir
krb5int_open_plugin_dirs->strcmp
krb5int_open_plugin_dirs->strlen
krb5int_open_plugin_dirs->closedir
krb5int_open_plugin_dirs->krb5int_free_plugin_filenames
krb5int_open_plugin_dirs->krb5int_plugin_file_handle_array_free
k5_json_array_create->alloc_value
krb5int_free_plugin_dir_data->free
parse_value->free
parse_value->k5_json_null_create
parse_value->k5_json_bool_create
parse_value->k5_json_string_create
parse_value->white_spaces
parse_value->parse_string
parse_value->parse_object
parse_value->parse_array
parse_value->is_digit
parse_value->parse_number
parse_value->strncmp
krb5int_thread_support_init->krb5int_pthread_loaded
krb5int_thread_support_init->pthread_key_create
krb5int_thread_support_init->k5_mutex_finish_init
krb5int_thread_support_init->krb5int_init_fac
krb5int_thread_support_init->krb5int_err_init
k5_hex_decode->free
k5_hex_decode->malloc
k5_hex_decode->strlen
k5_hex_decode->decode_hexchar
my_fake_getaddrinfo->system_getaddrinfo
k5_utf8_to_utf16le->k5_buf_init_dynamic_zap
k5_utf8_to_utf16le->k5_buf_free
k5_utf8_to_utf16le->k5_buf_get_space
k5_utf8_to_utf16le->store_16_le
k5_base64_encode->malloc
krb5int_plugin_file_handle_array_init->calloc
array_dealloc->free
array_dealloc->k5_json_release
krb5int_get_plugin_dir_data->free
krb5int_get_plugin_dir_data->Tprintf
krb5int_get_plugin_dir_data->calloc
krb5int_get_plugin_dir_data->krb5int_get_plugin_data
krb5int_get_plugin_dir_data->realloc
k5_json_object_get->object_search
zap->llvm.memset.p0i8.i64
decode_hexchar->__ctype_b_loc
system_getaddrinfo->getaddrinfo
krb5int_key_register->k5_mutex_lock
krb5int_key_register->k5_mutex_unlock
krb5int_key_register->__assert_fail
krb5int_key_register->k5_once
k5_strerror_r->__errno_location
k5_strerror_r->strerror_r
k5_strerror_r->krb5int_strlcpy
k5_base64_decode->free
k5_base64_decode->malloc
k5_base64_decode->strlen
k5_base64_decode->decode_token
krb5int_get_plugin_filenames->calloc
krb5int_get_plugin_filenames->asprintf
krb5int_get_plugin_filenames->krb5int_free_plugin_filenames
k5_json_array_add->realloc
k5_json_array_add->k5_json_retain
krb5int_free_plugin_dir_func->free
object_search->strcmp
k5_mutex_lock.29->strerror
k5_mutex_lock.29->fprintf
k5_mutex_lock.29->__assert_fail
k5_mutex_lock.29->k5_os_mutex_lock
parse_string->free
parse_string->malloc
parse_string->strchr
parse_string->is_hex_digit
parse_string->hexval
thread_termination->k5_mutex_lock
thread_termination->free
thread_termination->k5_mutex_unlock
krb5int_key_delete->k5_mutex_lock
krb5int_key_delete->k5_mutex_unlock
krb5int_key_delete->__assert_fail
k5_utf16le_to_utf8->k5_buf_init_dynamic
k5_utf16le_to_utf8->k5_buf_free
k5_utf16le_to_utf8->k5_buf_get_space
k5_utf16le_to_utf8->krb5int_ucs4_to_utf8
k5_utf16le_to_utf8->k5_input_init
k5_utf16le_to_utf8->k5_input_get_uint16_le
decode_token->strchr
krb5int_get_plugin_dir_func->free
krb5int_get_plugin_dir_func->Tprintf
krb5int_get_plugin_dir_func->calloc
krb5int_get_plugin_dir_func->krb5int_get_plugin_func
krb5int_get_plugin_dir_func->realloc
k5_json_object_set->free
k5_json_object_set->realloc
k5_json_object_set->strdup
k5_json_object_set->llvm.memcpy.p0i8.p0i8.i64
k5_json_object_set->k5_json_retain
k5_json_object_set->k5_json_release
k5_json_object_set->object_search
k5_mutex_unlock.30->k5_os_mutex_unlock
k5_mutex_unlock.30->strerror
k5_mutex_unlock.30->fprintf
k5_mutex_unlock.30->__assert_fail
parse_object->k5_json_release
parse_object->k5_json_object_create
parse_object->white_spaces
parse_object->parse_object_association
k5_buf_add_vfmt->free
k5_buf_add_vfmt->__assert_fail
k5_buf_add_vfmt->strlen
k5_buf_add_vfmt->llvm.va_end
k5_buf_add_vfmt->vasprintf
k5_buf_add_vfmt->endptr
k5_buf_add_vfmt->set_error
k5_buf_add_vfmt->ensure_space
k5_buf_add_vfmt->llvm.memcpy.p0i8.p0i8.i64
k5_buf_add_vfmt->zap
k5_buf_add_vfmt->vsnprintf
k5_buf_add_vfmt->llvm.va_copy
k5_buf_add_vfmt->k5_buf_free
k5_mutex_lock->strerror
k5_mutex_lock->fprintf
k5_mutex_lock->__assert_fail
k5_mutex_lock->k5_os_mutex_lock
k5_hashtab_create->free
k5_hashtab_create->malloc
k5_hashtab_create->calloc
k5_hashtab_create->load_64_le
krb5int_freeaddrinfo->my_fake_freeaddrinfo
krb5int_call_thread_support_init->__assert_fail
krb5int_call_thread_support_init->k5_once
k5_free_filenames->free
krb5int_plugin_file_handle_array_add->realloc
k5_json_array_get->abort
krb5int_err_init->k5_mutex_finish_init.23
k5_json_object_iterate->encode_obj_entry
parse_array->k5_json_release
parse_array->k5_json_array_create
parse_array->white_spaces
parse_array->parse_array_item
my_fake_freeaddrinfo->system_freeaddrinfo
krb5int_mutex_alloc->free
krb5int_mutex_alloc->malloc
krb5int_mutex_alloc->k5_mutex_init
k5_dir_filenames->opendir
k5_dir_filenames->readdir
k5_dir_filenames->closedir
k5_dir_filenames->k5_free_filenames
k5_dir_filenames->add_filename
k5_dir_filenames->qsort
k5_input_get_uint16_le->k5_input_get_bytes
k5_input_get_uint16_le->load_16_le
k5_json_retain->__assert_fail
k5_set_error_info_callout_fn->krb5int_call_thread_support_init
k5_set_error_info_callout_fn->k5_mutex_lock.29
k5_set_error_info_callout_fn->k5_mutex_unlock.30
k5_mutex_unlock->k5_os_mutex_unlock
k5_mutex_unlock->strerror
k5_mutex_unlock->fprintf
k5_mutex_unlock->__assert_fail
k5_hashtab_free->free
system_freeaddrinfo->freeaddrinfo
k5_mutex_init->k5_os_mutex_init
add_filename->realloc
add_filename->strdup
k5_input_get_bytes->k5_input_set_status
k5_json_release->free
k5_json_release->__assert_fail
k5_json_release->array_dealloc
k5_json_release->object_dealloc
k5_json_array_set->k5_json_retain
k5_json_array_set->k5_json_release
k5_json_array_set->abort
k5_set_error->llvm.va_start
k5_set_error->k5_vset_error
k5_set_error->llvm.va_end
k5_json_string_unbase64->k5_base64_decode
k5_buf_init_fixed->__assert_fail
k5_buf_init_fixed->endptr
parse_number->k5_json_number_create
parse_number->is_digit
k5_buf_free->free
k5_buf_free->__assert_fail
k5_buf_free->set_error
k5_buf_free->zap
k5_os_mutex_unlock->krb5int_pthread_loaded
k5_os_mutex_unlock->pthread_mutex_unlock
k5_hashtab_add->malloc
k5_hashtab_add->resize_table
k5_hashtab_add->siphash24
k5_os_mutex_init->krb5int_pthread_loaded
k5_os_mutex_init->pthread_mutex_init
compare_with_strcmp->strcmp
k5_json_get_tid->get_isa
k5_json_array_fmt->llvm.va_start
k5_json_array_fmt->llvm.va_end
k5_json_array_fmt->k5_json_retain
k5_json_array_fmt->k5_json_release
k5_json_array_fmt->k5_json_null_create
k5_json_array_fmt->k5_json_bool_create
k5_json_array_fmt->k5_json_array_create
k5_json_array_fmt->k5_json_array_add
k5_json_array_fmt->k5_json_number_create
k5_json_array_fmt->k5_json_string_create
k5_json_array_fmt->k5_json_string_create_base64
k5_buf_add_fmt->llvm.va_start
k5_buf_add_fmt->llvm.va_end
k5_buf_add_fmt->k5_buf_add_vfmt
resize_table->free
resize_table->calloc
resize_table->siphash24
krb5int_gai_strerror->gai_strerror
krb5int_mutex_free->k5_os_mutex_destroy
krb5int_mutex_free->free
k5_json_number_create->alloc_value
k5_vset_error->k5_clear_error
k5_vset_error->vasprintf
k5_json_encode->k5_buf_init_dynamic
k5_json_encode->k5_buf_free
k5_json_encode->k5_buf_status
k5_json_encode->encode_value
k5_buf_init_dynamic->malloc
k5_buf_init_dynamic->endptr
k5_buf_init_dynamic->set_error
parse_array_item->k5_json_release
parse_array_item->k5_json_array_add
parse_array_item->parse_value
k5_buf_get_space->endptr
k5_buf_get_space->ensure_space
siphash24->llvm.memcpy.p0i8.p0i8.i64
siphash24->llvm.memset.p0i8.i64
siphash24->load_64_le
siphash24->sipround
krb5int_mutex_lock->k5_mutex_lock
krb5int_get_plugin_data->krb5int_get_plugin_sym
k5_json_null_create->alloc_value
k5_json_string_create->strlen
k5_json_string_create->k5_json_string_create_len
encode_value->k5_buf_add
encode_value->k5_buf_add_fmt
encode_value->k5_json_get_tid
encode_value->k5_json_bool_value
encode_value->k5_json_array_length
encode_value->k5_json_array_get
encode_value->k5_json_object_iterate
encode_value->k5_json_string_utf8
encode_value->k5_json_number_value
encode_value->encode_value
encode_value->encode_string
parse_object_association->free
parse_object_association->k5_json_release
parse_object_association->k5_json_object_set
parse_object_association->parse_value
parse_object_association->white_spaces
parse_object_association->parse_string
k5_buf_truncate->__assert_fail
k5_buf_truncate->endptr
sipround->rotl64
krb5int_getnameinfo->getnameinfo
krb5int_mutex_unlock->k5_mutex_unlock
krb5int_strlcat->strlen
k5_path_split->free
k5_path_split->malloc
k5_path_split->strdup
k5_path_split->llvm.memcpy.p0i8.p0i8.i64
k5_path_split->find_sep
krb5int_get_plugin_sym->Tprintf
krb5int_get_plugin_sym->dlerror
krb5int_get_plugin_sym->dlsym
krb5int_get_plugin_sym->k5_set_error
alloc_value->calloc
krb5int_free_plugin_filenames->free
k5_json_string_create_base64->free
k5_json_string_create_base64->k5_base64_encode
k5_json_string_create_base64->k5_json_string_create
k5_clear_error->k5_free_error
