add_key->syscall
keyctl_read_alloc->keyctl_read
keyctl_read_alloc->malloc
keyctl_read_alloc->free
__keyctl->syscall
recursive_session_key_scan->keyctl_get_keyring_ID
recursive_session_key_scan->recursive_key_scan
keyctl_describe->keyctl
keyctl_negate->keyctl
keyctl_dh_compute->keyctl
keyctl_pkey_sign->keyctl
keyctl_pkey_sign->llvm.memset.p0i8.i64
keyctl->llvm.va_start
keyctl->llvm.va_end
keyctl->__keyctl
recursive_key_scan_aux->__errno_location
recursive_key_scan_aux->free
recursive_key_scan_aux->keyctl_describe_alloc
recursive_key_scan_aux->keyctl_read_alloc
recursive_key_scan_aux->recursive_key_scan_aux
recursive_key_scan_aux->__isoc99_sscanf
recursive_key_scan_aux->strcmp
keyctl_revoke->keyctl
keyctl_search->keyctl
keyctl_get_security->keyctl
keyctl_pkey_query->keyctl
keyctl_get_security_alloc->keyctl_get_security
keyctl_get_security_alloc->malloc
keyctl_get_security_alloc->free
keyctl_get_keyring_ID->keyctl
find_key_by_type_and_desc->request_key
find_key_by_type_and_desc->keyctl_describe
find_key_by_type_and_desc->keyctl_link
find_key_by_type_and_desc->__errno_location
find_key_by_type_and_desc->__isoc99_sscanf
find_key_by_type_and_desc->strcmp
find_key_by_type_and_desc->strlen
find_key_by_type_and_desc->fopen
find_key_by_type_and_desc->fprintf
find_key_by_type_and_desc->fgets
find_key_by_type_and_desc->strchr
find_key_by_type_and_desc->memcmp
find_key_by_type_and_desc->strrchr
find_key_by_type_and_desc->fclose
keyctl_clear->keyctl
keyctl_set_reqkey_keyring->keyctl
keyctl_instantiate_iov->keyctl
keyctl_instantiate_iov->keyctl_instantiate
keyctl_instantiate_iov->__errno_location
keyctl_instantiate_iov->malloc
keyctl_instantiate_iov->llvm.memcpy.p0i8.p0i8.i64
keyctl_instantiate_iov->free
keyctl_dh_compute_kdf->keyctl
keyctl_dh_compute_kdf->llvm.memset.p0i8.i64
keyctl_pkey_verify->keyctl
keyctl_pkey_verify->llvm.memset.p0i8.i64
keyctl_chown->keyctl
keyctl_read->keyctl
keyctl_session_to_parent->keyctl
keyctl_invalidate->keyctl
keyctl_pkey_encrypt->keyctl
keyctl_pkey_encrypt->llvm.memset.p0i8.i64
keyctl_dh_compute_alloc->malloc
keyctl_dh_compute_alloc->free
keyctl_dh_compute_alloc->keyctl_dh_compute
keyctl_join_session_keyring->keyctl
keyctl_link->keyctl
keyctl_set_timeout->keyctl
keyctl_describe_alloc->keyctl_describe
keyctl_describe_alloc->malloc
keyctl_describe_alloc->free
keyctl_setperm->keyctl
keyctl_instantiate->keyctl
keyctl_reject->keyctl
keyctl_reject->keyctl_negate
keyctl_reject->__errno_location
keyctl_get_persistent->keyctl
keyctl_pkey_decrypt->keyctl
keyctl_pkey_decrypt->llvm.memset.p0i8.i64
request_key->syscall
recursive_key_scan->recursive_key_scan_aux
keyctl_update->keyctl
keyctl_unlink->keyctl
keyctl_assume_authority->keyctl
keyctl_restrict_keyring->keyctl
