des_encrypt->validate_and_schedule
des_encrypt->zap
des_encrypt->krb5int_des_cbc_encrypt
krb5_c_string_to_key_with_params->malloc
krb5_c_string_to_key_with_params->krb5int_des_string_to_key
krb5_c_string_to_key_with_params->krb5int_dk_string_to_key
krb5_c_string_to_key_with_params->krb5int_aes_string_to_key
krb5_c_string_to_key_with_params->krb5int_camellia_string_to_key
krb5_c_string_to_key_with_params->krb5int_aes2_string_to_key
krb5_c_string_to_key_with_params->krb5int_arcfour_string_to_key
krb5_c_string_to_key_with_params->empty_data.460
krb5_c_string_to_key_with_params->find_enctype.461
krb5_c_string_to_key_with_params->zapfree.462
init_state->llvm.memset.p0i8.i64
init_state->shad256_init
krb5_c_valid_enctype->find_enctype.224
krb5int_unkeyed_checksum->k5_crc32_hash
krb5int_unkeyed_checksum->k5_md4_hash
krb5int_unkeyed_checksum->k5_md5_hash
krb5int_unkeyed_checksum->k5_sha1_hash
krb5int_unkeyed_checksum->k5_sha256_hash
krb5int_unkeyed_checksum->k5_sha384_hash
k5_des_is_weak_key->mit_des_is_weak_key
krb5int_hmac->krb5int_hmac_keyblock
generator_output->llvm.memcpy.p0i8.p0i8.i64
generator_output->zap.397
generator_output->encrypt_counter
generator_output->change_key
krb5int_c_mandatory_cksumtype->find_enctype.353
empty_data.242->make_data.249
krb5_c_crypto_length->find_enctype.184
krb5_c_crypto_length->krb5int_camellia_crypto_length
krb5_c_crypto_length->krb5int_dk_crypto_length
krb5_c_crypto_length->krb5int_aes_crypto_length
krb5_c_crypto_length->krb5int_aes2_crypto_length
krb5_c_crypto_length->krb5int_old_crypto_length
krb5_c_crypto_length->krb5int_raw_crypto_length
krb5_c_crypto_length->krb5int_arcfour_crypto_length
krb5int_dk_string_to_key->llvm.memset.p0i8.i64
krb5int_dk_string_to_key->llvm.memcpy.p0i8.p0i8.i64
krb5int_dk_string_to_key->krb5int_derive_keyblock
krb5int_dk_string_to_key->krb5_k_create_key
krb5int_dk_string_to_key->krb5_k_free_key
krb5int_dk_string_to_key->krb5int_nfold
krb5int_dk_string_to_key->k5_rand2key_direct
krb5int_dk_string_to_key->k5_rand2key_des
krb5int_dk_string_to_key->k5_rand2key_des3
krb5int_dk_string_to_key->k5alloc.434
krb5int_dk_string_to_key->zapfree.435
krb5_k_prf->__assert_fail
krb5_k_prf->find_enctype.363
krb5_k_prf->krb5int_aes2_prf
krb5_k_prf->krb5int_dk_cmac_prf
krb5_k_prf->krb5int_des_prf
krb5_k_prf->krb5int_dk_prf
krb5_k_prf->krb5int_arcfour_prf
usage_key->llvm.memcpy.p0i8.p0i8.i64
usage_key->krb5int_arcfour_translate_usage
usage_key->make_data.266
usage_key->store_32_le.267
usage_key->krb5int_hmac_keyblock
zap.135->llvm.memset.p0i8.i64
SHSTransform->llvm.memcpy.p0i8.p0i8.i64
des_decrypt->validate_and_schedule
des_decrypt->zap
des_decrypt->krb5int_des_cbc_decrypt
empty_data.460->make_data.464
krb5_c_checksum_length->find_cksumtype
krb5int_des_cbc_encrypt->load_32_be.89
krb5int_des_cbc_encrypt->store_32_be.90
krb5int_des_cbc_encrypt->k5_iov_cursor_init
krb5int_des_cbc_encrypt->k5_iov_cursor_get
krb5int_des_cbc_encrypt->k5_iov_cursor_put
encrypt_counter->krb5int_aes_enc_blk
encrypt_counter->inc_counter
alloc_data.243->calloc
cbc_dec.18->llvm.memcpy.p0i8.p0i8.i64
cbc_dec.18->__assert_fail
cbc_dec.18->xorblock.11
cbc_dec.18->krb5int_camellia_dec_blk
k5alloc.434->k5calloc.437
krb5_c_prf->krb5_k_create_key
krb5_c_prf->krb5_k_free_key
krb5_c_prf->krb5_k_prf
k5alloc->k5calloc
shsFinal->SHSTransform
des_cbc_mac->validate_and_schedule
des_cbc_mac->zap
des_cbc_mac->krb5int_des_cbc_mac
generator_reseed->krb5int_aes_enc_key
generator_reseed->shad256_init
generator_reseed->shad256_update
generator_reseed->shad256_result
generator_reseed->zap.397
generator_reseed->inc_counter
krb5_free_cksumtypes->free
krb5int_c_weak_enctype->find_enctype.224
xorblock->load_32_n
xorblock->store_32_n
change_key->krb5int_aes_enc_key
change_key->encrypt_counter
krb5int_nfold->llvm.memset.p0i8.i64
derive_keys.244->llvm.memcpy.p0i8.p0i8.i64
derive_keys.244->krb5int_derive_random
derive_keys.244->krb5int_derive_key
derive_keys.244->empty_data.242
derive_keys.244->alloc_data.243
derive_keys.244->zapfree.246
derive_keys.244->make_data.249
derive_keys.244->store_32_be.250
derive_keys.244->krb5_k_free_key
krb5_c_padding_length->krb5int_c_padding_length
krb5_c_padding_length->find_enctype.184
empty_data->make_data
zapfree.435->free
zapfree.435->zap.436
krb5int_aes2_prf->k5_sp800_108_counter_hmac
krb5int_aes2_prf->string2data.371
enc_key->llvm.memset.p0i8.i64
enc_key->llvm.memcpy.p0i8.p0i8.i64
enc_key->make_data.266
enc_key->krb5int_c_free_keyblock
enc_key->krb5int_c_copy_keyblock
enc_key->krb5int_hmac_keyblock
zapfree.206->free
zapfree.206->zap.207
krb5int_confounder_verify->des_decrypt
krb5int_confounder_verify->k5_des3_decrypt
krb5int_confounder_verify->k5_arcfour_docrypt
krb5int_confounder_verify->free
krb5int_confounder_verify->llvm.memcpy.p0i8.p0i8.i64
krb5int_confounder_verify->krb5int_aes_decrypt
krb5int_confounder_verify->krb5int_camellia_decrypt
krb5int_confounder_verify->k5_crc32_hash
krb5int_confounder_verify->k5_md4_hash
krb5int_confounder_verify->k5_md5_hash
krb5int_confounder_verify->k5_sha1_hash
krb5int_confounder_verify->k5_sha256_hash
krb5int_confounder_verify->k5_sha384_hash
krb5int_confounder_verify->make_data.133
krb5int_confounder_verify->mk_xorkey
krb5int_confounder_verify->k5calloc
krb5int_confounder_verify->k5memdup
krb5int_confounder_verify->zapfree.134
krb5int_confounder_verify->empty_data.136
krb5int_confounder_verify->alloc_data.137
krb5int_confounder_verify->k5_bcmp
krb5int_confounder_verify->krb5_k_free_key
validate_and_schedule->iov_total_length
validate_and_schedule->mit_des_key_sched
zapfree.462->free
zapfree.462->zap.463
shad256_init->llvm.memset.p0i8.i64
shad256_init->k5_sha256_init
shad256_init->k5_sha256_update
krb5_c_keylengths->find_enctype.334
krb5_c_enctype_compare->find_enctype.224
krb5_cksumtype_to_string->find_cksumtype.156
krb5_cksumtype_to_string->krb5int_strlcpy
krb5int_pbkdf2_hmac->llvm.memcpy.p0i8.p0i8.i64
krb5int_pbkdf2_hmac->__assert_fail
krb5int_pbkdf2_hmac->k5_crc32_hash
krb5int_pbkdf2_hmac->k5_md4_hash
krb5int_pbkdf2_hmac->k5_md5_hash
krb5int_pbkdf2_hmac->k5_sha1_hash
krb5int_pbkdf2_hmac->k5_sha256_hash
krb5int_pbkdf2_hmac->k5_sha384_hash
krb5int_pbkdf2_hmac->make_data.497
krb5int_pbkdf2_hmac->pbkdf2
krb5_encrypt->llvm.memcpy.p0i8.p0i8.i64
krb5_encrypt->krb5_c_block_size
krb5_encrypt->krb5_c_encrypt
krb5_encrypt->krb5_c_encrypt_length
krb5_encrypt->make_data.356
hmac_ivec_data->llvm.memset.p0i8.i64
hmac_ivec_data->k5_arcfour_init_state
hmac_ivec_data->free
hmac_ivec_data->llvm.memcpy.p0i8.p0i8.i64
hmac_ivec_data->aes_init_state
hmac_ivec_data->camellia_init_state
hmac_ivec_data->krb5int_des_init_state
hmac_ivec_data->krb5int_default_free_state
hmac_ivec_data->empty_data.242
hmac_ivec_data->alloc_data.243
hmac_ivec_data->k5calloc.248
hmac_ivec_data->krb5int_hmac_keyblock
krb5_c_crypto_length_iov->krb5int_c_padding_length
krb5_c_crypto_length_iov->find_enctype.184
krb5_c_crypto_length_iov->krb5int_camellia_crypto_length
krb5_c_crypto_length_iov->krb5int_dk_crypto_length
krb5_c_crypto_length_iov->krb5int_aes_crypto_length
krb5_c_crypto_length_iov->krb5int_aes2_crypto_length
krb5_c_crypto_length_iov->krb5int_old_crypto_length
krb5_c_crypto_length_iov->krb5int_raw_crypto_length
krb5_c_crypto_length_iov->krb5int_arcfour_crypto_length
krb5int_c_padding_length->krb5int_camellia_crypto_length
krb5int_c_padding_length->krb5int_dk_crypto_length
krb5int_c_padding_length->krb5int_aes_crypto_length
krb5int_c_padding_length->krb5int_aes2_crypto_length
krb5int_c_padding_length->krb5int_old_crypto_length
krb5int_c_padding_length->krb5int_raw_crypto_length
krb5int_c_padding_length->krb5int_arcfour_crypto_length
zap.436->llvm.memset.p0i8.i64
string2data.371->strlen
string2data.371->make_data.372
keyblock_crypt->des_encrypt
keyblock_crypt->k5_des3_encrypt
keyblock_crypt->k5_arcfour_docrypt
keyblock_crypt->krb5int_aes_encrypt
keyblock_crypt->krb5int_camellia_encrypt
keyblock_crypt->krb5_k_create_key
keyblock_crypt->krb5_k_free_key
zap.207->llvm.memset.p0i8.i64
empty_data.136->make_data.133
k5_sha256_update->llvm.memcpy.p0i8.p0i8.i64
k5_sha256_update->swap_uint32_t
k5_sha256_update->calc
zap->llvm.memset.p0i8.i64
zap.463->llvm.memset.p0i8.i64
shad256_update->k5_sha256_update
krb5_string_to_enctype->strcasecmp
krb5int_des_cbc_decrypt->load_32_be.89
krb5int_des_cbc_decrypt->store_32_be.90
krb5int_des_cbc_decrypt->k5_iov_cursor_init
krb5int_des_cbc_decrypt->k5_iov_cursor_get
krb5int_des_cbc_decrypt->k5_iov_cursor_put
load_32_n->llvm.memcpy.p0i8.p0i8.i64
krb5_c_random_os_entropy->llvm.memcpy.p0i8.p0i8.i64
krb5_c_random_os_entropy->k5_get_os_entropy
krb5_c_random_os_entropy->krb5_c_random_add_entropy
krb5_c_random_os_entropy->make_data.411
zapfree.246->free
zapfree.246->zap.247
cryptoint_cleanup_library->k5_prng_cleanup
cryptoint_cleanup_library->krb5int_crypto_impl_cleanup
k5_iov_cursor_init->next_iov_to_process
k5calloc.437->calloc
krb5int_derive_random->k5_sp800_108_counter_hmac
krb5int_derive_random->empty_data.210
krb5int_derive_random->derive_random_rfc3961
krb5int_derive_random->derive_random_sp800_108_feedback_cmac
alloc_data.137->calloc
swap_uint32_t->cshift
shad256_result->k5_sha256_init
shad256_result->k5_sha256_update
shad256_result->k5_sha256_final
krb5_k_make_checksum->llvm.memcpy.p0i8.p0i8.i64
krb5_k_make_checksum->krb5int_cbc_checksum
krb5_k_make_checksum->krb5int_confounder_checksum
krb5_k_make_checksum->krb5int_dk_cmac_checksum
krb5_k_make_checksum->krb5int_dk_checksum
krb5_k_make_checksum->krb5int_etm_checksum
krb5_k_make_checksum->krb5int_hmacmd5_checksum
krb5_k_make_checksum->krb5int_unkeyed_checksum
krb5_k_make_checksum->find_cksumtype.335
krb5_k_make_checksum->verify_key
krb5_k_make_checksum->alloc_data.336
krb5_k_make_checksum->realloc
krb5_k_make_checksum->zapfree.337
krb5_k_make_checksum->krb5int_c_mandatory_cksumtype
krb5int_des_cbc_mac->load_32_be.89
krb5int_des_cbc_mac->store_32_be.90
krb5int_des_cbc_mac->k5_iov_cursor_init
krb5int_des_cbc_mac->k5_iov_cursor_get
store_32_n->llvm.memcpy.p0i8.p0i8.i64
pbkdf2->malloc
pbkdf2->free
pbkdf2->llvm.memcpy.p0i8.p0i8.i64
pbkdf2->abort
pbkdf2->F
krb5_decrypt->llvm.memcpy.p0i8.p0i8.i64
krb5_decrypt->krb5_c_block_size
krb5_decrypt->krb5_c_decrypt
krb5_decrypt->make_data.356
zap.247->llvm.memset.p0i8.i64
cryptoint_initialize_library__aux->cryptoint_initialize_library
k5_crc32_hash->store_32_le
k5_crc32_hash->mit_crc32
krb5int_aes_string_to_key->pbkdf2_string_to_key
krb5int_dk_cmac_prf->llvm.memcpy.p0i8.p0i8.i64
krb5int_dk_cmac_prf->krb5int_cmac_checksum
krb5int_dk_cmac_prf->krb5int_derive_key
krb5int_dk_cmac_prf->krb5_k_free_key
krb5int_dk_cmac_prf->make_data.376
krb5int_arcfour_decrypt->llvm.memcpy.p0i8.p0i8.i64
krb5int_arcfour_decrypt->krb5int_c_locate_iov
krb5int_arcfour_decrypt->k5_bcmp
krb5int_arcfour_decrypt->usage_key
krb5int_arcfour_decrypt->make_data.266
krb5int_arcfour_decrypt->enc_key
krb5int_arcfour_decrypt->keyblock_crypt
krb5int_arcfour_decrypt->empty_data.268
krb5int_arcfour_decrypt->alloc_data.269
krb5int_arcfour_decrypt->zapfree.270
krb5int_arcfour_decrypt->krb5int_c_init_keyblock
krb5int_arcfour_decrypt->krb5int_c_free_keyblock
krb5int_arcfour_decrypt->krb5int_hmac_keyblock
empty_data.210->make_data.203
krb5_c_valid_cksumtype->find_cksumtype.467
zap.397->llvm.memset.p0i8.i64
krb5_enctype_to_string->krb5int_strlcpy
krb5_enctype_to_string->find_enctype.224
krb5int_cmac_checksum->des_cbc_mac
krb5int_cmac_checksum->llvm.memset.p0i8.i64
krb5int_cmac_checksum->llvm.memcpy.p0i8.p0i8.i64
krb5int_cmac_checksum->__assert_fail
krb5int_cmac_checksum->krb5int_camellia_cbc_mac
krb5int_cmac_checksum->k5_iov_cursor_init
krb5int_cmac_checksum->k5_iov_cursor_get
krb5int_cmac_checksum->iov_total_length.169
krb5int_cmac_checksum->generate_subkey
krb5int_cmac_checksum->make_data.170
krb5int_cmac_checksum->xor_128
krb5int_cmac_checksum->padding
krb5int_aes_decrypt->llvm.memset.p0i8.i64
krb5int_aes_decrypt->init_key_cache
krb5int_aes_decrypt->iov_total_length.5
krb5int_aes_decrypt->llvm.memcpy.p0i8.p0i8.i64
krb5int_aes_decrypt->iov_cursor_contig_blocks
krb5int_aes_decrypt->iov_cursor_ptr
krb5int_aes_decrypt->iov_cursor_advance
krb5int_aes_decrypt->expand_dec_key
krb5int_aes_decrypt->cbc_dec
krb5int_aes_decrypt->k5_iov_cursor_init
krb5int_aes_decrypt->k5_iov_cursor_get
krb5int_aes_decrypt->k5_iov_cursor_put
F->llvm.memcpy.p0i8.p0i8.i64
F->make_data.497
F->store_32_be.498
F->hmac
krb5_c_random_to_key->find_enctype.414
krb5_c_random_to_key->zap.415
krb5_c_random_to_key->k5_rand2key_direct
krb5_c_random_to_key->k5_rand2key_des
krb5_c_random_to_key->k5_rand2key_des3
k5calloc.248->calloc
cryptoint_initialize_library->k5_prng_init
cryptoint_initialize_library->krb5int_crypto_impl_init
k5_iov_cursor_get->llvm.memset.p0i8.i64
k5_iov_cursor_get->llvm.memcpy.p0i8.p0i8.i64
k5_iov_cursor_get->next_iov_to_process
pbkdf2_string_to_key->llvm.memset.p0i8.i64
pbkdf2_string_to_key->free
pbkdf2_string_to_key->llvm.memcpy.p0i8.p0i8.i64
pbkdf2_string_to_key->krb5int_derive_keyblock
pbkdf2_string_to_key->krb5_k_create_key
pbkdf2_string_to_key->krb5_k_free_key
pbkdf2_string_to_key->empty_data.440
pbkdf2_string_to_key->load_32_be.441
pbkdf2_string_to_key->alloc_data.442
pbkdf2_string_to_key->krb5int_pbkdf2_hmac
empty_data.268->make_data.266
derive_random_rfc3961->llvm.memcpy.p0i8.p0i8.i64
derive_random_rfc3961->alloc_data.202
derive_random_rfc3961->zapfree.206
derive_random_rfc3961->empty_data.210
derive_random_rfc3961->encrypt_block.211
derive_random_rfc3961->krb5int_nfold
krb5int_dk_cmac_checksum->llvm.memset.p0i8.i64
krb5int_dk_cmac_checksum->llvm.memcpy.p0i8.p0i8.i64
krb5int_dk_cmac_checksum->make_data.138
krb5int_dk_cmac_checksum->store_32_be.139
krb5int_dk_cmac_checksum->krb5int_cmac_checksum
krb5int_dk_cmac_checksum->krb5int_derive_key
krb5int_dk_cmac_checksum->krb5_k_free_key
k5_des3_encrypt->validate_and_schedule.1
k5_des3_encrypt->zap.2
k5_des3_encrypt->krb5int_des3_cbc_encrypt
inc_counter->load_64_le
inc_counter->store_64_le
verify_key->find_enctype.339
krb5_enctype_to_name->strlen
krb5_enctype_to_name->krb5int_strlcpy
krb5_enctype_to_name->find_enctype.224
expand_dec_key->abort
expand_dec_key->krb5int_aes_dec_key
krb5int_crypto_init->__assert_fail
krb5int_crypto_init->k5_once
k5_iov_cursor_put->llvm.memcpy.p0i8.p0i8.i64
k5_iov_cursor_put->next_iov_to_process
k5_md4_hash->llvm.memcpy.p0i8.p0i8.i64
k5_md4_hash->krb5int_MD4Init
k5_md4_hash->krb5int_MD4Update
k5_md4_hash->krb5int_MD4Final
empty_data.440->make_data.444
krb5int_des_prf->des_encrypt
krb5int_des_prf->k5_des3_encrypt
krb5int_des_prf->k5_arcfour_docrypt
krb5int_des_prf->krb5int_aes_encrypt
krb5int_des_prf->llvm.memcpy.p0i8.p0i8.i64
krb5int_des_prf->krb5int_camellia_encrypt
krb5int_des_prf->k5_md5_hash
alloc_data.269->calloc
derive_random_sp800_108_feedback_cmac->llvm.memcpy.p0i8.p0i8.i64
derive_random_sp800_108_feedback_cmac->krb5int_cmac_checksum
derive_random_sp800_108_feedback_cmac->alloc_data.202
derive_random_sp800_108_feedback_cmac->make_data.203
derive_random_sp800_108_feedback_cmac->store_32_be.204
derive_random_sp800_108_feedback_cmac->zapfree.206
derive_random_sp800_108_feedback_cmac->empty_data.210
k5_sha256_final->llvm.memset.p0i8.i64
k5_sha256_final->k5_sha256_update
k5_des3_decrypt->validate_and_schedule.1
k5_des3_decrypt->zap.2
k5_des3_decrypt->krb5int_des3_cbc_decrypt
krb5_k_verify_checksum->free
krb5_k_verify_checksum->llvm.memcpy.p0i8.p0i8.i64
krb5_k_verify_checksum->krb5int_confounder_verify
krb5_k_verify_checksum->k5_bcmp
krb5_k_verify_checksum->krb5_k_make_checksum
krb5_k_verify_checksum->krb5int_c_mandatory_cksumtype
krb5_k_verify_checksum->find_cksumtype.468
krb5_k_verify_checksum->verify_key.469
krb5_k_verify_checksum->make_data.470
alloc_data.336->calloc
k5_enctype_to_ssf->find_enctype.224
generate_subkey->llvm.memset.p0i8.i64
generate_subkey->llvm.memcpy.p0i8.p0i8.i64
generate_subkey->make_data.170
generate_subkey->xor_128
generate_subkey->encrypt_block
generate_subkey->leftshift_onebit
mit_des_make_key_sched->load_32_be.101
cbc_dec->llvm.memcpy.p0i8.p0i8.i64
cbc_dec->xorblock
cbc_dec->abort
cbc_dec->__assert_fail
cbc_dec->krb5int_aes_dec_blk
hmac->llvm.memcpy.p0i8.p0i8.i64
hmac->krb5int_hmac_keyblock
zap.415->llvm.memset.p0i8.i64
krb5_string_to_key->krb5_c_string_to_key
krb5_c_block_size->find_enctype
k5_md5_hash->llvm.memcpy.p0i8.p0i8.i64
k5_md5_hash->krb5int_MD5Init
k5_md5_hash->krb5int_MD5Update
k5_md5_hash->krb5int_MD5Final
krb5int_dk_prf->des_encrypt
krb5int_dk_prf->k5_des3_encrypt
krb5int_dk_prf->k5_arcfour_docrypt
krb5int_dk_prf->krb5int_aes_encrypt
krb5int_dk_prf->llvm.memcpy.p0i8.p0i8.i64
krb5int_dk_prf->krb5int_camellia_encrypt
krb5int_dk_prf->k5_crc32_hash
krb5int_dk_prf->k5_md4_hash
krb5int_dk_prf->k5_md5_hash
krb5int_dk_prf->k5_sha1_hash
krb5int_dk_prf->k5_sha256_hash
krb5int_dk_prf->k5_sha384_hash
krb5int_dk_prf->krb5int_derive_key
krb5int_dk_prf->krb5_k_free_key
krb5int_dk_prf->empty_data.381
krb5int_dk_prf->make_data.383
krb5int_dk_prf->alloc_data.384
krb5int_dk_prf->zapfree.385
zapfree.270->free
zapfree.270->zap.271
encrypt_block.211->des_encrypt
encrypt_block.211->des_cbc_mac
encrypt_block.211->k5_des3_encrypt
encrypt_block.211->k5_arcfour_docrypt
encrypt_block.211->krb5int_aes_encrypt
encrypt_block.211->llvm.memcpy.p0i8.p0i8.i64
encrypt_block.211->krb5int_camellia_cbc_mac
encrypt_block.211->krb5int_camellia_encrypt
k5_sha256->k5_sha256_init
k5_sha256->k5_sha256_update
k5_sha256->k5_sha256_final
validate_and_schedule.1->iov_total_length.3
validate_and_schedule.1->mit_des3_key_sched
krb5int_camellia_crypto_length->__assert_fail
k5_rand2key_direct->llvm.memcpy.p0i8.p0i8.i64
krb5_init_random_key->make_data.356
krb5_init_random_key->krb5_c_random_seed
krb5int_etm_decrypt->des_decrypt
krb5int_etm_decrypt->k5_des3_decrypt
krb5int_etm_decrypt->k5_arcfour_docrypt
krb5int_etm_decrypt->krb5int_aes_decrypt
krb5int_etm_decrypt->__assert_fail
krb5int_etm_decrypt->krb5int_camellia_decrypt
krb5int_etm_decrypt->krb5int_c_locate_iov
krb5int_etm_decrypt->k5_bcmp
krb5int_etm_decrypt->krb5int_camellia_crypto_length
krb5int_etm_decrypt->krb5int_dk_crypto_length
krb5int_etm_decrypt->krb5int_aes_crypto_length
krb5int_etm_decrypt->krb5int_aes2_crypto_length
krb5int_etm_decrypt->empty_data.242
krb5int_etm_decrypt->derive_keys.244
krb5int_etm_decrypt->hmac_ivec_data
krb5int_etm_decrypt->zapfree.246
krb5int_etm_decrypt->krb5int_old_crypto_length
krb5int_etm_decrypt->krb5int_raw_crypto_length
krb5int_etm_decrypt->krb5int_arcfour_crypto_length
krb5int_etm_decrypt->krb5_k_free_key
krb5int_des_init_state->llvm.memcpy.p0i8.p0i8.i64
krb5int_des_init_state->alloc_data.189
k5_sha1_hash->store_32_be
k5_sha1_hash->shsInit
k5_sha1_hash->shsUpdate
k5_sha1_hash->shsFinal
alloc_data.442->calloc
empty_data.381->make_data.383
zap.271->llvm.memset.p0i8.i64
krb5int_derive_keyblock->alloc_data.202
krb5int_derive_keyblock->zapfree.206
krb5int_derive_keyblock->krb5int_derive_random
krb5int_derive_keyblock->empty_data.210
krb5int_derive_keyblock->krb5_c_random_to_key
krb5int_dk_checksum->llvm.memset.p0i8.i64
krb5int_dk_checksum->llvm.memcpy.p0i8.p0i8.i64
krb5int_dk_checksum->make_data.140
krb5int_dk_checksum->store_32_be.141
krb5int_dk_checksum->krb5int_derive_key
krb5int_dk_checksum->krb5_k_free_key
krb5int_dk_checksum->krb5int_hmac
k5_sha512_update->llvm.memcpy.p0i8.p0i8.i64
k5_sha512_update->swap_uint64_t
k5_sha512_update->calc.54
zap.2->llvm.memset.p0i8.i64
verify_key.469->find_enctype.471
k5_prng_cleanup->zap.397
k5_prng_cleanup->k5_os_mutex_destroy
zapfree.337->free
zapfree.337->zap.338
krb5int_dk_cmac_encrypt->des_encrypt
krb5int_dk_cmac_encrypt->k5_des3_encrypt
krb5int_dk_cmac_encrypt->k5_arcfour_docrypt
krb5int_dk_cmac_encrypt->krb5int_aes_encrypt
krb5int_dk_cmac_encrypt->krb5int_camellia_encrypt
krb5int_dk_cmac_encrypt->krb5int_c_locate_iov
krb5int_dk_cmac_encrypt->krb5int_cmac_checksum
krb5int_dk_cmac_encrypt->derive_keys
krb5int_dk_cmac_encrypt->krb5_k_free_key
krb5int_dk_cmac_encrypt->krb5_c_random_make_octets
xor_128->load_32_n.172
xor_128->store_32_n.173
mit_des_key_sched->mit_des_check_key_parity
mit_des_key_sched->mit_des_make_key_sched
mit_des_key_sched->mit_des_is_weak_key
aes_init_state->llvm.memset.p0i8.i64
aes_init_state->malloc
k5_rand2key_des->llvm.memcpy.p0i8.p0i8.i64
k5_rand2key_des->k5_des_fixup_key_parity
k5_rand2key_des->eighth_byte
krb5int_old_crypto_length->__assert_fail
alloc_data.189->calloc
krb5_c_prfplus->llvm.memcpy.p0i8.p0i8.i64
krb5_c_prfplus->empty_data.128
krb5_c_prfplus->alloc_data
krb5_c_prfplus->zapfree.129
krb5_c_prfplus->krb5_c_prf_length
krb5_c_prfplus->krb5_c_prf
krb5int_arcfour_gsscrypt->usage_key
krb5int_arcfour_gsscrypt->enc_key
krb5int_arcfour_gsscrypt->keyblock_crypt
krb5int_arcfour_gsscrypt->krb5int_c_init_keyblock
krb5int_arcfour_gsscrypt->krb5int_c_free_keyblock
krb5int_derive_key->malloc
krb5int_derive_key->zapfree.206
krb5int_derive_key->krb5int_derive_keyblock
krb5int_derive_key->find_cached_dkey
krb5int_derive_key->add_cached_dkey
swap_uint64_t->cshift64
zap.338->llvm.memset.p0i8.i64
derive_keys->krb5int_derive_key
derive_keys->make_data.227
derive_keys->store_32_be.228
derive_keys->krb5_k_free_key
mit_des_is_weak_key->memcmp
aes_key_cleanup->zapfree.6
krb5_random_key->malloc
krb5_random_key->free
krb5_random_key->krb5_c_make_random_key
krb5int_old_encrypt->des_encrypt
krb5int_old_encrypt->llvm.memset.p0i8.i64
krb5int_old_encrypt->k5_des3_encrypt
krb5int_old_encrypt->k5_arcfour_docrypt
krb5int_old_encrypt->krb5int_aes_encrypt
krb5int_old_encrypt->llvm.memcpy.p0i8.p0i8.i64
krb5int_old_encrypt->krb5int_camellia_encrypt
krb5int_old_encrypt->k5_crc32_hash
krb5int_old_encrypt->k5_md4_hash
krb5int_old_encrypt->k5_md5_hash
krb5int_old_encrypt->k5_sha1_hash
krb5int_old_encrypt->k5_sha256_hash
krb5int_old_encrypt->k5_sha384_hash
krb5int_old_encrypt->krb5int_c_locate_iov
krb5int_old_encrypt->empty_data.253
krb5int_old_encrypt->make_data.254
krb5int_old_encrypt->alloc_data.255
krb5int_old_encrypt->zapfree.256
krb5int_old_encrypt->krb5_c_random_make_octets
krb5int_default_free_state->free
krb5int_default_free_state->llvm.memcpy.p0i8.p0i8.i64
krb5int_default_free_state->empty_data.192
empty_data.128->make_data.131
k5_sha256_hash->k5_sha256_init
k5_sha256_hash->k5_sha256_update
k5_sha256_hash->k5_sha256_final
krb5int_camellia_string_to_key->pbkdf2_string_to_key
krb5int_camellia_string_to_key->string2data.447
alloc_data.384->calloc
krb5_k_create_key->malloc
krb5_k_create_key->free
krb5_k_create_key->krb5int_c_copy_keyblock_contents
find_cached_dkey->data_eq
find_cached_dkey->krb5_k_reference_key
k5_arcfour_docrypt->malloc
k5_arcfour_docrypt->k5_arcfour_init
k5_arcfour_docrypt->free
k5_arcfour_docrypt->k5_arcfour_crypt
k5_arcfour_docrypt->zapfree
krb5_c_random_add_entropy->krb5int_crypto_init
krb5_c_random_add_entropy->generator_reseed
krb5_c_random_add_entropy->k5_mutex_lock
krb5_c_random_add_entropy->accumulator_add_event
krb5_c_random_add_entropy->k5_mutex_unlock
load_32_n.172->llvm.memcpy.p0i8.p0i8.i64
zapfree.6->free
zapfree.6->zap.7
k5_rand2key_des3->llvm.memcpy.p0i8.p0i8.i64
k5_rand2key_des3->k5_des_fixup_key_parity
k5_rand2key_des3->eighth_byte
empty_data.253->make_data.254
empty_data.192->make_data.193
alloc_data->calloc
k5_sha384_hash->k5_sha384_init
k5_sha384_hash->k5_sha384_update
k5_sha384_hash->k5_sha384_final
string2data.447->strlen
string2data.447->make_data.444
zapfree.385->free
zapfree.385->zap.386
add_cached_dkey->malloc
add_cached_dkey->free
add_cached_dkey->k5memdup.216
add_cached_dkey->krb5_k_create_key
add_cached_dkey->krb5_k_reference_key
krb5int_etm_checksum->llvm.memset.p0i8.i64
krb5int_etm_checksum->llvm.memcpy.p0i8.p0i8.i64
krb5int_etm_checksum->make_data.142
krb5int_etm_checksum->empty_data.143
krb5int_etm_checksum->store_32_be.144
krb5int_etm_checksum->alloc_data.145
krb5int_etm_checksum->zapfree.146
krb5int_etm_checksum->krb5int_derive_random
krb5int_etm_checksum->krb5int_hmac_keyblock
k5_arcfour_init_state->llvm.memset.p0i8.i64
k5_arcfour_init_state->malloc
krb5_c_verify_checksum->krb5_k_create_key
krb5_c_verify_checksum->krb5_k_free_key
krb5_c_verify_checksum->krb5_k_verify_checksum
k5_mutex_lock->__assert_fail
k5_mutex_lock->strerror
k5_mutex_lock->fprintf
k5_mutex_lock->k5_os_mutex_lock
krb5_c_make_checksum->krb5_k_create_key
krb5_c_make_checksum->krb5_k_free_key
krb5_c_make_checksum->krb5_k_make_checksum
store_32_n.173->llvm.memcpy.p0i8.p0i8.i64
zap.7->llvm.memset.p0i8.i64
krb5int_des_string_to_key->afs_s2k
krb5int_des_string_to_key->des_s2k
zapfree.129->free
zapfree.129->zap.130
krb5int_aes2_string_to_key->pbkdf2_string_to_key
krb5int_aes2_string_to_key->string2data.447
zap.386->llvm.memset.p0i8.i64
krb5_k_free_key->free
krb5_k_free_key->aes_key_cleanup
krb5_k_free_key->camellia_key_cleanup
krb5_k_free_key->krb5_k_free_key
krb5_k_free_key->find_enctype.317
krb5_k_free_key->krb5int_c_free_keyblock_contents
k5memdup.216->llvm.memcpy.p0i8.p0i8.i64
k5memdup.216->k5alloc.217
k5_sha512_final->llvm.memset.p0i8.i64
k5_sha512_final->k5_sha512_update
krb5_k_verify_checksum_iov->krb5int_c_locate_iov
krb5_k_verify_checksum_iov->krb5int_cbc_checksum
krb5_k_verify_checksum_iov->krb5int_confounder_checksum
krb5_k_verify_checksum_iov->krb5int_confounder_verify
krb5_k_verify_checksum_iov->k5_bcmp
krb5_k_verify_checksum_iov->krb5int_dk_cmac_checksum
krb5_k_verify_checksum_iov->krb5int_dk_checksum
krb5_k_verify_checksum_iov->krb5int_etm_checksum
krb5_k_verify_checksum_iov->krb5int_hmacmd5_checksum
krb5_k_verify_checksum_iov->krb5int_unkeyed_checksum
krb5_k_verify_checksum_iov->krb5int_c_mandatory_cksumtype
krb5_k_verify_checksum_iov->find_cksumtype.474
krb5_k_verify_checksum_iov->verify_key.475
krb5_k_verify_checksum_iov->alloc_data.476
krb5_k_verify_checksum_iov->zapfree.477
accumulator_add_event->shad256_update
accumulator_add_event->store_16_be
krb5_k_make_checksum_iov->llvm.memcpy.p0i8.p0i8.i64
krb5_k_make_checksum_iov->krb5int_c_locate_iov
krb5_k_make_checksum_iov->krb5int_cbc_checksum
krb5_k_make_checksum_iov->krb5int_confounder_checksum
krb5_k_make_checksum_iov->krb5int_dk_cmac_checksum
krb5_k_make_checksum_iov->krb5int_dk_checksum
krb5_k_make_checksum_iov->krb5int_etm_checksum
krb5_k_make_checksum_iov->krb5int_hmacmd5_checksum
krb5_k_make_checksum_iov->krb5int_unkeyed_checksum
krb5_k_make_checksum_iov->find_cksumtype.340
krb5_k_make_checksum_iov->verify_key.341
krb5_k_make_checksum_iov->alloc_data.342
krb5_k_make_checksum_iov->zapfree.343
krb5_k_make_checksum_iov->krb5int_c_mandatory_cksumtype
krb5int_dk_cmac_decrypt->des_decrypt
krb5int_dk_cmac_decrypt->k5_des3_decrypt
krb5int_dk_cmac_decrypt->k5_arcfour_docrypt
krb5int_dk_cmac_decrypt->krb5int_aes_decrypt
krb5int_dk_cmac_decrypt->krb5int_camellia_decrypt
krb5int_dk_cmac_decrypt->krb5int_c_locate_iov
krb5int_dk_cmac_decrypt->k5_bcmp
krb5int_dk_cmac_decrypt->krb5int_cmac_checksum
krb5int_dk_cmac_decrypt->derive_keys
krb5int_dk_cmac_decrypt->empty_data.229
krb5int_dk_cmac_decrypt->alloc_data.230
krb5int_dk_cmac_decrypt->zapfree.231
krb5int_dk_cmac_decrypt->krb5_k_free_key
encrypt_block->des_encrypt
encrypt_block->des_cbc_mac
encrypt_block->k5_des3_encrypt
encrypt_block->k5_arcfour_docrypt
encrypt_block->krb5int_aes_encrypt
encrypt_block->llvm.memcpy.p0i8.p0i8.i64
encrypt_block->krb5int_camellia_cbc_mac
encrypt_block->krb5int_camellia_encrypt
krb5int_camellia_cbc_mac->llvm.memset.p0i8.i64
krb5int_camellia_cbc_mac->llvm.memcpy.p0i8.p0i8.i64
krb5int_camellia_cbc_mac->init_key_cache.8
krb5int_camellia_cbc_mac->expand_enc_key.9
krb5int_camellia_cbc_mac->cbc_enc.10
krb5int_camellia_cbc_mac->k5_iov_cursor_init
krb5int_camellia_cbc_mac->k5_iov_cursor_get
afs_s2k->afs_s2k_oneblock
afs_s2k->afs_s2k_multiblock
krb5_encrypt_size->krb5_c_encrypt_length
alloc_data.255->calloc
krb5_k_decrypt->llvm.memcpy.p0i8.p0i8.i64
krb5_k_decrypt->find_enctype.194
krb5_k_decrypt->k5alloc.195
krb5_k_decrypt->make_data.196
krb5_k_decrypt->empty_data.197
krb5_k_decrypt->zap.198
krb5_k_decrypt->zapfree.199
krb5_k_decrypt->krb5int_camellia_crypto_length
krb5_k_decrypt->krb5int_dk_cmac_decrypt
krb5_k_decrypt->krb5int_dk_crypto_length
krb5_k_decrypt->krb5int_aes_crypto_length
krb5_k_decrypt->krb5int_dk_decrypt
krb5_k_decrypt->krb5int_aes2_crypto_length
krb5_k_decrypt->krb5int_etm_decrypt
krb5_k_decrypt->krb5int_old_crypto_length
krb5_k_decrypt->krb5int_old_decrypt
krb5_k_decrypt->krb5int_raw_crypto_length
krb5_k_decrypt->krb5int_raw_decrypt
krb5_k_decrypt->krb5int_arcfour_crypto_length
krb5_k_decrypt->krb5int_arcfour_decrypt
zap.130->llvm.memset.p0i8.i64
krb5int_MD4Update->load_32_le
krb5int_MD4Update->Transform
krb5int_arcfour_string_to_key->llvm.memcpy.p0i8.p0i8.i64
krb5int_arcfour_string_to_key->k5_md4_hash
krb5int_arcfour_string_to_key->k5memdup0
krb5int_arcfour_string_to_key->k5_utf8_to_utf16le
krb5int_arcfour_string_to_key->zapfree.452
krb5int_arcfour_string_to_key->make_data.453
krb5int_arcfour_prf->llvm.memcpy.p0i8.p0i8.i64
krb5int_arcfour_prf->__assert_fail
krb5int_arcfour_prf->krb5int_hmac
k5alloc.217->k5calloc.218
empty_data.143->make_data.142
k5_mutex_unlock->__assert_fail
k5_mutex_unlock->k5_os_mutex_unlock
k5_mutex_unlock->strerror
k5_mutex_unlock->fprintf
empty_data.229->make_data.227
k5_camellia_setup192->llvm.memcpy.p0i8.p0i8.i64
k5_camellia_setup192->k5_camellia_setup256
init_key_cache.8->malloc
des_s2k->llvm.memset.p0i8.i64
des_s2k->malloc
des_s2k->llvm.memcpy.p0i8.p0i8.i64
des_s2k->abort
des_s2k->k5_des_fixup_key_parity
des_s2k->k5_des_is_weak_key
des_s2k->des_cbc_mac.424
des_s2k->zap.425
des_s2k->zapfree.426
krb5_checksum_size->krb5_c_checksum_length
zapfree.256->free
zapfree.256->zap.257
k5memdup0->llvm.memcpy.p0i8.p0i8.i64
k5memdup0->k5alloc.455
krb5_c_random_seed->krb5_c_random_add_entropy
krb5_k_key_keyblock->krb5int_c_copy_keyblock
k5calloc.218->calloc
k5_sha384_update->k5_sha512_update
verify_key.475->find_enctype.479
verify_key.341->find_enctype.345
alloc_data.230->calloc
krb5_c_is_coll_proof_cksum->find_cksumtype.174
expand_enc_key.9->abort
expand_enc_key.9->krb5int_camellia_enc_key
des_cbc_mac.424->des_cbc_mac
des_cbc_mac.424->llvm.memset.p0i8.i64
des_cbc_mac.424->llvm.memcpy.p0i8.p0i8.i64
des_cbc_mac.424->krb5_k_create_key
des_cbc_mac.424->krb5_k_free_key
des_cbc_mac.424->make_data.427
krb5_calculate_checksum->llvm.memset.p0i8.i64
krb5_calculate_checksum->free
krb5_calculate_checksum->llvm.memcpy.p0i8.p0i8.i64
krb5_calculate_checksum->krb5_c_make_checksum
krb5_calculate_checksum->make_data.356
krb5_calculate_checksum->guess_enctype
zap.257->llvm.memset.p0i8.i64
k5alloc.195->k5calloc.200
krb5_c_derive_prfplus->krb5_c_prfplus
krb5_c_derive_prfplus->empty_data.128
krb5_c_derive_prfplus->alloc_data
krb5_c_derive_prfplus->zapfree.129
krb5_c_derive_prfplus->find_enctype.132
krb5_c_derive_prfplus->krb5int_c_init_keyblock
krb5_c_derive_prfplus->krb5int_c_free_keyblock
krb5_c_derive_prfplus->k5_rand2key_direct
krb5_c_derive_prfplus->k5_rand2key_des
krb5_c_derive_prfplus->k5_rand2key_des3
k5_get_os_entropy->__errno_location
k5_get_os_entropy->syscall
k5_get_os_entropy->read_entropy_from_device
data_eq->memcmp
alloc_data.145->calloc
k5_sha384_final->llvm.memcpy.p0i8.p0i8.i64
k5_sha384_final->k5_sha512_final
k5_arcfour_crypt->k5_arcfour_byte
alloc_data.476->calloc
alloc_data.342->calloc
zapfree.231->free
zapfree.231->zap.232
cbc_enc.10->llvm.memcpy.p0i8.p0i8.i64
cbc_enc.10->xorblock.11
cbc_enc.10->krb5int_camellia_enc_blk
zap.425->llvm.memset.p0i8.i64
guess_enctype->find_cksumtype.357
krb5int_old_decrypt->des_decrypt
krb5int_old_decrypt->llvm.memset.p0i8.i64
krb5int_old_decrypt->k5_des3_decrypt
krb5int_old_decrypt->k5_arcfour_docrypt
krb5int_old_decrypt->llvm.memcpy.p0i8.p0i8.i64
krb5int_old_decrypt->krb5int_aes_decrypt
krb5int_old_decrypt->krb5int_camellia_decrypt
krb5int_old_decrypt->k5_crc32_hash
krb5int_old_decrypt->k5_md4_hash
krb5int_old_decrypt->k5_md5_hash
krb5int_old_decrypt->k5_sha1_hash
krb5int_old_decrypt->k5_sha256_hash
krb5int_old_decrypt->k5_sha384_hash
krb5int_old_decrypt->krb5int_c_locate_iov
krb5int_old_decrypt->k5_bcmp
krb5int_old_decrypt->empty_data.253
krb5int_old_decrypt->make_data.254
krb5int_old_decrypt->alloc_data.255
krb5int_old_decrypt->zapfree.256
krb5int_old_decrypt->iov_total_length.258
krb5int_old_decrypt->k5memdup.259
krb5int_MD4Final->krb5int_MD4Update
krb5int_MD4Final->load_32_le
krb5int_MD4Final->Transform
krb5int_MD4Final->store_32_le.31
zapfree.452->free
zapfree.452->zap.454
krb5int_c_init_keyblock->malloc
krb5int_c_init_keyblock->free
krb5int_c_init_keyblock->__assert_fail
krb5_k_encrypt->llvm.memcpy.p0i8.p0i8.i64
krb5_k_encrypt->krb5int_c_padding_length
krb5_k_encrypt->find_enctype.219
krb5_k_encrypt->make_data.220
krb5_k_encrypt->zap.221
krb5_k_encrypt->krb5int_camellia_crypto_length
krb5_k_encrypt->krb5int_dk_cmac_encrypt
krb5_k_encrypt->krb5int_dk_crypto_length
krb5_k_encrypt->krb5int_aes_crypto_length
krb5_k_encrypt->krb5int_dk_encrypt
krb5_k_encrypt->krb5int_aes2_crypto_length
krb5_k_encrypt->krb5int_etm_encrypt
krb5_k_encrypt->krb5int_old_crypto_length
krb5_k_encrypt->krb5int_old_encrypt
krb5_k_encrypt->krb5int_raw_crypto_length
krb5_k_encrypt->krb5int_raw_encrypt
krb5_k_encrypt->krb5int_arcfour_crypto_length
krb5_k_encrypt->krb5int_arcfour_encrypt
zapfree.146->free
zapfree.146->zap.147
zapfree->free
zapfree->zap.4
zapfree.477->free
zapfree.477->zap.478
zapfree.343->free
zapfree.343->zap.344
zap.232->llvm.memset.p0i8.i64
krb5int_c_combine_keys->free
krb5int_c_combine_keys->llvm.memcpy.p0i8.p0i8.i64
krb5int_c_combine_keys->enctype_ok
krb5int_c_combine_keys->find_enctype.175
krb5int_c_combine_keys->k5alloc.176
krb5int_c_combine_keys->k5calloc.177
krb5int_c_combine_keys->dr
krb5int_c_combine_keys->zapfree.179
krb5int_c_combine_keys->krb5int_derive_keyblock
krb5int_c_combine_keys->krb5_k_create_key
krb5int_c_combine_keys->krb5_k_free_key
krb5int_c_combine_keys->krb5int_nfold
krb5int_c_combine_keys->k5_rand2key_direct
krb5int_c_combine_keys->k5_rand2key_des
krb5int_c_combine_keys->k5_rand2key_des3
xorblock.11->load_32_n.12
xorblock.11->store_32_n.13
zapfree.426->free
zapfree.426->zap.425
empty_data.197->make_data.196
krb5_c_fx_cf2_simple->krb5_c_prfplus
krb5_c_fx_cf2_simple->empty_data.128
krb5_c_fx_cf2_simple->alloc_data
krb5_c_fx_cf2_simple->zapfree.129
krb5_c_fx_cf2_simple->find_enctype.132
krb5_c_fx_cf2_simple->string2data
krb5_c_fx_cf2_simple->krb5int_c_init_keyblock
krb5_c_fx_cf2_simple->krb5int_c_free_keyblock
krb5_c_fx_cf2_simple->k5_rand2key_direct
krb5_c_fx_cf2_simple->k5_rand2key_des
krb5_c_fx_cf2_simple->k5_rand2key_des3
krb5int_c_free_keyblock->free
krb5int_c_free_keyblock->krb5int_c_free_keyblock_contents
zap.147->llvm.memset.p0i8.i64
zap.4->llvm.memset.p0i8.i64
zap.478->llvm.memset.p0i8.i64
zap.344->llvm.memset.p0i8.i64
krb5int_dk_crypto_length->__assert_fail
load_32_n.12->llvm.memcpy.p0i8.p0i8.i64
krb5_verify_checksum->make_data.356
krb5_verify_checksum->guess_enctype
krb5_verify_checksum->krb5_c_verify_checksum
k5memdup.259->llvm.memcpy.p0i8.p0i8.i64
k5memdup.259->k5alloc.260
zap.198->llvm.memset.p0i8.i64
string2data->make_data.131
string2data->strlen
zap.454->llvm.memset.p0i8.i64
read_entropy_from_device->open
read_entropy_from_device->fcntl
read_entropy_from_device->fstat
read_entropy_from_device->read
read_entropy_from_device->close
krb5int_c_free_keyblock_contents->zapfree.326
krb5int_hmacmd5_checksum->free
krb5int_hmacmd5_checksum->llvm.memcpy.p0i8.p0i8.i64
krb5int_hmacmd5_checksum->k5_crc32_hash
krb5int_hmacmd5_checksum->k5_md4_hash
krb5int_hmacmd5_checksum->k5_md5_hash
krb5int_hmacmd5_checksum->k5_sha1_hash
krb5int_hmacmd5_checksum->k5_sha256_hash
krb5int_hmacmd5_checksum->k5_sha384_hash
krb5int_hmacmd5_checksum->empty_data.148
krb5int_hmacmd5_checksum->alloc_data.149
krb5int_hmacmd5_checksum->make_data.151
krb5int_hmacmd5_checksum->store_32_le.152
krb5int_hmacmd5_checksum->k5calloc.153
krb5int_hmacmd5_checksum->zapfree.154
krb5int_hmacmd5_checksum->krb5int_arcfour_translate_usage
krb5int_hmacmd5_checksum->krb5int_hmac_keyblock
krb5int_hmacmd5_checksum->krb5int_hmac
krb5int_aes_crypto_length->__assert_fail
k5_Camellia_EncryptBlock->k5_camellia_encrypt128
k5_Camellia_EncryptBlock->k5_camellia_encrypt256
store_32_n.13->llvm.memcpy.p0i8.p0i8.i64
afs_s2k_oneblock->llvm.memset.p0i8.i64
afs_s2k_oneblock->llvm.memcpy.p0i8.p0i8.i64
afs_s2k_oneblock->k5_des_fixup_key_parity
afs_s2k_oneblock->zap.425
afs_s2k_oneblock->__ctype_b_loc
afs_s2k_oneblock->tolower
afs_s2k_oneblock->afs_crypt
afs_s2k_oneblock->strncpy
krb5_encrypt_data->free
krb5_encrypt_data->llvm.memcpy.p0i8.p0i8.i64
krb5_encrypt_data->krb5_c_block_size
krb5_encrypt_data->krb5_c_encrypt
krb5_encrypt_data->krb5_c_encrypt_length
krb5_encrypt_data->make_data.356
krb5_encrypt_data->alloc_data.358
k5alloc.260->k5calloc.261
zapfree.199->free
zapfree.199->zap.198
krb5int_MD5Update->load_32_le.36
krb5int_MD5Update->Transform.37
k5alloc.455->k5calloc.456
zapfree.326->free
zapfree.326->zap.327
zap.221->llvm.memset.p0i8.i64
empty_data.148->make_data.151
krb5int_aes_encrypt->llvm.memset.p0i8.i64
krb5int_aes_encrypt->init_key_cache
krb5int_aes_encrypt->expand_enc_key
krb5int_aes_encrypt->iov_total_length.5
krb5int_aes_encrypt->cbc_enc
krb5int_aes_encrypt->llvm.memcpy.p0i8.p0i8.i64
krb5int_aes_encrypt->iov_cursor_contig_blocks
krb5int_aes_encrypt->iov_cursor_ptr
krb5int_aes_encrypt->iov_cursor_advance
krb5int_aes_encrypt->k5_iov_cursor_init
krb5int_aes_encrypt->k5_iov_cursor_get
krb5int_aes_encrypt->k5_iov_cursor_put
krb5_c_verify_checksum_iov->krb5_k_create_key
krb5_c_verify_checksum_iov->krb5_k_free_key
krb5_c_verify_checksum_iov->krb5_k_verify_checksum_iov
krb5_c_random_make_octets->getpid
krb5_c_random_make_octets->generator_reseed
krb5_c_random_make_octets->k5_mutex_lock
krb5_c_random_make_octets->k5_mutex_unlock
krb5_c_random_make_octets->dgettext
krb5_c_random_make_octets->k5_set_error
krb5_c_random_make_octets->store_32_be.410
krb5_c_random_make_octets->accumulator_output
krb5_c_make_checksum_iov->krb5_k_create_key
krb5_c_make_checksum_iov->krb5_k_free_key
krb5_c_make_checksum_iov->krb5_k_make_checksum_iov
krb5int_dk_encrypt->des_encrypt
krb5int_dk_encrypt->llvm.memset.p0i8.i64
krb5int_dk_encrypt->k5_des3_encrypt
krb5int_dk_encrypt->k5_arcfour_docrypt
krb5int_dk_encrypt->free
krb5int_dk_encrypt->krb5int_aes_encrypt
krb5int_dk_encrypt->llvm.memcpy.p0i8.p0i8.i64
krb5int_dk_encrypt->__assert_fail
krb5int_dk_encrypt->krb5int_camellia_encrypt
krb5int_dk_encrypt->krb5int_c_locate_iov
krb5int_dk_encrypt->krb5int_derive_key
krb5int_dk_encrypt->krb5int_camellia_crypto_length
krb5int_dk_encrypt->krb5int_dk_crypto_length
krb5int_dk_encrypt->krb5int_aes_crypto_length
krb5int_dk_encrypt->k5alloc.236
krb5int_dk_encrypt->store_32_be.237
krb5int_dk_encrypt->krb5int_aes2_crypto_length
krb5int_dk_encrypt->krb5int_old_crypto_length
krb5int_dk_encrypt->krb5int_raw_crypto_length
krb5int_dk_encrypt->krb5int_arcfour_crypto_length
krb5int_dk_encrypt->krb5_k_free_key
krb5int_dk_encrypt->krb5_c_random_make_octets
krb5int_dk_encrypt->krb5int_hmac
k5alloc.176->k5calloc.177
k5_Camellia_DecryptBlock->k5_camellia_decrypt128
k5_Camellia_DecryptBlock->k5_camellia_decrypt256
krb5int_camellia_encrypt->llvm.memset.p0i8.i64
krb5int_camellia_encrypt->llvm.memcpy.p0i8.p0i8.i64
krb5int_camellia_encrypt->init_key_cache.8
krb5int_camellia_encrypt->expand_enc_key.9
krb5int_camellia_encrypt->cbc_enc.10
krb5int_camellia_encrypt->iov_total_length.17
krb5int_camellia_encrypt->iov_cursor_contig_blocks.19
krb5int_camellia_encrypt->iov_cursor_ptr.20
krb5int_camellia_encrypt->iov_cursor_advance.21
krb5int_camellia_encrypt->k5_iov_cursor_init
krb5int_camellia_encrypt->k5_iov_cursor_get
krb5int_camellia_encrypt->k5_iov_cursor_put
afs_s2k_multiblock->malloc
afs_s2k_multiblock->llvm.memcpy.p0i8.p0i8.i64
afs_s2k_multiblock->k5_des_fixup_key_parity
afs_s2k_multiblock->des_cbc_mac.424
afs_s2k_multiblock->zapfree.426
afs_s2k_multiblock->__ctype_b_loc
afs_s2k_multiblock->tolower
alloc_data.358->calloc
k5calloc.261->calloc
k5calloc.200->calloc
krb5int_cbc_checksum->des_cbc_mac
krb5int_cbc_checksum->krb5int_camellia_cbc_mac
k5calloc.456->calloc
zap.327->llvm.memset.p0i8.i64
krb5_c_encrypt->krb5_k_encrypt
krb5_c_encrypt->krb5_k_create_key
krb5_c_encrypt->krb5_k_free_key
alloc_data.149->calloc
krb5int_des3_cbc_encrypt->load_32_be.79
krb5int_des3_cbc_encrypt->store_32_be.80
krb5int_des3_cbc_encrypt->k5_iov_cursor_init
krb5int_des3_cbc_encrypt->k5_iov_cursor_get
krb5int_des3_cbc_encrypt->k5_iov_cursor_put
init_key_cache->malloc
krb5int_hmac_keyblock->llvm.memset.p0i8.i64
krb5int_hmac_keyblock->free
krb5int_hmac_keyblock->llvm.memcpy.p0i8.p0i8.i64
krb5int_hmac_keyblock->k5_crc32_hash
krb5int_hmac_keyblock->k5_md4_hash
krb5int_hmac_keyblock->k5_md5_hash
krb5int_hmac_keyblock->k5_sha1_hash
krb5int_hmac_keyblock->k5_sha256_hash
krb5int_hmac_keyblock->k5_sha384_hash
krb5int_hmac_keyblock->k5alloc.482
krb5int_hmac_keyblock->k5calloc.483
krb5int_hmac_keyblock->make_data.484
krb5int_hmac_keyblock->zapfree.485
krb5_c_make_random_key->find_enctype.346
krb5_c_make_random_key->k5alloc.347
krb5_c_make_random_key->zapfree.348
krb5_c_make_random_key->krb5_c_random_make_octets
krb5_c_make_random_key->k5_rand2key_direct
krb5_c_make_random_key->k5_rand2key_des
krb5_c_make_random_key->k5_rand2key_des3
k5alloc.236->k5calloc.239
k5calloc.177->calloc
krb5int_camellia_enc_key->k5_camellia_setup128
krb5int_camellia_enc_key->k5_camellia_setup256
krb5int_camellia_enc_key->k5_camellia_setup192
krb5int_camellia_decrypt->llvm.memset.p0i8.i64
krb5int_camellia_decrypt->llvm.memcpy.p0i8.p0i8.i64
krb5int_camellia_decrypt->init_key_cache.8
krb5int_camellia_decrypt->expand_dec_key.16
krb5int_camellia_decrypt->iov_total_length.17
krb5int_camellia_decrypt->cbc_dec.18
krb5int_camellia_decrypt->iov_cursor_contig_blocks.19
krb5int_camellia_decrypt->iov_cursor_ptr.20
krb5int_camellia_decrypt->iov_cursor_advance.21
krb5int_camellia_decrypt->k5_iov_cursor_init
krb5int_camellia_decrypt->k5_iov_cursor_get
krb5int_camellia_decrypt->k5_iov_cursor_put
valid_cksumtype->krb5_c_valid_cksumtype
krb5_c_decrypt->krb5_k_decrypt
krb5_c_decrypt->krb5_k_create_key
krb5_c_decrypt->krb5_k_free_key
krb5int_confounder_checksum->des_encrypt
krb5int_confounder_checksum->k5_des3_encrypt
krb5int_confounder_checksum->k5_arcfour_docrypt
krb5int_confounder_checksum->free
krb5int_confounder_checksum->krb5int_aes_encrypt
krb5int_confounder_checksum->llvm.memcpy.p0i8.p0i8.i64
krb5int_confounder_checksum->krb5int_camellia_encrypt
krb5int_confounder_checksum->k5_crc32_hash
krb5int_confounder_checksum->k5_md4_hash
krb5int_confounder_checksum->k5_md5_hash
krb5int_confounder_checksum->k5_sha1_hash
krb5int_confounder_checksum->k5_sha256_hash
krb5int_confounder_checksum->k5_sha384_hash
krb5int_confounder_checksum->make_data.133
krb5int_confounder_checksum->mk_xorkey
krb5int_confounder_checksum->k5calloc
krb5int_confounder_checksum->krb5_k_free_key
krb5int_confounder_checksum->krb5_c_random_make_octets
krb5_c_init_state->k5_arcfour_init_state
krb5_c_init_state->aes_init_state
krb5_c_init_state->camellia_init_state
krb5_c_init_state->krb5int_des_init_state
krb5_c_init_state->find_enctype.457
krb5int_c_copy_keyblock->malloc
krb5int_c_copy_keyblock->free
krb5int_c_copy_keyblock->krb5int_c_copy_keyblock_contents
krb5_k_encrypt_iov->find_enctype.222
krb5_k_encrypt_iov->krb5int_dk_cmac_encrypt
krb5_k_encrypt_iov->krb5int_dk_encrypt
krb5_k_encrypt_iov->krb5int_etm_encrypt
krb5_k_encrypt_iov->krb5int_old_encrypt
krb5_k_encrypt_iov->krb5int_raw_encrypt
krb5_k_encrypt_iov->krb5int_arcfour_encrypt
expand_enc_key->abort
expand_enc_key->krb5int_aes_enc_key
k5alloc.482->k5calloc.483
dr->make_data.181
dr->krb5int_derive_random
dr->krb5_k_create_key
dr->krb5_k_free_key
krb5int_camellia_enc_blk->k5_Camellia_EncryptBlock
camellia_init_state->llvm.memset.p0i8.i64
camellia_init_state->malloc
is_keyed_cksum->krb5_c_is_keyed_cksum
krb5int_raw_encrypt->des_encrypt
krb5int_raw_encrypt->llvm.memset.p0i8.i64
krb5int_raw_encrypt->k5_des3_encrypt
krb5int_raw_encrypt->k5_arcfour_docrypt
krb5int_raw_encrypt->krb5int_aes_encrypt
krb5int_raw_encrypt->krb5int_camellia_encrypt
krb5int_raw_encrypt->krb5int_c_locate_iov
krb5int_raw_encrypt->krb5int_camellia_crypto_length
krb5int_raw_encrypt->krb5int_dk_crypto_length
krb5int_raw_encrypt->krb5int_aes_crypto_length
krb5int_raw_encrypt->krb5int_aes2_crypto_length
krb5int_raw_encrypt->krb5int_old_crypto_length
krb5int_raw_encrypt->krb5int_raw_crypto_length
krb5int_raw_encrypt->krb5int_arcfour_crypto_length
krb5_k_decrypt_iov->krb5int_c_locate_iov
krb5_k_decrypt_iov->krb5int_c_iov_decrypt_stream
krb5_k_decrypt_iov->find_enctype.201
krb5_k_decrypt_iov->krb5int_dk_cmac_decrypt
krb5_k_decrypt_iov->krb5int_dk_decrypt
krb5_k_decrypt_iov->krb5int_etm_decrypt
krb5_k_decrypt_iov->krb5int_old_decrypt
krb5_k_decrypt_iov->krb5int_raw_decrypt
krb5_k_decrypt_iov->krb5int_arcfour_decrypt
krb5int_MD5Final->krb5int_MD5Update
krb5int_MD5Final->load_32_le.36
krb5int_MD5Final->Transform.37
krb5int_MD5Final->store_32_le.41
krb5int_c_copy_keyblock_contents->malloc
krb5int_c_copy_keyblock_contents->llvm.memcpy.p0i8.p0i8.i64
k5calloc.483->calloc
k5alloc.347->k5calloc.350
k5calloc.239->calloc
zapfree.179->free
zapfree.179->zap.180
krb5int_camellia_dec_key->k5_camellia_setup128
krb5int_camellia_dec_key->k5_camellia_setup256
krb5int_camellia_dec_key->k5_camellia_setup192
camellia_key_cleanup->zapfree.14
afs_crypt->afs_crypt_setkey
afs_crypt->afs_encrypt_block
is_coll_proof_cksum->krb5_c_is_coll_proof_cksum
krb5int_raw_decrypt->des_decrypt
krb5int_raw_decrypt->k5_des3_decrypt
krb5int_raw_decrypt->k5_arcfour_docrypt
krb5int_raw_decrypt->krb5int_aes_decrypt
krb5int_raw_decrypt->krb5int_camellia_decrypt
krb5int_raw_decrypt->krb5int_camellia_crypto_length
krb5int_raw_decrypt->krb5int_dk_crypto_length
krb5int_raw_decrypt->krb5int_aes_crypto_length
krb5int_raw_decrypt->krb5int_aes2_crypto_length
krb5int_raw_decrypt->krb5int_old_crypto_length
krb5int_raw_decrypt->krb5int_raw_crypto_length
krb5int_raw_decrypt->krb5int_arcfour_crypto_length
mk_xorkey->llvm.memcpy.p0i8.p0i8.i64
mk_xorkey->k5memdup
mk_xorkey->zapfree.134
mk_xorkey->krb5_k_create_key
krb5_c_free_state->krb5int_default_free_state
krb5_c_free_state->find_enctype.457
krb5_c_is_keyed_cksum->find_cksumtype.332
krb5_c_encrypt_iov->krb5_k_encrypt_iov
krb5_c_encrypt_iov->krb5_k_create_key
krb5_c_encrypt_iov->krb5_k_free_key
k5calloc.153->calloc
krb5int_des3_cbc_decrypt->load_32_be.79
krb5int_des3_cbc_decrypt->store_32_be.80
krb5int_des3_cbc_decrypt->k5_iov_cursor_init
krb5int_des3_cbc_decrypt->k5_iov_cursor_get
krb5int_des3_cbc_decrypt->k5_iov_cursor_put
cbc_enc->llvm.memcpy.p0i8.p0i8.i64
cbc_enc->xorblock
cbc_enc->abort
cbc_enc->krb5int_aes_enc_blk
accumulator_output->enough_time_passed
accumulator_output->accumulator_reseed
accumulator_output->generator_output
zapfree.348->free
zapfree.348->zap.349
krb5int_dk_decrypt->des_decrypt
krb5int_dk_decrypt->k5_des3_decrypt
krb5int_dk_decrypt->k5_arcfour_docrypt
krb5int_dk_decrypt->free
krb5int_dk_decrypt->krb5int_aes_decrypt
krb5int_dk_decrypt->krb5int_camellia_decrypt
krb5int_dk_decrypt->krb5int_c_locate_iov
krb5int_dk_decrypt->k5_bcmp
krb5int_dk_decrypt->krb5int_derive_key
krb5int_dk_decrypt->krb5int_camellia_crypto_length
krb5int_dk_decrypt->krb5int_dk_crypto_length
krb5int_dk_decrypt->krb5int_aes_crypto_length
krb5int_dk_decrypt->k5alloc.236
krb5int_dk_decrypt->store_32_be.237
krb5int_dk_decrypt->krb5int_aes2_crypto_length
krb5int_dk_decrypt->krb5int_old_crypto_length
krb5int_dk_decrypt->krb5int_raw_crypto_length
krb5int_dk_decrypt->krb5int_arcfour_crypto_length
krb5int_dk_decrypt->krb5_k_free_key
krb5int_dk_decrypt->krb5int_hmac
zap.180->llvm.memset.p0i8.i64
krb5int_camellia_dec_blk->k5_Camellia_DecryptBlock
zapfree.14->free
zapfree.14->zap.15
valid_enctype->krb5_c_valid_enctype
krb5_c_decrypt_iov->krb5_k_decrypt_iov
krb5_c_decrypt_iov->krb5_k_create_key
krb5_c_decrypt_iov->krb5_k_free_key
k5calloc->calloc
krb5_string_to_cksumtype->strcasecmp
k5_prng_init->k5_get_os_entropy
k5_prng_init->k5_mutex_finish_init
k5_prng_init->init_state
k5_prng_init->getpid
k5_prng_init->generator_reseed
krb5_c_encrypt_length->krb5int_c_padding_length
krb5_c_encrypt_length->find_enctype.223
krb5_c_encrypt_length->krb5int_camellia_crypto_length
krb5_c_encrypt_length->krb5int_dk_crypto_length
krb5_c_encrypt_length->krb5int_aes_crypto_length
krb5_c_encrypt_length->krb5int_aes2_crypto_length
krb5_c_encrypt_length->krb5int_old_crypto_length
krb5_c_encrypt_length->krb5int_raw_crypto_length
krb5_c_encrypt_length->krb5int_arcfour_crypto_length
zapfree.154->free
zapfree.154->zap.155
mit_des3_key_sched->mit_des_check_key_parity
mit_des3_key_sched->mit_des_make_key_sched
mit_des3_key_sched->mit_des_is_weak_key
zapfree.485->free
zapfree.485->zap.486
enough_time_passed->llvm.memcpy.p0i8.p0i8.i64
enough_time_passed->gettimeofday
zap.349->llvm.memset.p0i8.i64
krb5int_aes2_crypto_length->__assert_fail
zap.15->llvm.memset.p0i8.i64
afs_crypt_setkey->llvm.memcpy.p0i8.p0i8.i64
krb5_c_prf_length->__assert_fail
krb5_c_prf_length->find_enctype.363
krb5int_arcfour_crypto_length->__assert_fail
k5_sp800_108_counter_hmac->llvm.memcpy.p0i8.p0i8.i64
k5_sp800_108_counter_hmac->alloc_data.202
k5_sp800_108_counter_hmac->make_data.203
k5_sp800_108_counter_hmac->store_32_be.204
k5_sp800_108_counter_hmac->zapfree.206
k5_sp800_108_counter_hmac->krb5int_hmac
k5memdup->llvm.memcpy.p0i8.p0i8.i64
k5memdup->k5alloc
shsUpdate->load_32_be
shsUpdate->SHSTransform
krb5_c_string_to_key->krb5_c_string_to_key_with_params
krb5_c_keyed_checksum_types->malloc
krb5_c_keyed_checksum_types->find_enctype.333
krb5_c_keyed_checksum_types->is_keyed_for
zap.155->llvm.memset.p0i8.i64
k5_des_fixup_key_parity->mit_des_fixup_key_parity
zap.486->llvm.memset.p0i8.i64
accumulator_reseed->generator_reseed
accumulator_reseed->shad256_init
accumulator_reseed->shad256_update
accumulator_reseed->shad256_result
accumulator_reseed->zap.397
k5calloc.350->calloc
krb5int_etm_encrypt->des_encrypt
krb5int_etm_encrypt->k5_des3_encrypt
krb5int_etm_encrypt->k5_arcfour_docrypt
krb5int_etm_encrypt->free
krb5int_etm_encrypt->krb5int_aes_encrypt
krb5int_etm_encrypt->llvm.memcpy.p0i8.p0i8.i64
krb5int_etm_encrypt->__assert_fail
krb5int_etm_encrypt->krb5int_camellia_encrypt
krb5int_etm_encrypt->krb5int_c_locate_iov
krb5int_etm_encrypt->krb5int_camellia_crypto_length
krb5int_etm_encrypt->krb5int_dk_crypto_length
krb5int_etm_encrypt->krb5int_aes_crypto_length
krb5int_etm_encrypt->krb5int_aes2_crypto_length
krb5int_etm_encrypt->empty_data.242
krb5int_etm_encrypt->alloc_data.243
krb5int_etm_encrypt->derive_keys.244
krb5int_etm_encrypt->hmac_ivec_data
krb5int_etm_encrypt->zapfree.246
krb5int_etm_encrypt->krb5int_old_crypto_length
krb5int_etm_encrypt->krb5int_raw_crypto_length
krb5int_etm_encrypt->krb5int_arcfour_crypto_length
krb5int_etm_encrypt->krb5_k_free_key
krb5int_etm_encrypt->krb5_c_random_make_octets
krb5int_c_iov_decrypt_stream->free
krb5int_c_iov_decrypt_stream->llvm.memcpy.p0i8.p0i8.i64
krb5int_c_iov_decrypt_stream->__assert_fail
krb5int_c_iov_decrypt_stream->krb5int_c_locate_iov
krb5int_c_iov_decrypt_stream->calloc
krb5int_c_iov_decrypt_stream->make_data
krb5int_c_iov_decrypt_stream->empty_data
krb5int_c_iov_decrypt_stream->krb5int_camellia_crypto_length
krb5int_c_iov_decrypt_stream->krb5int_dk_cmac_decrypt
krb5int_c_iov_decrypt_stream->krb5int_dk_crypto_length
krb5int_c_iov_decrypt_stream->krb5int_aes_crypto_length
krb5int_c_iov_decrypt_stream->krb5int_dk_decrypt
krb5int_c_iov_decrypt_stream->krb5int_aes2_crypto_length
krb5int_c_iov_decrypt_stream->krb5int_etm_decrypt
krb5int_c_iov_decrypt_stream->krb5int_old_crypto_length
krb5int_c_iov_decrypt_stream->krb5int_old_decrypt
krb5int_c_iov_decrypt_stream->krb5int_raw_crypto_length
krb5int_c_iov_decrypt_stream->krb5int_raw_decrypt
krb5int_c_iov_decrypt_stream->krb5int_arcfour_crypto_length
krb5int_c_iov_decrypt_stream->krb5int_arcfour_decrypt
expand_dec_key.16->abort
expand_dec_key.16->krb5int_camellia_dec_key
afs_encrypt_block->llvm.memcpy.p0i8.p0i8.i64
krb5int_arcfour_encrypt->llvm.memcpy.p0i8.p0i8.i64
krb5int_arcfour_encrypt->krb5int_c_locate_iov
krb5int_arcfour_encrypt->usage_key
krb5int_arcfour_encrypt->make_data.266
krb5int_arcfour_encrypt->enc_key
krb5int_arcfour_encrypt->keyblock_crypt
krb5int_arcfour_encrypt->krb5int_c_init_keyblock
krb5int_arcfour_encrypt->krb5int_c_free_keyblock
krb5int_arcfour_encrypt->krb5_c_random_make_octets
krb5int_arcfour_encrypt->krb5int_hmac_keyblock
alloc_data.202->calloc
zapfree.134->free
zapfree.134->zap.135
