nettle_aes_decrypt->abort
nettle_aes_decrypt->nettle_aes128_decrypt
nettle_aes_decrypt->nettle_aes192_decrypt
nettle_aes_decrypt->nettle_aes256_decrypt
nettle_xts_aes128_set_decrypt_key->nettle_aes128_set_encrypt_key
nettle_xts_aes128_set_decrypt_key->nettle_aes128_set_decrypt_key
_nettle_sha3_pad->__assert_fail
_nettle_sha3_pad->llvm.memset.p0i8.i64
_nettle_sha3_pad->sha3_absorb
nettle_hmac_sha256_update->nettle_sha256_update
nettle_gcm_set_key->nettle_aes_encrypt
nettle_gcm_set_key->nettle_aes128_encrypt
nettle_gcm_set_key->nettle_aes192_encrypt
nettle_gcm_set_key->nettle_aes256_encrypt
nettle_gcm_set_key->nettle_camellia128_crypt
nettle_gcm_set_key->nettle_camellia256_crypt
nettle_gcm_set_key->llvm.memset.p0i8.i64
nettle_gcm_set_key->gcm_gf_shift
nettle_gcm_set_key->gcm_gf_add
nettle_ccm_digest->__assert_fail
nettle_ccm_digest->ccm_pad
nettle_ccm_digest->nettle_ctr_crypt
nettle_arcfour128_set_key->nettle_arcfour_set_key
nettle_twofish_encrypt->__assert_fail
nettle_MD5Final->nettle_md5_digest
nettle_gcm_aes192_decrypt->nettle_gcm_decrypt
nettle_cfb_decrypt->llvm.memcpy.p0i8.p0i8.i64
nettle_cfb_decrypt->nettle_memxor
nettle_cfb_decrypt->nettle_memxor3
nettle_umac128_set_key->llvm.memset.p0i8.i64
nettle_umac128_set_key->_nettle_umac_set_key
nettle_cmac128_digest->__assert_fail
nettle_cmac128_digest->nettle_aes128_encrypt
nettle_cmac128_digest->nettle_aes256_encrypt
nettle_cmac128_digest->llvm.memcpy.p0i8.p0i8.i64
nettle_cmac128_digest->nettle_memxor
nettle_cmac128_digest->nettle_memxor3
nettle_cmac128_digest->llvm.memset.p0i8.i64
nettle_cmac128_digest->nettle_cmac128_init
nettle_des_set_key->des_weak_p
nettle_xts_aes128_encrypt_message->nettle_xts_encrypt_message
nettle_sha3_224_init->llvm.memset.p0i8.i64
nettle_hmac_sha256_digest->nettle_hmac_digest
nettle_ccm_encrypt_message->__assert_fail
nettle_ccm_encrypt_message->nettle_ccm_set_nonce
nettle_ccm_encrypt_message->nettle_ccm_update
nettle_ccm_encrypt_message->nettle_ccm_encrypt
nettle_ccm_encrypt_message->nettle_ccm_digest
nettle_twofish_decrypt->__assert_fail
nettle_gcm_aes192_digest->nettle_gcm_digest
nettle_cfb8_encrypt->llvm.memcpy.p0i8.p0i8.i64
nettle_base64_encode_raw->encode_raw
nettle_umac128_set_nonce->__assert_fail
nettle_umac128_set_nonce->llvm.memcpy.p0i8.p0i8.i64
nettle_umac128_set_nonce->llvm.memset.p0i8.i64
nettle_cmac_aes128_set_key->nettle_aes128_set_encrypt_key
nettle_cmac_aes128_set_key->nettle_cmac128_set_key
nettle_cmac_aes128_set_key->nettle_cmac128_init
nettle_camellia128_set_encrypt_key->_nettle_camellia_absorb
nettle_xts_aes128_decrypt_message->nettle_xts_decrypt_message
nettle_sha3_224_update->_nettle_sha3_update
nettle_hmac_sha384_set_key->nettle_hmac_set_key
nettle_ccm_decrypt_message->nettle_ccm_set_nonce
nettle_ccm_decrypt_message->nettle_ccm_update
nettle_ccm_decrypt_message->nettle_ccm_decrypt
nettle_ccm_decrypt_message->nettle_ccm_digest
nettle_ccm_decrypt_message->nettle_memeql_sec
nettle_arctwo_encrypt->__assert_fail
nettle_lookup_hash->strcmp
gcm_aes192_set_nonce_wrapper->nettle_gcm_aes192_set_iv
nettle_cfb8_decrypt->llvm.memcpy.p0i8.p0i8.i64
nettle_cfb8_decrypt->nettle_memxor3
encode_raw->abort
encode_raw->__assert_fail
nettle_umac128_update->llvm.memcpy.p0i8.p0i8.i64
nettle_umac128_update->_nettle_umac_l2
nettle_umac128_update->_nettle_umac_nh_n
nettle_sha1_init->llvm.memcpy.p0i8.p0i8.i64
nettle_cmac_aes128_update->nettle_cmac128_update
nettle_des_encrypt->__assert_fail
nettle_des_encrypt->DesSmallFipsEncrypt
nettle_camellia128_crypt->__assert_fail
nettle_camellia128_crypt->_nettle_camellia_crypt
nettle_aes128_decrypt->__assert_fail
nettle_aes128_decrypt->_nettle_aes_decrypt
nettle_xts_aes256_set_encrypt_key->nettle_aes256_set_encrypt_key
nettle_sha3_224_digest->_nettle_sha3_pad
nettle_sha3_224_digest->nettle_sha3_224_init
nettle_sha3_224_digest->_nettle_write_le64
nettle_hmac_sha384_digest->nettle_hmac_digest
nettle_gcm_set_iv->llvm.memcpy.p0i8.p0i8.i64
nettle_gcm_set_iv->llvm.memset.p0i8.i64
nettle_gcm_set_iv->_nettle_gcm_hash8
nettle_gcm_set_iv->gcm_hash_sizes
nettle_ccm_aes128_set_key->nettle_aes128_set_encrypt_key
nettle_arctwo_decrypt->__assert_fail
_nettle_umac_l2->llvm.memcpy.p0i8.p0i8.i64
_nettle_umac_l2->_nettle_umac_poly64
_nettle_umac_l2->_nettle_umac_poly128
nettle_gcm_aes256_set_key->nettle_aes256_set_encrypt_key
nettle_gcm_aes256_set_key->nettle_gcm_set_key
nettle_umac128_digest->__assert_fail
nettle_umac128_digest->nettle_aes128_encrypt
nettle_umac128_digest->llvm.memcpy.p0i8.p0i8.i64
nettle_umac128_digest->llvm.memset.p0i8.i64
nettle_umac128_digest->_nettle_umac_l2
nettle_umac128_digest->_nettle_umac_l2_final
nettle_umac128_digest->_nettle_umac_l3
nettle_umac128_digest->_nettle_umac_nh_n
nettle_sha1_update->llvm.memcpy.p0i8.p0i8.i64
nettle_sha1_update->nettle_sha1_compress
nettle_cmac_aes128_digest->nettle_cmac128_digest
nettle_aes192_decrypt->__assert_fail
nettle_aes192_decrypt->_nettle_aes_decrypt
nettle_xts_aes256_set_decrypt_key->nettle_aes256_set_encrypt_key
nettle_xts_aes256_set_decrypt_key->nettle_aes256_set_decrypt_key
nettle_sha3_256_init->llvm.memset.p0i8.i64
nettle_hmac_sha512_set_key->nettle_hmac_set_key
nettle_ccm_aes128_set_nonce->nettle_ccm_set_nonce
nettle_arctwo_set_key_ekb->__assert_fail
_nettle_umac_l2_final->__assert_fail
_nettle_umac_l2_final->_nettle_umac_poly128
nettle_gcm_aes256_set_iv->nettle_gcm_set_iv
nettle_chacha_crypt->nettle_memxor3
nettle_chacha_crypt->_nettle_chacha_core
nettle_cmac_aes256_set_key->nettle_aes256_set_encrypt_key
nettle_cmac_aes256_set_key->nettle_cmac128_set_key
nettle_cmac_aes256_set_key->nettle_cmac128_init
nettle_des_decrypt->__assert_fail
nettle_des_decrypt->DesSmallFipsDecrypt
nettle_camellia128_invert_key->_nettle_camellia_invert_key
nettle_aes256_decrypt->__assert_fail
nettle_aes256_decrypt->_nettle_aes_decrypt
nettle_xts_aes256_encrypt_message->nettle_xts_encrypt_message
nettle_sha3_256_update->_nettle_sha3_update
nettle_hmac_sha512_update->nettle_sha512_update
gcm_hash_sizes->_nettle_gcm_hash8
nettle_ccm_aes128_update->nettle_ccm_update
nettle_arctwo_set_key->nettle_arctwo_set_key_ekb
nettle_gcm_aes256_update->nettle_gcm_update
nettle_base64_encode_single->__assert_fail
nettle_sha1_digest->__assert_fail
nettle_sha1_digest->llvm.memset.p0i8.i64
nettle_sha1_digest->nettle_sha1_init
nettle_sha1_digest->nettle_sha1_compress
nettle_sha1_digest->_nettle_write_be32
nettle_cmac_aes256_update->nettle_cmac128_update
nettle_camellia_set_decrypt_key->nettle_camellia128_set_encrypt_key
nettle_camellia_set_decrypt_key->nettle_camellia128_invert_key
nettle_xts_aes256_decrypt_message->nettle_xts_decrypt_message
nettle_sha3_256_digest->_nettle_sha3_pad
nettle_sha3_256_digest->nettle_sha3_256_init
nettle_sha3_256_digest->_nettle_write_le64
nettle_hmac_sha512_digest->nettle_hmac_digest
nettle_gcm_update->__assert_fail
nettle_gcm_update->_nettle_gcm_hash8
nettle_ccm_aes128_encrypt->nettle_ccm_encrypt
nettle_arctwo_set_key_gutmann->nettle_arctwo_set_key_ekb
_nettle_umac_l3->umac_l3_word
nettle_gcm_aes256_encrypt->nettle_gcm_encrypt
nettle_chacha_poly1305_set_key->nettle_chacha_set_key
nettle_base64_encode_update->__assert_fail
nettle_base64_encode_update->encode_raw
nettle_base64_encode_update->nettle_base64_encode_single
_nettle_write_be32->abort
nettle_sha256_init->llvm.memcpy.p0i8.p0i8.i64
nettle_cmac_aes256_digest->nettle_cmac128_digest
nettle_des3_set_key->nettle_des_set_key
nettle_camellia256_set_encrypt_key->_camellia256_set_encrypt_key
nettle_sha3_384_init->llvm.memset.p0i8.i64
nettle_gcm_encrypt->__assert_fail
nettle_gcm_encrypt->_nettle_ctr_crypt16
nettle_gcm_encrypt->_nettle_gcm_hash8
nettle_ccm_aes128_decrypt->nettle_ccm_decrypt
nettle_arctwo40_set_key->nettle_arctwo_set_key_ekb
nettle_gcm_aes256_decrypt->nettle_gcm_decrypt
nettle_chacha_poly1305_set_nonce->llvm.memcpy.p0i8.p0i8.i64
nettle_chacha_poly1305_set_nonce->_nettle_chacha_core
nettle_chacha_poly1305_set_nonce->nettle_poly1305_set_key
nettle_chacha_poly1305_set_nonce->nettle_chacha_set_nonce96
nettle_base64_encode_final->__assert_fail
nettle_sha256_update->llvm.memcpy.p0i8.p0i8.i64
nettle_sha256_update->_nettle_sha256_compress
nettle_gosthash94_init->llvm.memset.p0i8.i64
nettle_des3_encrypt->nettle_des_encrypt
nettle_des3_encrypt->nettle_des_decrypt
_camellia256_set_encrypt_key->_nettle_camellia_absorb
nettle_aes_encrypt->abort
nettle_aes_encrypt->nettle_aes128_encrypt
nettle_aes_encrypt->nettle_aes192_encrypt
nettle_aes_encrypt->nettle_aes256_encrypt
nettle_sha3_384_update->_nettle_sha3_update
nettle_knuth_lfib_get->__assert_fail
gcm_fill->llvm.memcpy.p0i8.p0i8.i64
nettle_ccm_aes128_digest->nettle_ccm_digest
nettle_arctwo64_set_key->nettle_arctwo_set_key_ekb
_nettle_umac_poly64->poly64_mul
nettle_pbkdf2->__assert_fail
nettle_pbkdf2->llvm.memcpy.p0i8.p0i8.i64
nettle_pbkdf2->nettle_memxor
nettle_pbkdf2->nettle_hmac_sha1_update
nettle_pbkdf2->nettle_hmac_sha1_digest
nettle_pbkdf2->nettle_hmac_sha256_update
nettle_pbkdf2->nettle_hmac_sha256_digest
nettle_gcm_aes256_digest->nettle_gcm_digest
nettle_gosthash94_update->llvm.memcpy.p0i8.p0i8.i64
nettle_gosthash94_update->gost_compute_sum_and_hash
nettle_des3_decrypt->nettle_des_encrypt
nettle_des3_decrypt->nettle_des_decrypt
nettle_camellia192_set_encrypt_key->_camellia256_set_encrypt_key
nettle_aes128_encrypt->__assert_fail
nettle_aes128_encrypt->_nettle_aes_encrypt
nettle_sha3_384_digest->_nettle_sha3_pad
nettle_sha3_384_digest->nettle_sha3_384_init
nettle_sha3_384_digest->_nettle_write_le64
nettle_knuth_lfib_get_array->nettle_knuth_lfib_get
nettle_gcm_decrypt->__assert_fail
nettle_gcm_decrypt->_nettle_ctr_crypt16
nettle_gcm_decrypt->_nettle_gcm_hash8
nettle_ccm_aes128_encrypt_message->nettle_ccm_encrypt_message
nettle_arctwo128_set_key->nettle_arctwo_set_key_ekb
poly64_mul->__assert_fail
nettle_pbkdf2_hmac_sha1->nettle_hmac_sha1_set_key
nettle_pbkdf2_hmac_sha1->nettle_pbkdf2
gcm_aes256_set_nonce_wrapper->nettle_gcm_aes256_set_iv
nettle_chacha_poly1305_update->__assert_fail
nettle_chacha_poly1305_update->poly1305_update
nettle_base64_decode_single->__assert_fail
nettle_yarrow256_init->llvm.memset.p0i8.i64
nettle_yarrow256_init->nettle_sha256_init
nettle_sha256_digest->nettle_sha256_init
nettle_sha256_digest->sha256_write_digest
gost_compute_sum_and_hash->gost_block_compress
nettle_eax_set_key->nettle_aes128_encrypt
nettle_eax_set_key->gf2_double
nettle_eax_set_key->block16_xor
nettle_camellia256_crypt->__assert_fail
nettle_camellia256_crypt->_nettle_camellia_crypt
nettle_aes192_encrypt->__assert_fail
nettle_aes192_encrypt->_nettle_aes_encrypt
nettle_sha3_512_init->llvm.memset.p0i8.i64
nettle_knuth_lfib_random->abort
nettle_knuth_lfib_random->nettle_knuth_lfib_get
nettle_gcm_digest->__assert_fail
nettle_gcm_digest->nettle_aes_encrypt
nettle_gcm_digest->nettle_aes128_encrypt
nettle_gcm_digest->nettle_aes192_encrypt
nettle_gcm_digest->nettle_aes256_encrypt
nettle_gcm_digest->nettle_camellia128_crypt
nettle_gcm_digest->nettle_camellia256_crypt
nettle_gcm_digest->nettle_memxor3
nettle_gcm_digest->gcm_hash_sizes
nettle_ccm_aes128_decrypt_message->nettle_ccm_decrypt_message
nettle_arctwo128_set_key_gutmann->nettle_arctwo_set_key_ekb
_nettle_umac_poly128->__assert_fail
_nettle_umac_poly128->poly128_mul
nettle_pbkdf2_hmac_sha256->nettle_hmac_sha256_set_key
nettle_pbkdf2_hmac_sha256->nettle_pbkdf2
nettle_gcm_camellia128_set_key->nettle_camellia128_set_encrypt_key
nettle_gcm_camellia128_set_key->nettle_gcm_set_key
poly1305_update->llvm.memcpy.p0i8.p0i8.i64
poly1305_update->_nettle_poly1305_block
nettle_base64_decode_update->abort
nettle_base64_decode_update->__assert_fail
nettle_base64_decode_update->nettle_base64_decode_single
nettle_yarrow256_seed->__assert_fail
nettle_yarrow256_seed->nettle_sha256_update
nettle_yarrow256_seed->nettle_yarrow256_fast_reseed
sha256_write_digest->__assert_fail
sha256_write_digest->llvm.memset.p0i8.i64
sha256_write_digest->_nettle_sha256_compress
sha256_write_digest->_nettle_write_be32
gost_block_compress->llvm.memcpy.p0i8.p0i8.i64
nettle_camellia256_invert_key->_nettle_camellia_invert_key
nettle_aes256_encrypt->__assert_fail
nettle_aes256_encrypt->_nettle_aes_encrypt
nettle_sha3_512_update->_nettle_sha3_update
nettle_gcm_aes_set_key->nettle_aes_set_encrypt_key
nettle_gcm_aes_set_key->nettle_gcm_set_key
nettle_ccm_aes192_set_key->nettle_aes192_set_encrypt_key
nettle_blowfish_encrypt->__assert_fail
nettle_blowfish_encrypt->encrypt
nettle_poly1305_aes_set_key->nettle_aes128_set_encrypt_key
nettle_poly1305_aes_set_key->nettle_poly1305_set_key
nettle_gcm_camellia128_set_iv->nettle_gcm_set_iv
nettle_yarrow256_fast_reseed->nettle_aes256_encrypt
nettle_yarrow256_fast_reseed->nettle_aes256_set_encrypt_key
nettle_yarrow256_fast_reseed->llvm.memset.p0i8.i64
nettle_yarrow256_fast_reseed->nettle_sha256_update
nettle_yarrow256_fast_reseed->nettle_sha256_digest
nettle_yarrow256_fast_reseed->yarrow_generate_block
nettle_yarrow256_fast_reseed->yarrow_iterate
nettle_sha224_init->llvm.memcpy.p0i8.p0i8.i64
nettle_gosthash94_digest->__assert_fail
nettle_gosthash94_digest->llvm.memset.p0i8.i64
nettle_gosthash94_digest->nettle_gosthash94_init
nettle_gosthash94_digest->gost_compute_sum_and_hash
nettle_gosthash94_digest->gost_block_compress
nettle_gosthash94_digest->_nettle_write_le32
nettle_camellia256_set_decrypt_key->nettle_camellia256_set_encrypt_key
nettle_camellia256_set_decrypt_key->nettle_camellia256_invert_key
nettle_sha3_512_digest->_nettle_sha3_pad
nettle_sha3_512_digest->nettle_sha3_512_init
nettle_sha3_512_digest->_nettle_write_le64
nettle_gcm_aes_set_iv->nettle_gcm_set_iv
nettle_ccm_aes192_set_nonce->nettle_ccm_set_nonce
_nettle_umac_set_key->nettle_aes128_set_encrypt_key
_nettle_umac_set_key->_nettle_umac_l2_init
_nettle_umac_set_key->_nettle_umac_l3_init
_nettle_umac_set_key->umac_kdf
nettle_poly1305_aes_set_nonce->llvm.memcpy.p0i8.p0i8.i64
nettle_gcm_camellia128_update->nettle_gcm_update
nettle_chacha_poly1305_encrypt->__assert_fail
nettle_chacha_poly1305_encrypt->nettle_chacha_crypt
nettle_chacha_poly1305_encrypt->poly1305_update
nettle_chacha_poly1305_encrypt->poly1305_pad
yarrow_generate_block->nettle_aes256_encrypt
nettle_sha224_digest->sha256_write_digest
nettle_sha224_digest->nettle_sha224_init
nettle_hmac_set_key->__assert_fail
nettle_hmac_set_key->llvm.memcpy.p0i8.p0i8.i64
nettle_hmac_set_key->nettle_memxor
nettle_hmac_set_key->llvm.memset.p0i8.i64
nettle_hmac_set_key->nettle_md5_init
nettle_hmac_set_key->nettle_md5_update
nettle_hmac_set_key->nettle_md5_digest
nettle_hmac_set_key->nettle_ripemd160_init
nettle_hmac_set_key->nettle_ripemd160_update
nettle_hmac_set_key->nettle_ripemd160_digest
nettle_hmac_set_key->nettle_sha1_init
nettle_hmac_set_key->nettle_sha1_update
nettle_hmac_set_key->nettle_sha1_digest
nettle_hmac_set_key->nettle_sha256_init
nettle_hmac_set_key->nettle_sha256_update
nettle_hmac_set_key->nettle_sha256_digest
nettle_hmac_set_key->nettle_sha224_init
nettle_hmac_set_key->nettle_sha224_digest
nettle_hmac_set_key->nettle_sha512_init
nettle_hmac_set_key->nettle_sha512_update
nettle_hmac_set_key->nettle_sha512_digest
nettle_hmac_set_key->nettle_sha384_init
nettle_hmac_set_key->nettle_sha384_digest
nettle_eax_set_nonce->llvm.memcpy.p0i8.p0i8.i64
nettle_eax_set_nonce->omac_init
nettle_eax_set_nonce->omac_update
nettle_eax_set_nonce->omac_final
nettle_camellia192_set_decrypt_key->nettle_camellia192_set_encrypt_key
nettle_camellia192_set_decrypt_key->nettle_camellia256_invert_key
nettle_serpent_set_key->__assert_fail
nettle_serpent_set_key->serpent_key_pad
nettle_md2_init->llvm.memset.p0i8.i64
nettle_gcm_aes_update->nettle_gcm_update
nettle_ccm_aes192_update->nettle_ccm_update
nettle_blowfish_decrypt->__assert_fail
nettle_blowfish_decrypt->decrypt
umac_kdf->nettle_aes128_encrypt
umac_kdf->llvm.memcpy.p0i8.p0i8.i64
nettle_poly1305_aes_update->llvm.memcpy.p0i8.p0i8.i64
nettle_poly1305_aes_update->_nettle_poly1305_block
nettle_gcm_camellia128_encrypt->nettle_gcm_encrypt
poly1305_pad->_nettle_poly1305_block
poly1305_pad->llvm.memset.p0i8.i64
yarrow_iterate->llvm.memcpy.p0i8.p0i8.i64
yarrow_iterate->nettle_sha256_init
yarrow_iterate->nettle_sha256_update
yarrow_iterate->nettle_sha256_digest
nettle_sha512_init->llvm.memcpy.p0i8.p0i8.i64
omac_init->llvm.memset.p0i8.i64
nettle_cast128_encrypt->__assert_fail
_nettle_aes_set_key->__assert_fail
serpent_key_pad->__assert_fail
nettle_md2_update->llvm.memcpy.p0i8.p0i8.i64
nettle_md2_update->md2_transform
nettle_gcm_aes_encrypt->nettle_gcm_encrypt
nettle_ccm_aes192_encrypt->nettle_ccm_encrypt
nettle_umac32_set_key->llvm.memset.p0i8.i64
nettle_umac32_set_key->_nettle_umac_set_key
nettle_poly1305_aes_digest->__assert_fail
nettle_poly1305_aes_digest->nettle_aes128_encrypt
nettle_poly1305_aes_digest->llvm.memcpy.p0i8.p0i8.i64
nettle_poly1305_aes_digest->_nettle_poly1305_block
nettle_poly1305_aes_digest->llvm.memset.p0i8.i64
nettle_poly1305_aes_digest->nettle_poly1305_digest
nettle_gcm_camellia128_decrypt->nettle_gcm_decrypt
nettle_yarrow256_slow_reseed->nettle_sha256_update
nettle_yarrow256_slow_reseed->nettle_sha256_digest
nettle_yarrow256_slow_reseed->nettle_yarrow256_fast_reseed
nettle_sha512_update->llvm.memcpy.p0i8.p0i8.i64
nettle_sha512_update->_nettle_sha512_compress
nettle_hmac_digest->llvm.memcpy.p0i8.p0i8.i64
nettle_hmac_digest->nettle_md5_update
nettle_hmac_digest->nettle_md5_digest
nettle_hmac_digest->nettle_ripemd160_update
nettle_hmac_digest->nettle_ripemd160_digest
nettle_hmac_digest->nettle_sha1_update
nettle_hmac_digest->nettle_sha1_digest
nettle_hmac_digest->nettle_sha256_update
nettle_hmac_digest->nettle_sha256_digest
nettle_hmac_digest->nettle_sha224_digest
nettle_hmac_digest->nettle_sha512_update
nettle_hmac_digest->nettle_sha512_digest
nettle_hmac_digest->nettle_sha384_digest
omac_update->nettle_aes128_encrypt
omac_update->nettle_memxor
omac_update->block16_xor
nettle_cast128_decrypt->__assert_fail
nettle_aes_set_encrypt_key->abort
nettle_aes_set_encrypt_key->nettle_aes128_set_encrypt_key
nettle_aes_set_encrypt_key->nettle_aes192_set_encrypt_key
nettle_aes_set_encrypt_key->nettle_aes256_set_encrypt_key
nettle_serpent128_set_key->nettle_serpent_set_key
md2_transform->llvm.memcpy.p0i8.p0i8.i64
nettle_gcm_aes_decrypt->nettle_gcm_decrypt
nettle_ccm_aes192_decrypt->nettle_ccm_decrypt
nettle_blowfish_set_key->encrypt
nettle_blowfish_set_key->llvm.memcpy.p0i8.p0i8.i64
nettle_umac32_set_nonce->__assert_fail
nettle_umac32_set_nonce->llvm.memcpy.p0i8.p0i8.i64
nettle_umac32_set_nonce->llvm.memset.p0i8.i64
nettle_realloc->realloc
nettle_realloc->free
nettle_gcm_camellia128_digest->nettle_gcm_digest
nettle_chacha_poly1305_decrypt->__assert_fail
nettle_chacha_poly1305_decrypt->nettle_chacha_crypt
nettle_chacha_poly1305_decrypt->poly1305_update
nettle_chacha_poly1305_decrypt->poly1305_pad
nettle_yarrow256_update->abort
nettle_yarrow256_update->__assert_fail
nettle_yarrow256_update->nettle_sha256_update
nettle_yarrow256_update->nettle_yarrow256_fast_reseed
nettle_yarrow256_update->nettle_yarrow256_slow_reseed
nettle_yarrow256_update->nettle_yarrow256_needed_sources
nettle_hmac_md5_set_key->nettle_hmac_set_key
omac_final->nettle_aes128_encrypt
omac_final->block16_xor
nettle_cast5_set_key->__assert_fail
nettle_aes_invert_key->abort
nettle_aes_invert_key->nettle_aes128_invert_key
nettle_aes_invert_key->nettle_aes192_invert_key
nettle_aes_invert_key->nettle_aes256_invert_key
nettle_serpent192_set_key->nettle_serpent_set_key
nettle_md2_digest->__assert_fail
nettle_md2_digest->llvm.memcpy.p0i8.p0i8.i64
nettle_md2_digest->llvm.memset.p0i8.i64
nettle_md2_digest->nettle_md2_init
nettle_md2_digest->md2_transform
nettle_gcm_aes_digest->nettle_gcm_digest
nettle_ccm_aes192_digest->nettle_ccm_digest
nettle_umac32_update->llvm.memcpy.p0i8.p0i8.i64
nettle_umac32_update->_nettle_umac_l2
nettle_umac32_update->_nettle_umac_nh
gcm_camellia128_set_nonce_wrapper->nettle_gcm_camellia128_set_iv
nettle_chacha_poly1305_digest->llvm.memcpy.p0i8.p0i8.i64
nettle_chacha_poly1305_digest->_nettle_poly1305_block
nettle_chacha_poly1305_digest->poly1305_pad
nettle_chacha_poly1305_digest->nettle_poly1305_digest
nettle_sha512_digest->__assert_fail
nettle_sha512_digest->nettle_sha512_init
nettle_sha512_digest->sha512_write_digest
nettle_hmac_md5_update->nettle_md5_update
nettle_eax_update->omac_update
nettle_cast128_set_key->nettle_cast5_set_key
nettle_aes_set_decrypt_key->nettle_aes_set_encrypt_key
nettle_aes_set_decrypt_key->nettle_aes_invert_key
nettle_serpent256_set_key->nettle_serpent_set_key
nettle_md4_init->llvm.memcpy.p0i8.p0i8.i64
nettle_gcm_aes128_set_key->nettle_aes128_set_encrypt_key
nettle_gcm_aes128_set_key->nettle_gcm_set_key
nettle_ccm_aes192_encrypt_message->nettle_ccm_encrypt_message
nettle_blowfish128_set_key->nettle_blowfish_set_key
nettle_gcm_camellia256_set_key->nettle_camellia256_set_encrypt_key
nettle_gcm_camellia256_set_key->nettle_gcm_set_key
nettle_yarrow256_random->__assert_fail
nettle_yarrow256_random->llvm.memcpy.p0i8.p0i8.i64
nettle_yarrow256_random->yarrow_generate_block
nettle_yarrow256_random->yarrow_gate
sha512_write_digest->__assert_fail
sha512_write_digest->llvm.memset.p0i8.i64
sha512_write_digest->_nettle_sha512_compress
nettle_hmac_md5_digest->nettle_hmac_digest
nettle_eax_encrypt->nettle_ctr_crypt
nettle_eax_encrypt->omac_update
nettle_cbc_encrypt->__assert_fail
nettle_cbc_encrypt->llvm.memcpy.p0i8.p0i8.i64
nettle_cbc_encrypt->nettle_memxor
nettle_aes128_set_encrypt_key->_nettle_aes_set_key
nettle_md4_update->llvm.memcpy.p0i8.p0i8.i64
nettle_md4_update->md4_compress
nettle_gcm_aes128_set_iv->nettle_gcm_set_iv
nettle_ccm_aes192_decrypt_message->nettle_ccm_decrypt_message
nettle_umac32_digest->__assert_fail
nettle_umac32_digest->nettle_aes128_encrypt
nettle_umac32_digest->llvm.memcpy.p0i8.p0i8.i64
nettle_umac32_digest->llvm.memset.p0i8.i64
nettle_umac32_digest->_nettle_umac_l2
nettle_umac32_digest->_nettle_umac_l2_final
nettle_umac32_digest->_nettle_umac_l3
nettle_umac32_digest->_nettle_umac_nh
nettle_xrealloc->abort
nettle_xrealloc->realloc
nettle_xrealloc->free
nettle_xrealloc->fprintf
nettle_gcm_camellia256_set_iv->nettle_gcm_set_iv
nettle_chacha_set_key->llvm.memcpy.p0i8.p0i8.i64
nettle_buffer_grow->__assert_fail
yarrow_gate->nettle_aes256_set_encrypt_key
yarrow_gate->yarrow_generate_block
nettle_sha384_init->llvm.memcpy.p0i8.p0i8.i64
nettle_hmac_ripemd160_set_key->nettle_hmac_set_key
nettle_eax_decrypt->nettle_ctr_crypt
nettle_eax_decrypt->omac_update
nettle_aes128_invert_key->_nettle_aes_invert
md4_compress->md4_transform
nettle_gcm_aes128_update->nettle_gcm_update
nettle_ccm_aes256_set_key->nettle_aes256_set_encrypt_key
nettle_base16_encode_update->nettle_base16_encode_single
nettle_umac64_set_key->llvm.memset.p0i8.i64
nettle_umac64_set_key->_nettle_umac_set_key
nettle_gcm_camellia256_update->nettle_gcm_update
nettle_sha384_digest->__assert_fail
nettle_sha384_digest->sha512_write_digest
nettle_sha384_digest->nettle_sha384_init
nettle_hmac_ripemd160_update->nettle_ripemd160_update
nettle_eax_digest->__assert_fail
nettle_eax_digest->nettle_memxor3
nettle_eax_digest->block16_xor
nettle_eax_digest->omac_final
nettle_cbc_decrypt->__assert_fail
nettle_cbc_decrypt->llvm.memcpy.p0i8.p0i8.i64
nettle_cbc_decrypt->nettle_memxor
nettle_cbc_decrypt->nettle_memxor3
nettle_aes128_set_decrypt_key->nettle_aes128_set_encrypt_key
nettle_aes128_set_decrypt_key->nettle_aes128_invert_key
nettle_twofish_set_key->__assert_fail
nettle_twofish_set_key->llvm.memcpy.p0i8.p0i8.i64
nettle_twofish_set_key->llvm.memset.p0i8.i64
nettle_twofish_set_key->h
nettle_twofish_set_key->compute_s
nettle_twofish_set_key->h_byte
nettle_gcm_aes128_encrypt->nettle_gcm_encrypt
nettle_ccm_aes256_set_nonce->nettle_ccm_set_nonce
nettle_umac64_set_nonce->__assert_fail
nettle_umac64_set_nonce->llvm.memcpy.p0i8.p0i8.i64
nettle_umac64_set_nonce->llvm.memset.p0i8.i64
nettle_ripemd160_init->llvm.memcpy.p0i8.p0i8.i64
nettle_gcm_camellia256_encrypt->nettle_gcm_encrypt
nettle_sha512_224_init->llvm.memcpy.p0i8.p0i8.i64
nettle_hmac_ripemd160_digest->nettle_hmac_digest
nettle_eax_aes128_set_key->nettle_aes128_set_encrypt_key
nettle_eax_aes128_set_key->nettle_eax_set_key
nettle_aes192_set_encrypt_key->_nettle_aes_set_key
h->h_byte
nettle_md4_digest->__assert_fail
nettle_md4_digest->llvm.memset.p0i8.i64
nettle_md4_digest->nettle_md4_init
nettle_md4_digest->md4_compress
nettle_md4_digest->md4_transform
nettle_md4_digest->_nettle_write_le32
nettle_gcm_aes128_decrypt->nettle_gcm_decrypt
nettle_ccm_aes256_update->nettle_ccm_update
nettle_base16_decode_single->__assert_fail
nettle_umac64_update->llvm.memcpy.p0i8.p0i8.i64
nettle_umac64_update->_nettle_umac_l2
nettle_umac64_update->_nettle_umac_nh_n
nettle_ripemd160_update->llvm.memcpy.p0i8.p0i8.i64
nettle_ripemd160_update->_nettle_ripemd160_compress
nettle_gcm_camellia256_decrypt->nettle_gcm_decrypt
nettle_ctr_crypt->__assert_fail
nettle_ctr_crypt->nettle_aes128_encrypt
nettle_ctr_crypt->nettle_aes192_encrypt
nettle_ctr_crypt->nettle_aes256_encrypt
nettle_ctr_crypt->nettle_memxor
nettle_ctr_crypt->nettle_memxor3
nettle_ctr_crypt->ctr_fill
nettle_ctr_crypt->_nettle_ctr_crypt16
nettle_sha512_224_digest->__assert_fail
nettle_sha512_224_digest->sha512_write_digest
nettle_sha512_224_digest->nettle_sha512_224_init
nettle_hmac_sha1_set_key->nettle_hmac_set_key
nettle_eax_aes128_set_nonce->nettle_eax_set_nonce
nettle_ccm_set_nonce->nettle_aes128_encrypt
nettle_ccm_set_nonce->nettle_aes192_encrypt
nettle_ccm_set_nonce->nettle_aes256_encrypt
nettle_ccm_set_nonce->ccm_build_iv
nettle_aes192_invert_key->_nettle_aes_invert
compute_s->gf_multiply
nettle_md5_init->llvm.memcpy.p0i8.p0i8.i64
nettle_gcm_aes128_digest->nettle_gcm_digest
nettle_ccm_aes256_encrypt->nettle_ccm_encrypt
nettle_base16_decode_update->abort
nettle_base16_decode_update->__assert_fail
nettle_base16_decode_update->nettle_base16_decode_single
nettle_ripemd160_digest->__assert_fail
nettle_ripemd160_digest->llvm.memset.p0i8.i64
nettle_ripemd160_digest->nettle_ripemd160_init
nettle_ripemd160_digest->_nettle_ripemd160_compress
nettle_ripemd160_digest->_nettle_write_le32
nettle_gcm_camellia256_digest->nettle_gcm_digest
ctr_fill16->llvm.bswap.i64
nettle_xts_encrypt_message->nettle_aes128_encrypt
nettle_xts_encrypt_message->nettle_aes256_encrypt
nettle_xts_encrypt_message->llvm.memcpy.p0i8.p0i8.i64
nettle_xts_encrypt_message->nettle_memxor
nettle_xts_encrypt_message->nettle_memxor3
nettle_xts_encrypt_message->check_length
nettle_xts_encrypt_message->xts_shift
nettle_sha512_256_init->llvm.memcpy.p0i8.p0i8.i64
nettle_hmac_sha1_update->nettle_sha1_update
nettle_eax_aes128_update->nettle_eax_update
ccm_build_iv->__assert_fail
ccm_build_iv->llvm.memcpy.p0i8.p0i8.i64
nettle_aes192_set_decrypt_key->nettle_aes192_set_encrypt_key
nettle_aes192_set_decrypt_key->nettle_aes192_invert_key
h_byte->gf_multiply
nettle_md5_update->llvm.memcpy.p0i8.p0i8.i64
nettle_md5_update->nettle_md5_compress
gcm_aes128_set_nonce_wrapper->nettle_gcm_aes128_set_iv
nettle_ccm_aes256_decrypt->nettle_ccm_decrypt
nettle_umac64_digest->__assert_fail
nettle_umac64_digest->nettle_aes128_encrypt
nettle_umac64_digest->llvm.memcpy.p0i8.p0i8.i64
nettle_umac64_digest->llvm.memset.p0i8.i64
nettle_umac64_digest->_nettle_umac_l2
nettle_umac64_digest->_nettle_umac_l2_final
nettle_umac64_digest->_nettle_umac_l3
nettle_umac64_digest->_nettle_umac_nh_n
_nettle_ripemd160_compress->llvm.memcpy.p0i8.p0i8.i64
gcm_camellia256_set_nonce_wrapper->nettle_gcm_camellia256_set_iv
ctr_fill->llvm.memcpy.p0i8.p0i8.i64
nettle_buffer_space->nettle_buffer_grow
check_length->__assert_fail
check_length->llvm.memset.p0i8.i64
nettle_sha512_256_digest->__assert_fail
nettle_sha512_256_digest->sha512_write_digest
nettle_sha512_256_digest->nettle_sha512_256_init
nettle_hmac_sha1_digest->nettle_hmac_digest
nettle_eax_aes128_encrypt->nettle_eax_encrypt
nettle_ccm_update->nettle_aes128_encrypt
nettle_ccm_update->nettle_aes192_encrypt
nettle_ccm_update->nettle_aes256_encrypt
nettle_ccm_update->nettle_memxor
nettle_aes256_set_encrypt_key->_nettle_aes_set_key
nettle_gcm_aes192_set_key->nettle_aes192_set_encrypt_key
nettle_gcm_aes192_set_key->nettle_gcm_set_key
nettle_ccm_aes256_digest->nettle_ccm_digest
nettle_umac96_set_key->llvm.memset.p0i8.i64
nettle_umac96_set_key->_nettle_umac_set_key
nettle_salsa20r12_crypt->nettle_memxor3
nettle_salsa20r12_crypt->_nettle_salsa20_core
nettle_cmac128_set_key->nettle_aes128_encrypt
nettle_cmac128_set_key->nettle_aes256_encrypt
nettle_cmac128_set_key->block_mulx
nettle_buffer_write->llvm.memcpy.p0i8.p0i8.i64
nettle_buffer_write->nettle_buffer_space
_nettle_sha3_update->llvm.memcpy.p0i8.p0i8.i64
_nettle_sha3_update->sha3_absorb
nettle_hmac_sha224_set_key->nettle_hmac_set_key
nettle_eax_aes128_decrypt->nettle_eax_decrypt
nettle_ccm_encrypt->nettle_ccm_update
nettle_ccm_encrypt->ccm_pad
nettle_ccm_encrypt->nettle_ctr_crypt
nettle_aes256_invert_key->_nettle_aes_invert
nettle_twofish128_set_key->nettle_twofish_set_key
nettle_md5_digest->__assert_fail
nettle_md5_digest->llvm.memset.p0i8.i64
nettle_md5_digest->nettle_md5_init
nettle_md5_digest->nettle_md5_compress
nettle_md5_digest->_nettle_write_le32
nettle_gcm_aes192_set_iv->nettle_gcm_set_iv
nettle_ccm_aes256_encrypt_message->nettle_ccm_encrypt_message
nettle_umac96_set_nonce->__assert_fail
nettle_umac96_set_nonce->llvm.memcpy.p0i8.p0i8.i64
nettle_umac96_set_nonce->llvm.memset.p0i8.i64
_nettle_ctr_crypt16->__assert_fail
_nettle_ctr_crypt16->nettle_aes_encrypt
_nettle_ctr_crypt16->nettle_aes128_encrypt
_nettle_ctr_crypt16->nettle_aes192_encrypt
_nettle_ctr_crypt16->nettle_aes256_encrypt
_nettle_ctr_crypt16->nettle_camellia128_crypt
_nettle_ctr_crypt16->nettle_camellia256_crypt
_nettle_ctr_crypt16->nettle_memxor
_nettle_ctr_crypt16->nettle_memxor3
_nettle_ctr_crypt16->ctr_fill16
_nettle_ctr_crypt16->gcm_fill
nettle_buffer_copy->nettle_buffer_write
nettle_xts_decrypt_message->nettle_aes128_decrypt
nettle_xts_decrypt_message->nettle_aes256_decrypt
nettle_xts_decrypt_message->nettle_aes128_encrypt
nettle_xts_decrypt_message->nettle_aes256_encrypt
nettle_xts_decrypt_message->llvm.memcpy.p0i8.p0i8.i64
nettle_xts_decrypt_message->nettle_memxor
nettle_xts_decrypt_message->nettle_memxor3
nettle_xts_decrypt_message->check_length
nettle_xts_decrypt_message->xts_shift
sha3_absorb->__assert_fail
sha3_absorb->nettle_memxor
sha3_absorb->nettle_sha3_permute
nettle_hmac_sha224_digest->nettle_hmac_digest
nettle_eax_aes128_digest->nettle_eax_digest
ccm_pad->nettle_aes128_encrypt
ccm_pad->nettle_aes192_encrypt
ccm_pad->nettle_aes256_encrypt
nettle_aes256_set_decrypt_key->nettle_aes256_set_encrypt_key
nettle_aes256_set_decrypt_key->nettle_aes256_invert_key
nettle_twofish192_set_key->nettle_twofish_set_key
nettle_MD5Init->nettle_md5_init
nettle_gcm_aes192_update->nettle_gcm_update
nettle_ccm_aes256_decrypt_message->nettle_ccm_decrypt_message
base16_encode_update_wrapper->nettle_base16_encode_update
nettle_umac96_update->llvm.memcpy.p0i8.p0i8.i64
nettle_umac96_update->_nettle_umac_l2
nettle_umac96_update->_nettle_umac_nh_n
nettle_salsa20_set_key->abort
nettle_salsa20_set_key->nettle_salsa20_128_set_key
nettle_salsa20_set_key->nettle_salsa20_256_set_key
nettle_cmac128_init->llvm.memset.p0i8.i64
nettle_buffer_init->nettle_buffer_init_realloc
nettle_xts_aes128_set_encrypt_key->nettle_aes128_set_encrypt_key
nettle_hmac_sha256_set_key->nettle_hmac_set_key
eax_aes128_set_nonce_wrapper->nettle_eax_aes128_set_nonce
nettle_ccm_decrypt->nettle_ccm_update
nettle_ccm_decrypt->ccm_pad
nettle_ccm_decrypt->nettle_ctr_crypt
nettle_arcfour_set_key->__assert_fail
nettle_twofish256_set_key->nettle_twofish_set_key
nettle_MD5Update->nettle_md5_update
nettle_gcm_aes192_encrypt->nettle_gcm_encrypt
nettle_cfb_encrypt->llvm.memcpy.p0i8.p0i8.i64
nettle_cfb_encrypt->nettle_memxor
nettle_cfb_encrypt->nettle_memxor3
nettle_umac96_digest->__assert_fail
nettle_umac96_digest->nettle_aes128_encrypt
nettle_umac96_digest->llvm.memcpy.p0i8.p0i8.i64
nettle_umac96_digest->llvm.memset.p0i8.i64
nettle_umac96_digest->_nettle_umac_l2
nettle_umac96_digest->_nettle_umac_l2_final
nettle_umac96_digest->_nettle_umac_l3
nettle_umac96_digest->_nettle_umac_nh_n
nettle_cmac128_update->nettle_aes128_encrypt
nettle_cmac128_update->nettle_aes256_encrypt
nettle_cmac128_update->llvm.memcpy.p0i8.p0i8.i64
nettle_cmac128_update->nettle_memxor3
