_nc_scroll_optimize_sp->_nc_hash_map_sp
_nc_scroll_optimize_sp->_nc_scrolln_sp
_nc_scroll_optimize_sp->_nc_doalloc
_nc_outc_wrapper->_nc_mouse_event
_nc_outc_wrapper->_nc_mouse_inline
_nc_outc_wrapper->_nc_mouse_resume
_nc_outc_wrapper->_nc_mouse_wrap
_nc_outc_wrapper->no_mouse_event
_nc_outc_wrapper->no_mouse_inline
_nc_outc_wrapper->no_mouse_resume
_nc_outc_wrapper->no_mouse_wrap
_nc_outc_wrapper->fputc
_nc_find_type_entry->_nc_get_table
_nc_find_type_entry->_nc_get_hash_info
_nc_find_type_entry->info_hash
_nc_find_type_entry->compare_info_names
_nc_find_type_entry->tcap_hash
_nc_find_type_entry->compare_tcap_names
slk_intern_refresh->waddnstr
slk_intern_refresh->wmove
slk_intern_refresh->slk_paint_info
slk_intern_refresh->tparm
slk_intern_refresh->_nc_putp_sp
clrtoeol->wclrtoeol
push_back->_nc_syserr_abort
_nc_tinfo_cmdch->strlen
_nc_tinfo_cmdch->getenv
resize_term->resize_term_sp
encode_cell->strlen
encode_cell->encode_attr
encode_cell->strcpy
encode_cell->sprintf
compare_part->skip_delay
killchar_sp->_nc_vdisable
TransformLine->llvm.memcpy.p0i8.p0i8.i64
TransformLine->vidputs_sp
TransformLine->GoTo
TransformLine->ClrBlank
TransformLine->ClrToEOL
TransformLine->PutRange
TransformLine->can_clear_with
TransformLine->PutChar
TransformLine->InsStr
TransformLine->DelChar
TransformLine->has_ic_sp
TransformLine->_nc_putp_sp
mvwinchstr->winchnstr
mvwinchstr->wmove
_nc_scroll_optimize->_nc_scroll_optimize_sp
tputs->llvm.memset.p0i8.i64
tputs->tputs_sp
_nc_find_user_entry->_nc_get_userdefs_table
_nc_find_user_entry->_nc_get_hash_user
_nc_find_user_entry->info_hash.510
_nc_find_user_entry->compare_info_names.511
slk_paint_info->whline
slk_paint_info->wmove
slk_paint_info->mvwprintw
slk_paint_info->_nc_screen_of
decode_X10_bstate->handle_wheel
color_set->wcolor_set
_nc_get_locale->setlocale
resizeterm_sp->clearok
resizeterm_sp->wnoutrefresh
resizeterm_sp->slk_restore_sp
resizeterm_sp->slk_clear
resizeterm_sp->slk_refresh_sp
resizeterm_sp->slk_touch_sp
resizeterm_sp->wtouchln
resizeterm_sp->ungetch_sp
resizeterm_sp->is_term_resized_sp
resizeterm_sp->resize_term_sp
scr_restore_sp->delwin
scr_restore_sp->getwin
scr_restore_sp->fopen
scr_restore_sp->fclose
scr_restore_sp->_nc_access
killchar->killchar_sp
GoTo->_nc_mvcur_sp
nl->nl_sp
mvwinnstr->winnstr
mvwinnstr->wmove
_nc_hash_map_sp->free
_nc_hash_map_sp->malloc
_nc_hash_map_sp->hash
_nc_hash_map_sp->calloc
_nc_hash_map_sp->llvm.memset.p0i8.i64
_nc_hash_map_sp->grow_hunks
_nc_hash_map_sp->abs
_nc_get_tty_mode_sp->llvm.memset.p0i8.i64
_nc_get_tty_mode_sp->__errno_location
_nc_get_tty_mode_sp->tcgetattr
_nc_get_userdefs_table->_nc_build_names.505
slk_noutrefresh->slk_noutrefresh_sp
initialize_mousetype->init_xterm_mouse
initialize_mousetype->strstr
initialize_mousetype->_nc_add_to_try
resizeterm->resizeterm_sp
start_color->start_color_sp
flushinp_sp->tcflush
mvwinsch->winsch
mvwinsch->wmove
_nc_build_names.505->calloc
_nc_build_names.505->next_string.506
slk_refresh_sp->wrefresh
slk_refresh_sp->slk_intern_refresh
init_xterm_mouse->strstr
init_xterm_mouse->strncmp
init_xterm_mouse->tigetnum
init_xterm_mouse->tigetstr
delch->wdelch
_nc_unicode_locale->strcmp
_nc_unicode_locale->nl_langinfo
use_screen->set_term
_nc_change_pair->_nc_make_oldhash_sp
skip_zero->__ctype_b_loc
ClrToEOL->vidputs_sp
ClrToEOL->PutChar
ClrToEOL->_nc_putp_sp
nonl->nonl_sp
mvwinsnstr->winsnstr
mvwinsnstr->wmove
_nc_get_tty_mode->_nc_get_tty_mode_sp
next_string.506->strlen
slk_refresh->slk_refresh_sp
deleteln->winsdelln
scr_restore->scr_restore_sp
mouse_trafo->wmouse_trafo
_nc_init_pair->_nc_reserve_pairs
_nc_init_pair->llvm.memcpy.p0i8.p0i8.i64
_nc_init_pair->_nc_change_pair
_nc_init_pair->tparm
_nc_init_pair->_nc_putp_sp
skip_delay->__ctype_b_loc
flushinp->flushinp_sp
PutRange->GoTo
PutRange->EmitRange
overlay->overlap
mvwinsstr->winsnstr
mvwinsstr->wmove
_nc_set_tty_mode_sp->__errno_location
_nc_set_tty_mode_sp->tcsetattr
slk_set_sp->free
slk_set_sp->llvm.memset.p0i8.i64
slk_set_sp->__ctype_b_loc
slk_set_sp->llvm.memcpy.p0i8.p0i8.i64
slk_set_sp->strdup
slk_set_sp->_nc_doalloc
echochar->wechochar
_nc_push_token->malloc
_nc_push_token->_nc_get_type
_nc_locale_breaks_acs->getenv
_nc_locale_breaks_acs->strstr
_nc_locale_breaks_acs->_nc_getenv_num
_nc_locale_breaks_acs->tigetnum
wresize->free
wresize->malloc
wresize->calloc
wresize->cleanup_lines
wresize->repair_subwindows
scr_dump->putwin
scr_dump->fopen
scr_dump->fclose
scr_dump->_nc_access
init_pair_sp->_nc_init_pair
unctrl_sp->__ctype_b_loc
keyname_sp->free
keyname_sp->calloc
keyname_sp->strdup
keyname_sp->strcmp
keyname_sp->strcpy
keyname_sp->sprintf
keyname_sp->keybound_sp
can_clear_with->pair_content_sp
overlap->copywin
mvwinstr->winnstr
mvwinstr->wmove
slk_set->slk_set_sp
mousemask->mousemask_sp
erase->werase
_nc_parse_entry->__ctype_b_loc
_nc_parse_entry->strchr
_nc_parse_entry->strcmp
_nc_parse_entry->_nc_get_hash_table
_nc_parse_entry->_nc_get_alias_table
_nc_parse_entry->_nc_set_type
_nc_parse_entry->_nc_warning
_nc_parse_entry->_nc_err_abort
_nc_parse_entry->_nc_find_entry
_nc_parse_entry->_nc_find_type_entry
_nc_parse_entry->_nc_first_name
_nc_parse_entry->_nc_init_entry
_nc_parse_entry->_nc_save_str
_nc_parse_entry->_nc_wrap_entry
_nc_parse_entry->_nc_captoinfo
_nc_parse_entry->_nc_get_token
_nc_parse_entry->_nc_panic_mode
_nc_parse_entry->_nc_push_token
_nc_parse_entry->valid_entryname
_nc_parse_entry->lookup_fullname
_nc_parse_entry->expected_type
_nc_parse_entry->_nc_extend_names
_nc_parse_entry->postprocess_termcap
_nc_parse_entry->postprocess_terminfo
_nc_setupterm->free
_nc_setupterm->calloc
_nc_setupterm->strlen
_nc_setupterm->getenv
_nc_setupterm->strdup
_nc_setupterm->fprintf
_nc_setupterm->exit
_nc_setupterm->isatty
_nc_setupterm->strcmp
_nc_setupterm->_nc_copy_termtype
_nc_setupterm->_nc_fallback
_nc_setupterm->baudrate
_nc_setupterm->strncpy
_nc_setupterm->set_curterm
_nc_setupterm->del_curterm
_nc_setupterm->_nc_get_screensize
_nc_setupterm->_nc_setup_tinfo
_nc_setupterm->_nc_tinfo_cmdch
_nc_setupterm->sysconf
_nc_setupterm->def_shell_mode_sp
_nc_setupterm->def_prog_mode_sp
_nc_setupterm->_nc_name_match
cleanup_lines->free
scr_init_sp->delwin
scr_init_sp->getwin
scr_init_sp->fopen
scr_init_sp->fclose
scr_init_sp->_nc_access
init_pair->init_pair_sp
unctrl->unctrl_sp
keyname->keyname_sp
PutChar->PutAttrChar
PutChar->PutCharLR
PutChar->wrap_cursor
copywin->wtouchln
mvwvline->wmove
mvwvline->wvline
_nc_set_tty_mode->_nc_set_tty_mode_sp
compare_info_names.511->strcmp
repair_subwindows->repair_subwindows
scr_init->scr_init_sp
_nc_init_color->rgb2hls
_nc_init_color->tparm
_nc_init_color->_nc_putp_sp
_nc_visbuf2->_nc_visbuf2n
longname_sp->longname
InsStr->PutAttrChar
InsStr->tparm
InsStr->tputs_sp
InsStr->_nc_putp_sp
overwrite->overlap
grow_hunks->cost_effective
def_shell_mode_sp->_nc_get_tty_mode
_nc_tic_dir->getenv
_nc_tic_dir->_nc_tic_dir
slk_touch->slk_touch_sp
getch->wgetch
lookup_fullname->strcmp
lookup_fullname->_nc_get_table
new_prescr->calloc
_nc_rootname->_nc_basename
scr_set_sp->delwin
scr_set_sp->scr_init_sp
scr_set_sp->dupwin
get_escdelay->get_escdelay_sp
_nc_visbuf2n->free
_nc_visbuf2n->strlen
_nc_visbuf2n->_nc_doalloc
_nc_visbuf2n->_nc_vischar
longname->strlen
DelChar->tparm
DelChar->tputs_sp
DelChar->_nc_putp_sp
newpad_sp->calloc
newpad_sp->_nc_freewin
newpad_sp->_nc_makenew_sp
redrawwin->wredrawln
def_shell_mode->def_shell_mode_sp
_nc_keep_tic_dir->_nc_tic_dir
mouseinterval->mouseinterval_sp
getnstr->wgetnstr
expected_type->_nc_warning
expected_type->_nc_find_user_entry
expected_type->usertype2s
setupterm->_nc_setupterm
_nc_basename->_nc_pathlast
scr_set->scr_set_sp
_nc_wgetch->wechochar
_nc_wgetch->strlen
_nc_wgetch->recur_wrefresh
_nc_wgetch->fifo_pull
_nc_wgetch->recur_wgetnstr
_nc_wgetch->check_mouse_activity
_nc_wgetch->kgetch
_nc_wgetch->fifo_push
_nc_wgetch->fifo_peek
_nc_wgetch->_nc_mouse_event
_nc_wgetch->_nc_mouse_inline
_nc_wgetch->_nc_mouse_parse
_nc_wgetch->_nc_mouse_resume
_nc_wgetch->_nc_mouse_wrap
_nc_wgetch->no_mouse_event
_nc_wgetch->no_mouse_inline
_nc_wgetch->no_mouse_parse
_nc_wgetch->no_mouse_resume
_nc_wgetch->no_mouse_wrap
_nc_wgetch->ungetch_sp
_nc_wgetch->_nc_screen_of
_nc_wgetch->_nc_keypad
_nc_wgetch->_nc_handle_sigwinch
_nc_wgetch->_nc_update_screensize
_nc_wgetch->_nc_outch_sp
_nc_wgetch->_nc_putchar_sp
_nc_wgetch->_nc_outc_wrapper
init_color_sp->_nc_init_color
_nc_vischar->__ctype_b_loc
_nc_vischar->strlen
_nc_vischar->sprintf
napms_sp->llvm.memcpy.p0i8.p0i8.i64
napms_sp->__errno_location
napms_sp->nanosleep
PutAttrChar->vidputs_sp
PutAttrChar->_nc_outch_sp
PutAttrChar->_nc_putp_sp
newpad->newpad_sp
refresh->wrefresh
cost_effective->update_cost_from_blank
cost_effective->update_cost
def_prog_mode_sp->_nc_get_tty_mode
_nc_last_db->cache_expired
_nc_last_db->free_cache
getstr->wgetnstr
_nc_extend_names->strcmp
_nc_extend_names->_nc_err_abort
_nc_extend_names->_nc_doalloc
_nc_extend_names->_nc_save_str
_nc_extend_names->_nc_extend_names
tgetent_sp->free
tgetent_sp->strchr
tgetent_sp->strcmp
tgetent_sp->atoi
tgetent_sp->baudrate_sp
tgetent_sp->del_curterm_sp
tgetent_sp->_nc_setupterm
tgetent_sp->_nc_set_no_padding
tgetent_sp->_nc_trim_sgr0
_nc_pathlast->strrchr
_nc_scroll_window->llvm.memcpy.p0i8.p0i8.i64
_nc_scroll_window->wtouchln
recur_wrefresh->wrefresh
recur_wrefresh->is_wintouched
init_color->init_color_sp
_nc_visbuf->_nc_visbuf2
PutCharLR->GoTo
PutCharLR->InsStr
PutCharLR->PutAttrChar
PutCharLR->_nc_putp_sp
subpad->derwin
scrl->wscrl
def_prog_mode->def_prog_mode_sp
cache_expired->time
cache_expired->update_getenv
has_mouse_sp->_nc_has_mouse
hline->whline
postprocess_termcap->strlen
postprocess_termcap->strncmp
postprocess_termcap->strchr
postprocess_termcap->strcmp
postprocess_termcap->sprintf
postprocess_termcap->_nc_get_hash_table
postprocess_termcap->_nc_warning
postprocess_termcap->_nc_err_abort
postprocess_termcap->_nc_find_entry
postprocess_termcap->_nc_str_init
postprocess_termcap->_nc_safe_strcat
postprocess_termcap->_nc_visbuf
postprocess_termcap->_nc_save_str
postprocess_termcap->_nc_capcmp
postprocess_termcap->append_acs
tgetent->tgetent_sp
wscrl->_nc_scroll_window
wscrl->_nc_synchook
_nc_visbufn->_nc_visbuf2n
napms->napms_sp
wrap_cursor->vidputs_sp
prefresh->pnoutrefresh
prefresh->doupdate_sp
prefresh->_nc_screen_of
scroll->wscrl
reset_prog_mode_sp->_nc_keypad
reset_prog_mode_sp->_nc_set_tty_mode
free_cache->free
_nc_signal_handler->sigaction
_nc_signal_handler->sigemptyset
_nc_signal_handler->CatchIfDefault
has_mouse->_nc_has_mouse
inch->winch
postprocess_terminfo->_nc_warning
postprocess_terminfo->_nc_str_init
postprocess_terminfo->_nc_safe_strcat
postprocess_terminfo->_nc_save_str
postprocess_terminfo->append_acs0
tgetflag_sp->_nc_find_type_entry
recur_wgetnstr->wgetnstr
recur_wgetnstr->_nc_screen_of
can_change_color->can_change_color_sp
_nc_init_entry->malloc
_nc_init_entry->_nc_err_abort
_nc_init_entry->_nc_init_termtype
idlok->_nc_screen_of
idlok->has_il_sp
EmitRange->vidputs_sp
EmitRange->GoTo
EmitRange->can_clear_with
EmitRange->PutChar
EmitRange->tparm
EmitRange->tputs_sp
EmitRange->_nc_putp_sp
pnoutrefresh->_nc_screen_of
setscrreg->wsetscrreg
_nc_hash_map->_nc_hash_map_sp
reset_prog_mode->reset_prog_mode_sp
wmouse_trafo->wenclose
inchnstr->winchnstr
append_acs0->_nc_safe_strcat
tgetflag->tgetflag_sp
_nc_access->strlen
_nc_access->strcpy
_nc_access->__errno_location
_nc_access->_nc_basename
_nc_access->access
check_mouse_activity->_nc_timed_wait
_nc_copy_entry->calloc
_nc_copy_entry->llvm.memcpy.p0i8.p0i8.i64
_nc_copy_entry->_nc_copy_termtype
idcok->_nc_screen_of
idcok->has_ic_sp
ClrToEOS->vidputs_sp
ClrToEOS->tputs_sp
pechochar->waddch
pechochar->wechochar
pechochar->prefresh
_nc_make_oldhash_sp->hash
reset_shell_mode_sp->_nc_keypad
reset_shell_mode_sp->_nc_flush
reset_shell_mode_sp->_nc_set_tty_mode
update_getenv->free
update_getenv->getenv
update_getenv->strdup
update_getenv->strcmp
inchstr->winchnstr
_nc_capcmp->__ctype_b_loc
tgetnum_sp->_nc_find_type_entry
set_term->set_curterm
kgetch->fifo_pull
kgetch->check_mouse_activity
kgetch->fifo_push
kgetch->fifo_peek
kgetch->fifo_clear
has_colors->has_colors_sp
_nc_save_str->strlen
_nc_save_str->strcpy
_nc_save_str->_nc_warning
_nc_save_str->_nc_save_str
halfdelay_sp->cbreak_sp
printw->llvm.va_start
printw->vw_printw
printw->llvm.va_end
_nc_make_oldhash->_nc_make_oldhash_sp
reset_shell_mode->reset_shell_mode_sp
handle_SIGTSTP->endwin_sp
handle_SIGTSTP->sigaction
handle_SIGTSTP->sigemptyset
handle_SIGTSTP->tcgetpgrp
handle_SIGTSTP->getpgrp
handle_SIGTSTP->sigaddset
handle_SIGTSTP->sigprocmask
handle_SIGTSTP->sigismember
handle_SIGTSTP->getpid
handle_SIGTSTP->kill
handle_SIGTSTP->doupdate_sp
handle_SIGTSTP->flushinp_sp
handle_SIGTSTP->def_shell_mode_sp
handle_SIGTSTP->def_prog_mode_sp
_nc_msec_cost_sp->__ctype_b_loc
_nc_msec_cost_sp->strchr
innstr->winnstr
append_acs->strlen
append_acs->append_acs0
tgetnum->tgetnum_sp
_nc_is_dir_path->stat
delscreen->free
delscreen->_nc_freewin
delscreen->delink_screen
delscreen->_nc_free_keytry
delscreen->del_curterm_sp
delscreen->_nc_flush_sp
fifo_push->read
color_content_sp->_nc_color_content
_nc_wrap_entry->free
_nc_wrap_entry->malloc
_nc_wrap_entry->strlen
_nc_wrap_entry->llvm.memcpy.p0i8.p0i8.i64
_nc_wrap_entry->strcpy
_nc_wrap_entry->_nc_err_abort
_nc_wrap_entry->_nc_save_str
halfdelay->halfdelay_sp
ClearScreen->_nc_do_color_sp
ClearScreen->vidputs_sp
ClearScreen->GoTo
ClearScreen->PutChar
ClearScreen->tputs_sp
ClearScreen->_nc_putp_sp
timeout->wtimeout
_nc_scroll_oldhash_sp->hash
_nc_scroll_oldhash_sp->abs
_nc_scroll_oldhash_sp->llvm.memmove.p0i8.p0i8.i64
savetty_sp->_nc_get_tty_mode_sp
savetty_sp->saved_tty
_nc_first_db->free
_nc_first_db->malloc
_nc_first_db->calloc
_nc_first_db->strlen
_nc_first_db->strdup
_nc_first_db->strncmp
_nc_first_db->strcmp
_nc_first_db->cache_expired
_nc_first_db->free_cache
_nc_first_db->time
_nc_first_db->cache_getenv
_nc_first_db->add_to_blob
_nc_first_db->trim_formatting
_nc_first_db->check_existence
_nc_first_db->_nc_home_terminfo
handle_SIGINT->endwin_sp
handle_SIGINT->fileno
handle_SIGINT->isatty
handle_SIGINT->set_term
handle_SIGINT->sigaction
handle_SIGINT->sigemptyset
handle_SIGINT->_exit
insch->winsch
tgetstr_sp->strlen
tgetstr_sp->strcpy
tgetstr_sp->_nc_find_type_entry
_nc_merge_entry->free
_nc_merge_entry->_nc_align_termtype
_nc_merge_entry->_nc_copy_termtype
doupdate->doupdate_sp
vw_printw->waddnstr
vw_printw->_nc_printf_string_sp
vw_printw->_nc_screen_of
touchline->wtouchln
saved_tty->calloc
cache_getenv->update_getenv
CatchIfDefault->llvm.memset.p0i8.i64
CatchIfDefault->sigaction
CatchIfDefault->sigemptyset
_nc_msec_cost->_nc_msec_cost_sp
insdelln->winsdelln
_nc_set_writedir->getenv
_nc_set_writedir->strdup
_nc_set_writedir->__errno_location
_nc_set_writedir->_nc_err_abort
_nc_set_writedir->_nc_tic_dir
_nc_set_writedir->_nc_keep_tic_dir
_nc_set_writedir->_nc_home_terminfo
_nc_set_writedir->make_db_root
_nc_set_writedir->chdir
_nc_set_writedir->getcwd
tgetstr->tgetstr_sp
_nc_is_file_path->stat
_nc_free_keytry->free
_nc_free_keytry->_nc_free_keytry
color_content->color_content_sp
_nc_captoinfo->__ctype_b_loc
_nc_captoinfo->_nc_warning
_nc_captoinfo->unctrl
_nc_captoinfo->init_string
_nc_captoinfo->save_char.1243
_nc_captoinfo->save_string
_nc_captoinfo->getparm
_nc_captoinfo->cvtchar
_nc_captoinfo->pop
_nc_scrolln_sp->_nc_scroll_oldhash_sp
_nc_scrolln_sp->_nc_scroll_window
_nc_scrolln_sp->GoTo
_nc_scrolln_sp->ClrBlank
_nc_scrolln_sp->ClrToEOL
_nc_scrolln_sp->ClrToEOS
_nc_scrolln_sp->scroll_csr_forward
_nc_scrolln_sp->scroll_idl
_nc_scrolln_sp->scroll_csr_backward
_nc_scrolln_sp->tparm
_nc_scrolln_sp->_nc_putp_sp
touchwin->wtouchln
_nc_scroll_oldhash->_nc_scroll_oldhash_sp
savetty->savetty_sp
add_to_blob->strlen
add_to_blob->strcpy
_nc_mvcur_resume_sp->reset_scroll_region
_nc_mvcur_resume_sp->curs_set_sp
_nc_mvcur_resume_sp->_nc_putp_sp
insertln->winsdelln
make_db_root->_nc_access
make_db_root->stat
make_db_root->make_db_path
make_db_root->mkdir
_nc_add_to_try->free
_nc_add_to_try->calloc
_nc_setupscreen_sp->malloc
_nc_setupscreen_sp->calloc
_nc_setupscreen_sp->__isoc99_sscanf
_nc_setupscreen_sp->has_colors_sp
_nc_setupscreen_sp->getenv
_nc_setupscreen_sp->fileno
_nc_setupscreen_sp->strcmp
_nc_setupscreen_sp->newwin_sp
_nc_setupscreen_sp->memcmp
_nc_setupscreen_sp->fflush
_nc_setupscreen_sp->termattrs_sp
_nc_setupscreen_sp->_nc_init_acs_sp
_nc_setupscreen_sp->_nc_get_screensize
_nc_setupscreen_sp->_nc_get_locale
_nc_setupscreen_sp->_nc_unicode_locale
_nc_setupscreen_sp->_nc_locale_breaks_acs
_nc_setupscreen_sp->_nc_set_no_padding
_nc_setupscreen_sp->def_shell_mode_sp
_nc_setupscreen_sp->def_prog_mode_sp
_nc_setupscreen_sp->_nc_set_buffer_sp
fifo_clear->llvm.memset.p0i8.i64
_nc_pair_content->_nc_reserve_pairs
init_string->malloc
init_string->_nc_err_abort
scroll_csr_forward->vidputs_sp
scroll_csr_forward->GoTo
scroll_csr_forward->PutChar
scroll_csr_forward->tparm
scroll_csr_forward->tputs_sp
scroll_csr_forward->_nc_putp_sp
wprintw->llvm.va_start
wprintw->vw_printw
wprintw->llvm.va_end
untouchwin->wtouchln
_nc_render->render_char
resetty_sp->_nc_set_tty_mode_sp
resetty_sp->saved_tty
reset_scroll_region->tparm
reset_scroll_region->_nc_putp_sp
insnstr->winsnstr
termname->termname_sp
_nc_align_termtype->free
_nc_align_termtype->malloc
_nc_align_termtype->llvm.memcpy.p0i8.p0i8.i64
_nc_align_termtype->strcmp
_nc_align_termtype->adjust_cancels
_nc_align_termtype->merge_names
_nc_align_termtype->realign_data
_nc_align_termtype->_nc_err_abort
_nc_align_termtype->_nc_doalloc
wgetch->_nc_wgetch
wgetch->_nc_use_meta
pair_content_sp->_nc_pair_content
save_char.1243->save_string
keypad->_nc_screen_of
keypad->_nc_keypad
scroll_idl->vidputs_sp
scroll_idl->GoTo
scroll_idl->tparm
scroll_idl->tputs_sp
scroll_idl->_nc_putp_sp
mvprintw->wmove
mvprintw->llvm.va_start
mvprintw->vw_printw
mvprintw->llvm.va_end
vline->wvline
resetty->resetty_sp
check_existence->strncmp
check_existence->stat
_nc_mvcur_resume->_nc_mvcur_resume_sp
insstr->winsnstr
tgoto->tparm
adjust_cancels->_nc_find_ext_name
adjust_cancels->_nc_del_ext_name
adjust_cancels->_nc_ins_ext_name
_nc_use_meta->_nc_screen_of
pair_content->pair_content_sp
save_string->strlen
save_string->strcpy
save_string->_nc_err_abort
save_string->_nc_doalloc
_nc_keypad->_nc_init_keytry
_nc_keypad->_nc_putp_flush_sp
scroll_csr_backward->vidputs_sp
scroll_csr_backward->GoTo
scroll_csr_backward->PutChar
scroll_csr_backward->tparm
scroll_csr_backward->tputs_sp
scroll_csr_backward->_nc_putp_sp
mvwprintw->wmove
mvwprintw->llvm.va_start
mvwprintw->vw_printw
mvwprintw->llvm.va_end
waddchstr->waddchnstr
_nc_waddch_nosync->waddch_nosync
_nc_timed_wait->llvm.memset.p0i8.i64
_nc_timed_wait->poll
_nc_timed_wait->napms
_nc_timed_wait->_nc_gettime
_nc_doalloc->free
_nc_doalloc->malloc
_nc_doalloc->realloc
_nc_doalloc->__errno_location
_nc_mvcur_init_sp->strstr
_nc_mvcur_init_sp->_nc_msec_cost_sp
_nc_mvcur_init_sp->_nc_mvcur_resume_sp
_nc_mvcur_init_sp->fileno
_nc_mvcur_init_sp->isatty
_nc_mvcur_init_sp->normalized_cost
_nc_mvcur_init_sp->tparm
instr->winnstr
make_db_path->strlen
make_db_path->strcpy
make_db_path->sprintf
make_db_path->_nc_is_abs_path
make_db_path->_nc_tic_dir
tigetflag_sp->strcmp
tigetflag_sp->_nc_find_type_entry
merge_names->strcmp
wgetnstr->waddch
wgetnstr->wechochar
wgetnstr->beep_sp
wgetnstr->noecho_sp
wgetnstr->wgetch
wgetnstr->WipeOut
wgetnstr->nl_sp
wgetnstr->wrefresh
wgetnstr->is_wintouched
wgetnstr->_nc_screen_of
wgetnstr->erasechar_sp
wgetnstr->killchar_sp
wgetnstr->cbreak_sp
wgetnstr->noraw_sp
wgetnstr->_nc_get_tty_mode_sp
wgetnstr->_nc_set_tty_mode_sp
_nc_do_color_sp->reset_color_pair
_nc_do_color_sp->default_fg
_nc_do_color_sp->set_foreground_color
_nc_do_color_sp->default_bg
_nc_do_color_sp->set_background_color
_nc_do_color_sp->_nc_pair_content
_nc_do_color_sp->tparm
_nc_do_color_sp->tputs_sp
getparm->_nc_warning
getparm->save_char.1243
getparm->save_string
getparm->push
_nc_putp_flush_sp->_nc_flush
_nc_putp_flush_sp->_nc_putp_sp
_nc_scrolln->_nc_scrolln_sp
vwprintw->waddnstr
vwprintw->_nc_printf_string_sp
vwprintw->_nc_screen_of
waddstr->waddnstr
waddch_nosync->__ctype_b_loc
waddch_nosync->waddch_literal
waddch_nosync->newline_forces_scroll
waddch_nosync->wclrtoeol
waddch_nosync->wscrl
waddch_nosync->_nc_screen_of
waddch_nosync->unctrl_sp
_nc_gettime->llvm.memcpy.p0i8.p0i8.i64
_nc_gettime->gettimeofday
_nc_free_entry->free
_nc_free_entry->_nc_delink_entry
move->wmove
tigetflag->tigetflag_sp
realign_data->find_name
realign_data->_nc_err_abort
realign_data->_nc_doalloc
WipeOut->waddch
WipeOut->waddnstr
WipeOut->wmove
_nc_do_color->llvm.memset.p0i8.i64
_nc_do_color->_nc_do_color_sp
cvtchar->__ctype_b_loc
cvtchar->save_char.1243
cvtchar->save_string
meta->_nc_screen_of
meta->_nc_putp_sp
_nc_screen_resume->_nc_screen_resume_sp
wredrawln->llvm.memset.p0i8.i64
wredrawln->_nc_make_oldhash_sp
wredrawln->wtouchln
wredrawln->_nc_screen_of
wattron->wattr_on
mvaddch->waddch
mvaddch->wmove
_nc_write_entry->strlen
_nc_write_entry->strchr
_nc_write_entry->strcmp
_nc_write_entry->strcpy
_nc_write_entry->sprintf
_nc_write_entry->__errno_location
_nc_write_entry->_nc_access
_nc_write_entry->stat
_nc_write_entry->_nc_set_type
_nc_write_entry->_nc_warning
_nc_write_entry->_nc_syserr_abort
_nc_write_entry->_nc_tic_dir
_nc_write_entry->unlink
_nc_write_entry->check_writeable
_nc_write_entry->write_file
_nc_write_entry->remove
_nc_write_entry->link
tigetnum_sp->strcmp
tigetnum_sp->_nc_find_type_entry
find_name->strcmp
whline->_nc_render
whline->_nc_synchook
pop->_nc_warning
curs_set_sp->_nc_putp_flush_sp
_nc_screen_init_sp->_nc_screen_resume_sp
wrefresh->wnoutrefresh
wrefresh->doupdate_sp
wrefresh->_nc_screen_of
wattroff->wattr_off
waddch_literal->render_char
waddch_literal->wrap_to_next_line
_nc_first_name->malloc
_nc_free_entries->_nc_free_termtype
normalized_cost->_nc_msec_cost_sp
mvaddchnstr->waddchnstr
mvaddchnstr->wmove
tigetnum->tigetnum_sp
_nc_find_ext_name->strcmp
_nc_find_ext_name->_nc_first_ext_name
_nc_find_ext_name->_nc_last_ext_name
wdelch->_nc_synchook
push->_nc_warning
curs_set->curs_set_sp
_nc_screen_init->_nc_screen_init_sp
wnoutrefresh->wsyncdown
wnoutrefresh->_nc_screen_of
_nc_mvcur_init->_nc_mvcur_init_sp
mvaddchstr->waddchnstr
mvaddchstr->wmove
check_writeable->strchr
check_writeable->sprintf
check_writeable->_nc_err_abort
check_writeable->_nc_tic_dir
check_writeable->make_db_root
tigetstr_sp->strcmp
tigetstr_sp->_nc_find_type_entry
_nc_del_ext_name->_nc_find_ext_name
_nc_del_ext_name->_nc_ext_data_index
_nc_setupscreen->_nc_setupscreen_sp
delwin->cannot_delete
delwin->_nc_freewin
delwin->wtouchln
delwin->_nc_screen_of
_nc_infotocap->__ctype_b_loc
_nc_infotocap->strlen
_nc_infotocap->__isoc99_sscanf
_nc_infotocap->strstr
_nc_infotocap->strncmp
_nc_infotocap->strchr
_nc_infotocap->sprintf
_nc_infotocap->init_string
_nc_infotocap->save_char.1243
_nc_infotocap->save_string
_nc_infotocap->save_tc_inequality
_nc_infotocap->bcd_expression
_nc_infotocap->save_tc_char
_nc_screen_wrap_sp->_nc_reset_colors_sp
_nc_screen_wrap_sp->_nc_do_color_sp
_nc_screen_wrap_sp->_nc_mvcur_sp
_nc_screen_wrap_sp->vidputs_sp
_nc_screen_wrap_sp->ClrToEOL
restartterm_sp->echo_sp
restartterm_sp->noecho_sp
restartterm_sp->nl_sp
restartterm_sp->nonl_sp
restartterm_sp->raw_sp
restartterm_sp->cbreak_sp
restartterm_sp->noraw_sp
restartterm_sp->nocbreak_sp
restartterm_sp->_nc_update_screensize
restartterm_sp->_nc_setupterm
restartterm_sp->reset_prog_mode_sp
wrap_to_next_line->newline_forces_scroll
wrap_to_next_line->wscrl
_nc_mvcur_wrap_sp->_nc_mvcur_sp
_nc_mvcur_wrap_sp->curs_set_sp
_nc_mvcur_wrap_sp->_nc_outch_sp
_nc_mvcur_wrap_sp->_nc_putp_sp
mvaddnstr->waddnstr
mvaddnstr->wmove
write_file->ferror
write_file->fopen
write_file->fclose
write_file->__errno_location
write_file->_nc_access
write_file->_nc_warning
write_file->_nc_syserr_abort
write_file->_nc_tic_dir
write_file->_nc_write_object
write_file->perror
write_file->fwrite
write_file->strerror
tigetstr->tigetstr_sp
_nc_ins_ext_name->strcmp
_nc_ins_ext_name->_nc_first_ext_name
_nc_ins_ext_name->_nc_last_ext_name
_nc_ins_ext_name->_nc_ext_data_index
_nc_ins_ext_name->_nc_err_abort
_nc_ins_ext_name->_nc_doalloc
initscr->free
initscr->getenv
initscr->strdup
initscr->fprintf
initscr->exit
initscr->newterm
initscr->def_prog_mode_sp
save_tc_inequality->save_string
save_tc_inequality->save_tc_char
typeahead->typeahead_sp
_nc_screen_wrap->_nc_screen_wrap_sp
restartterm->restartterm_sp
waddch->waddch_nosync
waddch->_nc_synchook
_nc_set_buffer->_nc_set_buffer_sp
_nc_free_termtype->really_free_termtype
_nc_mvcur_sp->_nc_real_mvcur
_nc_mvcur_sp->_nc_flush_sp
mvaddstr->waddnstr
mvaddstr->wmove
_nc_tparm_analyze->llvm.memset.p0i8.i64
_nc_tparm_analyze->__ctype_b_loc
_nc_tparm_analyze->strlen
_nc_tparm_analyze->_nc_doalloc
_nc_tparm_analyze->parse_format
_nc_ripoffline->_nc_ripoffline_sp
_nc_ripoffline->new_prescr
bcd_expression->__ctype_b_loc
bcd_expression->__isoc99_sscanf
has_key_sp->has_key_internal
vwscanw->wgetnstr
vwscanw->__isoc99_vsscanf
wdeleteln->winsdelln
wechochar->waddch_nosync
wechochar->_nc_synchook
_nc_init_termtype->malloc
_nc_init_termtype->_nc_err_abort
really_free_termtype->free
really_free_termtype->llvm.memset.p0i8.i64
really_free_termtype->_nc_free_entry
ungetch->ungetch_sp
_nc_real_mvcur->onscreen_mvcur
_nc_real_mvcur->vidputs_sp
_nc_real_mvcur->_nc_outch_sp
_nc_real_mvcur->_nc_putchar_sp
_nc_real_mvcur->_nc_putp_sp
mvchgat->wchgat
mvchgat->wmove
parse_format->__ctype_b_loc
ripoffline_sp->_nc_ripoffline_sp
echo->echo_sp
save_tc_char->__ctype_b_loc
save_tc_char->sprintf
save_tc_char->unctrl
save_tc_char->save_char.1243
save_tc_char->save_string
has_key_internal->has_key_internal
wgetstr->wgetnstr
waddnstr->_nc_waddch_nosync
waddnstr->strlen
waddnstr->_nc_synchook
_nc_read_termtype->malloc
_nc_read_termtype->calloc
_nc_read_termtype->llvm.memset.p0i8.i64
_nc_read_termtype->strlen
_nc_read_termtype->_nc_err_abort
_nc_read_termtype->_nc_doalloc
_nc_read_termtype->fake_read
_nc_read_termtype->convert_32bits
_nc_read_termtype->convert_16bits
_nc_read_termtype->convert_strings
_nc_read_termtype->valid_shorts
vidputs_sp->_nc_do_color_sp
vidputs_sp->tparm
vidputs_sp->tputs_sp
onscreen_mvcur->abs
onscreen_mvcur->relative_move
onscreen_mvcur->tparm
onscreen_mvcur->tputs_sp
onscreen_mvcur->_nc_str_init
onscreen_mvcur->_nc_str_null
onscreen_mvcur->_nc_safe_strcat
onscreen_mvcur->_nc_safe_strcpy
mvdelch->wdelch
mvdelch->wmove
_nc_write_object->strlen
_nc_write_object->compute_offsets
_nc_write_object->fake_write
_nc_write_object->convert_shorts
_nc_write_object->extended_object
tparm->llvm.va_start
tparm->llvm.va_end
tparm->tparam_internal
ripoffline->ripoffline_sp
ripoffline->new_prescr
_nc_tic_expand->__ctype_b_loc
_nc_tic_expand->strlen
_nc_tic_expand->strtol
_nc_tic_expand->sprintf
_nc_tic_expand->_nc_doalloc
_nc_tic_expand->trailing_spaces
has_key->has_key_sp
vw_scanw->wgetnstr
vw_scanw->__isoc99_vsscanf
winchstr->winchnstr
fake_read->llvm.memcpy.p0i8.p0i8.i64
_nc_getenv_num->getenv
_nc_getenv_num->strtol
vidputs->llvm.memset.p0i8.i64
vidputs->vidputs_sp
relative_move->llvm.memcpy.p0i8.p0i8.i64
relative_move->repeated_append
relative_move->tparm
relative_move->_nc_str_init
relative_move->_nc_str_copy
relative_move->_nc_safe_strcat
mvgetch->wgetch
mvgetch->wmove
tparam_internal->__ctype_b_loc
tparam_internal->strlen
tparam_internal->_nc_tparm_analyze
tparam_internal->parse_format
tparam_internal->spush
tparam_internal->npush
tparam_internal->save_char
tparam_internal->npop
tparam_internal->save_number
tparam_internal->spop
tparam_internal->save_text
tparam_internal->get_space
_nc_copy_termtype->copy_termtype
_nc_format_slks->slk_failed
noecho->noecho_sp
raw_sp->llvm.memcpy.p0i8.p0i8.i64
raw_sp->_nc_set_tty_mode_sp
_nc_free_and_exit_sp->exit
_nc_free_and_exit_sp->delscreen
_nc_free_and_exit_sp->del_curterm_sp
scanw->llvm.va_start
scanw->llvm.va_end
scanw->vw_scanw
winsertln->winsdelln
waddchnstr->_nc_synchook
_nc_setenv_num->sprintf
_nc_setenv_num->setenv
vidattr_sp->vidputs_sp
repeated_append->strlen
repeated_append->_nc_safe_strcat
mvgetnstr->wgetnstr
mvgetnstr->wmove
copy_termtype->malloc
copy_termtype->llvm.memcpy.p0i8.p0i8.i64
copy_termtype->_nc_err_abort
slk_failed->free
_nc_insert_ch->_nc_render
_nc_insert_ch->_nc_waddch_nosync
_nc_insert_ch->__ctype_b_loc
_nc_insert_ch->_nc_insert_ch
_nc_insert_ch->unctrl_sp
endwin_sp->_nc_mouse_event
endwin_sp->_nc_mouse_inline
endwin_sp->_nc_mouse_resume
endwin_sp->_nc_mouse_wrap
endwin_sp->_nc_mvcur_wrap
endwin_sp->no_mouse_event
endwin_sp->no_mouse_inline
endwin_sp->no_mouse_resume
endwin_sp->no_mouse_wrap
endwin_sp->_nc_screen_wrap
endwin_sp->reset_shell_mode_sp
_nc_entry_match->check_collisions
raw->raw_sp
_nc_free_and_exit->_nc_free_and_exit_sp
wscanw->llvm.va_start
wscanw->llvm.va_end
wscanw->vw_scanw
winsstr->winsnstr
beep_sp->_nc_putp_flush_sp
beep_sp->_nc_flush
vidattr->vidattr_sp
_nc_mvcur_wrap->_nc_mvcur_wrap_sp
mvgetstr->wgetnstr
mvgetstr->wmove
_nc_get_table->_nc_build_names
_nc_slk_initialize->calloc
_nc_slk_initialize->llvm.memset.p0i8.i64
_nc_slk_initialize->_nc_format_slks
_nc_slk_initialize->slk_failed
_nc_slk_initialize->_nc_doalloc
_nc_slk_initialize->_nc_screen_of
winsch->_nc_insert_ch
winsch->_nc_synchook
winsch->_nc_screen_of
endwin->endwin_sp
check_collisions->fprintf
check_collisions->strchr
check_collisions->memcmp
check_collisions->force_bar
cbreak_sp->llvm.memcpy.p0i8.p0i8.i64
cbreak_sp->_nc_set_tty_mode_sp
mvscanw->wmove
mvscanw->llvm.va_start
mvscanw->llvm.va_end
mvscanw->vw_scanw
winstr->winnstr
beep->beep_sp
_nc_home_terminfo->malloc
_nc_home_terminfo->strlen
_nc_home_terminfo->getenv
_nc_home_terminfo->sprintf
_nc_home_terminfo->_nc_err_abort
_nc_mvcur->_nc_mvcur_sp
mvhline->whline
mvhline->wmove
compute_offsets->strlen
save_char->get_space
_nc_build_names->calloc
_nc_build_names->next_string
slk_restore_sp->slk_refresh_sp
winsdelln->_nc_scroll_window
winsdelln->_nc_synchook
werase->_nc_synchook
force_bar->strlen
force_bar->strchr
force_bar->strcpy
force_bar->strncpy
cbreak->cbreak_sp
mvwscanw->wmove
mvwscanw->llvm.va_start
mvwscanw->llvm.va_end
mvwscanw->vw_scanw
wbkgdset->wbkgrndset
_nc_init_keytry->_nc_add_to_try
_nc_init_keytry->key_defined_sp
termattrs->termattrs_sp
mvcur_sp->_nc_real_mvcur
mvinch->wmove
mvinch->winch
fake_write->llvm.memcpy.p0i8.p0i8.i64
next_string->strlen
slk_restore->slk_restore_sp
winsnstr->_nc_insert_ch
winsnstr->_nc_synchook
winsnstr->_nc_screen_of
flash_sp->_nc_putp_flush_sp
_nc_read_entry_source->free
_nc_read_entry_source->llvm.memset.p0i8.i64
_nc_read_entry_source->__ctype_b_loc
_nc_read_entry_source->_nc_err_abort
_nc_read_entry_source->enqueue
_nc_read_entry_source->_nc_reset_input
_nc_read_entry_source->_nc_parse_entry
qiflush_sp->llvm.memcpy.p0i8.p0i8.i64
qiflush_sp->_nc_set_tty_mode_sp
use_legacy_coding->use_legacy_coding_sp
getwin_sp->free
getwin_sp->llvm.memcpy.p0i8.p0i8.i64
getwin_sp->delwin
getwin_sp->newwin_sp
getwin_sp->newpad_sp
getwin_sp->read_block
getwin_sp->memcmp
getwin_sp->read_win
getwin_sp->read_txt
getwin_sp->strtol
getwin_sp->read_row
getwin_sp->wtouchln
_nc_read_file_entry->fopen
_nc_read_file_entry->fclose
_nc_read_file_entry->_nc_access
_nc_read_file_entry->_nc_free_termtype
_nc_read_file_entry->_nc_read_termtype
_nc_read_file_entry->fread
_nc_init_acs_sp->strlen
_nc_init_acs_sp->strcmp
_nc_init_acs_sp->_nc_putp_sp
wvline->_nc_render
wvline->_nc_synchook
mvcur->mvcur_sp
mvinchnstr->winchnstr
mvinchnstr->wmove
save_number->strlen
save_number->sprintf
save_number->get_space
flash->flash_sp
enqueue->_nc_err_abort
enqueue->_nc_copy_entry
qiflush->qiflush_sp
use_default_colors_sp->assume_default_colors_sp
read_block->clearerr
read_block->fgetc
wbkgd->wbkgrnd
_nc_init_acs->_nc_init_acs_sp
mvwin->wtouchln
mvwin->_nc_screen_of
mvinchstr->winchnstr
mvinchstr->wmove
extended_object->extended_Booleans
extended_object->extended_Numbers
extended_object->extended_Strings
_nc_get_alias_table->_nc_build_alias
slk_attr_set->slk_attr_set_sp
addch->waddch
_nc_resolve_uses2->free
_nc_resolve_uses2->malloc
_nc_resolve_uses2->llvm.memset.p0i8.i64
_nc_resolve_uses2->llvm.memcpy.p0i8.p0i8.i64
_nc_resolve_uses2->fprintf
_nc_resolve_uses2->_nc_copy_termtype
_nc_resolve_uses2->_nc_set_type
_nc_resolve_uses2->_nc_warning
_nc_resolve_uses2->_nc_err_abort
_nc_resolve_uses2->_nc_free_entries
_nc_resolve_uses2->set_curterm
_nc_resolve_uses2->_nc_first_name
_nc_resolve_uses2->_nc_name_match
_nc_resolve_uses2->_nc_read_entry
_nc_resolve_uses2->_nc_wrap_entry
_nc_resolve_uses2->_nc_merge_entry
_nc_resolve_uses2->check_collisions
_nc_resolve_uses2->remove_collision
_nc_resolve_uses2->invalid_merge
_nc_resolve_uses2->sanity_check2
_nc_resolve_uses2->fixup_acsc
noraw_sp->llvm.memcpy.p0i8.p0i8.i64
noraw_sp->_nc_set_tty_mode_sp
assume_default_colors_sp->init_pair
assume_default_colors_sp->tigetflag
wbkgrnd->llvm.memset.p0i8.i64
wbkgrnd->wbkgrndset
wbkgrnd->wtouchln
wbkgrnd->_nc_synchook
_nc_read_entry->strlen
_nc_read_entry->strchr
_nc_read_entry->strcmp
_nc_read_entry->sprintf
_nc_read_entry->_nc_pathlast
_nc_read_entry->_nc_last_db
_nc_read_entry->_nc_next_db
_nc_read_entry->_nc_first_db
_nc_read_entry->_nc_read_entry
_nc_read_entry->_nc_read_tic_entry
mvinnstr->winnstr
mvinnstr->wmove
save_text->strlen
save_text->sprintf
save_text->get_space
_nc_build_alias->calloc
isendwin->isendwin_sp
addchnstr->waddchnstr
remove_collision->fprintf
remove_collision->memcmp
remove_collision->name_ending
remove_collision->next_name
noraw->noraw_sp
use_default_colors->use_default_colors_sp
read_win->free
read_win->llvm.memset.p0i8.i64
read_win->strchr
read_win->strcmp
read_win->read_txt
read_win->decode_chtype
read_win->decode_attr
read_win->atoi
wborder->_nc_render
wborder->_nc_synchook
_nc_read_tic_entry->strcpy
_nc_read_tic_entry->_nc_name_match
_nc_read_tic_entry->_nc_read_termtype
_nc_read_tic_entry->_nc_read_file_entry
_nc_read_tic_entry->decode_quickdump
_nc_read_tic_entry->make_dir_filename
mvinsch->winsch
mvinsch->wmove
get_space->_nc_err_abort
get_space->_nc_doalloc
slk_attroff->slk_attroff_sp
addchstr->waddchnstr
invalid_merge->free
invalid_merge->strdup
invalid_merge->strcmp
invalid_merge->_nc_warning
invalid_merge->_nc_first_name
invalid_merge->find_capname
invalid_merge->extended_captype
invalid_merge->name_of_captype
nocbreak_sp->llvm.memcpy.p0i8.p0i8.i64
nocbreak_sp->_nc_set_tty_mode_sp
assume_default_colors->assume_default_colors_sp
read_txt->free
read_txt->malloc
read_txt->clearerr
read_txt->realloc
read_txt->fgetc
decode_quickdump->strncmp
decode_quickdump->lookup_b64
decode_quickdump->decode_hex
baudrate_sp->_nc_baudrate
baudrate_sp->cfgetospeed
_nc_synchook->wrefresh
_nc_synchook->wsyncup
mvinsnstr->winsnstr
mvinsnstr->wmove
tiparm->llvm.va_start
tiparm->llvm.va_end
tiparm->tparam_internal
getmouse_sp->llvm.memcpy.p0i8.p0i8.i64
addnstr->waddnstr
sanity_check2->_nc_warning
sanity_check2->fixup_acsc
nocbreak->nocbreak_sp
mcprint_sp->free
mcprint_sp->malloc
mcprint_sp->strlen
mcprint_sp->llvm.memcpy.p0i8.p0i8.i64
mcprint_sp->strcpy
mcprint_sp->__errno_location
mcprint_sp->write
mcprint_sp->sleep
mcprint_sp->tparm
wclear->werase
make_dir_filename->strlen
make_dir_filename->sprintf
mvinsstr->winsnstr
mvinsstr->wmove
_nc_set_no_padding->getenv
compare_info_names->strcmp
slk_attron->slk_attron_sp
getmouse->getmouse_sp
addstr->waddnstr
fixup_acsc->strdup
noqiflush_sp->llvm.memcpy.p0i8.p0i8.i64
noqiflush_sp->_nc_set_tty_mode_sp
read_row->decode_chtype
baudrate->baudrate_sp
mvderwin->wsyncup
newterm_sp->set_escdelay_sp
newterm_sp->fileno
newterm_sp->_nc_mvcur_init
newterm_sp->strcmp
newterm_sp->_nc_initscr
newterm_sp->_nc_setupscreen_sp
newterm_sp->_nc_slk_initialize
newterm_sp->_nc_signal_handler
newterm_sp->_nc_screen_init
newterm_sp->_nc_getenv_num
newterm_sp->baudrate_sp
newterm_sp->typeahead_sp
newterm_sp->_nc_setupterm
mvinstr->winnstr
mvinstr->wmove
define_key_sp->_nc_add_to_try
define_key_sp->has_key_sp
define_key_sp->_nc_remove_key
define_key_sp->_nc_remove_string
define_key_sp->define_key_sp
define_key_sp->key_defined_sp
delay_output_sp->_nc_mouse_parse
delay_output_sp->no_mouse_parse
delay_output_sp->ungetch_sp
delay_output_sp->_nc_baudrate
delay_output_sp->napms
delay_output_sp->_nc_flush_sp
delay_output_sp->_nc_outch_sp
delay_output_sp->_nc_putchar_sp
delay_output_sp->_nc_outc_wrapper
tcap_hash->info_hash
ungetmouse_sp->llvm.memcpy.p0i8.p0i8.i64
ungetmouse_sp->ungetch_sp
attroff->wattr_off
find_capname->strcmp
noqiflush->noqiflush_sp
decode_chtype->decode_attr
decode_chtype->decode_char
wclrtobot->_nc_synchook
set_curterm_sp->_nc_ospeed
set_curterm_sp->strncpy
mvvline->wmove
mvvline->wvline
define_key->define_key_sp
_nc_flush_sp->fflush
_nc_flush_sp->__errno_location
_nc_flush_sp->write
compare_tcap_names->strncmp
slk_attrset->slk_attrset_sp
ungetmouse->ungetmouse_sp
attron->wattr_on
intrflush_sp->llvm.memcpy.p0i8.p0i8.i64
intrflush_sp->_nc_set_tty_mode_sp
decode_attr->__ctype_b_loc
decode_attr->strlen
wclrtoeol->_nc_synchook
wsyncdown->wsyncdown
_nc_initscr->llvm.memcpy.p0i8.p0i8.i64
_nc_initscr->cbreak_sp
_nc_initscr->_nc_set_tty_mode_sp
mvwaddch->waddch
mvwaddch->wmove
_nc_outch_sp->fileno
_nc_outch_sp->write
_nc_outch_sp->_nc_flush_sp
mousemask_sp->_nc_mouse_init
mousemask_sp->mouse_activate
intrflush->intrflush_sp
mcprint->mcprint_sp
decode_char->llvm.memcpy.p0i8.p0i8.i64
decode_char->strchr
_nc_reset_colors_sp->reset_color_pair
_nc_reset_colors_sp->_nc_putp_sp
set_curterm->set_curterm_sp
wcursyncup->wmove
newterm->newterm_sp
newterm->new_prescr
mvwaddchnstr->waddchnstr
mvwaddchnstr->wmove
key_defined_sp->find_definition
delay_output->delay_output_sp
_nc_set_source->free
_nc_set_source->strdup
slk_attr->slk_attr_sp
_nc_mouse_init->initialize_mousetype
reset_color_pair->_nc_putp_sp
_nc_str_null->_nc_str_init
del_curterm_sp->free
del_curterm_sp->_nc_free_termtype
del_curterm_sp->set_curterm_sp
dupwin->llvm.memcpy.p0i8.p0i8.i64
dupwin->newwin_sp
dupwin->newpad_sp
dupwin->_nc_screen_of
_nc_freewin->free
_nc_freewin->remove_window_from_screen
mvwaddchstr->waddchnstr
mvwaddchstr->wmove
find_definition->find_definition
_nc_flush->_nc_flush_sp
_nc_set_type->malloc
_nc_set_type->strncat
slk_clear_sp->werase
slk_clear_sp->wrefresh
mouse_activate->_nc_mouse_init
mouse_activate->enable_xterm_mouse
mouse_activate->_nc_flush_sp
mouse_activate->keyok_sp
attr_off->wattr_off
set_tabsize->set_tabsize_sp
_nc_reset_colors->_nc_reset_colors_sp
_nc_str_copy->llvm.memcpy.p0i8.p0i8.i64
del_curterm->del_curterm_sp
mvwaddnstr->waddnstr
mvwaddnstr->wmove
key_defined->key_defined_sp
_nc_outch->_nc_outch_sp
slk_clear->slk_clear_sp
enable_xterm_mouse->tparm
enable_xterm_mouse->_nc_putp_sp
attr_on->wattr_on
is_term_resized->is_term_resized_sp
start_color_sp->free
start_color_sp->calloc
start_color_sp->reset_color_pair
start_color_sp->default_fg
start_color_sp->set_foreground_color
start_color_sp->default_bg
start_color_sp->set_background_color
start_color_sp->_nc_reserve_pairs
start_color_sp->init_direct_colors
start_color_sp->init_color_table
_nc_safe_strcat->strlen
_nc_safe_strcat->strcpy
_nc_panelhook->_nc_panelhook_sp
newwin_sp->calloc
newwin_sp->_nc_freewin
newwin_sp->_nc_makenew_sp
mvwaddstr->waddnstr
mvwaddstr->wmove
keybound_sp->_nc_expand_try
_nc_putchar_sp->putchar
_nc_get_type->strcpy
slk_color_sp->_nc_slk_color
_nc_get_token->malloc
_nc_get_token->__ctype_b_loc
_nc_get_token->strlen
_nc_get_token->strchr
_nc_get_token->strtol
_nc_get_token->_nc_get_hash_table
_nc_get_token->_nc_set_type
_nc_get_token->_nc_warning
_nc_get_token->_nc_err_abort
_nc_get_token->_nc_find_entry
_nc_get_token->unctrl
_nc_get_token->_nc_get_token
_nc_get_token->end_of_stream
_nc_get_token->next_char
_nc_get_token->stream_pos
_nc_get_token->eat_escaped_newline
_nc_get_token->_nc_panic_mode
_nc_get_token->last_char
_nc_get_token->_nc_trans_string
resize_term_sp->free
resize_term_sp->is_term_resized_sp
resize_term_sp->increase_size
resize_term_sp->decrease_size
_nc_safe_strcpy->strlen
_nc_safe_strcpy->strcpy
_nc_printf_string_sp->free
_nc_printf_string_sp->vsnprintf
_nc_printf_string_sp->_nc_doalloc
_nc_makenew_sp->free
_nc_makenew_sp->calloc
_nc_makenew_sp->dimension_limit
mvwchgat->wchgat
mvwchgat->wmove
keybound->keybound_sp
_nc_warning->fprintf
_nc_warning->llvm.va_start
_nc_warning->llvm.va_end
_nc_warning->where_is_problem
_nc_warning->vfprintf
_nc_mouse_inline->decode_xterm_X10
_nc_mouse_inline->decode_xterm_SGR1006
bkgd->wbkgd
end_of_stream->feof
increase_size->adjust_window
increase_size->parent_depth
getwin->getwin_sp
set_foreground_color->toggled_colors
set_foreground_color->tparm
set_foreground_color->tputs_sp
_nc_expand_try->calloc
_nc_expand_try->_nc_expand_try
has_ic->has_ic_sp
mvwdelch->wdelch
mvwdelch->wmove
keyok_sp->free
keyok_sp->_nc_add_to_try
keyok_sp->_nc_expand_try
keyok_sp->_nc_remove_key
_nc_putchar->putchar
where_is_problem->fprintf
where_is_problem->fputc
slk_color->slk_color_sp
_nc_mouse_parse->llvm.memcpy.p0i8.p0i8.i64
bkgdset->wbkgdset
next_char->free
next_char->strlen
next_char->_nc_err_abort
next_char->_nc_doalloc
next_char->ftell
next_char->fgets
next_char->strcat
decrease_size->child_depth
decrease_size->adjust_window
putwin->llvm.memset.p0i8.i64
putwin->fprintf
putwin->strncmp
putwin->clearerr
putwin->fputs
putwin->ferror
putwin->encode_attr
putwin->strcpy
putwin->sprintf
putwin->encode_cell
putwin->curses_version
_nc_remove_key->free
_nc_remove_key->_nc_remove_key
_nc_printf_string->_nc_printf_string_sp
newwin->newwin_sp
mvwgetch->wgetch
mvwgetch->wmove
keyok->keyok_sp
putp_sp->tputs_sp
slk_init_sp->_nc_ripoffline_sp
_nc_mouse_resume->mouse_activate
border->wborder
stream_pos->ftell
child_depth->child_depth
set_background_color->toggled_colors
set_background_color->tparm
set_background_color->tputs_sp
_nc_remove_string->free
_nc_remove_string->_nc_remove_string
has_il->has_il_sp
doupdate_sp->_nc_scroll_optimize_sp
doupdate_sp->_nc_mouse_event
doupdate_sp->_nc_mouse_inline
doupdate_sp->_nc_mouse_resume
doupdate_sp->_nc_mouse_wrap
doupdate_sp->_nc_mvcur_resume_sp
doupdate_sp->no_mouse_event
doupdate_sp->no_mouse_inline
doupdate_sp->no_mouse_resume
doupdate_sp->no_mouse_wrap
doupdate_sp->_nc_signal_handler
doupdate_sp->vidputs_sp
doupdate_sp->_nc_screen_resume_sp
doupdate_sp->ClrUpdate
doupdate_sp->check_pending
doupdate_sp->ClrBottom
doupdate_sp->TransformLine
doupdate_sp->GoTo
doupdate_sp->_nc_handle_sigwinch
doupdate_sp->_nc_update_screensize
doupdate_sp->_nc_flush_sp
doupdate_sp->reset_prog_mode_sp
derwin->_nc_makenew_sp
derwin->_nc_screen_of
mvwgetnstr->wgetnstr
mvwgetnstr->wmove
tputs_sp->__ctype_b_loc
tputs_sp->strchr
tputs_sp->_nc_baudrate
tputs_sp->delay_output_sp
tputs_sp->_nc_outch_sp
tputs_sp->_nc_putchar_sp
tputs_sp->_nc_outc_wrapper
slk_init->slk_init_sp
slk_init->new_prescr
_nc_mouse_wrap->mouse_activate
box->wborder
eat_escaped_newline->next_char
_nc_get_screensize->isatty
_nc_get_screensize->__errno_location
_nc_get_screensize->_nc_getenv_num
_nc_get_screensize->_nc_setenv_num
_nc_get_screensize->ioctl
adjust_window->_nc_format_slks
adjust_window->ripped_window
adjust_window->ripped_bottom
adjust_window->wresize
adjust_window->_nc_screen_of
_nc_reserve_pairs->calloc
_nc_reserve_pairs->llvm.memset.p0i8.i64
_nc_reserve_pairs->_nc_err_abort
_nc_reserve_pairs->_nc_doalloc
_nc_trim_sgr0->free
_nc_trim_sgr0->strlen
_nc_trim_sgr0->strdup
_nc_trim_sgr0->strstr
_nc_trim_sgr0->strcmp
_nc_trim_sgr0->set_attribute_9
_nc_trim_sgr0->rewrite_sgr
_nc_trim_sgr0->similar_sgr
_nc_trim_sgr0->compare_part
_nc_trim_sgr0->chop_out
_nc_trim_sgr0->is_csi
_nc_trim_sgr0->skip_zero
erasechar_sp->_nc_vdisable
_nc_screen_resume_sp->_nc_reset_colors_sp
_nc_screen_resume_sp->_nc_init_color
_nc_screen_resume_sp->_nc_putp_sp
subwin->derwin
mvwgetstr->wgetnstr
mvwgetstr->wmove
putp->putp_sp
_nc_err_abort->fprintf
_nc_err_abort->exit
_nc_err_abort->llvm.va_start
_nc_err_abort->llvm.va_end
_nc_err_abort->where_is_problem
_nc_err_abort->vfprintf
decode_xterm_X10->read
decode_xterm_X10->decode_X10_bstate
chgat->wchgat
_nc_panic_mode->next_char
encode_attr->strlen
encode_attr->strcpy
encode_attr->sprintf
init_direct_colors->__isoc99_sscanf
init_direct_colors->tigetflag
init_direct_colors->tigetnum
init_direct_colors->tigetstr
set_attribute_9->strdup
set_attribute_9->tparm
_nc_vdisable->fpathconf
ClrUpdate->ClrBottom
ClrUpdate->TransformLine
ClrUpdate->ClrBlank
ClrUpdate->ClearScreen
mvwhline->whline
mvwhline->wmove
_nc_putp_sp->tputs_sp
_nc_syserr_abort->fprintf
_nc_syserr_abort->exit
_nc_syserr_abort->llvm.va_start
_nc_syserr_abort->llvm.va_end
_nc_syserr_abort->where_is_problem
_nc_syserr_abort->vfprintf
slk_label->slk_label_sp
decode_xterm_SGR1006->read_SGR
decode_xterm_SGR1006->handle_wheel
clear->wclear
last_char->__ctype_b_loc
last_char->strlen
_nc_update_screensize->_nc_mouse_parse
_nc_update_screensize->no_mouse_parse
_nc_update_screensize->ungetch_sp
_nc_update_screensize->resizeterm_sp
_nc_update_screensize->_nc_get_screensize
_nc_update_screensize->_nc_outch_sp
_nc_update_screensize->_nc_putchar_sp
_nc_update_screensize->_nc_outc_wrapper
init_color_table->llvm.memcpy.p0i8.p0i8.i64
rewrite_sgr->strlen
rewrite_sgr->strncmp
rewrite_sgr->strcpy
check_pending->poll
check_pending->_nc_flush_sp
mvwinch->wmove
mvwinch->winch
_nc_putp->_nc_putp_sp
_nc_find_entry->_nc_get_table
_nc_find_entry->_nc_get_hash_table
_nc_find_entry->_nc_get_hash_info
_nc_find_entry->info_hash
_nc_find_entry->compare_info_names
_nc_find_entry->tcap_hash
_nc_find_entry->compare_tcap_names
slk_noutrefresh_sp->wnoutrefresh
slk_noutrefresh_sp->slk_intern_refresh
read_SGR->llvm.memset.p0i8.i64
read_SGR->read
clrtobot->wclrtobot
_nc_trans_string->__ctype_b_loc
_nc_trans_string->_nc_warning
_nc_trans_string->_nc_err_abort
_nc_trans_string->unctrl
_nc_trans_string->next_char
_nc_trans_string->push_back
_nc_setup_tinfo->_nc_read_entry
similar_sgr->strlen
similar_sgr->strncmp
similar_sgr->is_csi
similar_sgr->skip_zero
erasechar->erasechar_sp
ClrBottom->GoTo
ClrBottom->can_clear_with
ClrBottom->ClrToEOS
mvwinchnstr->winchnstr
mvwinchnstr->wmove
