numa_init->set_sizes
numa_init->numa_num_configured_nodes
numa_init->nodemask_set_compat
numa_init->llvm.memset.p0i8.i64
numa_set_interleave_mask_v2->numa_bitmask_equal
numa_set_interleave_mask_v2->setpol
rta_put_address->llvm.memcpy.p0i8.p0i8.i64
rta_put_address->rta_put
numa_get_membind_v1->numa_bitmask_free
numa_get_membind_v1->allocate_nodemask_v1
numa_get_membind_v1->getpol
numa_get_membind_v1->copy_bitmask_to_nodemask
numa_get_membind_v1->llvm.memcpy.p0i8.p0i8.i64
numa_bitmask_alloc->free
numa_bitmask_alloc->__errno_location
numa_bitmask_alloc->numa_error
numa_bitmask_alloc->exit
numa_bitmask_alloc->malloc
numa_bitmask_alloc->calloc
numa_run_on_node_mask_v1->llvm.memset.p0i8.i64
numa_run_on_node_mask_v1->free
numa_run_on_node_mask_v1->llvm.stacksave
numa_run_on_node_mask_v1->llvm.stackrestore
numa_run_on_node_mask_v1->__errno_location
numa_run_on_node_mask_v1->malloc
numa_run_on_node_mask_v1->numa_num_possible_cpus
numa_run_on_node_mask_v1->numa_warn
numa_run_on_node_mask_v1->nodemask_isset_compat
numa_run_on_node_mask_v1->llvm.memcpy.p0i8.p0i8.i64
numa_run_on_node_mask_v1->numa_node_to_cpus_v1
numa_run_on_node_mask_v1->numa_sched_setaffinity_v1
numa_parse_nodestring->__numa_parse_nodestring
numa_sched_setaffinity_v1->syscall
numa_setlocal_memory->dombind
set_sizes->set_nodemask_size
set_sizes->set_configured_nodes
set_sizes->set_numa_max_cpu
set_sizes->set_configured_cpus
set_sizes->set_task_constraints
numa_get_interleave_mask_v1->numa_bitmask_free
numa_get_interleave_mask_v1->allocate_nodemask_v1
numa_get_interleave_mask_v1->getpol
numa_get_interleave_mask_v1->copy_bitmask_to_nodemask
rtnetlink_request->__errno_location
rtnetlink_request->socket
rtnetlink_request->close
rtnetlink_request->sendto
rtnetlink_request->recvfrom
numa_get_membind_v2->numa_allocate_nodemask
numa_get_membind_v2->getpol
numa_get_membind_v2->copy_bitmask_to_bitmask
numa_run_on_node_mask_v2->numa_bitmask_isbitset
numa_run_on_node_mask_v2->numa_allocate_cpumask
numa_run_on_node_mask_v2->numa_error
numa_run_on_node_mask_v2->numa_bitmask_free
numa_run_on_node_mask_v2->numa_warn
numa_run_on_node_mask_v2->numa_node_to_cpus_v2
numa_run_on_node_mask_v2->numa_sched_setaffinity_v2
__numa_parse_nodestring->numa_num_configured_nodes
__numa_parse_nodestring->numa_bitmask_isbitset
__numa_parse_nodestring->numa_allocate_nodemask
__numa_parse_nodestring->numa_bitmask_setbit
__numa_parse_nodestring->numa_bitmask_clearbit
__numa_parse_nodestring->numa_bitmask_free
__numa_parse_nodestring->numa_warn
__numa_parse_nodestring->__ctype_b_loc
__numa_parse_nodestring->strlen
__numa_parse_nodestring->copy_bitmask_to_bitmask
__numa_parse_nodestring->strcmp
__numa_parse_nodestring->get_nr
__numa_parse_nodestring->resolve_affinity
strprefix->strncmp
strprefix->strlen
numa_sched_setaffinity_v2->numa_bitmask_nbytes
numa_sched_setaffinity_v2->syscall
numa_num_thread_nodes->numa_num_task_nodes
numa_police_memory->numa_pagesize
numa_num_configured_nodes->numa_bitmask_isbitset
allocate_nodemask_v1->numa_bitmask_alloc
allocate_nodemask_v1->numa_max_possible_node_v1
numa_get_mems_allowed->numa_allocate_nodemask
numa_get_mems_allowed->numa_error
numa_get_mems_allowed->get_mempolicy
numa_error->__errno_location
numa_error->exit
numa_error->perror
numa_run_on_node_mask_all->numa_bitmask_isbitset
numa_run_on_node_mask_all->numa_allocate_cpumask
numa_run_on_node_mask_all->numa_error
numa_run_on_node_mask_all->numa_bitmask_free
numa_run_on_node_mask_all->numa_warn
numa_run_on_node_mask_all->numa_node_to_cpus_v2
numa_run_on_node_mask_all->numa_sched_setaffinity_v2
numa_sched_getaffinity_v1->syscall
numa_alloc->numa_police_memory
numa_alloc->mmap
getpol->numa_error
getpol->get_mempolicy
numa_free->munmap
numa_get_run_node_mask_v1->numa_allocate_cpumask
numa_get_run_node_mask_v1->numa_bitmask_setbit
numa_get_run_node_mask_v1->numa_bitmask_free
numa_get_run_node_mask_v1->numa_num_configured_cpus
numa_get_run_node_mask_v1->numa_max_node
numa_get_run_node_mask_v1->allocate_nodemask_v1
numa_get_run_node_mask_v1->copy_bitmask_to_nodemask
numa_get_run_node_mask_v1->llvm.memcpy.p0i8.p0i8.i64
numa_get_run_node_mask_v1->numa_node_to_cpus_v2
numa_get_run_node_mask_v1->numa_sched_getaffinity_v2
get_nr->numa_bitmask_isbitset
get_nr->strtoul
s2nbits->strlen
numa_sched_getaffinity_v2->numa_bitmask_nbytes
numa_sched_getaffinity_v2->syscall
numa_num_thread_cpus->numa_num_task_cpus
copy_bitmask_to_nodemask->nodemask_set_compat
copy_bitmask_to_nodemask->llvm.memset.p0i8.i64
copy_bitmask_to_nodemask->numa_bitmask_isbitset
read_mask->llvm.stacksave
read_mask->strtoul
read_mask->numa_bitmask_weight
read_mask->llvm.stackrestore
numa_get_run_node_mask_v2->numa_bitmask_isbitset
numa_get_run_node_mask_v2->numa_allocate_cpumask
numa_get_run_node_mask_v2->numa_bitmask_setbit
numa_get_run_node_mask_v2->numa_bitmask_free
numa_get_run_node_mask_v2->numa_num_configured_cpus
numa_get_run_node_mask_v2->numa_max_node
numa_get_run_node_mask_v2->copy_bitmask_to_bitmask
numa_get_run_node_mask_v2->numa_node_to_cpus_v2
numa_get_run_node_mask_v2->numa_sched_getaffinity_v2
numa_parse_nodestring_all->__numa_parse_nodestring
numa_distance->read_distance_table
numa_realloc->mremap
numa_bitmask_isbitset->_getbit
numa_get_interleave_mask_v2->numa_allocate_nodemask
numa_get_interleave_mask_v2->getpol
numa_get_interleave_mask_v2->copy_bitmask_to_bitmask
numa_parse_bitmap_v1->strtoul
numa_parse_bitmap_v1->strchr
numa_parse_bitmap_v1->llvm.memmove.p0i8.p0i8.i64
numa_migrate_pages->numa_num_possible_nodes
numa_migrate_pages->migrate_pages
numa_parse_cpustring->__numa_parse_cpustring
numa_fini->numa_bitmask_free
numa_fini->cleanup_node_cpu_mask_v2
read_distance_table->fopen
read_distance_table->fclose
read_distance_table->free
read_distance_table->__errno_location
read_distance_table->calloc
read_distance_table->strerror
read_distance_table->numa_warn
read_distance_table->sprintf
read_distance_table->getdelim
read_distance_table->numa_max_node
read_distance_table->parse_numbers
find_route->llvm.memset.p0i8.i64
find_route->__errno_location
find_route->strerror
find_route->numa_warn
find_route->llvm.memcpy.p0i8.p0i8.i64
find_route->rta_get
find_route->rta_put_address
find_route->rtnetlink_request
sysfs_read->free
sysfs_read->malloc
sysfs_read->close
sysfs_read->open
sysfs_read->read
copy_bitmask_to_bitmask->llvm.memset.p0i8.i64
copy_bitmask_to_bitmask->llvm.memcpy.p0i8.p0i8.i64
numa_move_pages->move_pages
__numa_parse_cpustring->numa_bitmask_isbitset
__numa_parse_cpustring->numa_allocate_cpumask
__numa_parse_cpustring->numa_bitmask_setbit
__numa_parse_cpustring->numa_bitmask_clearbit
__numa_parse_cpustring->numa_bitmask_free
__numa_parse_cpustring->numa_warn
__numa_parse_cpustring->numa_num_configured_cpus
__numa_parse_cpustring->copy_bitmask_to_bitmask
__numa_parse_cpustring->strcmp
__numa_parse_cpustring->get_nr
cleanup_node_cpu_mask_v2->free
cleanup_node_cpu_mask_v2->numa_max_possible_node_v2
cleanup_node_cpu_mask_v2->numa_bitmask_free
parse_numbers->numa_bitmask_isbitset
parse_numbers->strtoul
parse_numbers->numa_max_node
numa_node_size->numa_node_size64
iif_to_name->socket
iif_to_name->ioctl
iif_to_name->close
numa_alloc_interleaved_subset_v1->dombind
numa_alloc_interleaved_subset_v1->mmap
set_nodemask_size->fopen
set_nodemask_size->getline
set_nodemask_size->fclose
set_nodemask_size->free
set_nodemask_size->__errno_location
set_nodemask_size->strprefix
set_nodemask_size->strlen
set_nodemask_size->s2nbits
set_nodemask_size->realloc
set_nodemask_size->get_mempolicy
numa_bitmask_setbit->_setbit
numa_max_possible_node_v2->numa_num_possible_nodes
numa_run_on_node->numa_allocate_cpumask
numa_run_on_node->__errno_location
numa_run_on_node->numa_num_possible_nodes
numa_run_on_node->numa_bitmask_free
numa_run_on_node->numa_warn
numa_run_on_node->numa_bitmask_setall
numa_run_on_node->numa_node_to_cpus_v2
numa_run_on_node->numa_sched_setaffinity_v2
numa_node_size64->fopen
numa_node_size64->fclose
numa_node_size64->free
numa_node_size64->numa_warn
numa_node_size64->sprintf
numa_node_size64->getdelim
numa_node_size64->strcasestr
numa_node_size64->__ctype_b_loc
numa_node_size64->strstr
numa_node_size64->strtoull
numa_parse_cpustring_all->__numa_parse_cpustring
numa_bitmask_setall->_setbit
resolve_affinity->strncmp
resolve_affinity->numa_warn
resolve_affinity->strlen
resolve_affinity->affinity_class
resolve_affinity->affinity_ip
resolve_affinity->affinity_file
resolve_affinity->affinity_pci
numa_available->__errno_location
numa_available->get_mempolicy
numa_alloc_interleaved_subset_v2->dombind
numa_alloc_interleaved_subset_v2->mmap
set_configured_nodes->numa_allocate_nodemask
set_configured_nodes->strncmp
set_configured_nodes->numa_bitmask_setbit
set_configured_nodes->strtoul
set_configured_nodes->opendir
set_configured_nodes->readdir
set_configured_nodes->numa_node_size64
set_configured_nodes->closedir
numa_get_interleave_node->get_mempolicy
numa_bitmask_clearbit->_setbit
numa_parse_bitmap_v2->strtoul
numa_parse_bitmap_v2->strchr
numa_parse_bitmap_v2->llvm.memmove.p0i8.p0i8.i64
numa_preferred->numa_bitmask_isbitset
numa_preferred->numa_allocate_nodemask
numa_preferred->numa_num_possible_nodes
numa_preferred->numa_bitmask_free
numa_preferred->getpol
get_mempolicy->syscall
numa_bitmask_clearall->_setbit
affinity_class->free
affinity_class->numa_warn
affinity_class->__ctype_b_loc
affinity_class->node_parse_failure
affinity_class->badchar
affinity_class->asprintf
affinity_class->readlink
affinity_class->regcomp
affinity_class->regexec
affinity_class->regfree
affinity_class->__assert_fail
affinity_class->sysfs_node_read
numa_interleave_memory_v1->dombind
numa_alloc_interleaved->numa_alloc_interleaved_subset_v2
set_numa_max_cpu->numa_bitmask_alloc
set_numa_max_cpu->__errno_location
set_numa_max_cpu->numa_bitmask_free
set_numa_max_cpu->strerror
set_numa_max_cpu->numa_warn
set_numa_max_cpu->numa_sched_getaffinity_v2
sysfs_node_read->free
sysfs_node_read->numa_bitmask_setbit
sysfs_node_read->llvm.va_start
sysfs_node_read->llvm.va_end
sysfs_node_read->__ctype_b_loc
sysfs_node_read->numa_num_task_nodes
sysfs_node_read->sysfs_read
sysfs_node_read->vasprintf
sysfs_node_read->strtol
numa_alloc_onnode->numa_allocate_nodemask
numa_alloc_onnode->numa_bitmask_setbit
numa_alloc_onnode->numa_bitmask_free
numa_alloc_onnode->dombind
numa_alloc_onnode->mmap
numa_node_to_cpus_v1->llvm.memset.p0i8.i64
numa_node_to_cpus_v1->numa_bitmask_isbitset
numa_node_to_cpus_v1->fopen
numa_node_to_cpus_v1->fclose
numa_node_to_cpus_v1->free
numa_node_to_cpus_v1->__errno_location
numa_node_to_cpus_v1->malloc
numa_node_to_cpus_v1->numa_num_possible_cpus
numa_node_to_cpus_v1->strerror
numa_node_to_cpus_v1->numa_warn
numa_node_to_cpus_v1->sprintf
numa_node_to_cpus_v1->getdelim
numa_node_to_cpus_v1->numa_bitmask_setall
numa_node_to_cpus_v1->numa_max_node
numa_node_to_cpus_v1->llvm.memcpy.p0i8.p0i8.i64
numa_node_to_cpus_v1->numa_parse_bitmap_v1
numa_set_preferred->numa_allocate_nodemask
numa_set_preferred->numa_bitmask_setbit
numa_set_preferred->numa_bitmask_free
numa_set_preferred->setpol
affinity_ip->numa_warn
affinity_ip->affinity_class
affinity_ip->getaddrinfo
affinity_ip->gai_strerror
affinity_ip->find_route
affinity_ip->iif_to_name
affinity_ip->freeaddrinfo
dombind->numa_error
dombind->mbind
numa_set_interleave_mask_v1->numa_bitmask_alloc
numa_set_interleave_mask_v1->numa_bitmask_free
numa_set_interleave_mask_v1->numa_bitmask_equal
numa_set_interleave_mask_v1->numa_max_possible_node_v1
numa_set_interleave_mask_v1->copy_nodemask_to_bitmask
numa_set_interleave_mask_v1->setpol
set_configured_cpus->numa_error
set_configured_cpus->sysconf
numa_alloc_local->dombind
numa_alloc_local->mmap
numa_node_to_cpus_v2->numa_bitmask_isbitset
numa_node_to_cpus_v2->numa_allocate_cpumask
numa_node_to_cpus_v2->fopen
numa_node_to_cpus_v2->fclose
numa_node_to_cpus_v2->free
numa_node_to_cpus_v2->__errno_location
numa_node_to_cpus_v2->numa_error
numa_node_to_cpus_v2->numa_bitmask_free
numa_node_to_cpus_v2->strerror
numa_node_to_cpus_v2->numa_warn
numa_node_to_cpus_v2->sprintf
numa_node_to_cpus_v2->getdelim
numa_node_to_cpus_v2->numa_bitmask_setall
numa_node_to_cpus_v2->numa_bitmask_clearall
numa_node_to_cpus_v2->numa_max_node
numa_node_to_cpus_v2->copy_bitmask_to_bitmask
numa_node_to_cpus_v2->numa_parse_bitmap_v2
numa_node_to_cpus_v2->init_node_cpu_mask_v2
numa_set_localalloc->setpol
mbind->syscall
numa_bitmask_equal->_getbit
affinity_file->free
affinity_file->llvm.stacksave
affinity_file->llvm.stackrestore
affinity_file->numa_warn
affinity_file->opendir
affinity_file->readdir
affinity_file->closedir
affinity_file->sprintf
affinity_file->strlen
affinity_file->affinity_class
affinity_file->sscanf
affinity_file->stat
affinity_file->gnu_dev_major
affinity_file->gnu_dev_minor
affinity_file->sysfs_read
numa_interleave_memory_v2->dombind
copy_nodemask_to_bitmask->numa_bitmask_setbit
copy_nodemask_to_bitmask->numa_bitmask_clearall
copy_nodemask_to_bitmask->nodemask_isset_compat
set_task_constraints->numa_allocate_cpumask
set_task_constraints->numa_allocate_nodemask
set_task_constraints->fopen
set_task_constraints->getline
set_task_constraints->strrchr
set_task_constraints->strncmp
set_task_constraints->read_mask
set_task_constraints->fclose
set_task_constraints->free
set_task_constraints->numa_bitmask_setbit
set_task_constraints->numa_bitmask_clearbit
init_node_cpu_mask_v2->calloc
init_node_cpu_mask_v2->numa_max_possible_node_v2
numa_bitmask_free->free
numa_bind_v1->numa_set_membind_v2
numa_bind_v1->numa_run_on_node_mask_v2
set_mempolicy->syscall
numa_pagesize->getpagesize
affinity_pci->numa_warn
affinity_pci->sscanf
affinity_pci->node_parse_failure
affinity_pci->sysfs_node_read
numa_tonode_memory->numa_allocate_nodemask
numa_tonode_memory->numa_bitmask_setbit
numa_tonode_memory->numa_bitmask_free
numa_tonode_memory->dombind
badchar->strpbrk
setpol->numa_error
setpol->set_mempolicy
numa_allocate_cpumask->numa_bitmask_alloc
numa_allocate_cpumask->numa_num_possible_cpus
numa_set_membind_v1->setpol
numa_bitmask_weight->_getbit
numa_bind_v2->numa_set_membind_v2
numa_bind_v2->numa_run_on_node_mask_v2
migrate_pages->syscall
numa_tonodemask_memory_v1->dombind
numa_allocate_nodemask->numa_bitmask_alloc
numa_allocate_nodemask->numa_max_possible_node_v2
numa_set_membind_v2->setpol
numa_node_of_cpu->numa_bitmask_isbitset
numa_node_of_cpu->numa_bitmask_alloc
numa_node_of_cpu->__errno_location
numa_node_of_cpu->numa_num_possible_cpus
numa_node_of_cpu->numa_bitmask_free
numa_node_of_cpu->numa_max_node
numa_node_of_cpu->numa_node_to_cpus_v2
numa_warn->__errno_location
numa_warn->llvm.va_start
numa_warn->fprintf
numa_warn->vfprintf
numa_warn->fputc
numa_warn->llvm.va_end
move_pages->syscall
node_parse_failure->numa_warn
numa_tonodemask_memory_v2->dombind
