pcre_pattern_to_host_byte_order->swap_uint32
pcre_pattern_to_host_byte_order->swap_uint16
pcre_exec->llvm.memcpy.p0i8.p0i8.i64
pcre_exec->match
pcre_exec->malloc
pcre_exec->free
pcre_exec->_pcre_is_newline
pcre_exec->_pcre_was_newline
pcre_copy_named_substring->pcre_copy_substring
pcre_copy_named_substring->get_first_set
is_anchored->is_anchored
is_anchored->first_significant_code
compare_opcodes->get_chr_property_list
compare_opcodes->compare_opcodes
set_start_bits->set_start_bits
set_start_bits->set_table_bit
set_start_bits->set_nottype_bits
set_start_bits->set_type_bits
add_list_to_class->add_to_class
pcre_compile->pcre_compile2
pcre_get_stringnumber->strcmp
pcre_get_stringnumber->pcre_fullinfo
auto_possessify->get_repeat_base
auto_possessify->get_chr_property_list
auto_possessify->compare_opcodes
pcre_get_substring->llvm.memcpy.p0i8.p0i8.i64
pcre_get_substring->malloc
compile_branch->_pcre_find_bracket
compile_branch->strncmp
compile_branch->compile_regex
compile_branch->could_be_empty_branch
compile_branch->llvm.memmove.p0i8.p0i8.i64
compile_branch->llvm.memcpy.p0i8.p0i8.i64
compile_branch->adjust_recurse
compile_branch->complete_callout
compile_branch->auto_callout
compile_branch->is_counted_repeat
compile_branch->check_posix_syntax
compile_branch->llvm.memset.p0i8.i64
compile_branch->check_posix_name
compile_branch->check_escape
compile_branch->add_list_to_class
compile_branch->add_not_list_to_class
compile_branch->add_to_class
compile_branch->read_repeat_counts
compile_branch->expand_workspace
compile_branch->strcmp
compile_branch->could_be_empty
compile_branch->malloc
compile_branch->free
compile_branch->_pcre_is_newline
expand_workspace->llvm.memcpy.p0i8.p0i8.i64
expand_workspace->malloc
expand_workspace->free
match->llvm.memcpy.p0i8.p0i8.i64
match->strcmp
match->match
match->match_ref
match->malloc
match->free
match->_pcre_is_newline
match->_pcre_was_newline
get_first_set->pcre_get_stringnumber
get_first_set->pcre_get_stringtable_entries
find_firstassertedchar->find_firstassertedchar
find_firstassertedchar->first_significant_code
find_minlength->_pcre_find_bracket
find_minlength->find_minlength
add_not_list_to_class->add_to_class
pcre_dfa_exec->internal_dfa_exec
pcre_dfa_exec->_pcre_is_newline
pcre_dfa_exec->_pcre_was_newline
pcre_compile2->_pcre_find_bracket
pcre_compile2->strncmp
pcre_compile2->__ctype_b_loc
pcre_compile2->strlen
pcre_compile2->compile_regex
pcre_compile2->add_name
pcre_compile2->auto_possessify
pcre_compile2->find_fixedlength
pcre_compile2->find_error_text
pcre_compile2->is_anchored
pcre_compile2->find_firstassertedchar
pcre_compile2->is_startline
pcre_compile2->could_be_empty_branch
pcre_compile2->malloc
pcre_compile2->free
pcre_get_stringtable_entries->strcmp
pcre_get_stringtable_entries->pcre_fullinfo
find_fixedlength->find_fixedlength
pcre_get_named_substring->get_first_set
pcre_get_named_substring->pcre_get_substring
adjust_recurse->find_recurse
check_posix_name->strncmp
pcre_free_study->free
compile_regex->find_fixedlength
compile_regex->llvm.memmove.p0i8.p0i8.i64
compile_regex->compile_branch
compile_regex->adjust_recurse
pcre_get_substring_list->llvm.memcpy.p0i8.p0i8.i64
pcre_get_substring_list->malloc
is_startline->is_startline
is_startline->first_significant_code
internal_dfa_exec->llvm.memmove.p0i8.p0i8.i64
internal_dfa_exec->llvm.memcpy.p0i8.p0i8.i64
internal_dfa_exec->internal_dfa_exec
internal_dfa_exec->_pcre_is_newline
internal_dfa_exec->_pcre_was_newline
internal_dfa_exec->_pcre_xclass
pcre_copy_substring->llvm.memcpy.p0i8.p0i8.i64
pcre_free_substring->free
get_chr_property_list->get_repeat_base
pcre_maketables->__ctype_b_loc
pcre_maketables->llvm.memset.p0i8.i64
pcre_maketables->malloc
pcre_maketables->tolower
pcre_maketables->toupper
pcre_maketables->strchr
pcre_study->llvm.memcpy.p0i8.p0i8.i64
pcre_study->llvm.memset.p0i8.i64
pcre_study->pcre_fullinfo
pcre_study->malloc
pcre_study->set_start_bits
pcre_study->find_minlength
check_escape->is_counted_repeat
could_be_empty->could_be_empty_branch
add_name->memcmp
add_name->llvm.memmove.p0i8.p0i8.i64
add_name->llvm.memcpy.p0i8.p0i8.i64
pcre_free_substring_list->free
could_be_empty_branch->could_be_empty_branch
could_be_empty_branch->first_significant_code
