rk_base64_encode->malloc
rk_base64_encode->strlen
rk_ecalloc->errx
rk_ecalloc->calloc
rk_socket_set_debug->setsockopt
split_spec->strchr
split_spec->strdup
split_spec->sscanf
getnameinfo_verified->llvm.memset.p0i8.i64
getnameinfo_verified->getaddrinfo
getnameinfo_verified->getnameinfo
getnameinfo_verified->memcmp
getnameinfo_verified->freeaddrinfo
getnameinfo_verified->rk_socket_addr_size
getnameinfo_verified->rk_socket_get_address
rk_strpoolfree->free
do_hvis->strchr
do_hvis->__ctype_b_loc
do_hvis->do_svis
rtbl_set_column_affix_by_id->free
rtbl_set_column_affix_by_id->strdup
rtbl_set_column_affix_by_id->rtbl_get_column_by_id
rk_pidfile->rk_getprogname
rk_pidfile->rk_pid_file_write
rk_pidfile->getpid
rk_pidfile->atexit
print_time_table->print_units_table
g_lstat->g_Ctoc
g_lstat->lstat
print_units_table->strlen
print_units_table->fprintf
print_units_table->unparse_units
rk_cgetent->getent
append_string->strlen
append_string->as_append_char
append_string->pad
rk_emalloc->malloc
rk_emalloc->errx
setup_int->free
setup_int->llvm.memset.p0i8.i64
setup_int->make_address
setup_int->htons
setup_int->asprintf
roken_vmconcat->malloc
roken_vmconcat->strlen
roken_vmconcat->llvm.memcpy.p0i8.p0i8.i64
roken_vmconcat->free
roken_vmconcat->realloc
rk_strsep_copy->llvm.memcpy.p0i8.p0i8.i64
rk_strsep_copy->strcspn
rk_strpoolprintf->malloc
rk_strpoolprintf->llvm.va_start
rk_strpoolprintf->llvm.va_end
rk_strpoolprintf->llvm.memcpy.p0i8.p0i8.i64
rk_strpoolprintf->free
rk_strpoolprintf->realloc
rk_strpoolprintf->vasprintf
rk_strpoolprintf->rk_strpoolfree
do_svis->strchr
do_svis->__ctype_b_loc
mini_inetd->errx
mini_inetd->llvm.memset.p0i8.i64
mini_inetd->snprintf
mini_inetd->getaddrinfo
mini_inetd->freeaddrinfo
mini_inetd->mini_inetd_addrinfo
mini_inetd->ntohs
mini_inetd->gai_strerror
pidfile_cleanup->getpid
pidfile_cleanup->rk_pid_file_delete
parse_units->parse_something
g_stat->g_Ctoc
g_stat->stat
rk_simple_execvp_timed->fork
rk_simple_execvp_timed->__errno_location
rk_simple_execvp_timed->rk_wait_for_process_timed
rk_simple_execvp_timed->exit
rk_simple_execvp_timed->execvp
unparse_flags->unparse_something
getent->malloc
getent->free
getent->realloc
getent->close
getent->open
getent->read
getent->__errno_location
getent->cgetcap
getent->getent
getent->cgetmatch
getent->lseek
getent->nfcmp
getent->llvm.memmove.p0i8.p0i8.i64
getent->rk_strlcpy
append_number->__assert_fail
append_number->as_append_char
append_number->use_alternative
append_number->pad
rk_erealloc->realloc
rk_erealloc->errx
rk_socket_set_tos->setsockopt
make_address->inet_aton
make_address->gethostbyname
rk_strupr->toupper
rk_strpoolcollect->free
rk_strpoolcollect->strdup
k_getpwnam->getpwnam
k_getpwnam->getspnam
k_getpwnam->endspent
rk_strsvis->malloc
rk_strsvis->free
rk_strsvis->do_hvis
rk_strsvis->do_svis
rtbl_add_column_entry_by_id->rtbl_get_column_by_id
rtbl_add_column_entry_by_id->add_column_entry
signal->sigemptyset
signal->sigaction
glob3->__errno_location
glob3->g_Ctoc
glob3->glob2
glob3->g_opendir
glob3->readdir
glob3->match
glob3->closedir
print_flag->snprintf
get_window_size->getenv
get_window_size->ioctl
get_window_size->atoi
rk_base64_decode->strchr
rk_base64_decode->token_decode
rk_estrdup->errx
rk_estrdup->strdup
rk_socket_set_nonblocking->fcntl
rtbl_create->calloc
rk_strsvisx->malloc
rk_strsvisx->free
rk_strsvisx->do_hvis
rk_strsvisx->do_svis
add_column_entry->llvm.memcpy.p0i8.p0i8.i64
add_column_entry->free
add_column_entry->realloc
add_column_entry->strdup
rk_dumpdata->close
rk_dumpdata->open
rk_dumpdata->net_write
rk_xfree->free
parse_something->strlen
parse_something->strcspn
parse_something->__ctype_b_loc
parse_something->strtol
parse_something->acc_units
parse_something->strcasecmp
parse_something->strncasecmp
parse_something->acc_flags
rk_free_environment->free
g_opendir->g_Ctoc
g_opendir->opendir
g_opendir->rk_strlcpy
rk_simple_execvp->rk_simple_execvp_timed
pad->as_append_char
parse_reply->free
parse_reply->strdup
parse_reply->rk_dns_free_data
parse_reply->calloc
parse_reply->__dn_expand
parse_reply->parse_record
rk_freehostent->free
rk_socket_set_reuseaddr->setsockopt
roken_mconcat->llvm.va_start
roken_mconcat->llvm.va_end
roken_mconcat->roken_vmconcat
rk_timevaladd->rk_timevalfix
rk_vis->malloc
rk_vis->free
rk_vis->do_hvis
rk_vis->do_svis
rtbl_add_column_entryv_by_id->llvm.va_start
rtbl_add_column_entryv_by_id->llvm.va_end
rtbl_add_column_entryv_by_id->free
rtbl_add_column_entryv_by_id->rtbl_add_column_entry_by_id
rtbl_add_column_entryv_by_id->vasprintf
rk_mkdir->mkdir
rk_undumpdata->malloc
rk_undumpdata->free
rk_undumpdata->close
rk_undumpdata->open
rk_undumpdata->__errno_location
rk_undumpdata->fstat
rk_undumpdata->net_read
rk_glob->globexp1
rk_glob->glob0
rk_eread->err
rk_eread->net_read
rk_simple_execve_timed->fork
rk_simple_execve_timed->__errno_location
rk_simple_execve_timed->rk_wait_for_process_timed
rk_simple_execve_timed->exit
rk_simple_execve_timed->execve
print_flags_table->fprintf
nfcmp->strcmp
as_reserve->realloc
getarg->arg_match_long
getarg->arg_match_short
getarg->rk_random_init
token_decode->strlen
token_decode->pos
rk_getipnodebyaddr->gethostbyaddr
rk_getipnodebyaddr->rk_copyhostent
rk_getipnodebyaddr->__h_errno_location
rk_socket_set_ipv6only->setsockopt
rk_hex_encode->malloc
rk_cloexec->fcntl
rk_timevalsub->rk_timevalfix
rk_strvis->malloc
rk_strvis->free
rk_strvis->rk_strsvis
globexp1->glob0
globexp1->g_strchr
globexp1->globexp2
rk_wait_for_process_timed->__errno_location
rk_wait_for_process_timed->signal
rk_wait_for_process_timed->alarm
rk_wait_for_process_timed->waitpid
rk_wait_for_process_timed->kill
rk_esetenv->errx
rk_esetenv->setenv
match->match
rk_random_init->time
rk_random_init->srandom
arg_printusage->arg_printusage_i18n
rk_socket_set_any->llvm.memcpy.p0i8.p0i8.i64
rk_socket_set_any->errx
rk_socket_set_any->llvm.memset.p0i8.i64
arg_match_long->strlen
arg_match_long->strchr
arg_match_long->strncmp
arg_match_long->sscanf
arg_match_long->add_string
arg_match_long->strcmp
arg_match_long->random
arg_match_long->abort
rk_hex_decode->strlen
rk_hex_decode->pos.46
tm2time->mktime
tm2time->gmtime
rtbl_destroy->free
k_getpwuid->getspnam
k_getpwuid->endspent
k_getpwuid->getpwuid
rk_strvisx->malloc
rk_strvisx->free
rk_strvisx->rk_strsvisx
rtbl_add_column_entry->rtbl_get_column
rtbl_add_column_entry->add_column_entry
net_read->read
net_read->__errno_location
rk_read_environment->fopen
rk_read_environment->read_env_file
rk_read_environment->fclose
glob0->qsort
glob0->globtilde
glob0->g_strchr
glob0->glob1
glob0->globextend
parse_flags->parse_something
rk_simple_execve->rk_simple_execve_timed
cgetclose->fclose
rk_socket_set_address_and_port->llvm.memcpy.p0i8.p0i8.i64
rk_socket_set_address_and_port->errx
rk_socket_set_address_and_port->llvm.memset.p0i8.i64
parse_record->malloc
parse_record->strlen
parse_record->llvm.memcpy.p0i8.p0i8.i64
parse_record->strdup
parse_record->dns_free_rr
parse_record->calloc
parse_record->__dn_expand
parse_record->strncpy
parse_record->rk_strlcpy
arg_match_short->strlen
arg_match_short->sscanf
arg_match_short->add_string
rk_getipnodebyname->rk_copyhostent
rk_getipnodebyname->__h_errno_location
rk_getipnodebyname->gethostbyname2
rk_socket->__errno_location
rk_socket->socket
roken_gethostbyname->gethostbyname
roken_gethostbyname->roken_gethostby
pos.46->toupper
rk_cloexec_file->rk_cloexec
rk_cloexec_file->fileno
rtbl_add_column_by_id->malloc
rtbl_add_column_by_id->free
rtbl_add_column_by_id->realloc
rtbl_add_column_by_id->strdup
rk_warnerr->__errno_location
rk_warnerr->fprintf
rk_warnerr->rk_getprogname
rk_warnerr->vfprintf
rk_warnerr->strerror
rtbl_add_column_entryv->llvm.va_start
rtbl_add_column_entryv->llvm.va_end
rtbl_add_column_entryv->free
rtbl_add_column_entryv->vasprintf
rtbl_add_column_entryv->rtbl_add_column_entry
net_write->__errno_location
net_write->write
globtilde->getenv
globtilde->getuid
globtilde->k_getpwnam
globtilde->k_getpwuid
rk_ewrite->err
rk_ewrite->net_write
rk_simple_execlp->llvm.va_start
rk_simple_execlp->llvm.va_end
rk_simple_execlp->free
rk_simple_execlp->rk_simple_execvp
rk_simple_execlp->rk_vstrcollect
rk_realloc->malloc
rk_realloc->realloc
arg_printusage_i18n->strlen
arg_printusage_i18n->snprintf
arg_printusage_i18n->getenv
arg_printusage_i18n->get_window_size
arg_printusage_i18n->builtin_i18n
arg_printusage_i18n->mandoc_template
arg_printusage_i18n->fprintf
arg_printusage_i18n->check_column
arg_printusage_i18n->print_arg
arg_printusage_i18n->_IO_putc
arg_printusage_i18n->rk_getprogname
arg_printusage_i18n->rk_strlcat
arg_printusage_i18n->rk_strlcpy
rk_cgetstr->malloc
rk_cgetstr->free
rk_cgetstr->realloc
rk_cgetstr->__errno_location
rk_cgetstr->cgetcap
roken_gethostby->strlen
roken_gethostby->llvm.memcpy.p0i8.p0i8.i64
roken_gethostby->free
roken_gethostby->close
roken_gethostby->read
roken_gethostby->write
roken_gethostby->asprintf
roken_gethostby->inet_aton
roken_gethostby->connect
roken_gethostby->strstr
roken_gethostby->strtok_r
roken_gethostby->ntohl
roken_gethostby->rk_socket
rtbl_add_column->rtbl_add_column_by_id
mini_inetd_addrinfo->malloc
mini_inetd_addrinfo->llvm.memcpy.p0i8.p0i8.i64
mini_inetd_addrinfo->free
mini_inetd_addrinfo->err
mini_inetd_addrinfo->close
mini_inetd_addrinfo->__errno_location
mini_inetd_addrinfo->errx
mini_inetd_addrinfo->abort
mini_inetd_addrinfo->bind
mini_inetd_addrinfo->warn
mini_inetd_addrinfo->listen
mini_inetd_addrinfo->select
mini_inetd_addrinfo->accept_it
mini_inetd_addrinfo->rk_socket_set_reuseaddr
mini_inetd_addrinfo->rk_socket_set_ipv6only
mini_inetd_addrinfo->rk_socket
rtbl_format->free
rtbl_format->fprintf
rtbl_format->rtbl_format_str
parse_bytes->parse_units
read_env_file->strchr
read_env_file->free
read_env_file->realloc
read_env_file->__errno_location
read_env_file->fgets
read_env_file->strcspn
read_env_file->__ctype_b_loc
read_env_file->find_var
read_env_file->strdup
read_env_file->ferror
unparse_units->unparse_something
roken_getaddrinfo_hostspec2->strlen
roken_getaddrinfo_hostspec2->strchr
roken_getaddrinfo_hostspec2->llvm.memcpy.p0i8.p0i8.i64
roken_getaddrinfo_hostspec2->llvm.memset.p0i8.i64
roken_getaddrinfo_hostspec2->strncmp
roken_getaddrinfo_hostspec2->strtol
roken_getaddrinfo_hostspec2->snprintf
roken_getaddrinfo_hostspec2->getaddrinfo
rk_simple_execle->llvm.va_start
rk_simple_execle->llvm.va_end
rk_simple_execle->free
rk_simple_execle->rk_simple_execve
rk_simple_execle->rk_vstrcollect
rk_dns_string_to_type->strcasecmp
mandoc_template->print_arg
mandoc_template->printf
mandoc_template->time
mandoc_template->localtime
mandoc_template->strftime
mandoc_template->strrchr
mandoc_template->rk_strlcpy
mandoc_template->rk_strupr
cgetustr->malloc
cgetustr->free
cgetustr->realloc
cgetustr->__errno_location
cgetustr->cgetcap
rk_dns_srv_order->malloc
rk_dns_srv_order->free
rk_dns_srv_order->random
rk_dns_srv_order->rk_random_init
rk_dns_srv_order->qsort
rk_dns_srv_order->__assert_fail
add_string->free
add_string->realloc
rk_vstrcollect->sub
rk_hostent_find_fqdn->strchr
rk_cloexec_dir->rk_cloexec
rk_cloexec_dir->dirfd
rtbl_new_row->realloc
rtbl_new_row->strdup
rtbl_format_str->rtbl_format_json
rtbl_format_str->rtbl_format_pretty
unparse_bytes->unparse_units
glob1->glob2
print_unit->snprintf
rk_asnprintf->llvm.va_start
rk_asnprintf->llvm.va_end
rk_asnprintf->rk_vasnprintf
cgetnum->cgetcap
roken_concat->llvm.va_start
roken_concat->roken_vconcat
roken_concat->llvm.va_end
rk_strlcat->strlen
rk_strlcat->strnlen
rk_strlcat->rk_strlcpy
sub->free
sub->realloc
sub->__errno_location
issuid->__errno_location
issuid->getuid
issuid->rk_getauxval
issuid->geteuid
issuid->getgid
issuid->getegid
rk_strunvis->rk_unvis
rtbl_set_prefix->free
rtbl_set_prefix->strdup
rk_pid_file_write->free
rk_pid_file_write->fopen
rk_pid_file_write->fclose
rk_pid_file_write->getenv
rk_pid_file_write->fprintf
rk_pid_file_write->issuid
rk_pid_file_write->asprintf
rk_pid_file_write->getpid
rtbl_format_json->__ctype_b_loc
rtbl_format_json->rk_strpoolprintf
rtbl_format_json->rk_strpoolcollect
unparse_bytes_short->unparse_units_approx
globextend->malloc
globextend->realloc
globextend->__errno_location
globextend->g_Ctoc
rk_wait_for_process->rk_wait_for_process_timed
globexp2->globexp1
globexp2->glob0
rk_vasnprintf->malloc
rk_vasnprintf->free
rk_vasnprintf->realloc
rk_vasnprintf->xyzprintf
rk_dns_free_data->free
rk_dns_free_data->dns_free_rr
check_column->fprintf
rk_copyhostent->malloc
rk_copyhostent->llvm.memcpy.p0i8.p0i8.i64
rk_copyhostent->strdup
rk_copyhostent->rk_freehostent
rk_strcollect->malloc
rk_strcollect->llvm.va_start
rk_strcollect->llvm.va_end
rk_strcollect->sub
rk_getauxval->__errno_location
rk_getauxval->getauxval
rk_cloexec_socket->rk_cloexec
unix_verify_user->strlen
unix_verify_user->strcmp
unix_verify_user->k_getpwnam
unix_verify_user->crypt
rtbl_set_separator->free
rtbl_set_separator->strdup
rtbl_format_pretty->column_compute_width
rtbl_format_pretty->get_column_prefix
rtbl_format_pretty->get_column_suffix
rtbl_format_pretty->rk_strpoolprintf
rtbl_format_pretty->rk_strpoolcollect
parse_time->parse_units
compare->strcmp
rk_pipe_execv->llvm.va_start
rk_pipe_execv->llvm.va_end
rk_pipe_execv->llvm.memcpy.p0i8.p0i8.i64
rk_pipe_execv->pipe
rk_pipe_execv->fork
rk_pipe_execv->close
rk_pipe_execv->open
rk_pipe_execv->dup2
rk_pipe_execv->__errno_location
rk_pipe_execv->exit
rk_pipe_execv->execv
rk_pipe_execv->fdopen
rk_pipe_execv->rk_vstrcollect
rk_pipe_execv->rk_closefrom
unparse_something->snprintf
unparse_something->print_unit
unparse_something->update_unit
unparse_something->update_unit_approx
unparse_something->print_flag
unparse_something->update_flag
rk_globfree->free
as_append_char->as_reserve
dns_free_rr->free
print_arg->strlen
print_arg->builtin_i18n
print_arg->rk_strlcat
rk_closefrom->close
rk_closefrom->getdtablesize
rk_socket_set_port->errx
roken_vconcat->strlen
roken_vconcat->llvm.memcpy.p0i8.p0i8.i64
rk_strlcpy->strlen
rk_strerror_r->strerror_r
rk_strerror_r->rk_strlcpy
rtbl_set_column_prefix->free
rtbl_set_column_prefix->strdup
rtbl_set_column_prefix->rtbl_get_column
roken_detach_finish->err
roken_detach_finish->close
roken_detach_finish->open
roken_detach_finish->dup2
roken_detach_finish->__errno_location
roken_detach_finish->errx
roken_detach_finish->llvm.memset.p0i8.i64
roken_detach_finish->setsid
roken_detach_finish->chdir
roken_detach_finish->write
roken_detach_finish->rk_pidfile
rk_pid_file_delete->free
rk_pid_file_delete->unlink
column_compute_width->strlen
unparse_time->unparse_units
unparse_units_approx->unparse_something
roken_getaddrinfo_hostspec->roken_getaddrinfo_hostspec2
cgetset->malloc
cgetset->strlen
cgetset->free
cgetset->__errno_location
cgetset->__ctype_b_loc
xyzprintf->__ctype_b_loc
xyzprintf->as_append_char
xyzprintf->append_char
xyzprintf->append_string
xyzprintf->append_number
rk_dns_lookup->fprintf
rk_dns_lookup->rk_dns_string_to_type
rk_dns_lookup->dns_lookup_int
roken_gethostby_setup->free
roken_gethostby_setup->split_spec
roken_gethostby_setup->setup_int
free_getarg_strings->free
rk_strlwr->tolower
roken_gethostbyaddr->roken_gethostby
roken_gethostbyaddr->gethostbyaddr
roken_gethostbyaddr->htonl
roken_gethostbyaddr->inet_ntoa
roken_detach_prep->pipe
roken_detach_prep->err
roken_detach_prep->fflush
roken_detach_prep->fork
roken_detach_prep->close
roken_detach_prep->open
roken_detach_prep->dup2
roken_detach_prep->read
roken_detach_prep->__errno_location
roken_detach_prep->warnx
roken_detach_prep->errx
roken_detach_prep->_exit
roken_detach_prep->rk_wait_for_process
rk_svis->malloc
rk_svis->free
rk_svis->do_hvis
rk_svis->do_svis
rtbl_get_column->strcmp
accept_it->err
accept_it->close
accept_it->dup2
accept_it->accept
accept_it->rk_socket_to_fd
unparse_time_approx->unparse_units_approx
find_var->strncmp
glob2->globextend
glob2->g_lstat
glob2->g_stat
glob2->glob3
update_unit_approx->update_unit
get_default_username->getenv
get_default_username->getuid
get_default_username->k_getpwnam
get_default_username->k_getpwuid
append_char->as_append_char
dns_lookup_int->malloc
dns_lookup_int->free
dns_lookup_int->llvm.memset.p0i8.i64
dns_lookup_int->fprintf
dns_lookup_int->rk_dns_type_to_string
dns_lookup_int->__res_ninit
dns_lookup_int->__res_nclose
dns_lookup_int->__res_nsearch
dns_lookup_int->parse_reply
