prop_new->prop_init
prop_new->prop_dispose
prop_new->malloc
external_client_mech_new->llvm.memset.p0i8.i64
external_client_mech_new->malloc
sasl_client_plugin_info->llvm.memcpy.p0i8.p0i8.i64
sasl_client_plugin_info->strcasecmp
sasl_client_plugin_info->strdup
sasl_client_plugin_info->strchr
sasl_client_plugin_info->free
sasl_client_plugin_info->_sasl_print_mechanism.54
_plug_get_password->llvm.memcpy.p0i8.p0i8.i64
_plug_get_password->_plug_find_prompt
_sasl_hmac_md5_import->MD5_memset
_sasl_hmac_md5_import->ntohl
_iovec_to_buf->llvm.memset.p0i8.i64
_iovec_to_buf->llvm.memcpy.p0i8.p0i8.i64
_iovec_to_buf->malloc
_iovec_to_buf->_buf_alloc
sasl_server_done->sasl_common_done
sasl_server_done->server_done
_sasl_global_getopt->strlen
_sasl_global_getopt->sasl_config_getstring
_sasl_print_mechanism.281->printf
_sasl_is_equal_mech->strlen
_sasl_is_equal_mech->strcasecmp
_sasl_is_equal_mech->strncasecmp
client_done->free
client_done->_sasl_free_utils
prop_init->alloc_proppool
external_client_mech_step->strlen
external_client_mech_step->llvm.memcpy.p0i8.p0i8.i64
external_client_mech_step->_buf_alloc
external_client_mech_step->_plug_get_simple
external_client_mech_step->_plug_make_prompts
_sasl_print_mechanism.54->printf
_plug_challenge_prompt->_plug_find_prompt
sasl_auxprop_store->strlen
sasl_auxprop_store->__ctype_b_loc
sasl_auxprop_store->strcasecmp
sasl_auxprop_store->free
sasl_auxprop_store->_sasl_strdup
sasl_auxprop_store->_sasl_global_getopt
sasl_auxprop_store->_sasl_conn_getopt
sasl_auxprop_store->_sasl_getcallback
sasl_auxprop_store->_sasl_log
_sasl_encodev->llvm.memcpy.p0i8.p0i8.i64
_sasl_encodev->malloc
_sasl_encodev->realloc
_sasl_encodev->__assert_fail
_sasl_encodev->sasl_seterror
_cu_internal_server->_canonuser_internal
sasl_server_init->llvm.memset.p0i8.i64
sasl_server_init->strlen
sasl_server_init->malloc
sasl_server_init->_sasl_common_init
sasl_server_init->_sasl_global_getopt
sasl_server_init->_sasl_conn_getopt
sasl_server_init->_sasl_getcallback
sasl_server_init->_sasl_log
sasl_server_init->_sasl_verifyfile
sasl_server_init->_sasl_find_getpath_callback
sasl_server_init->_sasl_find_verifyfile_callback
sasl_server_init->_sasl_build_mechlist
sasl_server_init->sasl_server_add_plugin
sasl_server_init->verify_server_callbacks
sasl_server_init->server_done
sasl_server_init->init_mechlist.228
sasl_server_init->load_config
sasl_server_init->parse_mechlist_file
sasl_server_init->_sasl_load_plugins
_sasl_alloc_utils->malloc
_sasl_alloc_utils->sasl_randcreate
authdaemon_write->retry_writev
_sasl_transition->strcmp
_sasl_transition->_sasl_global_getopt
_sasl_transition->_sasl_conn_getopt
_sasl_transition->_sasl_getcallback
_sasl_transition->_sasl_log
_sasl_transition->sasl_setpass
_sasl_transition->sasl_seterror
sasl_dispose->free
sasl_dispose->sasl_mutex_alloc
sasl_dispose->sasl_mutex_lock
sasl_dispose->sasl_mutex_unlock
sasl_seterror->strlen
sasl_seterror->snprintf
sasl_seterror->_sasl_add_string
sasl_seterror->_buf_alloc
sasl_seterror->_sasl_getcallback
sasl_seterror->llvm.va_start
sasl_seterror->strerror
sasl_seterror->sasl_errstring
sasl_seterror->llvm.va_end
sasl_seterror->_sasl_syslog
sasl_seterror->_sasl_verifyfile
sasl_seterror->_sasl_get_errorbuf
sasl_seterror->_sasl_seterror_usererr
sasl_config_init->strlen
sasl_config_init->__ctype_b_loc
sasl_config_init->_sasl_strdup
sasl_config_init->realloc
sasl_config_init->fopen
sasl_config_init->fgets
sasl_config_init->tolower
sasl_config_init->fclose
prop_dispose->free
external_client_mech_dispose->free
prop_getnames->llvm.memset.p0i8.i64
prop_getnames->strcmp
prop_getnames->llvm.memcpy.p0i8.p0i8.i64
_plug_get_realm->_plug_find_prompt
_sasl_hmac_md5_final->_sasl_MD5Update
_sasl_hmac_md5_final->_sasl_MD5Final
_sasl_getconfpath->_sasl_strdup
_sasl_getconfpath->_sasl_get_default_unix_path
auxprop_plugin_info->llvm.memcpy.p0i8.p0i8.i64
auxprop_plugin_info->strcasecmp
auxprop_plugin_info->_sasl_print_mechanism
auxprop_plugin_info->strdup
auxprop_plugin_info->strchr
auxprop_plugin_info->free
_cu_internal_client->_canonuser_internal
_sasl_conn_getopt->_sasl_global_getopt
authdaemon_read->retry_read
sasl_server_start->strlen
sasl_server_start->strcasecmp
sasl_server_start->free
sasl_server_start->_sasl_log
sasl_server_start->_sasl_find_verifyfile_callback
sasl_server_start->_sasl_is_equal_mech
sasl_server_start->mech_permitted
sasl_server_start->sasl_server_step
sasl_server_start->sasl_seterror
sasl_server_start->_sasl_locate_entry
sasl_server_start->_sasl_get_plugin
_sasl_conn_dispose->free
sasl_client_new->llvm.memset.p0i8.i64
sasl_client_new->llvm.memcpy.p0i8.p0i8.i64
sasl_client_new->__ctype_b_loc
sasl_client_new->free
sasl_client_new->_sasl_strdup
sasl_client_new->malloc
sasl_client_new->_sasl_conn_init
sasl_client_new->_sasl_global_getopt
sasl_client_new->_sasl_alloc_utils
sasl_client_new->_sasl_conn_getopt
sasl_client_new->_sasl_getcallback
sasl_client_new->_sasl_log
sasl_client_new->_sasl_conn_dispose
sasl_client_new->_sasl_is_equal_mech
sasl_client_new->get_fqhostname
sasl_client_new->sasl_seterror
alloc_proppool->llvm.memset.p0i8.i64
alloc_proppool->malloc
_sasl_done_with_plugins->free
_sasl_done_with_plugins->dlclose
prop_erase->llvm.memset.p0i8.i64
prop_erase->strcmp
prop_erase->strlen
_plug_make_prompts->llvm.memset.p0i8.i64
_sasl_hmac_md5->_sasl_MD5Init
_sasl_hmac_md5->_sasl_MD5Update
_sasl_hmac_md5->MD5_memcpy
_sasl_hmac_md5->MD5_memset
_sasl_hmac_md5->_sasl_MD5Final
_sasl_get_default_unix_path->getuid
_sasl_get_default_unix_path->geteuid
_sasl_get_default_unix_path->getgid
_sasl_get_default_unix_path->getegid
_sasl_get_default_unix_path->getenv
_sasl_print_mechanism->printf
sasl_decode->llvm.memcpy.p0i8.p0i8.i64
sasl_decode->malloc
sasl_decode->sasl_seterror
_canonuser_internal->strlen
_canonuser_internal->llvm.memcpy.p0i8.p0i8.i64
_canonuser_internal->__ctype_b_loc
_canonuser_internal->strchr
_canonuser_internal->free
_canonuser_internal->malloc
server_done->_sasl_auxprop_free
server_done->free
server_done->_sasl_free_utils
server_done->sasl_config_done
sasl_getprop->_sasl_getcallback
sasl_getprop->sasl_seterror
retry_read->read_wait
retry_read->read
retry_read->__errno_location
mech_permitted->llvm.memcpy.p0i8.p0i8.i64
mech_permitted->malloc
mech_permitted->sasl_seterror
sasl_errdetail->strlen
sasl_errdetail->snprintf
sasl_errdetail->_buf_alloc
sasl_errdetail->sasl_errstring
sasl_errdetail->sasl_usererr
_sasl_locate_entry->_sasl_log
_sasl_locate_entry->dlsym
client_dispose->free
client_dispose->_sasl_free_utils
client_dispose->_sasl_conn_dispose
_sasl_MD5Update->MD5_memcpy
_sasl_MD5Update->MD5Transform
prop_format->strlen
prop_format->strncat
prop_format->strcat
_plug_decode_init->llvm.memset.p0i8.i64
_sasl_auxprop_verify_apop->strlen
_sasl_auxprop_verify_apop->llvm.memcpy.p0i8.p0i8.i64
_sasl_auxprop_verify_apop->prop_getnames
_sasl_auxprop_verify_apop->free
_sasl_auxprop_verify_apop->sprintf
_sasl_auxprop_verify_apop->strncasecmp
_sasl_auxprop_verify_apop->_sasl_MD5Init
_sasl_auxprop_verify_apop->_sasl_MD5Update
_sasl_auxprop_verify_apop->_sasl_MD5Final
_sasl_auxprop_verify_apop->sasl_seterror
init_mechlist.228->_sasl_alloc_utils
_sasl_getcallback->sasl_seterror
read_wait->__errno_location
read_wait->select
sasl_server_step->strcmp
sasl_server_step->_sasl_log
sasl_server_step->do_authorization
sasl_server_step->sasl_seterror
sasl_client_start->strlen
sasl_client_start->llvm.memcpy.p0i8.p0i8.i64
sasl_client_start->_sasl_client_order_mechs
sasl_client_start->_sasl_cbinding_disp
sasl_client_start->have_prompts
sasl_client_start->sasl_client_step
sasl_client_start->_sasl_is_equal_mech
sasl_client_start->sasl_seterror
prop_dup->prop_new
prop_dup->prop_dispose
prop_dup->prop_setvals
_plug_ipfromstring->llvm.memset.p0i8.i64
_plug_ipfromstring->llvm.memcpy.p0i8.p0i8.i64
_plug_ipfromstring->__ctype_b_loc
_plug_ipfromstring->getaddrinfo
_plug_ipfromstring->freeaddrinfo
_plug_ipfromstring->sockaddr_unmapped
_plug_decode->llvm.memcpy.p0i8.p0i8.i64
_plug_decode->ntohl
_plug_decode->_plug_buf_alloc
sasl_churn->randinit
sasl_common_done->free
sasl_common_done->_sasl_canonuser_free
sasl_common_done->sasl_mutex_free
sasl_common_done->_sasl_free_utils
sasl_common_done->_sasl_done_with_plugins
load_config->strlen
load_config->strchr
load_config->free
load_config->snprintf
load_config->malloc
load_config->_sasl_getconfpath_simple
load_config->_sasl_getconfpath
load_config->_sasl_verifyfile
load_config->_sasl_find_getconfpath_callback
load_config->sasl_config_init
_sasl_log->strlen
_sasl_log->free
_sasl_log->snprintf
_sasl_log->malloc
_sasl_log->_sasl_add_string
_sasl_log->_buf_alloc
_sasl_log->_sasl_getcallback
_sasl_log->llvm.va_start
_sasl_log->strerror
_sasl_log->sasl_errstring
_sasl_log->llvm.va_end
_sasl_log->_sasl_syslog
_sasl_log->_sasl_verifyfile
do_authorization->strlen
do_authorization->_sasl_getcallback
do_authorization->_sasl_proxy_policy
do_authorization->sasl_seterror
sasl_idle->client_idle
sasl_idle->server_idle
_sasl_get_plugin->free
_sasl_get_plugin->malloc
_sasl_get_plugin->_sasl_log
_sasl_get_plugin->_sasl_verifyfile
_sasl_get_plugin->dlopen
_sasl_get_plugin->dlerror
_sasl_client_order_mechs->strlen
_sasl_client_order_mechs->llvm.memcpy.p0i8.p0i8.i64
_sasl_client_order_mechs->__ctype_b_loc
_sasl_client_order_mechs->_mech_plus_p
prop_setvals->prop_set
sockaddr_unmapped->llvm.memset.p0i8.i64
sockaddr_unmapped->htonl
MD5Transform->Decode
MD5Transform->MD5_memset
sasl_mkchal->strlen
sasl_mkchal->snprintf
sasl_mkchal->sasl_randcreate
sasl_mkchal->sasl_rand
sasl_mkchal->sasl_randfree
sasl_mkchal->time
sasl_erasebuffer->llvm.memset.p0i8.i64
_sasl_free_utils->free
_sasl_free_utils->sasl_randfree
parse_mechlist_file->llvm.memset.p0i8.i64
parse_mechlist_file->strcasecmp
parse_mechlist_file->free
parse_mechlist_file->malloc
parse_mechlist_file->_sasl_log
parse_mechlist_file->fopen
parse_mechlist_file->fgets
parse_mechlist_file->fclose
parse_mechlist_file->grab_field
parse_mechlist_file->strtol
_sasl_server_listmech->strlen
_sasl_server_listmech->strcat
_sasl_server_listmech->strcpy
_sasl_server_listmech->_buf_alloc
_sasl_server_listmech->mech_permitted
_sasl_server_listmech->mech_names_len.273
_sasl_server_listmech->sasl_seterror
_sasl_find_getpath_callback->_sasl_find_callback_by_type
sasl_config_getstring->strcmp
prop_set->alloc_proppool
prop_set->prop_set
prop_set->strcmp
prop_set->strlen
prop_set->llvm.memcpy.p0i8.p0i8.i64
_plug_iovec_to_buf->llvm.memset.p0i8.i64
_plug_iovec_to_buf->llvm.memcpy.p0i8.p0i8.i64
_plug_iovec_to_buf->_plug_buf_alloc
_sasl_strdup->strlen
_sasl_strdup->strcpy
_sasl_strdup->malloc
sasl_auxprop_request->prop_request
sasl_auxprop_request->prop_clear
sasl_auxprop_request->sasl_seterror
_plug_parseuser->strchr
_plug_parseuser->strncpy
_plug_parseuser->_plug_strdup
sasl_randcreate->malloc
sasl_done->client_done
sasl_done->sasl_common_done
sasl_done->server_done
auxprop_verify_password->strcmp
auxprop_verify_password->strlen
auxprop_verify_password->llvm.memcpy.p0i8.p0i8.i64
auxprop_verify_password->prop_request
auxprop_verify_password->prop_clear
auxprop_verify_password->prop_getnames
auxprop_verify_password->free
auxprop_verify_password->_sasl_canon_user_lookup
auxprop_verify_password->_sasl_make_plain_secret
auxprop_verify_password->memcmp
mech_names_len.273->strlen
_sasl_make_plain_secret->llvm.memcpy.p0i8.p0i8.i64
_sasl_make_plain_secret->malloc
_sasl_make_plain_secret->_sasl_MD5Init
_sasl_make_plain_secret->_sasl_MD5Update
_sasl_make_plain_secret->_sasl_MD5Final
sasl_config_done->free
have_prompts->_sasl_getcallback
_plug_make_fulluser->strlen
_plug_make_fulluser->strcat
_plug_make_fulluser->strcpy
sasl_rand->randinit
sasl_rand->jrand48
_sasl_canon_user->strcmp
_sasl_canon_user->strlen
_sasl_canon_user->llvm.memcpy.p0i8.p0i8.i64
_sasl_canon_user->_sasl_global_getopt
_sasl_canon_user->_sasl_conn_getopt
_sasl_canon_user->_sasl_getcallback
_sasl_canon_user->_sasl_proxy_policy
_sasl_canon_user->sasl_seterror
get_fqhostname->strchr
get_fqhostname->strncpy
get_fqhostname->__errno_location
get_fqhostname->getaddrinfo
get_fqhostname->freeaddrinfo
get_fqhostname->sasl_strlower
get_fqhostname->gethostname
_sasl_conn_init->llvm.memset.p0i8.i64
_sasl_conn_init->_sasl_strdup
_sasl_conn_init->_buf_alloc
_sasl_conn_init->sasl_setprop
_sasl_conn_init->sasl_strlower
_sasl_conn_init->get_fqhostname
_sasl_conn_init->sasl_seterror
auxprop_verify_password_hashed->prop_set
auxprop_verify_password_hashed->strcmp
auxprop_verify_password_hashed->llvm.memcpy.p0i8.p0i8.i64
auxprop_verify_password_hashed->prop_request
auxprop_verify_password_hashed->prop_clear
auxprop_verify_password_hashed->prop_getnames
auxprop_verify_password_hashed->_sasl_canon_user_lookup
grab_field->llvm.memcpy.p0i8.p0i8.i64
grab_field->__ctype_b_loc
grab_field->malloc
retry_writev->__errno_location
retry_writev->write_wait
retry_writev->writev
_sasl_server_mechs->free
_sasl_server_mechs->malloc
_sasl_find_getconfpath_callback->_sasl_find_callback_by_type
_sasl_load_plugins->strcmp
_sasl_load_plugins->strlen
_sasl_load_plugins->llvm.memcpy.p0i8.p0i8.i64
_sasl_load_plugins->strcat
_sasl_load_plugins->strchr
_sasl_load_plugins->__errno_location
_sasl_load_plugins->strcpy
_sasl_load_plugins->_sasl_getpath_simple
_sasl_load_plugins->_sasl_getpath
_sasl_load_plugins->_sasl_log
_sasl_load_plugins->strerror
_sasl_load_plugins->_sasl_get_plugin
_sasl_load_plugins->opendir
_sasl_load_plugins->readdir
_sasl_load_plugins->_parse_la
_sasl_load_plugins->_sasl_plugin_load
_sasl_load_plugins->closedir
sasl_client_step->_sasl_log
sasl_client_step->sasl_seterror
_plug_strdup->strlen
_plug_strdup->strcpy
_sasl_MD5Final->_sasl_MD5Update
_sasl_MD5Final->MD5_memset
_sasl_MD5Final->Encode
sasl_auxprop_add_plugin->malloc
sasl_auxprop_add_plugin->_sasl_log
sasl_auxprop_add_plugin->sasl_errstring
_plug_get_error_message->strerror
_plug_get_error_message->_plug_strdup
sasl_randfree->free
_sasl_getpath->_sasl_strdup
_sasl_getpath->_sasl_get_default_unix_path
_sasl_canon_user_lookup->_sasl_canon_user
_sasl_canon_user_lookup->_sasl_auxprop_lookup_user_props
sasl_setprop->strlen
sasl_setprop->llvm.memcpy.p0i8.p0i8.i64
sasl_setprop->free
sasl_setprop->strcpy
sasl_setprop->_sasl_strdup
sasl_setprop->_sasl_ipfromstring
sasl_setprop->sasl_seterror
saslauthd_verify_password->llvm.memset.p0i8.i64
saslauthd_verify_password->strlen
saslauthd_verify_password->llvm.memcpy.p0i8.p0i8.i64
saslauthd_verify_password->strcat
saslauthd_verify_password->free
saslauthd_verify_password->strncpy
saslauthd_verify_password->close
saslauthd_verify_password->retry_read
saslauthd_verify_password->__errno_location
saslauthd_verify_password->retry_writev
saslauthd_verify_password->socket
saslauthd_verify_password->connect
saslauthd_verify_password->strcpy
saslauthd_verify_password->strrchr
saslauthd_verify_password->htons
saslauthd_verify_password->ntohs
saslauthd_verify_password->strncmp
saslauthd_verify_password->_sasl_strdup
saslauthd_verify_password->_sasl_global_getopt
saslauthd_verify_password->_sasl_conn_getopt
saslauthd_verify_password->_sasl_getcallback
saslauthd_verify_password->sasl_seterror
write_wait->__errno_location
write_wait->select
sasl_checkpass->_sasl_canon_user
sasl_checkpass->_sasl_checkpass
sasl_checkpass->do_authorization
sasl_checkpass->sasl_seterror
_sasl_find_verifyfile_callback->_sasl_find_callback_by_type
sasl_client_done->client_done
sasl_client_done->sasl_common_done
_mech_plus_p->strncasecmp
_plug_free_string->strlen
_sasl_auxprop_free->free
_plug_snprintf_os_info->snprintf
_plug_snprintf_os_info->uname
_sasl_auxprop_lookup_user_props->_sasl_auxprop_lookup
_sasl_ipfromstring->llvm.memset.p0i8.i64
_sasl_ipfromstring->llvm.memcpy.p0i8.p0i8.i64
_sasl_ipfromstring->__ctype_b_loc
_sasl_ipfromstring->getaddrinfo
_sasl_ipfromstring->freeaddrinfo
authdaemon_verify_password->free
authdaemon_verify_password->authdaemon_connect
authdaemon_verify_password->authdaemon_build_query
authdaemon_verify_password->authdaemon_talk
authdaemon_verify_password->close
authdaemon_verify_password->_sasl_global_getopt
authdaemon_verify_password->_sasl_conn_getopt
authdaemon_verify_password->_sasl_getcallback
_sasl_checkpass->strlen
_sasl_checkpass->__ctype_b_loc
_sasl_checkpass->auxprop_verify_password
_sasl_checkpass->auxprop_verify_password_hashed
_sasl_checkpass->saslauthd_verify_password
_sasl_checkpass->authdaemon_verify_password
_sasl_checkpass->_sasl_global_getopt
_sasl_checkpass->_sasl_conn_getopt
_sasl_checkpass->_sasl_getcallback
_sasl_checkpass->_sasl_log
_sasl_checkpass->is_mech
_sasl_checkpass->sasl_seterror
_sasl_syslog->syslog
sasl_user_exists->__ctype_b_loc
sasl_user_exists->auxprop_verify_password
sasl_user_exists->auxprop_verify_password_hashed
sasl_user_exists->saslauthd_verify_password
sasl_user_exists->authdaemon_verify_password
sasl_user_exists->_sasl_global_getopt
sasl_user_exists->_sasl_conn_getopt
sasl_user_exists->_sasl_getcallback
sasl_user_exists->_sasl_log
sasl_user_exists->is_mech
sasl_user_exists->sasl_seterror
sasl_client_add_plugin->free
sasl_client_add_plugin->mech_compare
sasl_client_add_plugin->_sasl_strdup
sasl_client_add_plugin->malloc
sasl_client_add_plugin->_sasl_log
sasl_client_add_plugin->external_client_plug_init
external_server_mech_step->strcmp
external_server_mech_step->sasl_seterror
_sasl_client_listmech->strlen
_sasl_client_listmech->strcat
_sasl_client_listmech->strcpy
_sasl_client_listmech->have_prompts
_sasl_client_listmech->mech_names_len
_sasl_client_listmech->_buf_alloc
_sasl_client_listmech->sasl_seterror
prop_request->llvm.memset.p0i8.i64
prop_request->strcmp
prop_request->resize_proppool
prop_request->prop_clear
_sasl_hmac_md5_init->_sasl_MD5Init
_sasl_hmac_md5_init->_sasl_MD5Update
_sasl_hmac_md5_init->MD5_memcpy
_sasl_hmac_md5_init->MD5_memset
_sasl_hmac_md5_init->_sasl_MD5Final
_sasl_add_string->strlen
_sasl_add_string->strncpy
_sasl_add_string->_buf_alloc
_sasl_auxprop_lookup->_sasl_account_status
_sasl_auxprop_lookup->__ctype_b_loc
_sasl_auxprop_lookup->strcasecmp
_sasl_auxprop_lookup->free
_sasl_auxprop_lookup->_sasl_strdup
_sasl_auxprop_lookup->_sasl_global_getopt
_sasl_auxprop_lookup->_sasl_conn_getopt
_sasl_auxprop_lookup->_sasl_getcallback
_sasl_auxprop_lookup->_sasl_log
randinit->getranddata
_sasl_canonuser_free->free
sasl_setpass->prop_set
sasl_setpass->strcmp
sasl_setpass->llvm.memcpy.p0i8.p0i8.i64
sasl_setpass->prop_request
sasl_setpass->sasl_auxprop_store
sasl_setpass->__errno_location
sasl_setpass->sasl_getprop
sasl_setpass->_sasl_getcallback
sasl_setpass->_sasl_log
sasl_setpass->sasl_seterror
authdaemon_connect->llvm.memset.p0i8.i64
authdaemon_connect->strlen
authdaemon_connect->strncpy
authdaemon_connect->close
authdaemon_connect->__errno_location
authdaemon_connect->socket
authdaemon_connect->authdaemon_blocking
authdaemon_connect->connect
authdaemon_connect->sasl_seterror
is_mech->strlen
is_mech->strncasecmp
_sasl_getsimple->strlen
_sasl_getsimple->getenv
sasl_checkapop->llvm.memcpy.p0i8.p0i8.i64
sasl_checkapop->prop_request
sasl_checkapop->free
sasl_checkapop->_sasl_canon_user_lookup
sasl_checkapop->_sasl_auxprop_verify_apop
sasl_checkapop->strrchr
sasl_checkapop->malloc
sasl_checkapop->do_authorization
sasl_checkapop->strspn
sasl_checkapop->sasl_seterror
_sasl_build_mechlist->llvm.memset.p0i8.i64
_sasl_build_mechlist->strcmp
_sasl_build_mechlist->free
_sasl_build_mechlist->printf
_sasl_build_mechlist->_sasl_client_mechs
_sasl_build_mechlist->malloc
_sasl_build_mechlist->_sasl_server_mechs
_parse_la->strcmp
_parse_la->strlen
_parse_la->strcat
_parse_la->strcpy
_parse_la->strrchr
_parse_la->strncmp
_parse_la->_sasl_log
_parse_la->fopen
_parse_la->fgets
_parse_la->fclose
_parse_la->feof
_parse_la->ferror
mech_names_len->strlen
resize_proppool->realloc
_sasl_hmac_md5_precalc->MD5_memset
_sasl_hmac_md5_precalc->_sasl_hmac_md5_init
_sasl_hmac_md5_precalc->htonl
_buf_alloc->malloc
_buf_alloc->realloc
sasl_encode->sasl_encodev
sasl_encode->sasl_seterror
sasl_canonuser_add_plugin->strlen
sasl_canonuser_add_plugin->strncpy
sasl_canonuser_add_plugin->internal_canonuser_init
sasl_canonuser_add_plugin->malloc
sasl_canonuser_add_plugin->_sasl_log
sasl_canonuser_add_plugin->sasl_seterror
sasl_server_add_plugin->llvm.memset.p0i8.i64
sasl_server_add_plugin->free
sasl_server_add_plugin->_sasl_strdup
sasl_server_add_plugin->malloc
sasl_server_add_plugin->_sasl_log
sasl_server_add_plugin->external_server_plug_init
sasl_server_add_plugin->mech_compare.224
authdaemon_build_query->strlen
authdaemon_build_query->snprintf
authdaemon_build_query->malloc
sasl_server_new->prop_new
sasl_server_new->llvm.memset.p0i8.i64
sasl_server_new->strcmp
sasl_server_new->strlen
sasl_server_new->llvm.memcpy.p0i8.p0i8.i64
sasl_server_new->__ctype_b_loc
sasl_server_new->sasl_auxprop_store
sasl_server_new->free
sasl_server_new->_sasl_strdup
sasl_server_new->malloc
sasl_server_new->_sasl_conn_init
sasl_server_new->_sasl_global_getopt
sasl_server_new->_sasl_alloc_utils
sasl_server_new->_sasl_conn_getopt
sasl_server_new->_sasl_getcallback
sasl_server_new->_sasl_conn_dispose
sasl_server_new->_sasl_is_equal_mech
sasl_server_new->atoi
sasl_server_new->sasl_seterror
sasl_client_init->llvm.memset.p0i8.i64
sasl_client_init->sasl_client_add_plugin
sasl_client_init->init_mechlist
sasl_client_init->client_done
sasl_client_init->malloc
sasl_client_init->_sasl_common_init
sasl_client_init->_sasl_find_getpath_callback
sasl_client_init->_sasl_find_verifyfile_callback
sasl_client_init->_sasl_build_mechlist
sasl_client_init->_sasl_load_plugins
_sasl_plugin_load->sasl_auxprop_add_plugin
_sasl_plugin_load->sasl_canonuser_add_plugin
_sasl_plugin_load->sasl_client_add_plugin
_sasl_plugin_load->_sasl_log
_sasl_plugin_load->sasl_server_add_plugin
_sasl_plugin_load->_sasl_locate_entry
_sasl_client_mechs->free
_sasl_client_mechs->malloc
prop_clear->alloc_proppool
prop_clear->exit
prop_clear->free
prop_clear->_sasl_log
_plug_get_simple->_plug_find_prompt
sasl_set_path->free
sasl_set_path->_sasl_strdup
getranddata->llvm.memset.p0i8.i64
getranddata->close
getranddata->read
getranddata->__errno_location
getranddata->time
getranddata->open
getranddata->gettimeofday
getranddata->clock
sasl_encodev->llvm.memcpy.p0i8.p0i8.i64
sasl_encodev->free
sasl_encodev->realloc
sasl_encodev->_iovec_to_buf
sasl_encodev->_sasl_encodev
sasl_encodev->sasl_seterror
_sasl_common_init->sasl_canonuser_add_plugin
_sasl_common_init->sasl_mutex_alloc
_sasl_common_init->_sasl_alloc_utils
authdaemon_talk->strcmp
authdaemon_talk->strlen
authdaemon_talk->authdaemon_write
authdaemon_talk->authdaemon_read
authdaemon_talk->sasl_seterror
server_dispose->prop_dispose
server_dispose->free
server_dispose->_sasl_free_utils
server_dispose->_sasl_conn_dispose
_sasl_proxy_policy->memcmp
_sasl_proxy_policy->sasl_seterror
authdaemon_blocking->fcntl
sasl_server_plugin_info->llvm.memcpy.p0i8.p0i8.i64
sasl_server_plugin_info->strcasecmp
sasl_server_plugin_info->strdup
sasl_server_plugin_info->strchr
sasl_server_plugin_info->free
sasl_server_plugin_info->_sasl_print_mechanism.281
sasl_listmech->_sasl_client_listmech
sasl_listmech->_sasl_server_listmech
sasl_listmech->sasl_seterror
init_mechlist->_sasl_alloc_utils
