_asn1_yyparse->malloc
_asn1_yyparse->llvm.memcpy.p0i8.p0i8.i64
_asn1_yyparse->free
_asn1_yyparse->_asn1_yylex
_asn1_yyparse->_asn1_get_name
_asn1_yyparse->_asn1_set_down
_asn1_yyparse->snprintf
_asn1_yyparse->strlen
_asn1_yyparse->fprintf
_asn1_yyparse->exit
_asn1_yyparse->_asn1_mod_type
_asn1_yyparse->_asn1_get_down
_asn1_yyparse->yysyntax_error
_asn1_yyparse->_asn1_yyerror
_asn1_yyparse->yydestruct
_asn1_yyparse->_asn1_add_static_node
_asn1_yyparse->_asn1_set_value
_asn1_yyparse->_asn1_set_name
_asn1_yyparse->_asn1_set_right
_asn1_yyparse->_asn1_get_last_right
_asn1_set_value_m->free
_asn1_yyerror->snprintf
_asn1_yyerror->fprintf
_asn1_yyerror->strcmp
_asn1_create_static_structure->fprintf
_asn1_create_static_structure->fopen
_asn1_create_static_structure->fclose
_asn1_create_static_structure->_asn1_find_up
asn1_der_coding->llvm.memcpy.p0i8.p0i8.i64
asn1_der_coding->asn1_length_der
asn1_der_coding->_asn1_insert_tag_der
asn1_der_coding->type_field
asn1_der_coding->_asn1_error_description_value_not_found
asn1_der_coding->_asn1_objectid_der
asn1_der_coding->_asn1_time_der
asn1_der_coding->_asn1_ordering_set
asn1_der_coding->llvm.memmove.p0i8.p0i8.i64
asn1_der_coding->_asn1_ordering_set_of
asn1_der_coding->_asn1_complete_explicit_tag
asn1_der_coding->asn1_get_length_der
asn1_der_coding->asn1_find_node
asn1_der_coding->_asn1_find_up
asn1_der_coding->asn1_delete_structure
asn1_der_coding->_asn1_copy_structure3
_asn1_copy_structure3->_asn1_set_value
_asn1_copy_structure3->_asn1_cpy_name
_asn1_copy_structure3->_asn1_set_right
_asn1_copy_structure3->_asn1_find_up
_asn1_copy_structure3->_asn1_add_single_node
_asn1_copy_structure3->_asn1_set_down.279
asn1_number_of_elements->asn1_find_node
asn1_get_object_id_der->asn1_get_length_der
asn1_get_object_id_der->_asn1_str_cat
asn1_get_object_id_der->_asn1_str_cpy
asn1_get_object_id_der->_asn1_ltostr
_asn1_error_description_tag_error->strlen
_asn1_error_description_tag_error->_asn1_hierarchical_name
_asn1_error_description_tag_error->_asn1_str_cat
_asn1_error_description_tag_error->_asn1_str_cpy
_asn1_extract_tag_der->strtoul
_asn1_extract_tag_der->asn1_get_length_der
_asn1_extract_tag_der->asn1_get_tag_der
_asn1_extract_tag_der->asn1_get_length_ber
_asn1_extract_tag_der->type_field.170
asn1_decode_simple_ber->_asn1_decode_simple_ber
asn1_read_value_type->llvm.memcpy.p0i8.p0i8.i64
asn1_read_value_type->strlen
asn1_read_value_type->strcmp
asn1_read_value_type->__ctype_b_loc
asn1_read_value_type->strcat
asn1_read_value_type->strcpy
asn1_read_value_type->asn1_get_length_der
asn1_read_value_type->asn1_get_octet_der
asn1_read_value_type->asn1_get_bit_der
asn1_read_value_type->_asn1_convert_integer
asn1_read_value_type->type_field.182
asn1_read_value_type->asn1_find_node
_asn1_str_cpy->llvm.memcpy.p0i8.p0i8.i64
_asn1_str_cpy->strlen
_asn1_str_cpy->strcpy
_asn1_set_name->_asn1_str_cpy
_asn1_set_name->hash_pjw_bare
_asn1_delete_list->free
asn1_parser2tree->_asn1_yyparse
asn1_parser2tree->fopen
asn1_parser2tree->fclose
asn1_parser2tree->_asn1_create_errorDescription
asn1_parser2tree->_asn1_delete_list
asn1_parser2tree->_asn1_delete_list_and_nodes
asn1_parser2tree->_asn1_change_integer_value
asn1_parser2tree->_asn1_expand_object_id
asn1_parser2tree->_asn1_type_set_config
asn1_parser2tree->_asn1_check_identifier
asn1_parser2tree->_asn1_set_default_tag
asn1_array2tree->strlen
asn1_array2tree->_asn1_str_cat
asn1_array2tree->_asn1_str_cpy
asn1_array2tree->_asn1_add_static_node
asn1_array2tree->_asn1_set_value
asn1_array2tree->_asn1_set_name
asn1_array2tree->_asn1_set_right
asn1_array2tree->_asn1_find_up
asn1_array2tree->_asn1_delete_list
asn1_array2tree->_asn1_delete_list_and_nodes
asn1_array2tree->_asn1_change_integer_value
asn1_array2tree->_asn1_expand_object_id
asn1_array2tree->_asn1_check_identifier
asn1_array2tree->convert_old_type
asn1_array2tree->_asn1_set_down.279
_asn1_insert_tag_der->llvm.memcpy.p0i8.p0i8.i64
_asn1_insert_tag_der->_asn1_tag_der
_asn1_insert_tag_der->type_field
_asn1_insert_tag_der->strtoul
_asn1_insert_tag_der->_asn1_set_name
_asn1_insert_tag_der->_asn1_ltostr
asn1_create_element->_asn1_set_name
asn1_create_element->_asn1_copy_structure2
asn1_create_element->_asn1_expand_identifier
asn1_create_element->_asn1_type_choice_config
_asn1_ordering_set_of->malloc
_asn1_ordering_set_of->llvm.memcpy.p0i8.p0i8.i64
_asn1_ordering_set_of->free
_asn1_ordering_set_of->type_field
_asn1_ordering_set_of->realloc
_asn1_ordering_set_of->qsort
_asn1_ordering_set_of->asn1_get_length_der
_asn1_ordering_set_of->asn1_get_tag_der
asn1_find_structure_from_oid->snprintf
asn1_find_structure_from_oid->strcmp
asn1_find_structure_from_oid->asn1_read_value
asn1_find_structure_from_oid->type_field.289
asn1_get_bit_der->llvm.memcpy.p0i8.p0i8.i64
asn1_get_bit_der->asn1_get_length_der
_asn1_get_time_der->llvm.memcpy.p0i8.p0i8.i64
_asn1_get_time_der->__ctype_b_loc
_asn1_get_time_der->asn1_get_length_der
asn1_der_decoding->asn1_der_decoding2
_asn1_hierarchical_name->_asn1_str_cat
_asn1_hierarchical_name->_asn1_str_cpy
_asn1_hierarchical_name->_asn1_find_up
asn1_read_tag->strtoul
asn1_read_tag->type_field.182
asn1_read_tag->asn1_find_node
_asn1_add_static_node->malloc
_asn1_add_static_node->free
_asn1_add_static_node->calloc
_asn1_cpy_name->_asn1_str_cpy
_asn1_cpy_name->hash_pjw_bare
_asn1_delete_list_and_nodes->free
_asn1_delete_list_and_nodes->_asn1_remove_node
_asn1_type_set_config->_asn1_find_up
_asn1_type_set_config->type_field.246
_asn1_copy_structure2->asn1_find_node
_asn1_copy_structure2->_asn1_copy_structure3
_asn1_complete_explicit_tag->llvm.memcpy.p0i8.p0i8.i64
_asn1_complete_explicit_tag->asn1_length_der
_asn1_complete_explicit_tag->type_field
_asn1_complete_explicit_tag->llvm.memmove.p0i8.p0i8.i64
_asn1_complete_explicit_tag->strtol
_asn1_complete_explicit_tag->_asn1_set_name
asn1_copy_node->malloc
asn1_copy_node->free
asn1_copy_node->asn1_der_coding
asn1_copy_node->asn1_der_decoding
asn1_copy_node->asn1_find_node
asn1_der_decoding2->free
asn1_der_decoding2->strlen
asn1_der_decoding2->asn1_get_length_der
asn1_der_decoding2->asn1_get_tag_der
asn1_der_decoding2->_asn1_get_indefinite_length_string
asn1_der_decoding2->asn1_get_object_id_der
asn1_der_decoding2->llvm.memset.p0i8.i64
asn1_der_decoding2->extract_tag_der_recursive
asn1_der_decoding2->type_field.170
asn1_der_decoding2->delete_unneeded_choice_fields
asn1_der_decoding2->_asn1_error_description_tag_error
asn1_der_decoding2->_asn1_get_time_der
asn1_der_decoding2->_asn1_decode_simple_ber
asn1_der_decoding2->_asn1_delete_not_used
asn1_der_decoding2->_asn1_append_sequence_set
asn1_der_decoding2->_asn1_set_value
asn1_der_decoding2->_asn1_set_value_lv
asn1_der_decoding2->_asn1_find_up
asn1_der_decoding2->asn1_delete_structure
_asn1_decode_simple_ber->free
_asn1_decode_simple_ber->asn1_get_length_der
_asn1_decode_simple_ber->asn1_get_tag_der
_asn1_decode_simple_ber->_asn1_decode_simple_ber
_asn1_decode_simple_ber->append
_asn1_decode_simple_ber->_asn1_decode_simple_der
asn1_der_decoding_element->asn1_der_decoding
_asn1_convert_integer->strtol
asn1_read_node_value->type_field.182
yytnamerr->strlen
yytnamerr->stpcpy
_asn1_check_identifier->__ctype_b_loc
_asn1_check_identifier->strcpy
_asn1_check_identifier->_asn1_str_cat
_asn1_check_identifier->_asn1_str_cpy
_asn1_check_identifier->asn1_find_node
_asn1_check_identifier->_asn1_find_up
_asn1_check_identifier->type_field.246
asn1_octet_der->llvm.memcpy.p0i8.p0i8.i64
asn1_octet_der->asn1_length_der
_asn1_error_description_value_not_found->strlen
_asn1_error_description_value_not_found->_asn1_hierarchical_name
_asn1_error_description_value_not_found->_asn1_str_cat
_asn1_error_description_value_not_found->_asn1_str_cpy
_asn1_expand_identifier->snprintf
_asn1_expand_identifier->_asn1_cpy_name
_asn1_expand_identifier->_asn1_set_right
_asn1_expand_identifier->_asn1_remove_node
_asn1_expand_identifier->_asn1_find_up
_asn1_expand_identifier->_asn1_find_left
_asn1_expand_identifier->_asn1_set_down.279
_asn1_expand_identifier->_asn1_copy_structure2
_asn1_expand_identifier->type_field.289
asn1_dup_node->_asn1_copy_structure2
_asn1_delete_not_used->_asn1_find_up
_asn1_delete_not_used->_asn1_find_left
_asn1_delete_not_used->asn1_delete_structure
asn1_der_decoding_startEnd->asn1_der_decoding
asn1_der_decoding_startEnd->asn1_find_node
_asn1_append_sequence_set->strtol
_asn1_append_sequence_set->type_field.182
_asn1_append_sequence_set->_asn1_str_cpy
_asn1_append_sequence_set->_asn1_set_name
_asn1_append_sequence_set->_asn1_set_right
_asn1_append_sequence_set->_asn1_ltostr
_asn1_append_sequence_set->_asn1_copy_structure3
asn1_perror->fprintf
asn1_perror->asn1_strerror
_asn1_yylex->snprintf
_asn1_yylex->strcmp
_asn1_yylex->fgetc
_asn1_yylex->ungetc
_asn1_yylex->__ctype_b_loc
asn1_find_node->llvm.memcpy.p0i8.p0i8.i64
asn1_find_node->strcmp
asn1_find_node->strchr
asn1_find_node->_asn1_str_cpy
asn1_find_node->hash_pjw_bare
_asn1_change_integer_value->asn1_octet_der
_asn1_change_integer_value->_asn1_convert_integer
_asn1_change_integer_value->_asn1_set_value
_asn1_change_integer_value->_asn1_find_up
_asn1_change_integer_value->type_field.246
_asn1_create_errorDescription->snprintf
_asn1_set_default_tag->_asn1_find_up
_asn1_set_default_tag->type_field.246
asn1_encode_simple_der->llvm.memcpy.p0i8.p0i8.i64
asn1_encode_simple_der->asn1_length_der
asn1_encode_simple_der->_asn1_tag_der
asn1_delete_structure->asn1_delete_structure2
_asn1_objectid_der->malloc
_asn1_objectid_der->llvm.memcpy.p0i8.p0i8.i64
_asn1_objectid_der->free
_asn1_objectid_der->strlen
_asn1_objectid_der->strchr
_asn1_objectid_der->asn1_length_der
_asn1_objectid_der->llvm.memmove.p0i8.p0i8.i64
_asn1_objectid_der->strtoul
_asn1_type_choice_config->strlen
_asn1_type_choice_config->_asn1_set_value
_asn1_type_choice_config->_asn1_set_right
_asn1_type_choice_config->_asn1_find_up
_asn1_type_choice_config->_asn1_add_single_node
_asn1_type_choice_config->_asn1_find_left
_asn1_type_choice_config->_asn1_set_down.279
_asn1_type_choice_config->asn1_delete_structure
_asn1_type_choice_config->type_field.289
asn1_check_version->strverscmp
asn1_get_length_ber->asn1_get_length_der
asn1_get_length_ber->_asn1_get_indefinite_length_string
extract_tag_der_recursive->type_field.170
extract_tag_der_recursive->_asn1_extract_tag_der
append->llvm.memcpy.p0i8.p0i8.i64
append->_asn1_realloc
asn1_expand_any_defined_by->snprintf
asn1_expand_any_defined_by->strcmp
asn1_expand_any_defined_by->asn1_get_length_der
asn1_expand_any_defined_by->type_field.170
asn1_expand_any_defined_by->asn1_der_decoding
asn1_expand_any_defined_by->asn1_read_value
asn1_expand_any_defined_by->_asn1_cpy_name
asn1_expand_any_defined_by->_asn1_set_right
asn1_expand_any_defined_by->_asn1_find_up
asn1_expand_any_defined_by->asn1_delete_structure
asn1_expand_any_defined_by->asn1_create_element
_asn1_set_value->malloc
_asn1_set_value->llvm.memcpy.p0i8.p0i8.i64
_asn1_set_value->free
_asn1_remove_node->free
_asn1_remove_node->safe_memset
asn1_parser2array->_asn1_yyparse
asn1_parser2array->malloc
asn1_parser2array->llvm.memcpy.p0i8.p0i8.i64
asn1_parser2array->free
asn1_parser2array->strlen
asn1_parser2array->fopen
asn1_parser2array->fclose
asn1_parser2array->_asn1_create_errorDescription
asn1_parser2array->strchr
asn1_parser2array->strcat
asn1_parser2array->strcpy
asn1_parser2array->_asn1_delete_list_and_nodes
asn1_parser2array->_asn1_type_set_config
asn1_parser2array->_asn1_check_identifier
asn1_parser2array->_asn1_set_default_tag
asn1_parser2array->_asn1_create_static_structure
_asn1_add_single_node->calloc
asn1_delete_structure2->_asn1_set_right
asn1_delete_structure2->_asn1_remove_node
asn1_delete_structure2->_asn1_find_up
asn1_delete_structure2->_asn1_find_left
asn1_delete_structure2->_asn1_set_down.279
_asn1_time_der->llvm.memcpy.p0i8.p0i8.i64
_asn1_time_der->asn1_length_der
setof_compar->memcmp
_asn1_get_indefinite_length_string->asn1_get_length_der
_asn1_get_indefinite_length_string->asn1_get_tag_der
_asn1_decode_simple_der->asn1_get_length_der
_asn1_decode_simple_der->asn1_get_tag_der
asn1_expand_octet_string->strcmp
asn1_expand_octet_string->strcat
asn1_expand_octet_string->strcpy
asn1_expand_octet_string->asn1_get_length_der
asn1_expand_octet_string->type_field.170
asn1_expand_octet_string->asn1_der_decoding
asn1_expand_octet_string->asn1_read_value
asn1_expand_octet_string->asn1_find_node
asn1_expand_octet_string->_asn1_cpy_name
asn1_expand_octet_string->_asn1_set_right
asn1_expand_octet_string->asn1_delete_structure
asn1_expand_octet_string->asn1_create_element
asn1_write_value->malloc
asn1_write_value->llvm.memcpy.p0i8.p0i8.i64
asn1_write_value->free
asn1_write_value->strlen
asn1_write_value->strcmp
asn1_write_value->__ctype_b_loc
asn1_write_value->asn1_length_der
asn1_write_value->asn1_bit_der
asn1_write_value->_asn1_convert_integer
asn1_write_value->_asn1_append_sequence_set
asn1_write_value->type_field.182
asn1_write_value->asn1_find_node
asn1_write_value->_asn1_set_value
asn1_write_value->_asn1_set_value_lv
asn1_write_value->_asn1_set_value_m
asn1_write_value->asn1_delete_structure
_asn1_str_cat->strlen
_asn1_str_cat->strcat
_asn1_str_cat->strncat
_asn1_set_value_lv->malloc
_asn1_set_value_lv->asn1_length_der
_asn1_set_value_lv->asn1_octet_der
_asn1_set_value_lv->_asn1_set_value_m
yysyntax_error->strlen
yysyntax_error->yytnamerr
safe_memset->llvm.memset.p0i8.i64
_asn1_expand_object_id->strlen
_asn1_expand_object_id->__ctype_b_loc
_asn1_expand_object_id->_asn1_str_cat
_asn1_expand_object_id->_asn1_str_cpy
_asn1_expand_object_id->asn1_find_node
_asn1_expand_object_id->_asn1_set_value
_asn1_expand_object_id->_asn1_set_name
_asn1_expand_object_id->_asn1_set_right
_asn1_expand_object_id->_asn1_remove_node
_asn1_expand_object_id->_asn1_find_up
_asn1_expand_object_id->type_field.246
_asn1_expand_object_id->_asn1_set_down.250
_asn1_expand_object_id->_asn1_delete_node_from_list
_asn1_expand_object_id->_asn1_add_single_node
asn1_bit_der->llvm.memcpy.p0i8.p0i8.i64
asn1_bit_der->asn1_length_der
asn1_delete_element->asn1_find_node
asn1_delete_element->_asn1_set_right
asn1_delete_element->_asn1_find_up
asn1_delete_element->_asn1_find_left
asn1_delete_element->_asn1_set_down.279
asn1_delete_element->asn1_delete_structure
_asn1_ordering_set->malloc
_asn1_ordering_set->llvm.memcpy.p0i8.p0i8.i64
_asn1_ordering_set->free
_asn1_ordering_set->type_field
_asn1_ordering_set->asn1_get_length_der
_asn1_ordering_set->asn1_get_tag_der
asn1_print_structure->fprintf
asn1_print_structure->asn1_get_length_der
asn1_print_structure->asn1_find_node
asn1_print_structure->_asn1_find_up
asn1_print_structure->type_field.289
asn1_get_octet_der->llvm.memcpy.p0i8.p0i8.i64
asn1_get_octet_der->asn1_get_length_der
delete_unneeded_choice_fields->asn1_delete_structure
_asn1_realloc->free
_asn1_realloc->realloc
asn1_decode_simple_der->_asn1_decode_simple_der
asn1_read_value->asn1_read_value_type
