_Ux86_64_get_elf_image->maps_init
_Ux86_64_get_elf_image->maps_next
_Ux86_64_get_elf_image->maps_close
_Ux86_64_get_elf_image->strncpy
_Ux86_64_get_elf_image->elf_map_image
pop_rstate_stack->_UIx86_64__mempool_free
dwarf_readw.88->dwarf_readu64.92
_ULx86_64_local_resume->_ULx86_64_sigreturn
_ULx86_64_local_resume->_Ux86_64_setcontext
_ULx86_64_local_resume->_ULx86_64_dwarf_make_proc_info
_Uelf64_valid_object.98->memcmp
trace_init_addr->llvm.memcpy.p0i8.p0i8.i64
trace_init_addr->_ULx86_64_r_uc_addr
trace_init_addr->_ULx86_64_step
trace_init_addr->dwarf_get_uc.58
trace_init_addr->dwarf_put.59
_Uelf64_find_section->_Uelf64_valid_object.117
_Uelf64_find_section->_Uelf64_section_table
_Uelf64_find_section->_Uelf64_string_table
_Uelf64_find_section->strcmp
read_operand->dwarf_read_uleb128
read_operand->dwarf_readu8
read_operand->dwarf_readu16
read_operand->dwarf_readu32
read_operand->dwarf_readu64
read_operand->dwarf_read_sleb128
_U_dyn_register->pthread_mutex_lock
_U_dyn_register->pthread_mutex_unlock
elf_map_image.121->open
elf_map_image.121->fstat
elf_map_image.121->close
elf_map_image.121->mmap
elf_map_image.121->munmap
elf_map_image.121->_Uelf64_valid_object.117
parse_cie->llvm.memset.p0i8.i64
parse_cie->dwarf_readu32.62
parse_cie->dwarf_readu64.63
parse_cie->dwarf_read_uleb128.64
parse_cie->dwarf_readu8.66
parse_cie->dwarf_read_sleb128.67
parse_cie->_ULx86_64_dwarf_read_encoded_pointer
_ULx86_64_set_reg->_ULx86_64_access_reg
get_rs_cache->sigprocmask
get_rs_cache->pthread_mutex_lock
get_rs_cache->_ULx86_64_dwarf_flush_rs_cache
maps_init->open
maps_init->close
maps_init->mmap
maps_init->llvm.memcpy.p0i8.p0i8.i64
maps_init->ltoa
maps_init->getpagesize
validate_mem->mincore_validate
validate_mem->msync_validate
scan_hex->skip_whitespace
dwarf_read_uleb128.89->dwarf_readu8.95
_UIx86_64__mempool_init->getpagesize
_UIx86_64__mempool_init->llvm.memset.p0i8.i64
_UIx86_64__mempool_init->pthread_mutex_init
_UIx86_64__mempool_init->expand
_ULx86_64_dwarf_find_proc_info->llvm.memset.p0i8.i64
_ULx86_64_dwarf_find_proc_info->sigprocmask
_ULx86_64_dwarf_find_proc_info->dl_iterate_phdr
_ULx86_64_dwarf_find_proc_info->_ULx86_64_dwarf_search_unwind_table
xz_uncompressed_size->lzma_stream_footer_decode
xz_uncompressed_size->lzma_index_buffer_decode
xz_uncompressed_size->lzma_index_size
xz_uncompressed_size->lzma_index_uncompressed_size
xz_uncompressed_size->lzma_index_end
_ULx86_64_Iextract_dynamic_proc_info->_ULx86_64_dwarf_search_unwind_table
dwarf_read_uleb128.64->dwarf_readu8.66
_ULx86_64_get_fpreg->_ULx86_64_access_fpreg
rs_lookup->hash
rs_lookup->cache_match
mincore_validate->read
mincore_validate->open_pipe
mincore_validate->mincore
mincore_validate->__errno_location
mincore_validate->syscall
maps_next->llvm.memmove.p0i8.p0i8.i64
maps_next->read
maps_next->scan_hex
maps_next->scan_char
maps_next->scan_string
maps_next->scan_dec
maps_next->skip_whitespace
_ULx86_64_init_local->unw_init_local_common
_ULx86_64_resume->establish_machine_state
_ULx86_64_Ifind_dynamic_proc_info->local_find_proc_info
_ULx86_64_Ifind_dynamic_proc_info->remote_find_proc_info
_ULx86_64_set_fpreg->_ULx86_64_access_fpreg
fetch_proc_info->llvm.memset.p0i8.i64
fetch_proc_info->_ULx86_64_fetch_frame
fetch_proc_info->_ULx86_64_Ifind_dynamic_proc_info
fetch_proc_info->_ULx86_64_dwarf_find_proc_info
msync_validate->read
msync_validate->open_pipe
msync_validate->__errno_location
msync_validate->msync
msync_validate->syscall
maps_close->close
maps_close->munmap
unw_init_local_common->_ULx86_64_init
unw_init_local_common->common_init
scan_string->skip_whitespace
establish_machine_state->_Ux86_64_is_fpreg
establish_machine_state->_ULx86_64_access_reg
establish_machine_state->_ULx86_64_access_fpreg
_ULx86_64_dwarf_search_unwind_table->_Ux86_64_get_accessors
_ULx86_64_dwarf_search_unwind_table->_ULx86_64_dwarf_extract_proc_info_from_fde
_ULx86_64_dwarf_search_unwind_table->is_remote_table
_ULx86_64_dwarf_search_unwind_table->lookup
trace_cache_buckets->mmap
trace_cache_buckets->llvm.memcpy.p0i8.p0i8.i64
local_find_proc_info->_U_dyn_info_list_addr
local_find_proc_info->_ULx86_64_Iextract_dynamic_proc_info
_ULx86_64_set_caching_policy->_Ux86_64_flush_cache
_ULx86_64_set_caching_policy->_ULx86_64_init
create_state_record_for->setup_fde
create_state_record_for->parse_fde
create_state_record_for->parse_dynamic
read_regnum->dwarf_read_uleb128.74
common_init->llvm.memcpy.p0i8.p0i8.i64
common_init->_ULx86_64_r_uc_addr
common_init->dwarf_get
common_init->dwarf_get_uc
scan_dec->skip_whitespace
_ULx86_64_stash_frame->labs
_ULx86_64_stash_frame->_ULx86_64_dwarf_stack_aligned
expand->mmap
expand->_UIx86_64__sos_alloc
expand->add_memory
dwarf_read_sleb128->dwarf_readu8
dwarf_read_sleb128.67->dwarf_readu8.66
_ULx86_64_set_cache_size->_Ux86_64_flush_cache
_ULx86_64_set_cache_size->_ULx86_64_init
_ULx86_64_set_cache_size->_ULx86_64_dwarf_flush_rs_cache
put_unwind_info.76->_UIx86_64__mempool_free
put_unwind_info.76->_ULx86_64_Iput_dynamic_unwind_info
elf_map_image->open
elf_map_image->fstat
elf_map_image->close
elf_map_image->mmap
elf_map_image->_Uelf64_valid_object
elf_map_image->munmap
dwarf_read_sleb128.79->dwarf_readu8.75
add_memory->free_object
trace_cache_init_once->_UIx86_64__mempool_init
trace_cache_init_once->pthread_key_create
_ULx86_64_dwarf_eval_expr->_Ux86_64_get_accessors
_ULx86_64_dwarf_eval_expr->_ULx86_64_get_reg
_ULx86_64_dwarf_eval_expr->dwarf_readu8
_ULx86_64_dwarf_eval_expr->read_operand
_ULx86_64_dwarf_eval_expr->dwarf_readu16
_ULx86_64_dwarf_eval_expr->dwarf_readu32
_ULx86_64_dwarf_eval_expr->dwarf_readu64
_ULx86_64_dwarf_eval_expr->dwarf_readw
_ULx86_64_dwarf_eval_expr->sword
_Ux86_64_get_accessors->_ULx86_64_init
_ULx86_64_dwarf_flush_rs_cache->mmap
_ULx86_64_dwarf_flush_rs_cache->munmap
_ULx86_64_apply_reg_state->_ULx86_64_dwarf_apply_reg_state
rs_new->_ULx86_64_cache_frame
rs_new->hash
push_rstate_stack->_UIx86_64__mempool_alloc
_ULx86_64_step->llvm.memcpy.p0i8.p0i8.i64
_ULx86_64_step->_ULx86_64_is_signal_frame
_ULx86_64_step->_ULx86_64_handle_signal_frame
_ULx86_64_step->is_plt_entry
_ULx86_64_step->dwarf_get.54
_ULx86_64_step->_ULx86_64_dwarf_step
trace_cache_get_unthreaded->_UIx86_64__mempool_init
trace_cache_get_unthreaded->sigprocmask
trace_cache_get_unthreaded->pthread_mutex_lock
trace_cache_get_unthreaded->pthread_mutex_unlock
trace_cache_get_unthreaded->trace_cache_create
dwarf_readw->dwarf_readu64
_ULx86_64_get_proc_info_by_ip->_ULx86_64_Ifind_dynamic_proc_info
_ULx86_64_get_proc_info_by_ip->_Ux86_64_get_accessors
_ULx86_64_get_proc_info_by_ip->_ULx86_64_dwarf_find_proc_info
_ULx86_64_dwarf_step->find_reg_state
_ULx86_64_dwarf_step->apply_reg_state
_ULx86_64_reg_states_iterate->_ULx86_64_dwarf_reg_states_iterate
put_rs_cache->sigprocmask
put_rs_cache->pthread_mutex_unlock
_ULx86_64_local_addr_space_init->_Ux86_64_flush_cache
_ULx86_64_local_addr_space_init->llvm.memset.p0i8.i64
_ULx86_64_init_local2->unw_init_local_common
is_plt_entry->_Ux86_64_get_accessors
is_plt_entry->access_mem
_UIx86_64__mempool_alloc->expand
_UIx86_64__mempool_alloc->sigprocmask
_UIx86_64__mempool_alloc->pthread_mutex_lock
_UIx86_64__mempool_alloc->pthread_mutex_unlock
_ULx86_64_dwarf_find_unwind_table->llvm.memset.p0i8.i64
_ULx86_64_dwarf_find_unwind_table->abort
_ULx86_64_dwarf_find_unwind_table->_Ux86_64_get_accessors
_ULx86_64_dwarf_find_unwind_table->_ULx86_64_dwarf_read_encoded_pointer
_ULx86_64_dwarf_find_unwind_table->_Uelf64_valid_object.106
trace_cache_create->_UIx86_64__mempool_alloc
trace_cache_create->_UIx86_64__mempool_free
trace_cache_create->trace_cache_buckets
_ULx86_64_sigreturn->llvm.memcpy.p0i8.p0i8.i64
_ULx86_64_sigreturn->abort
_ULx86_64_get_proc_name->get_proc_name
find_reg_state->llvm.memcpy.p0i8.p0i8.i64
find_reg_state->_ULx86_64_reuse_frame
find_reg_state->get_rs_cache
find_reg_state->rs_lookup
find_reg_state->fetch_proc_info
find_reg_state->create_state_record_for
find_reg_state->put_unwind_info.76
find_reg_state->rs_new
find_reg_state->put_rs_cache
_ULx86_64_dwarf_make_proc_info->fetch_proc_info
_ULx86_64_dwarf_make_proc_info->create_state_record_for
_ULx86_64_dwarf_make_proc_info->put_unwind_info.76
_Uelf64_valid_object.106->memcmp
_Uelf64_valid_object.117->memcmp
_ULx86_64_dwarf_extract_proc_info_from_fde->llvm.memcpy.p0i8.p0i8.i64
_ULx86_64_dwarf_extract_proc_info_from_fde->llvm.memset.p0i8.i64
_ULx86_64_dwarf_extract_proc_info_from_fde->_UIx86_64__mempool_alloc
_ULx86_64_dwarf_extract_proc_info_from_fde->dwarf_readu32.62
_ULx86_64_dwarf_extract_proc_info_from_fde->dwarf_reads32
_ULx86_64_dwarf_extract_proc_info_from_fde->is_cie_id
_ULx86_64_dwarf_extract_proc_info_from_fde->dwarf_readu64.63
_ULx86_64_dwarf_extract_proc_info_from_fde->dwarf_reads64
_ULx86_64_dwarf_extract_proc_info_from_fde->parse_cie
_ULx86_64_dwarf_extract_proc_info_from_fde->dwarf_read_uleb128.64
_ULx86_64_dwarf_extract_proc_info_from_fde->dwarf_readu16.65
_ULx86_64_dwarf_extract_proc_info_from_fde->_ULx86_64_dwarf_read_encoded_pointer
get_proc_name->_ULx86_64_Ifind_dynamic_proc_info
get_proc_name->_Ux86_64_get_accessors
get_proc_name->intern_string
get_proc_name->_ULx86_64_Iput_dynamic_unwind_info
get_proc_name->get_static_proc_name
apply_reg_state->llvm.memcpy.p0i8.p0i8.i64
apply_reg_state->_ULx86_64_r_uc_addr
apply_reg_state->_Ux86_64_get_accessors
apply_reg_state->_ULx86_64_get_reg
apply_reg_state->_ULx86_64_stash_frame
apply_reg_state->eval_location_expr
apply_reg_state->dwarf_get_uc.72
apply_reg_state->dwarf_get.73
_ULx86_64_get_save_loc->llvm.memcpy.p0i8.p0i8.i64
_ULx86_64_get_save_loc->llvm.memset.p0i8.i64
setup_fde->llvm.memcpy.p0i8.p0i8.i64
setup_fde->llvm.memset.p0i8.i64
setup_fde->run_cfi_program
setup_fde->empty_rstate_stack
setup_fde->set_reg
_ULx86_64_dwarf_reg_states_iterate->fetch_proc_info
_ULx86_64_dwarf_reg_states_iterate->put_unwind_info.76
_ULx86_64_dwarf_reg_states_iterate->dwarf_reg_states_table_iterate
_ULx86_64_dwarf_reg_states_iterate->dwarf_reg_states_dynamic_iterate
_ULx86_64_get_proc_info->llvm.memcpy.p0i8.p0i8.i64
_ULx86_64_get_proc_info->llvm.memset.p0i8.i64
_ULx86_64_get_proc_info->_ULx86_64_dwarf_make_proc_info
_Ux86_64_get_exe_image_path->strcpy
_ULx86_64_dwarf_callback->abort
_ULx86_64_dwarf_callback->_Ux86_64_get_accessors
_ULx86_64_dwarf_callback->_ULx86_64_dwarf_read_encoded_pointer
_ULx86_64_dwarf_callback->dwarf_find_eh_frame_section
_ULx86_64_dwarf_callback->linear_search
_ULx86_64_tdep_trace->trace_cache_get
_ULx86_64_tdep_trace->trace_lookup
_ULx86_64_tdep_trace->dwarf_get.57
_Ux86_64_dwarf_init->_UIx86_64__mempool_init
trace_cache_free->munmap
trace_cache_free->_UIx86_64__mempool_free
trace_cache_free->pthread_setspecific
unw_backtrace->_Ux86_64_getcontext_trace
unw_backtrace->_Ux86_64_getcontext
unw_backtrace->_ULx86_64_get_reg
unw_backtrace->_ULx86_64_init_local
unw_backtrace->_ULx86_64_step
unw_backtrace->_ULx86_64_tdep_trace
intern_string->fetch8
eval_location_expr->llvm.memcpy.p0i8.p0i8.i64
eval_location_expr->_ULx86_64_r_uc_addr
eval_location_expr->_ULx86_64_dwarf_eval_expr
eval_location_expr->dwarf_get_uc.72
eval_location_expr->dwarf_read_uleb128.74
_ULx86_64_init->_UIx86_64_mi_init
_ULx86_64_init->sigprocmask
_ULx86_64_init->pthread_mutex_lock
_ULx86_64_init->pthread_mutex_unlock
_ULx86_64_init->sigfillset
_ULx86_64_init->_ULx86_64_init_mem_validate
_ULx86_64_init->_ULx86_64_local_addr_space_init
_ULx86_64_init->_Ux86_64_dwarf_init
parse_fde->run_cfi_program
parse_fde->empty_rstate_stack
access_mem->validate_mem
_Uelf64_valid_object->memcmp
dwarf_reg_states_table_iterate->setup_fde
dwarf_reg_states_table_iterate->run_cfi_program
dwarf_reg_states_table_iterate->empty_rstate_stack
_ULx86_64_access_reg->llvm.memcpy.p0i8.p0i8.i64
_ULx86_64_access_reg->llvm.memset.p0i8.i64
_ULx86_64_access_reg->dwarf_put
_ULx86_64_access_reg->dwarf_get.47
dwarf_find_eh_frame_section->munmap
dwarf_find_eh_frame_section->_Ux86_64_get_exe_image_path
dwarf_find_eh_frame_section->strlen
dwarf_find_eh_frame_section->elf_map_image.96
dwarf_find_eh_frame_section->_Uelf64_find_section
trace_cache_get->pthread_once
trace_cache_get->trace_cache_get_unthreaded
trace_cache_get->trace_cache_create
trace_cache_get->pthread_setspecific
_Uelf64_get_proc_name_in_image->munmap
_Uelf64_get_proc_name_in_image->_Uelf64_get_load_offset
_Uelf64_get_proc_name_in_image->_Uelf64_lookup_symbol
_Uelf64_get_proc_name_in_image->_Uelf64_extract_minidebuginfo
access_reg->_Ux86_64_is_fpreg
access_reg->_ULx86_64_r_uc_addr
linear_search->_Ux86_64_get_accessors
linear_search->_ULx86_64_dwarf_extract_proc_info_from_fde
trace_lookup->trace_cache_expand
trace_lookup->trace_init_addr
_UIx86_64__mempool_free->free_object
_UIx86_64__mempool_free->sigprocmask
_UIx86_64__mempool_free->pthread_mutex_lock
_UIx86_64__mempool_free->pthread_mutex_unlock
_ULx86_64_dwarf_stack_aligned->_Ux86_64_get_accessors
_ULx86_64_dwarf_stack_aligned->dwarf_read_uleb128
_ULx86_64_dwarf_stack_aligned->dwarf_readu8
_ULx86_64_dwarf_stack_aligned->read_operand
_ULx86_64_Iput_dynamic_unwind_info->_ULx86_64_dwarf_put_unwind_info
_ULx86_64_init_mem_validate->open_pipe
_ULx86_64_init_mem_validate->mincore
_ULx86_64_init_mem_validate->__errno_location
run_cfi_program->llvm.memcpy.p0i8.p0i8.i64
run_cfi_program->_Ux86_64_get_accessors
run_cfi_program->dwarf_read_uleb128.74
run_cfi_program->dwarf_readu8.75
run_cfi_program->pop_rstate_stack
run_cfi_program->dwarf_readu16.77
run_cfi_program->dwarf_readu32.78
run_cfi_program->set_reg
run_cfi_program->read_regnum
run_cfi_program->dwarf_read_sleb128.79
run_cfi_program->push_rstate_stack
run_cfi_program->_ULx86_64_dwarf_read_encoded_pointer
access_fpreg->_Ux86_64_is_fpreg
access_fpreg->_ULx86_64_r_uc_addr
_ULx86_64_dwarf_apply_reg_state->apply_reg_state
_Ux86_64_flush_cache->free
_Uelf64_lookup_symbol->strncpy
_Uelf64_lookup_symbol->strlen
_Uelf64_lookup_symbol->_Uelf64_valid_object.117
_Uelf64_lookup_symbol->_Uelf64_section_table
_Uelf64_lookup_symbol->_Uelf64_string_table
dwarf_read_uleb128->dwarf_readu8
_U_dyn_cancel->pthread_mutex_lock
_U_dyn_cancel->pthread_mutex_unlock
_Uelf64_get_proc_name->_Ux86_64_get_elf_image
_Uelf64_get_proc_name->munmap
_Uelf64_get_proc_name->_Uelf64_get_proc_name_in_image
_Uelf64_get_proc_name->_Uelf64_load_debuglink
dwarf_read_uleb128.74->dwarf_readu8.75
open_pipe->close
open_pipe->pipe2
empty_rstate_stack->pop_rstate_stack
get_static_proc_name->getpid
get_static_proc_name->_Uelf64_get_proc_name
_ULx86_64_dwarf_read_encoded_pointer->dwarf_readw.88
_ULx86_64_dwarf_read_encoded_pointer->dwarf_read_uleb128.89
_ULx86_64_dwarf_read_encoded_pointer->dwarf_readu16.90
_ULx86_64_dwarf_read_encoded_pointer->dwarf_readu32.91
_ULx86_64_dwarf_read_encoded_pointer->dwarf_readu64.92
_ULx86_64_dwarf_read_encoded_pointer->dwarf_reads16
_ULx86_64_dwarf_read_encoded_pointer->dwarf_reads32.93
_ULx86_64_dwarf_read_encoded_pointer->dwarf_reads64.94
elf_map_image.96->open
elf_map_image.96->fstat
elf_map_image.96->close
elf_map_image.96->mmap
elf_map_image.96->munmap
elf_map_image.96->_Uelf64_valid_object.98
trace_cache_expand->munmap
trace_cache_expand->trace_cache_buckets
_Uelf64_extract_minidebuginfo->mmap
_Uelf64_extract_minidebuginfo->munmap
_Uelf64_extract_minidebuginfo->_Uelf64_find_section
_Uelf64_extract_minidebuginfo->xz_uncompressed_size
_Uelf64_extract_minidebuginfo->lzma_stream_buffer_decode
_Uelf64_load_debuglink->munmap
_Uelf64_load_debuglink->llvm.memcpy.p0i8.p0i8.i64
_Uelf64_load_debuglink->strcpy
_Uelf64_load_debuglink->strlen
_Uelf64_load_debuglink->_Uelf64_find_section
_Uelf64_load_debuglink->_Uelf64_load_debuglink
_Uelf64_load_debuglink->elf_map_image.121
_Uelf64_load_debuglink->llvm.stacksave
_Uelf64_load_debuglink->memchr
_Uelf64_load_debuglink->strrchr
_Uelf64_load_debuglink->strcat
_Uelf64_load_debuglink->llvm.stackrestore
_ULx86_64_get_reg->_ULx86_64_access_reg
