uuid_clear->llvm.memset.p0i8.i64
uuid_variant->uuid_unpack
get_clock->llvm.memcpy.p0i8.p0i8.i64
get_clock->umask
get_clock->open
get_clock->fdopen
get_clock->close
get_clock->rewind
get_clock->flock
get_clock->__errno_location
get_clock->fclose
get_clock->__isoc99_fscanf
get_clock->gettimeofday
get_clock->fprintf
get_clock->fflush
get_clock->ftruncate
get_clock->random_get_bytes
random_get_bytes->close
random_get_bytes->random_get_fd
random_get_bytes->rand
random_get_bytes->read
uuid_generate->uuid_generate_time
uuid_generate->uuid_generate_random
uuid_generate->have_random_source
uuid_unparse->uuid_unparse_x
uuid_generate_time_safe->uuid_generate_time_generic
uuid_pack->llvm.memcpy.p0i8.p0i8.i64
uuid_unparse_x->uuid_unpack
uuid_unparse_x->sprintf
random_get_fd->open
random_get_fd->gettimeofday
random_get_fd->fcntl
random_get_fd->getpid
random_get_fd->getuid
random_get_fd->srand
random_get_fd->rand
uuid_generate_time->uuid_generate_time_generic
have_random_source->stat
uuid_time->llvm.memcpy.p0i8.p0i8.i64
uuid_time->uuid_unpack
__uuid_generate_time->get_node_id
__uuid_generate_time->get_clock
__uuid_generate_time->llvm.memcpy.p0i8.p0i8.i64
__uuid_generate_time->uuid_pack
__uuid_generate_time->random_get_bytes
__uuid_generate_random->uuid_pack
__uuid_generate_random->uuid_unpack
__uuid_generate_random->random_get_bytes
uuid_parse->uuid_pack
uuid_parse->strlen
uuid_parse->__ctype_b_loc
uuid_parse->strtoul
uuid_compare->memcmp
uuid_compare->uuid_unpack
uuid_generate_time_generic->__uuid_generate_time
uuid_generate_time_generic->get_uuid_via_daemon
uuid_unpack->llvm.memcpy.p0i8.p0i8.i64
uuid_type->uuid_unpack
uuid_generate_random->__uuid_generate_random
uuid_unparse_upper->uuid_unparse_x
uuid_unparse_lower->uuid_unparse_x
