_wind_stringprep_testbidi->is_ral
_wind_stringprep_testbidi->is_l
wind_ucs2utf8_length->wind_ucs2utf8
_wind_stringprep_error->bsearch
wind_profile->strcasecmp
find_composition->hangul_composition
is_l->bsearch
_wind_stringprep_prohibited->_wind_stringprep_error
wind_utf8ucs4->utf8toutf32
wind_utf8ucs2->utf8toutf32
canonical_reorder_sequence->_wind_combining_class
canonical_reorder_sequence->swap_char
wind_utf8ucs4_length->wind_utf8ucs4
wind_stringprep->_wind_stringprep_testbidi
wind_stringprep->_wind_stringprep_prohibited
wind_stringprep->_wind_stringprep_map
wind_stringprep->_wind_ldap_case_exact_attribute
wind_stringprep->_wind_stringprep_normalize
wind_stringprep->malloc
wind_stringprep->free
wind_stringprep->llvm.memcpy.p0i8.p0i8.i64
wind_ucs4utf8_length->wind_ucs4utf8
combine->_wind_combining_class
combine->find_composition
is_ral->bsearch
wind_punycode_label_toascii->llvm.memmove.p0i8.p0i8.i64
wind_punycode_label_toascii->llvm.memcpy.p0i8.p0i8.i64
wind_punycode_label_toascii->digit
wind_punycode_label_toascii->adapt
_wind_stringprep_normalize->malloc
_wind_stringprep_normalize->compat_decomp
_wind_stringprep_normalize->free
_wind_stringprep_normalize->canonical_reorder
_wind_stringprep_normalize->combine
_wind_stringprep_map->bsearch
compat_decomp->bsearch
compat_decomp->compat_decomp
compat_decomp->hangul_decomp
wind_utf8ucs2_length->wind_utf8ucs2
_wind_combining_class->bsearch
_wind_ldap_case_exact_attribute->put_char
_wind_ldap_case_exact_attribute->__assert_fail
canonical_reorder->_wind_combining_class
canonical_reorder->canonical_reorder_sequence
