crc32_combine64->crc32_combine_
uncompress->uncompress2
gzseek64->lseek64
gzseek64->gz_error
gzseek64->gzrewind
deflatePending->deflateStateCheck
deflateTune->deflateStateCheck
gz_decomp->inflate
gz_decomp->gz_error
gz_decomp->gz_avail
inflate_fast->llvm.memcpy.p0i8.p0i8.i64
gzgetc->gz_read
inflatePrime->inflateStateCheck
inflateGetHeader->inflateStateCheck
gzfwrite->gz_error
gzfwrite->gz_write
inflateMark->inflateStateCheck
build_bl_tree->build_tree
build_bl_tree->scan_tree
adler32->adler32_z
gen_codes->bi_reverse
zcfree->free
deflateInit_->deflateInit2_
gzclose->gzclose_r
gzclose->gzclose_w
deflate_stored->flush_pending
deflate_stored->llvm.memcpy.p0i8.p0i8.i64
deflate_stored->read_buf
deflate_stored->_tr_stored_block
gz_reset->gz_error
gzseek->gzseek64
deflatePrime->deflateStateCheck
deflatePrime->_tr_flush_bits
gzclearerr->gz_error
deflateBound->deflateStateCheck
gz_avail->gz_load
inflateResetKeep->inflateStateCheck
gzgetc_->gzgetc
inflate->adler32
inflate->crc32
inflate->llvm.memcpy.p0i8.p0i8.i64
inflate->inflate_fast
inflate->inflateStateCheck
inflate->fixedtables.21
inflate->updatewindow
inflate->inflate_table
gzwrite->gz_error
gzwrite->gz_write
inflateSync->inflateStateCheck
inflateSync->inflateReset
inflateSync->syncsearch
gzputc->gz_write
gzputc->gz_zero
inflateCodesUsed->inflateStateCheck
gzflush->gz_zero
gzflush->gz_comp
_tr_flush_bits->bi_flush
adler32_combine->adler32_combine_
crc32->crc32_z
deflateInit2_->deflateEnd
deflateInit2_->deflateReset
deflateInit2_->zcalloc
gzopen->gz_open
deflate_fast->fill_window
deflate_fast->longest_match
deflate_fast->flush_pending
deflate_fast->_tr_flush_block
gz_error->malloc
gz_error->free
gz_error->strlen
gz_error->snprintf
read_buf->adler32
read_buf->crc32
read_buf->llvm.memcpy.p0i8.p0i8.i64
deflateParams->llvm.memset.p0i8.i64
deflateParams->slide_hash
deflateParams->deflateStateCheck
deflateParams->deflate
gzread->gz_error
gzread->gz_read
deflateCopy->deflateEnd
deflateCopy->llvm.memcpy.p0i8.p0i8.i64
deflateCopy->deflateStateCheck
gzungetc->gz_error
gzungetc->gz_skip
gz_write->llvm.memcpy.p0i8.p0i8.i64
gz_write->gz_init
gz_write->gz_zero
gz_write->gz_comp
gzputs->strlen
gzputs->gz_write
inflate_table->llvm.memcpy.p0i8.p0i8.i64
gzsetparams->deflateParams
gzsetparams->gz_zero
gzsetparams->gz_comp
send_all_trees->send_tree
crc32_combine->crc32_combine_
compress2->deflateInit_
compress2->deflateEnd
compress2->deflate
deflateEnd->deflateStateCheck
deflateEnd->zcfree
gz_open->malloc
gz_open->free
gz_open->strlen
gz_open->snprintf
gz_open->open
gz_open->lseek64
gz_open->gz_reset
deflate_slow->fill_window
deflate_slow->longest_match
deflate_slow->flush_pending
deflate_slow->_tr_flush_block
gzopen64->gz_open
gztell->gztell64
deflate->adler32
deflate->crc32
deflate->llvm.memset.p0i8.i64
deflate->deflate_stored
deflate->deflate_fast
deflate->deflate_slow
deflate->flush_pending
deflate->llvm.memcpy.p0i8.p0i8.i64
deflate->deflateStateCheck
deflate->putShortMSB
deflate->deflate_huff
deflate->deflate_rle
deflate->_tr_stored_block
deflate->_tr_align
gz_read->llvm.memcpy.p0i8.p0i8.i64
gz_read->gz_skip
gz_read->gz_fetch
gz_read->gz_load
gz_read->gz_decomp
inflateReset->inflateResetKeep
inflateReset->inflateStateCheck
gzgets->llvm.memcpy.p0i8.p0i8.i64
gzgets->gz_skip
gzgets->gz_fetch
gzgets->memchr
updatewindow->llvm.memcpy.p0i8.p0i8.i64
updatewindow->zcalloc
gz_init->deflateInit2_
gz_init->malloc
gz_init->free
gz_init->gz_error
inflateSyncPoint->inflateStateCheck
gzvprintf->llvm.memcpy.p0i8.p0i8.i64
gzvprintf->gz_init
gzvprintf->gz_zero
gzvprintf->gz_comp
gzvprintf->vsnprintf
_tr_init->tr_static_init
_tr_init->init_block
gzclose_w->deflateEnd
gzclose_w->free
gzclose_w->gz_error
gzclose_w->close
gzclose_w->gz_zero
gzclose_w->gz_comp
_tr_align->bi_flush
adler32_combine64->adler32_combine_
crc32_combine_->gf2_matrix_square
crc32_combine_->gf2_matrix_times
compress->compress2
deflateReset->deflateResetKeep
deflateReset->lm_init
fill_window->llvm.memset.p0i8.i64
fill_window->llvm.memcpy.p0i8.p0i8.i64
fill_window->slide_hash
fill_window->read_buf
gzdopen->malloc
gzdopen->free
gzdopen->gz_open
gzdopen->snprintf
deflateSetDictionary->adler32
deflateSetDictionary->llvm.memset.p0i8.i64
deflateSetDictionary->fill_window
deflateSetDictionary->deflateStateCheck
gzoffset64->lseek64
gz_skip->gz_fetch
inflateBack->llvm.memcpy.p0i8.p0i8.i64
inflateBack->fixedtables
inflateBack->inflate_fast
inflateBack->inflate_table
inflateReset2->inflateStateCheck
inflateReset2->inflateReset
inflateReset2->zcfree
inflateEnd->inflateStateCheck
inflateEnd->zcfree
gz_zero->llvm.memset.p0i8.i64
gz_zero->gz_comp
inflateCopy->llvm.memcpy.p0i8.p0i8.i64
inflateCopy->inflateStateCheck
_tr_flush_block->init_block
_tr_flush_block->_tr_stored_block
_tr_flush_block->bi_windup
_tr_flush_block->detect_data_type
_tr_flush_block->build_tree
_tr_flush_block->build_bl_tree
_tr_flush_block->compress_block
_tr_flush_block->send_all_trees
gf2_matrix_square->gf2_matrix_times
deflateResetKeep->adler32
deflateResetKeep->crc32
deflateResetKeep->deflateStateCheck
deflateResetKeep->_tr_init
deflateGetDictionary->llvm.memcpy.p0i8.p0i8.i64
deflateGetDictionary->deflateStateCheck
gzoffset->gzoffset64
deflate_huff->fill_window
deflate_huff->flush_pending
deflate_huff->_tr_flush_block
gz_fetch->gz_load
gz_fetch->gz_decomp
gz_fetch->gz_look
gz_look->llvm.memcpy.p0i8.p0i8.i64
gz_look->inflateReset
gz_look->inflateInit2_
gz_look->malloc
gz_look->free
gz_look->gz_error
gz_look->gz_avail
inflateInit2_->inflateReset2
inflateInit2_->zcalloc
inflateInit2_->zcfree
gzdirect->gz_look
inflateGetDictionary->llvm.memcpy.p0i8.p0i8.i64
inflateGetDictionary->inflateStateCheck
gz_comp->deflateReset
gz_comp->deflate
gz_comp->gz_error
gz_comp->__errno_location
gz_comp->strerror
gz_comp->gz_init
gz_comp->write
inflateUndermine->inflateStateCheck
gzprintf->gzvprintf
gzprintf->llvm.va_start
gzprintf->llvm.va_end
crc32_z->crc32_little
crc32_z->crc32_big
zcalloc->malloc
uncompress2->inflateInit_
uncompress2->inflate
uncompress2->inflateEnd
lm_init->llvm.memset.p0i8.i64
flush_pending->llvm.memcpy.p0i8.p0i8.i64
flush_pending->_tr_flush_bits
gzrewind->lseek64
gzrewind->gz_reset
deflateSetHeader->deflateStateCheck
deflate_rle->fill_window
deflate_rle->flush_pending
deflate_rle->_tr_flush_block
gz_load->gz_error
gz_load->read
gz_load->__errno_location
gz_load->strerror
gzfread->gz_error
gzfread->gz_read
inflateInit_->inflateInit2_
gzclose_r->inflateEnd
gzclose_r->free
gzclose_r->gz_error
gzclose_r->close
inflateSetDictionary->adler32
inflateSetDictionary->inflateStateCheck
inflateSetDictionary->updatewindow
inflateValidate->inflateStateCheck
_tr_stored_block->llvm.memcpy.p0i8.p0i8.i64
_tr_stored_block->bi_windup
build_tree->pqdownheap
build_tree->gen_bitlen
build_tree->gen_codes
